[2024-12-03T08:08:28.288+0000] {local_task_job_runner.py:120} INFO - ::group::Pre task execution logs
[2024-12-03T08:08:28.310+0000] {taskinstance.py:2076} INFO - Dependencies all met for dep_context=non-requeueable deps ti=<TaskInstance: nyc_green_tripdata.dbt_transform.dim_time.run manual__2024-12-03T08:07:44.949524+00:00 [queued]>
[2024-12-03T08:08:28.324+0000] {taskinstance.py:2076} INFO - Dependencies all met for dep_context=requeueable deps ti=<TaskInstance: nyc_green_tripdata.dbt_transform.dim_time.run manual__2024-12-03T08:07:44.949524+00:00 [queued]>
[2024-12-03T08:08:28.326+0000] {taskinstance.py:2306} INFO - Starting attempt 1 of 2
[2024-12-03T08:08:28.346+0000] {taskinstance.py:2330} INFO - Executing <Task(DbtRunLocalOperator): dbt_transform.dim_time.run> on 2024-12-03 08:07:44.949524+00:00
[2024-12-03T08:08:28.358+0000] {standard_task_runner.py:64} INFO - Started process 4712 to run task
[2024-12-03T08:08:28.362+0000] {standard_task_runner.py:90} INFO - Running: ['***', 'tasks', 'run', 'nyc_green_tripdata', 'dbt_transform.dim_time.run', 'manual__2024-12-03T08:07:44.949524+00:00', '--job-id', '240', '--raw', '--subdir', 'DAGS_FOLDER/dag_green_tripdata.py', '--cfg-path', '/tmp/tmp_qhx5iwt']
[2024-12-03T08:08:28.367+0000] {standard_task_runner.py:91} INFO - Job 240: Subtask dbt_transform.dim_time.run
[2024-12-03T08:08:28.419+0000] {task_command.py:426} INFO - Running <TaskInstance: nyc_green_tripdata.dbt_transform.dim_time.run manual__2024-12-03T08:07:44.949524+00:00 [running]> on host 39c047f38cb8
[2024-12-03T08:08:28.536+0000] {taskinstance.py:2648} INFO - Exporting env vars: AIRFLOW_CTX_DAG_EMAIL='muhii.smta@gmail.com' AIRFLOW_CTX_DAG_OWNER='Muhii' AIRFLOW_CTX_DAG_ID='nyc_green_tripdata' AIRFLOW_CTX_TASK_ID='dbt_transform.dim_time.run' AIRFLOW_CTX_EXECUTION_DATE='2024-12-03T08:07:44.949524+00:00' AIRFLOW_CTX_TRY_NUMBER='1' AIRFLOW_CTX_DAG_RUN_ID='manual__2024-12-03T08:07:44.949524+00:00'
[2024-12-03T08:08:28.539+0000] {taskinstance.py:430} INFO - ::endgroup::
[2024-12-03T08:08:30.862+0000] {local.py:216} INFO - dbtRunner is available. Using dbtRunner for invoking dbt.
[2024-12-03T08:08:30.863+0000] {local.py:432} INFO - Cloning project to writable temp directory /tmp/tmpou5nhtj1 from /opt/airflow/include/dbt
[2024-12-03T08:08:30.867+0000] {local.py:443} INFO - Partial parse is enabled and the latest partial parse file is /tmp/cosmos/nyc_green_tripdata__dbt_transform/target/partial_parse.msgpack
[2024-12-03T08:08:30.885+0000] {config.py:332} INFO - Using user-supplied profiles.yml at /opt/airflow/include/dbt/profiles.yml
[2024-12-03T08:08:30.886+0000] {local.py:404} INFO - Trying to run dbtRunner with:
 ['run', '--models', 'dim_time', '--project-dir', '/tmp/tmpou5nhtj1', '--profiles-dir', '/opt/***/include/dbt', '--profile', 'nyc_taxi', '--target', 'dev']
 in /tmp/tmpou5nhtj1
[2024-12-03T08:08:30.995+0000] {logging_mixin.py:188} INFO - 08:08:30  Running with dbt=1.8.7
[2024-12-03T08:08:31.812+0000] {logging_mixin.py:188} INFO - 08:08:31  Registered adapter: bigquery=1.8.3
[2024-12-03T08:08:31.622+0000] {logging_mixin.py:188} INFO - 08:08:31  Found 7 models, 34 data tests, 2 sources, 600 macros
[2024-12-03T08:08:31.626+0000] {logging_mixin.py:188} INFO - 08:08:31
[2024-12-03T08:08:32.939+0000] {logging_mixin.py:188} INFO - 08:08:32  Concurrency: 1 threads (target='dev')
[2024-12-03T08:08:32.940+0000] {logging_mixin.py:188} INFO - 08:08:32
[2024-12-03T08:08:32.944+0000] {logging_mixin.py:188} INFO - 08:08:32  1 of 1 START sql table model nyc_taxi.dim_time ................................. [RUN]
[2024-12-03T08:08:38.375+0000] {logging_mixin.py:188} INFO - 08:08:38  1 of 1 OK created sql table model nyc_taxi.dim_time ............................ [CREATE TABLE (222.5k rows, 1.8 MiB processed) in 5.42s]
[2024-12-03T08:08:38.382+0000] {logging_mixin.py:188} INFO - 08:08:38
[2024-12-03T08:08:38.384+0000] {logging_mixin.py:188} INFO - 08:08:38  Finished running 1 table model in 0 hours 0 minutes and 6.75 seconds (6.75s).
[2024-12-03T08:08:38.865+0000] {logging_mixin.py:188} INFO - 08:08:38
[2024-12-03T08:08:38.867+0000] {logging_mixin.py:188} INFO - 08:08:38  Completed successfully
[2024-12-03T08:08:38.868+0000] {logging_mixin.py:188} INFO - 08:08:38
[2024-12-03T08:08:38.869+0000] {logging_mixin.py:188} INFO - 08:08:38  Done. PASS=1 WARN=0 ERROR=0 SKIP=0 TOTAL=1
[2024-12-03T08:08:40.048+0000] {local.py:196} WARNING - Artifact schema version: https://schemas.getdbt.com/dbt/manifest/v12.json is above dbt-ol supported version 7. This might cause errors.
[2024-12-03T08:08:40.049+0000] {local.py:196} WARNING - Artifact schema version: https://schemas.getdbt.com/dbt/run-results/v6.json is above dbt-ol supported version 5. This might cause errors.
[2024-12-03T08:08:40.060+0000] {local.py:490} INFO - Inlets: [Dataset(uri='bigquery/northern-shield-437204-m0.nyc_taxi.green_tripdata', extra=None)]
[2024-12-03T08:08:40.061+0000] {local.py:491} INFO - Outlets: [Dataset(uri='bigquery/northern-shield-437204-m0.nyc_taxi.dim_time', extra=None)]
[2024-12-03T08:08:40.061+0000] {local.py:590} INFO - Assigning inlets/outlets without DatasetAlias
[2024-12-03T08:08:40.062+0000] {dag.py:3089} INFO - Sync 1 DAGs
[2024-12-03T08:08:40.098+0000] {dag.py:3947} INFO - Setting next_dagrun for nyc_green_tripdata to None, run_after=None
[2024-12-03T08:08:40.140+0000] {taskinstance.py:441} INFO - ::group::Post task execution logs
[2024-12-03T08:08:40.194+0000] {taskinstance.py:1206} INFO - Marking task as SUCCESS. dag_id=nyc_green_tripdata, task_id=dbt_transform.dim_time.run, run_id=manual__2024-12-03T08:07:44.949524+00:00, execution_date=20241203T080744, start_date=20241203T080828, end_date=20241203T080840
[2024-12-03T08:08:40.297+0000] {local_task_job_runner.py:243} INFO - Task exited with return code 0
[2024-12-03T08:08:40.342+0000] {taskinstance.py:3503} INFO - 1 downstream tasks scheduled from follow-on schedule check
[2024-12-03T08:08:40.345+0000] {local_task_job_runner.py:222} INFO - ::endgroup::
