[2024-12-03T09:25:04.542+0000] {local_task_job_runner.py:120} INFO - ::group::Pre task execution logs
[2024-12-03T09:25:04.580+0000] {taskinstance.py:2076} INFO - Dependencies all met for dep_context=non-requeueable deps ti=<TaskInstance: nyc_green_tripdata.dbt_transform.fct_trips.run manual__2024-12-03T09:22:38.182416+00:00 [queued]>
[2024-12-03T09:25:04.604+0000] {taskinstance.py:2076} INFO - Dependencies all met for dep_context=requeueable deps ti=<TaskInstance: nyc_green_tripdata.dbt_transform.fct_trips.run manual__2024-12-03T09:22:38.182416+00:00 [queued]>
[2024-12-03T09:25:04.605+0000] {taskinstance.py:2306} INFO - Starting attempt 1 of 2
[2024-12-03T09:25:04.640+0000] {taskinstance.py:2330} INFO - Executing <Task(DbtRunLocalOperator): dbt_transform.fct_trips.run> on 2024-12-03 09:22:38.182416+00:00
[2024-12-03T09:25:04.656+0000] {standard_task_runner.py:64} INFO - Started process 9186 to run task
[2024-12-03T09:25:04.663+0000] {standard_task_runner.py:90} INFO - Running: ['***', 'tasks', 'run', 'nyc_green_tripdata', 'dbt_transform.fct_trips.run', 'manual__2024-12-03T09:22:38.182416+00:00', '--job-id', '367', '--raw', '--subdir', 'DAGS_FOLDER/dag_green_tripdata.py', '--cfg-path', '/tmp/tmpp78fo_u0']
[2024-12-03T09:25:04.669+0000] {standard_task_runner.py:91} INFO - Job 367: Subtask dbt_transform.fct_trips.run
[2024-12-03T09:25:04.766+0000] {task_command.py:426} INFO - Running <TaskInstance: nyc_green_tripdata.dbt_transform.fct_trips.run manual__2024-12-03T09:22:38.182416+00:00 [running]> on host 39c047f38cb8
[2024-12-03T09:25:04.967+0000] {taskinstance.py:2648} INFO - Exporting env vars: AIRFLOW_CTX_DAG_EMAIL='muhii.smta@gmail.com' AIRFLOW_CTX_DAG_OWNER='Muhii' AIRFLOW_CTX_DAG_ID='nyc_green_tripdata' AIRFLOW_CTX_TASK_ID='dbt_transform.fct_trips.run' AIRFLOW_CTX_EXECUTION_DATE='2024-12-03T09:22:38.182416+00:00' AIRFLOW_CTX_TRY_NUMBER='1' AIRFLOW_CTX_DAG_RUN_ID='manual__2024-12-03T09:22:38.182416+00:00'
[2024-12-03T09:25:04.972+0000] {taskinstance.py:430} INFO - ::endgroup::
[2024-12-03T09:25:08.773+0000] {local.py:216} INFO - dbtRunner is available. Using dbtRunner for invoking dbt.
[2024-12-03T09:25:08.775+0000] {local.py:432} INFO - Cloning project to writable temp directory /tmp/tmptry4ex78 from /opt/airflow/include/dbt
[2024-12-03T09:25:08.784+0000] {local.py:443} INFO - Partial parse is enabled and the latest partial parse file is /tmp/cosmos/nyc_green_tripdata__dbt_transform/target/partial_parse.msgpack
[2024-12-03T09:25:08.802+0000] {config.py:332} INFO - Using user-supplied profiles.yml at /opt/airflow/include/dbt/profiles.yml
[2024-12-03T09:25:08.804+0000] {local.py:404} INFO - Trying to run dbtRunner with:
 ['run', '--models', 'fct_trips', '--project-dir', '/tmp/tmptry4ex78', '--profiles-dir', '/opt/***/include/dbt', '--profile', 'nyc_taxi', '--target', 'dev']
 in /tmp/tmptry4ex78
[2024-12-03T09:25:09.016+0000] {logging_mixin.py:188} INFO - 09:25:09  Running with dbt=1.8.7
[2024-12-03T09:25:10.458+0000] {logging_mixin.py:188} INFO - 09:25:10  Registered adapter: bigquery=1.8.3
[2024-12-03T09:25:16.511+0000] {logging_mixin.py:188} INFO - 09:25:16  Found 7 models, 34 data tests, 2 sources, 600 macros
[2024-12-03T09:25:16.519+0000] {logging_mixin.py:188} INFO - 09:25:16
[2024-12-03T09:25:18.155+0000] {logging_mixin.py:188} INFO - 09:25:18  Concurrency: 1 threads (target='dev')
[2024-12-03T09:25:18.159+0000] {logging_mixin.py:188} INFO - 09:25:18
[2024-12-03T09:25:18.169+0000] {logging_mixin.py:188} INFO - 09:25:18  1 of 1 START sql table model nyc_taxi.fct_trips ................................ [RUN]
[2024-12-03T09:25:29.207+0000] {logging_mixin.py:188} INFO - 09:25:29  1 of 1 OK created sql table model nyc_taxi.fct_trips ........................... [CREATE TABLE (449.4k rows, 78.4 MiB processed) in 11.03s]
[2024-12-03T09:25:29.219+0000] {logging_mixin.py:188} INFO - 09:25:29
[2024-12-03T09:25:29.222+0000] {logging_mixin.py:188} INFO - 09:25:29  Finished running 1 table model in 0 hours 0 minutes and 12.70 seconds (12.70s).
[2024-12-03T09:25:29.879+0000] {logging_mixin.py:188} INFO - 09:25:29
[2024-12-03T09:25:29.882+0000] {logging_mixin.py:188} INFO - 09:25:29  Completed successfully
[2024-12-03T09:25:29.884+0000] {logging_mixin.py:188} INFO - 09:25:29
[2024-12-03T09:25:29.887+0000] {logging_mixin.py:188} INFO - 09:25:29  Done. PASS=1 WARN=0 ERROR=0 SKIP=0 TOTAL=1
[2024-12-03T09:25:31.353+0000] {local.py:196} WARNING - Artifact schema version: https://schemas.getdbt.com/dbt/manifest/v12.json is above dbt-ol supported version 7. This might cause errors.
[2024-12-03T09:25:31.355+0000] {local.py:196} WARNING - Artifact schema version: https://schemas.getdbt.com/dbt/run-results/v6.json is above dbt-ol supported version 5. This might cause errors.
[2024-12-03T09:25:31.375+0000] {local.py:490} INFO - Inlets: [Dataset(uri='bigquery/northern-shield-437204-m0.nyc_taxi.dim_time', extra=None), Dataset(uri='bigquery/northern-shield-437204-m0.nyc_taxi.green_tripdata', extra=None)]
[2024-12-03T09:25:31.376+0000] {local.py:491} INFO - Outlets: [Dataset(uri='bigquery/northern-shield-437204-m0.nyc_taxi.fct_trips', extra=None)]
[2024-12-03T09:25:31.377+0000] {local.py:590} INFO - Assigning inlets/outlets without DatasetAlias
[2024-12-03T09:25:31.378+0000] {dag.py:3089} INFO - Sync 1 DAGs
[2024-12-03T09:25:31.430+0000] {dag.py:3947} INFO - Setting next_dagrun for nyc_green_tripdata to None, run_after=None
[2024-12-03T09:25:31.503+0000] {taskinstance.py:441} INFO - ::group::Post task execution logs
[2024-12-03T09:25:31.569+0000] {taskinstance.py:1206} INFO - Marking task as SUCCESS. dag_id=nyc_green_tripdata, task_id=dbt_transform.fct_trips.run, run_id=manual__2024-12-03T09:22:38.182416+00:00, execution_date=20241203T092238, start_date=20241203T092504, end_date=20241203T092531
[2024-12-03T09:25:31.701+0000] {local_task_job_runner.py:243} INFO - Task exited with return code 0
[2024-12-03T09:25:31.770+0000] {taskinstance.py:3503} INFO - 0 downstream tasks scheduled from follow-on schedule check
[2024-12-03T09:25:31.774+0000] {local_task_job_runner.py:222} INFO - ::endgroup::
