[2024-11-13T15:39:56.352+0000] {local_task_job_runner.py:120} INFO - ::group::Pre task execution logs
[2024-11-13T15:39:56.385+0000] {taskinstance.py:2076} INFO - Dependencies all met for dep_context=non-requeueable deps ti=<TaskInstance: nyc_green_taxi.upload_zone_map manual__2024-11-13T15:39:43.304096+00:00 [queued]>
[2024-11-13T15:39:56.401+0000] {taskinstance.py:2076} INFO - Dependencies all met for dep_context=requeueable deps ti=<TaskInstance: nyc_green_taxi.upload_zone_map manual__2024-11-13T15:39:43.304096+00:00 [queued]>
[2024-11-13T15:39:56.403+0000] {taskinstance.py:2306} INFO - Starting attempt 1 of 2
[2024-11-13T15:39:56.435+0000] {taskinstance.py:2330} INFO - Executing <Task(LocalFilesystemToGCSOperator): upload_zone_map> on 2024-11-13 15:39:43.304096+00:00
[2024-11-13T15:39:56.447+0000] {standard_task_runner.py:64} INFO - Started process 606 to run task
[2024-11-13T15:39:56.452+0000] {standard_task_runner.py:90} INFO - Running: ['***', 'tasks', 'run', 'nyc_green_taxi', 'upload_zone_map', 'manual__2024-11-13T15:39:43.304096+00:00', '--job-id', '190', '--raw', '--subdir', 'DAGS_FOLDER/data_ingestion.py', '--cfg-path', '/tmp/tmpjo85aim6']
[2024-11-13T15:39:56.458+0000] {standard_task_runner.py:91} INFO - Job 190: Subtask upload_zone_map
[2024-11-13T15:39:56.544+0000] {task_command.py:426} INFO - Running <TaskInstance: nyc_green_taxi.upload_zone_map manual__2024-11-13T15:39:43.304096+00:00 [running]> on host 7a2cfb7b2df5
[2024-11-13T15:39:56.714+0000] {taskinstance.py:2648} INFO - Exporting env vars: AIRFLOW_CTX_DAG_EMAIL='muhii.smta@gmail.com' AIRFLOW_CTX_DAG_OWNER='Muhii' AIRFLOW_CTX_DAG_ID='nyc_green_taxi' AIRFLOW_CTX_TASK_ID='upload_zone_map' AIRFLOW_CTX_EXECUTION_DATE='2024-11-13T15:39:43.304096+00:00' AIRFLOW_CTX_TRY_NUMBER='1' AIRFLOW_CTX_DAG_RUN_ID='manual__2024-11-13T15:39:43.304096+00:00'
[2024-11-13T15:39:56.716+0000] {taskinstance.py:430} INFO - ::endgroup::
[2024-11-13T15:39:56.748+0000] {crypto.py:82} WARNING - empty cryptography key - values will not be stored encrypted.
[2024-11-13T15:39:56.750+0000] {connection.py:274} WARNING - Connection schemes (type: google_cloud_platform) shall not contain '_' according to RFC3986.
[2024-11-13T15:39:56.753+0000] {base.py:84} INFO - Using connection ID 'google_cloud_default' for task execution.
[2024-11-13T15:39:58.157+0000] {gcs.py:560} INFO - File /opt/***/dataset/raw/nyc_taxi/taxi_zone_lookup.csv uploaded to raw/taxi_zone_lookup.csv in green_taxi_bucket bucket
[2024-11-13T15:39:58.159+0000] {taskinstance.py:441} INFO - ::group::Post task execution logs
[2024-11-13T15:39:58.176+0000] {taskinstance.py:1206} INFO - Marking task as SUCCESS. dag_id=nyc_green_taxi, task_id=upload_zone_map, run_id=manual__2024-11-13T15:39:43.304096+00:00, execution_date=20241113T153943, start_date=20241113T153956, end_date=20241113T153958
[2024-11-13T15:39:58.234+0000] {local_task_job_runner.py:243} INFO - Task exited with return code 0
[2024-11-13T15:39:58.289+0000] {taskinstance.py:3503} INFO - 0 downstream tasks scheduled from follow-on schedule check
[2024-11-13T15:39:58.293+0000] {local_task_job_runner.py:222} INFO - ::endgroup::
