[2024-12-03T09:23:55.358+0000] {local_task_job_runner.py:120} INFO - ::group::Pre task execution logs
[2024-12-03T09:23:55.397+0000] {taskinstance.py:2076} INFO - Dependencies all met for dep_context=non-requeueable deps ti=<TaskInstance: nyc_green_tripdata.dbt_transform.dim_vendor.run manual__2024-12-03T09:22:38.182416+00:00 [queued]>
[2024-12-03T09:23:55.421+0000] {taskinstance.py:2076} INFO - Dependencies all met for dep_context=requeueable deps ti=<TaskInstance: nyc_green_tripdata.dbt_transform.dim_vendor.run manual__2024-12-03T09:22:38.182416+00:00 [queued]>
[2024-12-03T09:23:55.422+0000] {taskinstance.py:2306} INFO - Starting attempt 1 of 2
[2024-12-03T09:23:55.453+0000] {taskinstance.py:2330} INFO - Executing <Task(DbtRunLocalOperator): dbt_transform.dim_vendor.run> on 2024-12-03 09:22:38.182416+00:00
[2024-12-03T09:23:55.470+0000] {standard_task_runner.py:64} INFO - Started process 9037 to run task
[2024-12-03T09:23:55.481+0000] {standard_task_runner.py:90} INFO - Running: ['***', 'tasks', 'run', 'nyc_green_tripdata', 'dbt_transform.dim_vendor.run', 'manual__2024-12-03T09:22:38.182416+00:00', '--job-id', '355', '--raw', '--subdir', 'DAGS_FOLDER/dag_green_tripdata.py', '--cfg-path', '/tmp/tmp61juec0m']
[2024-12-03T09:23:55.488+0000] {standard_task_runner.py:91} INFO - Job 355: Subtask dbt_transform.dim_vendor.run
[2024-12-03T09:23:55.604+0000] {task_command.py:426} INFO - Running <TaskInstance: nyc_green_tripdata.dbt_transform.dim_vendor.run manual__2024-12-03T09:22:38.182416+00:00 [running]> on host 39c047f38cb8
[2024-12-03T09:23:55.821+0000] {taskinstance.py:2648} INFO - Exporting env vars: AIRFLOW_CTX_DAG_EMAIL='muhii.smta@gmail.com' AIRFLOW_CTX_DAG_OWNER='Muhii' AIRFLOW_CTX_DAG_ID='nyc_green_tripdata' AIRFLOW_CTX_TASK_ID='dbt_transform.dim_vendor.run' AIRFLOW_CTX_EXECUTION_DATE='2024-12-03T09:22:38.182416+00:00' AIRFLOW_CTX_TRY_NUMBER='1' AIRFLOW_CTX_DAG_RUN_ID='manual__2024-12-03T09:22:38.182416+00:00'
[2024-12-03T09:23:55.827+0000] {taskinstance.py:430} INFO - ::endgroup::
[2024-12-03T09:24:00.774+0000] {local.py:216} INFO - dbtRunner is available. Using dbtRunner for invoking dbt.
[2024-12-03T09:24:00.777+0000] {local.py:432} INFO - Cloning project to writable temp directory /tmp/tmpufciiccq from /opt/airflow/include/dbt
[2024-12-03T09:24:00.785+0000] {local.py:443} INFO - Partial parse is enabled and the latest partial parse file is /tmp/cosmos/nyc_green_tripdata__dbt_transform/target/partial_parse.msgpack
[2024-12-03T09:24:00.811+0000] {config.py:332} INFO - Using user-supplied profiles.yml at /opt/airflow/include/dbt/profiles.yml
[2024-12-03T09:24:00.812+0000] {local.py:404} INFO - Trying to run dbtRunner with:
 ['run', '--models', 'dim_vendor', '--project-dir', '/tmp/tmpufciiccq', '--profiles-dir', '/opt/***/include/dbt', '--profile', 'nyc_taxi', '--target', 'dev']
 in /tmp/tmpufciiccq
[2024-12-03T09:24:01.121+0000] {logging_mixin.py:188} INFO - 09:24:01  Running with dbt=1.8.7
[2024-12-03T09:24:03.063+0000] {logging_mixin.py:188} INFO - 09:24:03  Registered adapter: bigquery=1.8.3
[2024-12-03T09:24:04.723+0000] {logging_mixin.py:188} INFO - 09:24:04  Found 7 models, 34 data tests, 2 sources, 600 macros
[2024-12-03T09:24:04.732+0000] {logging_mixin.py:188} INFO - 09:24:04
[2024-12-03T09:24:06.711+0000] {logging_mixin.py:188} INFO - 09:24:06  Concurrency: 1 threads (target='dev')
[2024-12-03T09:24:06.714+0000] {logging_mixin.py:188} INFO - 09:24:06
[2024-12-03T09:24:06.726+0000] {logging_mixin.py:188} INFO - 09:24:06  1 of 1 START sql table model nyc_taxi.dim_vendor ............................... [RUN]
[2024-12-03T09:24:10.896+0000] {logging_mixin.py:188} INFO - 09:24:10  1 of 1 OK created sql table model nyc_taxi.dim_vendor .......................... [CREATE TABLE (2.0 rows, 3.4 MiB processed) in 4.16s]
[2024-12-03T09:24:10.910+0000] {logging_mixin.py:188} INFO - 09:24:10
[2024-12-03T09:24:10.913+0000] {logging_mixin.py:188} INFO - 09:24:10  Finished running 1 table model in 0 hours 0 minutes and 6.17 seconds (6.17s).
[2024-12-03T09:24:11.629+0000] {logging_mixin.py:188} INFO - 09:24:11
[2024-12-03T09:24:11.633+0000] {logging_mixin.py:188} INFO - 09:24:11  Completed successfully
[2024-12-03T09:24:11.636+0000] {logging_mixin.py:188} INFO - 09:24:11
[2024-12-03T09:24:11.639+0000] {logging_mixin.py:188} INFO - 09:24:11  Done. PASS=1 WARN=0 ERROR=0 SKIP=0 TOTAL=1
[2024-12-03T09:24:12.878+0000] {local.py:196} WARNING - Artifact schema version: https://schemas.getdbt.com/dbt/manifest/v12.json is above dbt-ol supported version 7. This might cause errors.
[2024-12-03T09:24:12.880+0000] {local.py:196} WARNING - Artifact schema version: https://schemas.getdbt.com/dbt/run-results/v6.json is above dbt-ol supported version 5. This might cause errors.
[2024-12-03T09:24:12.897+0000] {local.py:490} INFO - Inlets: [Dataset(uri='bigquery/northern-shield-437204-m0.nyc_taxi.green_tripdata', extra=None)]
[2024-12-03T09:24:12.899+0000] {local.py:491} INFO - Outlets: [Dataset(uri='bigquery/northern-shield-437204-m0.nyc_taxi.dim_vendor', extra=None)]
[2024-12-03T09:24:12.900+0000] {local.py:590} INFO - Assigning inlets/outlets without DatasetAlias
[2024-12-03T09:24:12.901+0000] {dag.py:3089} INFO - Sync 1 DAGs
[2024-12-03T09:24:12.984+0000] {dag.py:3947} INFO - Setting next_dagrun for nyc_green_tripdata to None, run_after=None
[2024-12-03T09:24:13.063+0000] {taskinstance.py:441} INFO - ::group::Post task execution logs
[2024-12-03T09:24:13.138+0000] {taskinstance.py:1206} INFO - Marking task as SUCCESS. dag_id=nyc_green_tripdata, task_id=dbt_transform.dim_vendor.run, run_id=manual__2024-12-03T09:22:38.182416+00:00, execution_date=20241203T092238, start_date=20241203T092355, end_date=20241203T092413
[2024-12-03T09:24:13.239+0000] {local_task_job_runner.py:243} INFO - Task exited with return code 0
[2024-12-03T09:24:13.261+0000] {local_task_job_runner.py:222} INFO - ::endgroup::
