[2024-12-03T09:28:32.013+0000] {local_task_job_runner.py:120} INFO - ::group::Pre task execution logs
[2024-12-03T09:28:32.048+0000] {taskinstance.py:2076} INFO - Dependencies all met for dep_context=non-requeueable deps ti=<TaskInstance: nyc_green_tripdata.check_load_tripdata manual__2024-12-03T09:27:27.491363+00:00 [queued]>
[2024-12-03T09:28:32.070+0000] {taskinstance.py:2076} INFO - Dependencies all met for dep_context=requeueable deps ti=<TaskInstance: nyc_green_tripdata.check_load_tripdata manual__2024-12-03T09:27:27.491363+00:00 [queued]>
[2024-12-03T09:28:32.071+0000] {taskinstance.py:2306} INFO - Starting attempt 1 of 2
[2024-12-03T09:28:32.101+0000] {taskinstance.py:2330} INFO - Executing <Task(PythonOperator): check_load_tripdata> on 2024-12-03 09:27:27.491363+00:00
[2024-12-03T09:28:32.117+0000] {standard_task_runner.py:64} INFO - Started process 9365 to run task
[2024-12-03T09:28:32.123+0000] {standard_task_runner.py:90} INFO - Running: ['***', 'tasks', 'run', 'nyc_green_tripdata', 'check_load_tripdata', 'manual__2024-12-03T09:27:27.491363+00:00', '--job-id', '374', '--raw', '--subdir', 'DAGS_FOLDER/dag_green_tripdata.py', '--cfg-path', '/tmp/tmpv6cbhxa2']
[2024-12-03T09:28:32.129+0000] {standard_task_runner.py:91} INFO - Job 374: Subtask check_load_tripdata
[2024-12-03T09:28:32.224+0000] {task_command.py:426} INFO - Running <TaskInstance: nyc_green_tripdata.check_load_tripdata manual__2024-12-03T09:27:27.491363+00:00 [running]> on host 39c047f38cb8
[2024-12-03T09:28:32.422+0000] {taskinstance.py:2648} INFO - Exporting env vars: AIRFLOW_CTX_DAG_EMAIL='muhii.smta@gmail.com' AIRFLOW_CTX_DAG_OWNER='Muhii' AIRFLOW_CTX_DAG_ID='nyc_green_tripdata' AIRFLOW_CTX_TASK_ID='check_load_tripdata' AIRFLOW_CTX_EXECUTION_DATE='2024-12-03T09:27:27.491363+00:00' AIRFLOW_CTX_TRY_NUMBER='1' AIRFLOW_CTX_DAG_RUN_ID='manual__2024-12-03T09:27:27.491363+00:00'
[2024-12-03T09:28:32.426+0000] {taskinstance.py:430} INFO - ::endgroup::
[2024-12-03T09:28:32.910+0000] {soda_telemetry.py:61} INFO - Setting up usage telemetry.
[2024-12-03T09:28:33.019+0000] {logging_mixin.py:188} INFO - Running Soda Scan ...
[2024-12-03T09:28:33.026+0000] {log.py:101} INFO - [09:28:33] Soda Core 3.4.1
[2024-12-03T09:28:35.302+0000] {log.py:101} INFO - [09:28:35] Using application default credentials.
[2024-12-03T09:28:36.852+0000] {log.py:101} INFO - [09:28:36] Scan summary:
[2024-12-03T09:28:36.854+0000] {log.py:101} INFO - [09:28:36] 1/1 check PASSED: 
[2024-12-03T09:28:36.855+0000] {log.py:101} INFO - [09:28:36]     green_tripdata in nyc_green_taxi
[2024-12-03T09:28:36.856+0000] {log.py:101} INFO - [09:28:36]       Schema Check [include/soda/checks/sources/green_tripdata.yml] [PASSED]
[2024-12-03T09:28:36.857+0000] {log.py:101} INFO - [09:28:36]         schema_measured = [vendor_id INT64, lpep_pickup_datetime TIMESTAMP, lpep_dropoff_datetime TIMESTAMP, store_and_fwd_flag STRING, rate_code_id INT64, pu_location_id INT64, do_location_id INT64, passenger_count INT64, trip_distance FLOAT64, fare_amount FLOAT64, extra FLOAT64, mta_tax FLOAT64, tip_amount FLOAT64, tolls_amount FLOAT64, ehail_fee INT64, improvement_surcharge FLOAT64, total_amount FLOAT64, payment_type INT64, trip_type INT64, congestion_surcharge FLOAT64, __index_level_0__ INT64]
[2024-12-03T09:28:36.858+0000] {log.py:101} INFO - [09:28:36] All is good. No failures. No warnings. No errors.
[2024-12-03T09:28:36.859+0000] {log.py:101} INFO - [09:28:36] Sending results to Soda Cloud
[2024-12-03T09:28:38.351+0000] {log.py:101} INFO - [09:28:38] Soda Cloud Trace: 161795825418400525
[2024-12-03T09:28:38.390+0000] {logging_mixin.py:188} INFO - INFO   | Soda Core 3.4.1
DEBUG  | Reading configuration file "include/soda/configuration.yml"
DEBUG  | Reading SodaCL file "include/soda/checks/sources/green_tripdata.yml"
DEBUG  | Scan execution starts
INFO   | Using application default credentials.
DEBUG  | Query 1.nyc_green_taxi.green_tripdata.schema[green_tripdata]:
SELECT column_name, data_type, is_nullable FROM INFORMATION_SCHEMA.COLUMNS WHERE table_name = 'green_tripdata';
INFO   | Scan summary:
DEBUG  | 1/1 query OK
DEBUG  |   1.nyc_green_taxi.green_tripdata.schema[green_tripdata] [OK] 0:00:01.375112
INFO   | 1/1 check PASSED: 
INFO   |     green_tripdata in nyc_green_taxi
INFO   |       Schema Check [include/soda/checks/sources/green_tripdata.yml] [PASSED]
INFO   |         schema_measured = [vendor_id INT64, lpep_pickup_datetime TIMESTAMP, lpep_dropoff_datetime TIMESTAMP, store_and_fwd_flag STRING, rate_code_id INT64, pu_location_id INT64, do_location_id INT64, passenger_count INT64, trip_distance FLOAT64, fare_amount FLOAT64, extra FLOAT64, mta_tax FLOAT64, tip_amount FLOAT64, tolls_amount FLOAT64, ehail_fee INT64, improvement_surcharge FLOAT64, total_amount FLOAT64, payment_type INT64, trip_type INT64, congestion_surcharge FLOAT64, __index_level_0__ INT64]
INFO   | All is good. No failures. No warnings. No errors.
INFO   | Sending results to Soda Cloud
INFO   | Soda Cloud Trace: 161795825418400525
[2024-12-03T09:28:38.392+0000] {dag_green_tripdata.py:165} INFO - Result from check: 0 of type <class 'int'>
[2024-12-03T09:28:38.393+0000] {python.py:237} INFO - Done. Returned value was: 0
[2024-12-03T09:28:38.395+0000] {taskinstance.py:441} INFO - ::group::Post task execution logs
[2024-12-03T09:28:38.471+0000] {taskinstance.py:1206} INFO - Marking task as SUCCESS. dag_id=nyc_green_tripdata, task_id=check_load_tripdata, run_id=manual__2024-12-03T09:27:27.491363+00:00, execution_date=20241203T092727, start_date=20241203T092832, end_date=20241203T092838
[2024-12-03T09:28:38.562+0000] {local_task_job_runner.py:243} INFO - Task exited with return code 0
[2024-12-03T09:28:38.665+0000] {taskinstance.py:3503} INFO - 6 downstream tasks scheduled from follow-on schedule check
[2024-12-03T09:28:38.676+0000] {local_task_job_runner.py:222} INFO - ::endgroup::
