[2024-12-03T08:25:04.904+0000] {local_task_job_runner.py:120} INFO - ::group::Pre task execution logs
[2024-12-03T08:25:04.926+0000] {taskinstance.py:2076} INFO - Dependencies all met for dep_context=non-requeueable deps ti=<TaskInstance: nyc_green_tripdata.dbt_transform.dim_time.run manual__2024-12-03T08:24:25.038092+00:00 [queued]>
[2024-12-03T08:25:04.936+0000] {taskinstance.py:2076} INFO - Dependencies all met for dep_context=requeueable deps ti=<TaskInstance: nyc_green_tripdata.dbt_transform.dim_time.run manual__2024-12-03T08:24:25.038092+00:00 [queued]>
[2024-12-03T08:25:04.937+0000] {taskinstance.py:2306} INFO - Starting attempt 1 of 2
[2024-12-03T08:25:04.951+0000] {taskinstance.py:2330} INFO - Executing <Task(DbtRunLocalOperator): dbt_transform.dim_time.run> on 2024-12-03 08:24:25.038092+00:00
[2024-12-03T08:25:04.962+0000] {standard_task_runner.py:64} INFO - Started process 5841 to run task
[2024-12-03T08:25:04.966+0000] {standard_task_runner.py:90} INFO - Running: ['***', 'tasks', 'run', 'nyc_green_tripdata', 'dbt_transform.dim_time.run', 'manual__2024-12-03T08:24:25.038092+00:00', '--job-id', '280', '--raw', '--subdir', 'DAGS_FOLDER/dag_green_tripdata.py', '--cfg-path', '/tmp/tmpcd6dasvk']
[2024-12-03T08:25:04.969+0000] {standard_task_runner.py:91} INFO - Job 280: Subtask dbt_transform.dim_time.run
[2024-12-03T08:25:05.022+0000] {task_command.py:426} INFO - Running <TaskInstance: nyc_green_tripdata.dbt_transform.dim_time.run manual__2024-12-03T08:24:25.038092+00:00 [running]> on host 39c047f38cb8
[2024-12-03T08:25:05.126+0000] {taskinstance.py:2648} INFO - Exporting env vars: AIRFLOW_CTX_DAG_EMAIL='muhii.smta@gmail.com' AIRFLOW_CTX_DAG_OWNER='Muhii' AIRFLOW_CTX_DAG_ID='nyc_green_tripdata' AIRFLOW_CTX_TASK_ID='dbt_transform.dim_time.run' AIRFLOW_CTX_EXECUTION_DATE='2024-12-03T08:24:25.038092+00:00' AIRFLOW_CTX_TRY_NUMBER='1' AIRFLOW_CTX_DAG_RUN_ID='manual__2024-12-03T08:24:25.038092+00:00'
[2024-12-03T08:25:05.129+0000] {taskinstance.py:430} INFO - ::endgroup::
[2024-12-03T08:25:04.952+0000] {local.py:216} INFO - dbtRunner is available. Using dbtRunner for invoking dbt.
[2024-12-03T08:25:04.954+0000] {local.py:432} INFO - Cloning project to writable temp directory /tmp/tmpc0ucppq5 from /opt/airflow/include/dbt
[2024-12-03T08:25:04.958+0000] {local.py:443} INFO - Partial parse is enabled and the latest partial parse file is /tmp/cosmos/nyc_green_tripdata__dbt_transform/target/partial_parse.msgpack
[2024-12-03T08:25:04.968+0000] {config.py:332} INFO - Using user-supplied profiles.yml at /opt/airflow/include/dbt/profiles.yml
[2024-12-03T08:25:04.968+0000] {local.py:404} INFO - Trying to run dbtRunner with:
 ['run', '--models', 'dim_time', '--project-dir', '/tmp/tmpc0ucppq5', '--profiles-dir', '/opt/***/include/dbt', '--profile', 'nyc_taxi', '--target', 'dev']
 in /tmp/tmpc0ucppq5
[2024-12-03T08:25:05.073+0000] {logging_mixin.py:188} INFO - 08:25:05  Running with dbt=1.8.7
[2024-12-03T08:25:05.852+0000] {logging_mixin.py:188} INFO - 08:25:05  Registered adapter: bigquery=1.8.3
[2024-12-03T08:25:07.784+0000] {logging_mixin.py:188} INFO - 08:25:07  Found 7 models, 34 data tests, 2 sources, 600 macros
[2024-12-03T08:25:07.788+0000] {logging_mixin.py:188} INFO - 08:25:07
[2024-12-03T08:25:09.156+0000] {logging_mixin.py:188} INFO - 08:25:09  Concurrency: 1 threads (target='dev')
[2024-12-03T08:25:09.157+0000] {logging_mixin.py:188} INFO - 08:25:09
[2024-12-03T08:25:09.161+0000] {logging_mixin.py:188} INFO - 08:25:09  1 of 1 START sql table model nyc_taxi.dim_time ................................. [RUN]
[2024-12-03T08:25:16.723+0000] {logging_mixin.py:188} INFO - 08:25:16  1 of 1 OK created sql table model nyc_taxi.dim_time ............................ [CREATE TABLE (451.2k rows, 3.6 MiB processed) in 7.56s]
[2024-12-03T08:25:16.729+0000] {logging_mixin.py:188} INFO - 08:25:16
[2024-12-03T08:25:16.730+0000] {logging_mixin.py:188} INFO - 08:25:16  Finished running 1 table model in 0 hours 0 minutes and 8.94 seconds (8.94s).
[2024-12-03T08:25:17.147+0000] {logging_mixin.py:188} INFO - 08:25:17
[2024-12-03T08:25:17.148+0000] {logging_mixin.py:188} INFO - 08:25:17  Completed successfully
[2024-12-03T08:25:17.150+0000] {logging_mixin.py:188} INFO - 08:25:17
[2024-12-03T08:25:17.151+0000] {logging_mixin.py:188} INFO - 08:25:17  Done. PASS=1 WARN=0 ERROR=0 SKIP=0 TOTAL=1
[2024-12-03T08:25:18.358+0000] {local.py:196} WARNING - Artifact schema version: https://schemas.getdbt.com/dbt/manifest/v12.json is above dbt-ol supported version 7. This might cause errors.
[2024-12-03T08:25:18.359+0000] {local.py:196} WARNING - Artifact schema version: https://schemas.getdbt.com/dbt/run-results/v6.json is above dbt-ol supported version 5. This might cause errors.
[2024-12-03T08:25:18.368+0000] {local.py:490} INFO - Inlets: [Dataset(uri='bigquery/northern-shield-437204-m0.nyc_taxi.green_tripdata', extra=None)]
[2024-12-03T08:25:18.369+0000] {local.py:491} INFO - Outlets: [Dataset(uri='bigquery/northern-shield-437204-m0.nyc_taxi.dim_time', extra=None)]
[2024-12-03T08:25:18.369+0000] {local.py:590} INFO - Assigning inlets/outlets without DatasetAlias
[2024-12-03T08:25:18.370+0000] {dag.py:3089} INFO - Sync 1 DAGs
[2024-12-03T08:25:18.401+0000] {dag.py:3947} INFO - Setting next_dagrun for nyc_green_tripdata to None, run_after=None
[2024-12-03T08:25:18.443+0000] {taskinstance.py:441} INFO - ::group::Post task execution logs
[2024-12-03T08:25:18.487+0000] {taskinstance.py:1206} INFO - Marking task as SUCCESS. dag_id=nyc_green_tripdata, task_id=dbt_transform.dim_time.run, run_id=manual__2024-12-03T08:24:25.038092+00:00, execution_date=20241203T082425, start_date=20241203T082504, end_date=20241203T082518
[2024-12-03T08:25:18.571+0000] {local_task_job_runner.py:243} INFO - Task exited with return code 0
[2024-12-03T08:25:18.622+0000] {taskinstance.py:3503} INFO - 1 downstream tasks scheduled from follow-on schedule check
[2024-12-03T08:25:18.625+0000] {local_task_job_runner.py:222} INFO - ::endgroup::
