[2024-12-03T07:58:40.850+0000] {local_task_job_runner.py:120} INFO - ::group::Pre task execution logs
[2024-12-03T07:58:40.880+0000] {taskinstance.py:2076} INFO - Dependencies all met for dep_context=non-requeueable deps ti=<TaskInstance: nyc_green_tripdata.dbt_transform.dim_ratecode.run manual__2024-12-03T07:58:01.680647+00:00 [queued]>
[2024-12-03T07:58:40.894+0000] {taskinstance.py:2076} INFO - Dependencies all met for dep_context=requeueable deps ti=<TaskInstance: nyc_green_tripdata.dbt_transform.dim_ratecode.run manual__2024-12-03T07:58:01.680647+00:00 [queued]>
[2024-12-03T07:58:40.895+0000] {taskinstance.py:2306} INFO - Starting attempt 1 of 2
[2024-12-03T07:58:40.911+0000] {taskinstance.py:2330} INFO - Executing <Task(DbtRunLocalOperator): dbt_transform.dim_ratecode.run> on 2024-12-03 07:58:01.680647+00:00
[2024-12-03T07:58:40.924+0000] {standard_task_runner.py:64} INFO - Started process 3999 to run task
[2024-12-03T07:58:40.928+0000] {standard_task_runner.py:90} INFO - Running: ['***', 'tasks', 'run', 'nyc_green_tripdata', 'dbt_transform.dim_ratecode.run', 'manual__2024-12-03T07:58:01.680647+00:00', '--job-id', '215', '--raw', '--subdir', 'DAGS_FOLDER/dag_green_tripdata.py', '--cfg-path', '/tmp/tmp6qzjm0a4']
[2024-12-03T07:58:40.937+0000] {standard_task_runner.py:91} INFO - Job 215: Subtask dbt_transform.dim_ratecode.run
[2024-12-03T07:58:41.063+0000] {task_command.py:426} INFO - Running <TaskInstance: nyc_green_tripdata.dbt_transform.dim_ratecode.run manual__2024-12-03T07:58:01.680647+00:00 [running]> on host 39c047f38cb8
[2024-12-03T07:58:41.235+0000] {taskinstance.py:2648} INFO - Exporting env vars: AIRFLOW_CTX_DAG_EMAIL='muhii.smta@gmail.com' AIRFLOW_CTX_DAG_OWNER='Muhii' AIRFLOW_CTX_DAG_ID='nyc_green_tripdata' AIRFLOW_CTX_TASK_ID='dbt_transform.dim_ratecode.run' AIRFLOW_CTX_EXECUTION_DATE='2024-12-03T07:58:01.680647+00:00' AIRFLOW_CTX_TRY_NUMBER='1' AIRFLOW_CTX_DAG_RUN_ID='manual__2024-12-03T07:58:01.680647+00:00'
[2024-12-03T07:58:41.243+0000] {taskinstance.py:430} INFO - ::endgroup::
[2024-12-03T07:58:44.575+0000] {local.py:216} INFO - dbtRunner is available. Using dbtRunner for invoking dbt.
[2024-12-03T07:58:44.576+0000] {local.py:432} INFO - Cloning project to writable temp directory /tmp/tmpgucd9_xa from /opt/airflow/include/dbt
[2024-12-03T07:58:44.580+0000] {local.py:443} INFO - Partial parse is enabled and the latest partial parse file is /opt/airflow/include/dbt/target/partial_parse.msgpack
[2024-12-03T07:58:44.633+0000] {config.py:332} INFO - Using user-supplied profiles.yml at /opt/airflow/include/dbt/profiles.yml
[2024-12-03T07:58:44.633+0000] {local.py:404} INFO - Trying to run dbtRunner with:
 ['run', '--models', 'dim_ratecode', '--project-dir', '/tmp/tmpgucd9_xa', '--profiles-dir', '/opt/***/include/dbt', '--profile', 'nyc_taxi', '--target', 'dev']
 in /tmp/tmpgucd9_xa
[2024-12-03T07:58:44.754+0000] {logging_mixin.py:188} INFO - 07:58:44  Running with dbt=1.8.7
[2024-12-03T07:58:46.258+0000] {logging_mixin.py:188} INFO - 07:58:46  Registered adapter: bigquery=1.8.3
[2024-12-03T07:58:47.462+0000] {logging_mixin.py:188} INFO - 07:58:47  Unable to do partial parsing because of a version mismatch
[2024-12-03T07:58:50.989+0000] {logging_mixin.py:188} INFO - 07:58:50  [WARNING]: Deprecated functionality
The `tests` config has been renamed to `data_tests`. Please see
https://docs.getdbt.com/docs/build/data-tests#new-data_tests-syntax for more
information.
[2024-12-03T07:58:51.933+0000] {logging_mixin.py:188} INFO - 07:58:51  Found 7 models, 34 data tests, 2 sources, 600 macros
[2024-12-03T07:58:51.937+0000] {logging_mixin.py:188} INFO - 07:58:51
[2024-12-03T07:58:50.886+0000] {logging_mixin.py:188} INFO - 07:58:50  Concurrency: 1 threads (target='dev')
[2024-12-03T07:58:50.887+0000] {logging_mixin.py:188} INFO - 07:58:50
[2024-12-03T07:58:50.894+0000] {logging_mixin.py:188} INFO - 07:58:50  1 of 1 START sql table model nyc_taxi.dim_ratecode ............................. [RUN]
[2024-12-03T07:58:55.763+0000] {logging_mixin.py:188} INFO - 07:58:55  1 of 1 OK created sql table model nyc_taxi.dim_ratecode ........................ [CREATE TABLE (6.0 rows, 463.5 KiB processed) in 4.87s]
[2024-12-03T07:58:55.769+0000] {logging_mixin.py:188} INFO - 07:58:55
[2024-12-03T07:58:55.771+0000] {logging_mixin.py:188} INFO - 07:58:55  Finished running 1 table model in 0 hours 0 minutes and 3.83 seconds (3.83s).
[2024-12-03T07:58:55.840+0000] {logging_mixin.py:188} INFO - 07:58:55
[2024-12-03T07:58:55.842+0000] {logging_mixin.py:188} INFO - 07:58:55  Completed successfully
[2024-12-03T07:58:55.844+0000] {logging_mixin.py:188} INFO - 07:58:55
[2024-12-03T07:58:55.845+0000] {logging_mixin.py:188} INFO - 07:58:55  Done. PASS=1 WARN=0 ERROR=0 SKIP=0 TOTAL=1
[2024-12-03T07:58:57.032+0000] {local.py:196} WARNING - Artifact schema version: https://schemas.getdbt.com/dbt/manifest/v12.json is above dbt-ol supported version 7. This might cause errors.
[2024-12-03T07:58:57.033+0000] {local.py:196} WARNING - Artifact schema version: https://schemas.getdbt.com/dbt/run-results/v6.json is above dbt-ol supported version 5. This might cause errors.
[2024-12-03T07:58:57.039+0000] {local.py:490} INFO - Inlets: [Dataset(uri='bigquery/northern-shield-437204-m0.nyc_taxi.green_tripdata', extra=None)]
[2024-12-03T07:58:57.040+0000] {local.py:491} INFO - Outlets: [Dataset(uri='bigquery/northern-shield-437204-m0.nyc_taxi.dim_ratecode', extra=None)]
[2024-12-03T07:58:57.040+0000] {local.py:590} INFO - Assigning inlets/outlets without DatasetAlias
[2024-12-03T07:58:57.040+0000] {dag.py:3089} INFO - Sync 1 DAGs
[2024-12-03T07:58:57.087+0000] {dag.py:3947} INFO - Setting next_dagrun for nyc_green_tripdata to None, run_after=None
[2024-12-03T07:58:57.116+0000] {taskinstance.py:441} INFO - ::group::Post task execution logs
[2024-12-03T07:58:57.148+0000] {taskinstance.py:1206} INFO - Marking task as SUCCESS. dag_id=nyc_green_tripdata, task_id=dbt_transform.dim_ratecode.run, run_id=manual__2024-12-03T07:58:01.680647+00:00, execution_date=20241203T075801, start_date=20241203T075840, end_date=20241203T075857
[2024-12-03T07:58:57.211+0000] {local_task_job_runner.py:243} INFO - Task exited with return code 0
[2024-12-03T07:58:57.241+0000] {taskinstance.py:3503} INFO - 1 downstream tasks scheduled from follow-on schedule check
[2024-12-03T07:58:57.242+0000] {local_task_job_runner.py:222} INFO - ::endgroup::
