[2024-11-29T04:40:29.351+0000] {local_task_job_runner.py:120} INFO - ::group::Pre task execution logs
[2024-11-29T04:40:29.365+0000] {taskinstance.py:2076} INFO - Dependencies all met for dep_context=non-requeueable deps ti=<TaskInstance: nyc_green_tripdata.load_tripdata_to_bq manual__2024-11-29T04:40:06.141839+00:00 [queued]>
[2024-11-29T04:40:29.374+0000] {taskinstance.py:2076} INFO - Dependencies all met for dep_context=requeueable deps ti=<TaskInstance: nyc_green_tripdata.load_tripdata_to_bq manual__2024-11-29T04:40:06.141839+00:00 [queued]>
[2024-11-29T04:40:29.374+0000] {taskinstance.py:2306} INFO - Starting attempt 1 of 2
[2024-11-29T04:40:29.384+0000] {taskinstance.py:2330} INFO - Executing <Task(GCSToBigQueryOperator): load_tripdata_to_bq> on 2024-11-29 04:40:06.141839+00:00
[2024-11-29T04:40:29.391+0000] {standard_task_runner.py:64} INFO - Started process 677 to run task
[2024-11-29T04:40:29.393+0000] {standard_task_runner.py:90} INFO - Running: ['***', 'tasks', 'run', 'nyc_green_tripdata', 'load_tripdata_to_bq', 'manual__2024-11-29T04:40:06.141839+00:00', '--job-id', '161', '--raw', '--subdir', 'DAGS_FOLDER/dag_green_tripdata.py', '--cfg-path', '/tmp/tmptm74kuls']
[2024-11-29T04:40:29.395+0000] {standard_task_runner.py:91} INFO - Job 161: Subtask load_tripdata_to_bq
[2024-11-29T04:40:29.430+0000] {task_command.py:426} INFO - Running <TaskInstance: nyc_green_tripdata.load_tripdata_to_bq manual__2024-11-29T04:40:06.141839+00:00 [running]> on host 39c047f38cb8
[2024-11-29T04:40:29.498+0000] {taskinstance.py:2648} INFO - Exporting env vars: AIRFLOW_CTX_DAG_EMAIL='muhii.smta@gmail.com' AIRFLOW_CTX_DAG_OWNER='Muhii' AIRFLOW_CTX_DAG_ID='nyc_green_tripdata' AIRFLOW_CTX_TASK_ID='load_tripdata_to_bq' AIRFLOW_CTX_EXECUTION_DATE='2024-11-29T04:40:06.141839+00:00' AIRFLOW_CTX_TRY_NUMBER='1' AIRFLOW_CTX_DAG_RUN_ID='manual__2024-11-29T04:40:06.141839+00:00'
[2024-11-29T04:40:29.499+0000] {taskinstance.py:430} INFO - ::endgroup::
[2024-11-29T04:40:29.500+0000] {crypto.py:82} WARNING - empty cryptography key - values will not be stored encrypted.
[2024-11-29T04:40:29.501+0000] {connection.py:274} WARNING - Connection schemes (type: google_cloud_platform) shall not contain '_' according to RFC3986.
[2024-11-29T04:40:29.502+0000] {base.py:84} INFO - Using connection ID 'google_cloud_default' for task execution.
[2024-11-29T04:40:29.502+0000] {gcs_to_bigquery.py:381} INFO - Using existing BigQuery table for storing data...
[2024-11-29T04:40:29.536+0000] {gcs_to_bigquery.py:385} INFO - Executing: {'load': {'autodetect': True, 'createDisposition': 'CREATE_IF_NEEDED', 'destinationTable': {'projectId': 'northern-shield-437204-m0', 'datasetId': 'nyc_taxi', 'tableId': 'green_tripdata'}, 'sourceFormat': 'PARQUET', 'sourceUris': ['gs://green_taxi_bucket/transform/tf_green_tripdata_2023-01.parquet'], 'writeDisposition': 'WRITE_APPEND', 'ignoreUnknownValues': False}}
[2024-11-29T04:40:29.537+0000] {bigquery.py:1702} INFO - Inserting job ***_nyc_green_tripdata_load_tripdata_to_bq_2024_11_29T04_40_06_141839_00_00_8a225ec19e9e842940000f908a9a99f2
[2024-11-29T04:40:33.182+0000] {taskinstance.py:441} INFO - ::group::Post task execution logs
[2024-11-29T04:40:33.191+0000] {taskinstance.py:1206} INFO - Marking task as SUCCESS. dag_id=nyc_green_tripdata, task_id=load_tripdata_to_bq, run_id=manual__2024-11-29T04:40:06.141839+00:00, execution_date=20241129T044006, start_date=20241129T044029, end_date=20241129T044033
[2024-11-29T04:40:33.237+0000] {local_task_job_runner.py:243} INFO - Task exited with return code 0
[2024-11-29T04:40:33.271+0000] {taskinstance.py:3503} INFO - 1 downstream tasks scheduled from follow-on schedule check
[2024-11-29T04:40:33.273+0000] {local_task_job_runner.py:222} INFO - ::endgroup::
