[2024-11-28T08:32:15.462+0000] {local_task_job_runner.py:120} INFO - ::group::Pre task execution logs
[2024-11-28T08:32:15.476+0000] {taskinstance.py:2076} INFO - Dependencies all met for dep_context=non-requeueable deps ti=<TaskInstance: nyc_green_tripdata.dbt_transform.fct_trips.run manual__2024-11-28T08:30:54.692564+00:00 [queued]>
[2024-11-28T08:32:15.484+0000] {taskinstance.py:2076} INFO - Dependencies all met for dep_context=requeueable deps ti=<TaskInstance: nyc_green_tripdata.dbt_transform.fct_trips.run manual__2024-11-28T08:30:54.692564+00:00 [queued]>
[2024-11-28T08:32:15.485+0000] {taskinstance.py:2306} INFO - Starting attempt 1 of 2
[2024-11-28T08:32:15.496+0000] {taskinstance.py:2330} INFO - Executing <Task(DbtRunLocalOperator): dbt_transform.fct_trips.run> on 2024-11-28 08:30:54.692564+00:00
[2024-11-28T08:32:15.506+0000] {standard_task_runner.py:64} INFO - Started process 3869 to run task
[2024-11-28T08:32:15.508+0000] {standard_task_runner.py:90} INFO - Running: ['***', 'tasks', 'run', 'nyc_green_tripdata', 'dbt_transform.fct_trips.run', 'manual__2024-11-28T08:30:54.692564+00:00', '--job-id', '125', '--raw', '--subdir', 'DAGS_FOLDER/dag_green_tripdata.py', '--cfg-path', '/tmp/tmplxw68eif']
[2024-11-28T08:32:15.510+0000] {standard_task_runner.py:91} INFO - Job 125: Subtask dbt_transform.fct_trips.run
[2024-11-28T08:32:15.545+0000] {task_command.py:426} INFO - Running <TaskInstance: nyc_green_tripdata.dbt_transform.fct_trips.run manual__2024-11-28T08:30:54.692564+00:00 [running]> on host 39c047f38cb8
[2024-11-28T08:32:15.609+0000] {taskinstance.py:2648} INFO - Exporting env vars: AIRFLOW_CTX_DAG_EMAIL='muhii.smta@gmail.com' AIRFLOW_CTX_DAG_OWNER='Muhii' AIRFLOW_CTX_DAG_ID='nyc_green_tripdata' AIRFLOW_CTX_TASK_ID='dbt_transform.fct_trips.run' AIRFLOW_CTX_EXECUTION_DATE='2024-11-28T08:30:54.692564+00:00' AIRFLOW_CTX_TRY_NUMBER='1' AIRFLOW_CTX_DAG_RUN_ID='manual__2024-11-28T08:30:54.692564+00:00'
[2024-11-28T08:32:15.611+0000] {taskinstance.py:430} INFO - ::endgroup::
[2024-11-28T08:32:17.014+0000] {local.py:216} INFO - dbtRunner is available. Using dbtRunner for invoking dbt.
[2024-11-28T08:32:17.015+0000] {local.py:432} INFO - Cloning project to writable temp directory /tmp/tmp_ueruony from /opt/airflow/include/dbt
[2024-11-28T08:32:17.017+0000] {local.py:443} INFO - Partial parse is enabled and the latest partial parse file is /tmp/cosmos/nyc_green_tripdata__dbt_transform/target/partial_parse.msgpack
[2024-11-28T08:32:17.024+0000] {config.py:332} INFO - Using user-supplied profiles.yml at /opt/airflow/include/dbt/profiles.yml
[2024-11-28T08:32:17.024+0000] {local.py:404} INFO - Trying to run dbtRunner with:
 ['run', '--models', 'fct_trips', '--project-dir', '/tmp/tmp_ueruony', '--profiles-dir', '/opt/***/include/dbt', '--profile', 'nyc_taxi', '--target', 'dev']
 in /tmp/tmp_ueruony
[2024-11-28T08:32:17.093+0000] {logging_mixin.py:188} INFO - 08:32:17  Running with dbt=1.8.7
[2024-11-28T08:32:17.581+0000] {logging_mixin.py:188} INFO - 08:32:17  Registered adapter: bigquery=1.8.3
[2024-11-28T08:32:18.913+0000] {logging_mixin.py:188} INFO - 08:32:18  Found 7 models, 34 data tests, 2 sources, 600 macros
[2024-11-28T08:32:18.916+0000] {logging_mixin.py:188} INFO - 08:32:18
[2024-11-28T08:32:21.306+0000] {logging_mixin.py:188} INFO - 08:32:21  Concurrency: 1 threads (target='dev')
[2024-11-28T08:32:21.307+0000] {logging_mixin.py:188} INFO - 08:32:21
[2024-11-28T08:32:21.311+0000] {logging_mixin.py:188} INFO - 08:32:21  1 of 1 START sql table model nyc_taxi.fct_trips ................................ [RUN]
[2024-11-28T08:32:26.901+0000] {logging_mixin.py:188} INFO - 08:32:26  1 of 1 OK created sql table model nyc_taxi.fct_trips ........................... [CREATE TABLE (178.0k rows, 27.6 MiB processed) in 5.59s]
[2024-11-28T08:32:26.905+0000] {logging_mixin.py:188} INFO - 08:32:26
[2024-11-28T08:32:26.906+0000] {logging_mixin.py:188} INFO - 08:32:26  Finished running 1 table model in 0 hours 0 minutes and 7.99 seconds (7.99s).
[2024-11-28T08:32:26.961+0000] {logging_mixin.py:188} INFO - 08:32:26
[2024-11-28T08:32:26.963+0000] {logging_mixin.py:188} INFO - 08:32:26  Completed successfully
[2024-11-28T08:32:26.964+0000] {logging_mixin.py:188} INFO - 08:32:26
[2024-11-28T08:32:26.965+0000] {logging_mixin.py:188} INFO - 08:32:26  Done. PASS=1 WARN=0 ERROR=0 SKIP=0 TOTAL=1
[2024-11-28T08:32:28.072+0000] {local.py:196} WARNING - Artifact schema version: https://schemas.getdbt.com/dbt/manifest/v12.json is above dbt-ol supported version 7. This might cause errors.
[2024-11-28T08:32:28.073+0000] {local.py:196} WARNING - Artifact schema version: https://schemas.getdbt.com/dbt/run-results/v6.json is above dbt-ol supported version 5. This might cause errors.
[2024-11-28T08:32:28.077+0000] {local.py:490} INFO - Inlets: [Dataset(uri='bigquery/northern-shield-437204-m0.nyc_taxi.dim_time', extra=None), Dataset(uri='bigquery/northern-shield-437204-m0.nyc_taxi.green_tripdata', extra=None)]
[2024-11-28T08:32:28.077+0000] {local.py:491} INFO - Outlets: [Dataset(uri='bigquery/northern-shield-437204-m0.nyc_taxi.fct_trips', extra=None)]
[2024-11-28T08:32:28.078+0000] {local.py:590} INFO - Assigning inlets/outlets without DatasetAlias
[2024-11-28T08:32:28.078+0000] {dag.py:3089} INFO - Sync 1 DAGs
[2024-11-28T08:32:28.097+0000] {dag.py:3947} INFO - Setting next_dagrun for nyc_green_tripdata to None, run_after=None
[2024-11-28T08:32:28.119+0000] {taskinstance.py:441} INFO - ::group::Post task execution logs
[2024-11-28T08:32:28.143+0000] {taskinstance.py:1206} INFO - Marking task as SUCCESS. dag_id=nyc_green_tripdata, task_id=dbt_transform.fct_trips.run, run_id=manual__2024-11-28T08:30:54.692564+00:00, execution_date=20241128T083054, start_date=20241128T083215, end_date=20241128T083228
[2024-11-28T08:32:28.199+0000] {local_task_job_runner.py:243} INFO - Task exited with return code 0
[2024-11-28T08:32:28.230+0000] {taskinstance.py:3503} INFO - 1 downstream tasks scheduled from follow-on schedule check
[2024-11-28T08:32:28.231+0000] {local_task_job_runner.py:222} INFO - ::endgroup::
