[2024-11-22T09:36:40.483+0000] {local_task_job_runner.py:120} INFO - ::group::Pre task execution logs
[2024-11-22T09:36:40.518+0000] {taskinstance.py:2076} INFO - Dependencies all met for dep_context=non-requeueable deps ti=<TaskInstance: nyc_green_taxi.upload_zone_transform_to_gcs manual__2024-11-22T09:36:20.100921+00:00 [queued]>
[2024-11-22T09:36:40.538+0000] {taskinstance.py:2076} INFO - Dependencies all met for dep_context=requeueable deps ti=<TaskInstance: nyc_green_taxi.upload_zone_transform_to_gcs manual__2024-11-22T09:36:20.100921+00:00 [queued]>
[2024-11-22T09:36:40.539+0000] {taskinstance.py:2306} INFO - Starting attempt 1 of 2
[2024-11-22T09:36:40.574+0000] {taskinstance.py:2330} INFO - Executing <Task(LocalFilesystemToGCSOperator): upload_zone_transform_to_gcs> on 2024-11-22 09:36:20.100921+00:00
[2024-11-22T09:36:40.589+0000] {standard_task_runner.py:64} INFO - Started process 6363 to run task
[2024-11-22T09:36:40.595+0000] {standard_task_runner.py:90} INFO - Running: ['***', 'tasks', 'run', 'nyc_green_taxi', 'upload_zone_transform_to_gcs', 'manual__2024-11-22T09:36:20.100921+00:00', '--job-id', '104', '--raw', '--subdir', 'DAGS_FOLDER/data_ingestion.py', '--cfg-path', '/tmp/tmpyupmb5rz']
[2024-11-22T09:36:40.600+0000] {standard_task_runner.py:91} INFO - Job 104: Subtask upload_zone_transform_to_gcs
[2024-11-22T09:36:40.697+0000] {task_command.py:426} INFO - Running <TaskInstance: nyc_green_taxi.upload_zone_transform_to_gcs manual__2024-11-22T09:36:20.100921+00:00 [running]> on host d0677a8ff53e
[2024-11-22T09:36:40.865+0000] {taskinstance.py:2648} INFO - Exporting env vars: AIRFLOW_CTX_DAG_EMAIL='muhii.smta@gmail.com' AIRFLOW_CTX_DAG_OWNER='Muhii' AIRFLOW_CTX_DAG_ID='nyc_green_taxi' AIRFLOW_CTX_TASK_ID='upload_zone_transform_to_gcs' AIRFLOW_CTX_EXECUTION_DATE='2024-11-22T09:36:20.100921+00:00' AIRFLOW_CTX_TRY_NUMBER='1' AIRFLOW_CTX_DAG_RUN_ID='manual__2024-11-22T09:36:20.100921+00:00'
[2024-11-22T09:36:40.868+0000] {taskinstance.py:430} INFO - ::endgroup::
[2024-11-22T09:36:40.871+0000] {crypto.py:82} WARNING - empty cryptography key - values will not be stored encrypted.
[2024-11-22T09:36:40.873+0000] {connection.py:274} WARNING - Connection schemes (type: google_cloud_platform) shall not contain '_' according to RFC3986.
[2024-11-22T09:36:40.875+0000] {base.py:84} INFO - Using connection ID 'google_cloud_default' for task execution.
[2024-11-22T09:36:42.342+0000] {gcs.py:560} INFO - File /opt/***/dataset/transform/taxi_zone_lookup.parquet uploaded to transform/taxi_zone_lookup.parquet in green_taxi_bucket bucket
[2024-11-22T09:36:42.344+0000] {taskinstance.py:441} INFO - ::group::Post task execution logs
[2024-11-22T09:36:42.366+0000] {taskinstance.py:1206} INFO - Marking task as SUCCESS. dag_id=nyc_green_taxi, task_id=upload_zone_transform_to_gcs, run_id=manual__2024-11-22T09:36:20.100921+00:00, execution_date=20241122T093620, start_date=20241122T093640, end_date=20241122T093642
[2024-11-22T09:36:42.455+0000] {local_task_job_runner.py:243} INFO - Task exited with return code 0
[2024-11-22T09:36:42.511+0000] {taskinstance.py:3503} INFO - 1 downstream tasks scheduled from follow-on schedule check
[2024-11-22T09:36:42.523+0000] {local_task_job_runner.py:222} INFO - ::endgroup::
