[2024-11-13T09:05:27.223+0000] {local_task_job_runner.py:120} INFO - ::group::Pre task execution logs
[2024-11-13T09:05:27.253+0000] {taskinstance.py:2076} INFO - Dependencies all met for dep_context=non-requeueable deps ti=<TaskInstance: nyc_green_taxi.upload_zone_transform_to_gcs manual__2024-11-13T08:59:59.881305+00:00 [queued]>
[2024-11-13T09:05:27.271+0000] {taskinstance.py:2076} INFO - Dependencies all met for dep_context=requeueable deps ti=<TaskInstance: nyc_green_taxi.upload_zone_transform_to_gcs manual__2024-11-13T08:59:59.881305+00:00 [queued]>
[2024-11-13T09:05:27.272+0000] {taskinstance.py:2306} INFO - Starting attempt 2 of 2
[2024-11-13T09:05:27.298+0000] {taskinstance.py:2330} INFO - Executing <Task(LocalFilesystemToGCSOperator): upload_zone_transform_to_gcs> on 2024-11-13 08:59:59.881305+00:00
[2024-11-13T09:05:27.309+0000] {standard_task_runner.py:64} INFO - Started process 2889 to run task
[2024-11-13T09:05:27.313+0000] {standard_task_runner.py:90} INFO - Running: ['***', 'tasks', 'run', 'nyc_green_taxi', 'upload_zone_transform_to_gcs', 'manual__2024-11-13T08:59:59.881305+00:00', '--job-id', '136', '--raw', '--subdir', 'DAGS_FOLDER/data_ingestion.py', '--cfg-path', '/tmp/tmph0s3lt37']
[2024-11-13T09:05:27.317+0000] {standard_task_runner.py:91} INFO - Job 136: Subtask upload_zone_transform_to_gcs
[2024-11-13T09:05:27.402+0000] {task_command.py:426} INFO - Running <TaskInstance: nyc_green_taxi.upload_zone_transform_to_gcs manual__2024-11-13T08:59:59.881305+00:00 [running]> on host 7a2cfb7b2df5
[2024-11-13T09:05:27.565+0000] {taskinstance.py:2648} INFO - Exporting env vars: AIRFLOW_CTX_DAG_EMAIL='muhii.smta@gmail.com' AIRFLOW_CTX_DAG_OWNER='Muhii' AIRFLOW_CTX_DAG_ID='nyc_green_taxi' AIRFLOW_CTX_TASK_ID='upload_zone_transform_to_gcs' AIRFLOW_CTX_EXECUTION_DATE='2024-11-13T08:59:59.881305+00:00' AIRFLOW_CTX_TRY_NUMBER='2' AIRFLOW_CTX_DAG_RUN_ID='manual__2024-11-13T08:59:59.881305+00:00'
[2024-11-13T09:05:27.568+0000] {taskinstance.py:430} INFO - ::endgroup::
[2024-11-13T09:05:27.591+0000] {crypto.py:82} WARNING - empty cryptography key - values will not be stored encrypted.
[2024-11-13T09:05:27.593+0000] {connection.py:274} WARNING - Connection schemes (type: google_cloud_platform) shall not contain '_' according to RFC3986.
[2024-11-13T09:05:27.595+0000] {base.py:84} INFO - Using connection ID 'google_cloud_default' for task execution.
[2024-11-13T09:05:27.597+0000] {taskinstance.py:441} INFO - ::group::Post task execution logs
[2024-11-13T09:05:27.598+0000] {taskinstance.py:2905} ERROR - Task failed with exception
Traceback (most recent call last):
  File "/home/airflow/.local/lib/python3.9/site-packages/airflow/models/taskinstance.py", line 465, in _execute_task
    result = _execute_callable(context=context, **execute_callable_kwargs)
  File "/home/airflow/.local/lib/python3.9/site-packages/airflow/models/taskinstance.py", line 432, in _execute_callable
    return execute_callable(context=context, **execute_callable_kwargs)
  File "/home/airflow/.local/lib/python3.9/site-packages/airflow/models/baseoperator.py", line 401, in wrapper
    return func(self, *args, **kwargs)
  File "/home/airflow/.local/lib/python3.9/site-packages/airflow/providers/google/cloud/transfers/local_to_gcs.py", line 101, in execute
    raise FileNotFoundError(self.src)
FileNotFoundError: /opt/***/dataset/transform/taxi_zone_lookup.csv
[2024-11-13T09:05:27.615+0000] {taskinstance.py:1206} INFO - Marking task as FAILED. dag_id=nyc_green_taxi, task_id=upload_zone_transform_to_gcs, run_id=manual__2024-11-13T08:59:59.881305+00:00, execution_date=20241113T085959, start_date=20241113T090527, end_date=20241113T090527
[2024-11-13T09:05:27.637+0000] {standard_task_runner.py:110} ERROR - Failed to execute job 136 for task upload_zone_transform_to_gcs (/opt/***/dataset/transform/taxi_zone_lookup.csv; 2889)
[2024-11-13T09:05:27.692+0000] {local_task_job_runner.py:243} INFO - Task exited with return code 1
[2024-11-13T09:05:27.736+0000] {taskinstance.py:3503} INFO - 0 downstream tasks scheduled from follow-on schedule check
[2024-11-13T09:05:27.746+0000] {local_task_job_runner.py:222} INFO - ::endgroup::
