[2024-12-03T09:33:43.548+0000] {local_task_job_runner.py:120} INFO - ::group::Pre task execution logs
[2024-12-03T09:33:43.584+0000] {taskinstance.py:2076} INFO - Dependencies all met for dep_context=non-requeueable deps ti=<TaskInstance: nyc_green_tripdata.dbt_transform.dim_zone.run manual__2024-12-03T09:32:23.208113+00:00 [queued]>
[2024-12-03T09:33:43.608+0000] {taskinstance.py:2076} INFO - Dependencies all met for dep_context=requeueable deps ti=<TaskInstance: nyc_green_tripdata.dbt_transform.dim_zone.run manual__2024-12-03T09:32:23.208113+00:00 [queued]>
[2024-12-03T09:33:43.609+0000] {taskinstance.py:2306} INFO - Starting attempt 1 of 2
[2024-12-03T09:33:43.644+0000] {taskinstance.py:2330} INFO - Executing <Task(DbtRunLocalOperator): dbt_transform.dim_zone.run> on 2024-12-03 09:32:23.208113+00:00
[2024-12-03T09:33:43.663+0000] {standard_task_runner.py:64} INFO - Started process 9801 to run task
[2024-12-03T09:33:43.671+0000] {standard_task_runner.py:90} INFO - Running: ['***', 'tasks', 'run', 'nyc_green_tripdata', 'dbt_transform.dim_zone.run', 'manual__2024-12-03T09:32:23.208113+00:00', '--job-id', '396', '--raw', '--subdir', 'DAGS_FOLDER/dag_green_tripdata.py', '--cfg-path', '/tmp/tmpehtb7avh']
[2024-12-03T09:33:43.678+0000] {standard_task_runner.py:91} INFO - Job 396: Subtask dbt_transform.dim_zone.run
[2024-12-03T09:33:43.788+0000] {task_command.py:426} INFO - Running <TaskInstance: nyc_green_tripdata.dbt_transform.dim_zone.run manual__2024-12-03T09:32:23.208113+00:00 [running]> on host 39c047f38cb8
[2024-12-03T09:33:44.006+0000] {taskinstance.py:2648} INFO - Exporting env vars: AIRFLOW_CTX_DAG_EMAIL='muhii.smta@gmail.com' AIRFLOW_CTX_DAG_OWNER='Muhii' AIRFLOW_CTX_DAG_ID='nyc_green_tripdata' AIRFLOW_CTX_TASK_ID='dbt_transform.dim_zone.run' AIRFLOW_CTX_EXECUTION_DATE='2024-12-03T09:32:23.208113+00:00' AIRFLOW_CTX_TRY_NUMBER='1' AIRFLOW_CTX_DAG_RUN_ID='manual__2024-12-03T09:32:23.208113+00:00'
[2024-12-03T09:33:44.010+0000] {taskinstance.py:430} INFO - ::endgroup::
[2024-12-03T09:33:48.237+0000] {local.py:216} INFO - dbtRunner is available. Using dbtRunner for invoking dbt.
[2024-12-03T09:33:48.240+0000] {local.py:432} INFO - Cloning project to writable temp directory /tmp/tmpveq96eja from /opt/airflow/include/dbt
[2024-12-03T09:33:48.248+0000] {local.py:443} INFO - Partial parse is enabled and the latest partial parse file is /tmp/cosmos/nyc_green_tripdata__dbt_transform/target/partial_parse.msgpack
[2024-12-03T09:33:48.271+0000] {config.py:332} INFO - Using user-supplied profiles.yml at /opt/airflow/include/dbt/profiles.yml
[2024-12-03T09:33:48.272+0000] {local.py:404} INFO - Trying to run dbtRunner with:
 ['run', '--models', 'dim_zone', '--project-dir', '/tmp/tmpveq96eja', '--profiles-dir', '/opt/***/include/dbt', '--profile', 'nyc_taxi', '--target', 'dev']
 in /tmp/tmpveq96eja
[2024-12-03T09:33:48.487+0000] {logging_mixin.py:188} INFO - 09:33:48  Running with dbt=1.8.7
[2024-12-03T09:33:50.047+0000] {logging_mixin.py:188} INFO - 09:33:50  Registered adapter: bigquery=1.8.3
[2024-12-03T09:33:54.238+0000] {logging_mixin.py:188} INFO - 09:33:54  Found 7 models, 34 data tests, 2 sources, 600 macros
[2024-12-03T09:33:54.246+0000] {logging_mixin.py:188} INFO - 09:33:54
[2024-12-03T09:33:55.972+0000] {logging_mixin.py:188} INFO - 09:33:55  Concurrency: 1 threads (target='dev')
[2024-12-03T09:33:55.977+0000] {logging_mixin.py:188} INFO - 09:33:55
[2024-12-03T09:33:55.989+0000] {logging_mixin.py:188} INFO - 09:33:55  1 of 1 START sql table model nyc_taxi.dim_zone ................................. [RUN]
[2024-12-03T09:34:00.481+0000] {logging_mixin.py:188} INFO - 09:34:00  1 of 1 OK created sql table model nyc_taxi.dim_zone ............................ [CREATE TABLE (263.0 rows, 12.1 KiB processed) in 4.48s]
[2024-12-03T09:34:00.495+0000] {logging_mixin.py:188} INFO - 09:34:00
[2024-12-03T09:34:00.498+0000] {logging_mixin.py:188} INFO - 09:34:00  Finished running 1 table model in 0 hours 0 minutes and 6.25 seconds (6.25s).
[2024-12-03T09:34:01.234+0000] {logging_mixin.py:188} INFO - 09:34:01
[2024-12-03T09:34:01.237+0000] {logging_mixin.py:188} INFO - 09:34:01  Completed successfully
[2024-12-03T09:34:01.240+0000] {logging_mixin.py:188} INFO - 09:34:01
[2024-12-03T09:34:01.243+0000] {logging_mixin.py:188} INFO - 09:34:01  Done. PASS=1 WARN=0 ERROR=0 SKIP=0 TOTAL=1
[2024-12-03T09:34:02.532+0000] {local.py:196} WARNING - Artifact schema version: https://schemas.getdbt.com/dbt/manifest/v12.json is above dbt-ol supported version 7. This might cause errors.
[2024-12-03T09:34:02.534+0000] {local.py:196} WARNING - Artifact schema version: https://schemas.getdbt.com/dbt/run-results/v6.json is above dbt-ol supported version 5. This might cause errors.
[2024-12-03T09:34:02.554+0000] {local.py:490} INFO - Inlets: [Dataset(uri='bigquery/northern-shield-437204-m0.nyc_taxi.zone_map', extra=None)]
[2024-12-03T09:34:02.555+0000] {local.py:491} INFO - Outlets: [Dataset(uri='bigquery/northern-shield-437204-m0.nyc_taxi.dim_zone', extra=None)]
[2024-12-03T09:34:02.557+0000] {local.py:590} INFO - Assigning inlets/outlets without DatasetAlias
[2024-12-03T09:34:02.558+0000] {dag.py:3089} INFO - Sync 1 DAGs
[2024-12-03T09:34:02.659+0000] {dag.py:3947} INFO - Setting next_dagrun for nyc_green_tripdata to None, run_after=None
[2024-12-03T09:34:02.746+0000] {taskinstance.py:441} INFO - ::group::Post task execution logs
[2024-12-03T09:34:02.822+0000] {taskinstance.py:1206} INFO - Marking task as SUCCESS. dag_id=nyc_green_tripdata, task_id=dbt_transform.dim_zone.run, run_id=manual__2024-12-03T09:32:23.208113+00:00, execution_date=20241203T093223, start_date=20241203T093343, end_date=20241203T093402
[2024-12-03T09:34:02.937+0000] {local_task_job_runner.py:243} INFO - Task exited with return code 0
[2024-12-03T09:34:03.011+0000] {taskinstance.py:3503} INFO - 1 downstream tasks scheduled from follow-on schedule check
[2024-12-03T09:34:03.015+0000] {local_task_job_runner.py:222} INFO - ::endgroup::
