[2024-12-03T09:56:14.999+0000] {local_task_job_runner.py:120} INFO - ::group::Pre task execution logs
[2024-12-03T09:56:15.035+0000] {taskinstance.py:2076} INFO - Dependencies all met for dep_context=non-requeueable deps ti=<TaskInstance: nyc_green_tripdata.dbt_transform.dim_zone.run manual__2024-12-03T09:54:54.457834+00:00 [queued]>
[2024-12-03T09:56:15.056+0000] {taskinstance.py:2076} INFO - Dependencies all met for dep_context=requeueable deps ti=<TaskInstance: nyc_green_tripdata.dbt_transform.dim_zone.run manual__2024-12-03T09:54:54.457834+00:00 [queued]>
[2024-12-03T09:56:15.057+0000] {taskinstance.py:2306} INFO - Starting attempt 1 of 2
[2024-12-03T09:56:15.085+0000] {taskinstance.py:2330} INFO - Executing <Task(DbtRunLocalOperator): dbt_transform.dim_zone.run> on 2024-12-03 09:54:54.457834+00:00
[2024-12-03T09:56:15.100+0000] {standard_task_runner.py:64} INFO - Started process 10852 to run task
[2024-12-03T09:56:15.109+0000] {standard_task_runner.py:90} INFO - Running: ['***', 'tasks', 'run', 'nyc_green_tripdata', 'dbt_transform.dim_zone.run', 'manual__2024-12-03T09:54:54.457834+00:00', '--job-id', '420', '--raw', '--subdir', 'DAGS_FOLDER/dag_green_tripdata.py', '--cfg-path', '/tmp/tmpnprn7ftw']
[2024-12-03T09:56:15.117+0000] {standard_task_runner.py:91} INFO - Job 420: Subtask dbt_transform.dim_zone.run
[2024-12-03T09:56:15.224+0000] {task_command.py:426} INFO - Running <TaskInstance: nyc_green_tripdata.dbt_transform.dim_zone.run manual__2024-12-03T09:54:54.457834+00:00 [running]> on host 39c047f38cb8
[2024-12-03T09:56:15.443+0000] {taskinstance.py:2648} INFO - Exporting env vars: AIRFLOW_CTX_DAG_EMAIL='muhii.smta@gmail.com' AIRFLOW_CTX_DAG_OWNER='Muhii' AIRFLOW_CTX_DAG_ID='nyc_green_tripdata' AIRFLOW_CTX_TASK_ID='dbt_transform.dim_zone.run' AIRFLOW_CTX_EXECUTION_DATE='2024-12-03T09:54:54.457834+00:00' AIRFLOW_CTX_TRY_NUMBER='1' AIRFLOW_CTX_DAG_RUN_ID='manual__2024-12-03T09:54:54.457834+00:00'
[2024-12-03T09:56:15.448+0000] {taskinstance.py:430} INFO - ::endgroup::
[2024-12-03T09:56:20.091+0000] {local.py:216} INFO - dbtRunner is available. Using dbtRunner for invoking dbt.
[2024-12-03T09:56:20.092+0000] {local.py:432} INFO - Cloning project to writable temp directory /tmp/tmprx2e9111 from /opt/airflow/include/dbt
[2024-12-03T09:56:20.102+0000] {local.py:443} INFO - Partial parse is enabled and the latest partial parse file is /tmp/cosmos/nyc_green_tripdata__dbt_transform/target/partial_parse.msgpack
[2024-12-03T09:56:20.140+0000] {config.py:332} INFO - Using user-supplied profiles.yml at /opt/airflow/include/dbt/profiles.yml
[2024-12-03T09:56:20.142+0000] {local.py:404} INFO - Trying to run dbtRunner with:
 ['run', '--models', 'dim_zone', '--project-dir', '/tmp/tmprx2e9111', '--profiles-dir', '/opt/***/include/dbt', '--profile', 'nyc_taxi', '--target', 'dev']
 in /tmp/tmprx2e9111
[2024-12-03T09:56:20.405+0000] {logging_mixin.py:188} INFO - 09:56:20  Running with dbt=1.8.7
[2024-12-03T09:56:22.020+0000] {logging_mixin.py:188} INFO - 09:56:22  Registered adapter: bigquery=1.8.3
[2024-12-03T09:56:27.770+0000] {logging_mixin.py:188} INFO - 09:56:27  Found 7 models, 34 data tests, 2 sources, 600 macros
[2024-12-03T09:56:27.780+0000] {logging_mixin.py:188} INFO - 09:56:27
[2024-12-03T09:56:29.466+0000] {logging_mixin.py:188} INFO - 09:56:29  Concurrency: 1 threads (target='dev')
[2024-12-03T09:56:29.469+0000] {logging_mixin.py:188} INFO - 09:56:29
[2024-12-03T09:56:29.480+0000] {logging_mixin.py:188} INFO - 09:56:29  1 of 1 START sql table model nyc_taxi.dim_zone ................................. [RUN]
[2024-12-03T09:56:34.834+0000] {logging_mixin.py:188} INFO - 09:56:34  1 of 1 OK created sql table model nyc_taxi.dim_zone ............................ [CREATE TABLE (263.0 rows, 12.1 KiB processed) in 5.34s]
[2024-12-03T09:56:34.845+0000] {logging_mixin.py:188} INFO - 09:56:34
[2024-12-03T09:56:34.848+0000] {logging_mixin.py:188} INFO - 09:56:34  Finished running 1 table model in 0 hours 0 minutes and 7.06 seconds (7.06s).
[2024-12-03T09:56:35.529+0000] {logging_mixin.py:188} INFO - 09:56:35
[2024-12-03T09:56:35.532+0000] {logging_mixin.py:188} INFO - 09:56:35  Completed successfully
[2024-12-03T09:56:35.535+0000] {logging_mixin.py:188} INFO - 09:56:35
[2024-12-03T09:56:35.538+0000] {logging_mixin.py:188} INFO - 09:56:35  Done. PASS=1 WARN=0 ERROR=0 SKIP=0 TOTAL=1
[2024-12-03T09:56:36.776+0000] {local.py:196} WARNING - Artifact schema version: https://schemas.getdbt.com/dbt/manifest/v12.json is above dbt-ol supported version 7. This might cause errors.
[2024-12-03T09:56:36.777+0000] {local.py:196} WARNING - Artifact schema version: https://schemas.getdbt.com/dbt/run-results/v6.json is above dbt-ol supported version 5. This might cause errors.
[2024-12-03T09:56:36.794+0000] {local.py:490} INFO - Inlets: [Dataset(uri='bigquery/northern-shield-437204-m0.nyc_taxi.zone_map', extra=None)]
[2024-12-03T09:56:36.795+0000] {local.py:491} INFO - Outlets: [Dataset(uri='bigquery/northern-shield-437204-m0.nyc_taxi.dim_zone', extra=None)]
[2024-12-03T09:56:36.796+0000] {local.py:590} INFO - Assigning inlets/outlets without DatasetAlias
[2024-12-03T09:56:36.797+0000] {dag.py:3089} INFO - Sync 1 DAGs
[2024-12-03T09:56:36.844+0000] {dag.py:3947} INFO - Setting next_dagrun for nyc_green_tripdata to None, run_after=None
[2024-12-03T09:56:36.933+0000] {taskinstance.py:441} INFO - ::group::Post task execution logs
[2024-12-03T09:56:37.011+0000] {taskinstance.py:1206} INFO - Marking task as SUCCESS. dag_id=nyc_green_tripdata, task_id=dbt_transform.dim_zone.run, run_id=manual__2024-12-03T09:54:54.457834+00:00, execution_date=20241203T095454, start_date=20241203T095615, end_date=20241203T095637
[2024-12-03T09:56:37.138+0000] {local_task_job_runner.py:243} INFO - Task exited with return code 0
[2024-12-03T09:56:37.208+0000] {taskinstance.py:3503} INFO - 1 downstream tasks scheduled from follow-on schedule check
[2024-12-03T09:56:37.224+0000] {local_task_job_runner.py:222} INFO - ::endgroup::
