[2024-12-03T09:30:01.390+0000] {local_task_job_runner.py:120} INFO - ::group::Pre task execution logs
[2024-12-03T09:30:01.432+0000] {taskinstance.py:2076} INFO - Dependencies all met for dep_context=non-requeueable deps ti=<TaskInstance: nyc_green_tripdata.dbt_transform.fct_trips.run manual__2024-12-03T09:27:27.491363+00:00 [queued]>
[2024-12-03T09:30:01.458+0000] {taskinstance.py:2076} INFO - Dependencies all met for dep_context=requeueable deps ti=<TaskInstance: nyc_green_tripdata.dbt_transform.fct_trips.run manual__2024-12-03T09:27:27.491363+00:00 [queued]>
[2024-12-03T09:30:01.459+0000] {taskinstance.py:2306} INFO - Starting attempt 1 of 2
[2024-12-03T09:30:01.492+0000] {taskinstance.py:2330} INFO - Executing <Task(DbtRunLocalOperator): dbt_transform.fct_trips.run> on 2024-12-03 09:27:27.491363+00:00
[2024-12-03T09:30:01.513+0000] {standard_task_runner.py:64} INFO - Started process 9568 to run task
[2024-12-03T09:30:01.520+0000] {standard_task_runner.py:90} INFO - Running: ['***', 'tasks', 'run', 'nyc_green_tripdata', 'dbt_transform.fct_trips.run', 'manual__2024-12-03T09:27:27.491363+00:00', '--job-id', '387', '--raw', '--subdir', 'DAGS_FOLDER/dag_green_tripdata.py', '--cfg-path', '/tmp/tmpcsv12hb6']
[2024-12-03T09:30:01.527+0000] {standard_task_runner.py:91} INFO - Job 387: Subtask dbt_transform.fct_trips.run
[2024-12-03T09:30:01.634+0000] {task_command.py:426} INFO - Running <TaskInstance: nyc_green_tripdata.dbt_transform.fct_trips.run manual__2024-12-03T09:27:27.491363+00:00 [running]> on host 39c047f38cb8
[2024-12-03T09:30:01.868+0000] {taskinstance.py:2648} INFO - Exporting env vars: AIRFLOW_CTX_DAG_EMAIL='muhii.smta@gmail.com' AIRFLOW_CTX_DAG_OWNER='Muhii' AIRFLOW_CTX_DAG_ID='nyc_green_tripdata' AIRFLOW_CTX_TASK_ID='dbt_transform.fct_trips.run' AIRFLOW_CTX_EXECUTION_DATE='2024-12-03T09:27:27.491363+00:00' AIRFLOW_CTX_TRY_NUMBER='1' AIRFLOW_CTX_DAG_RUN_ID='manual__2024-12-03T09:27:27.491363+00:00'
[2024-12-03T09:30:01.872+0000] {taskinstance.py:430} INFO - ::endgroup::
[2024-12-03T09:30:03.384+0000] {local.py:216} INFO - dbtRunner is available. Using dbtRunner for invoking dbt.
[2024-12-03T09:30:03.386+0000] {local.py:432} INFO - Cloning project to writable temp directory /tmp/tmps7naqcd9 from /opt/airflow/include/dbt
[2024-12-03T09:30:03.399+0000] {local.py:443} INFO - Partial parse is enabled and the latest partial parse file is /tmp/cosmos/nyc_green_tripdata__dbt_transform/target/partial_parse.msgpack
[2024-12-03T09:30:03.417+0000] {config.py:332} INFO - Using user-supplied profiles.yml at /opt/airflow/include/dbt/profiles.yml
[2024-12-03T09:30:03.418+0000] {local.py:404} INFO - Trying to run dbtRunner with:
 ['run', '--models', 'fct_trips', '--project-dir', '/tmp/tmps7naqcd9', '--profiles-dir', '/opt/***/include/dbt', '--profile', 'nyc_taxi', '--target', 'dev']
 in /tmp/tmps7naqcd9
[2024-12-03T09:30:03.643+0000] {logging_mixin.py:188} INFO - 09:30:03  Running with dbt=1.8.7
[2024-12-03T09:30:05.060+0000] {logging_mixin.py:188} INFO - 09:30:05  Registered adapter: bigquery=1.8.3
[2024-12-03T09:30:11.192+0000] {logging_mixin.py:188} INFO - 09:30:11  Found 7 models, 34 data tests, 2 sources, 600 macros
[2024-12-03T09:30:11.201+0000] {logging_mixin.py:188} INFO - 09:30:11
[2024-12-03T09:30:13.127+0000] {logging_mixin.py:188} INFO - 09:30:13  Concurrency: 1 threads (target='dev')
[2024-12-03T09:30:13.131+0000] {logging_mixin.py:188} INFO - 09:30:13
[2024-12-03T09:30:13.144+0000] {logging_mixin.py:188} INFO - 09:30:13  1 of 1 START sql table model nyc_taxi.fct_trips ................................ [RUN]
[2024-12-03T09:30:25.612+0000] {logging_mixin.py:188} INFO - 09:30:25  1 of 1 OK created sql table model nyc_taxi.fct_trips ........................... [CREATE TABLE (503.9k rows, 88.0 MiB processed) in 12.46s]
[2024-12-03T09:30:25.624+0000] {logging_mixin.py:188} INFO - 09:30:25
[2024-12-03T09:30:25.627+0000] {logging_mixin.py:188} INFO - 09:30:25  Finished running 1 table model in 0 hours 0 minutes and 14.42 seconds (14.42s).
[2024-12-03T09:30:26.244+0000] {logging_mixin.py:188} INFO - 09:30:26
[2024-12-03T09:30:26.247+0000] {logging_mixin.py:188} INFO - 09:30:26  Completed successfully
[2024-12-03T09:30:26.250+0000] {logging_mixin.py:188} INFO - 09:30:26
[2024-12-03T09:30:26.252+0000] {logging_mixin.py:188} INFO - 09:30:26  Done. PASS=1 WARN=0 ERROR=0 SKIP=0 TOTAL=1
[2024-12-03T09:30:27.857+0000] {local.py:196} WARNING - Artifact schema version: https://schemas.getdbt.com/dbt/manifest/v12.json is above dbt-ol supported version 7. This might cause errors.
[2024-12-03T09:30:27.859+0000] {local.py:196} WARNING - Artifact schema version: https://schemas.getdbt.com/dbt/run-results/v6.json is above dbt-ol supported version 5. This might cause errors.
[2024-12-03T09:30:27.874+0000] {local.py:490} INFO - Inlets: [Dataset(uri='bigquery/northern-shield-437204-m0.nyc_taxi.dim_time', extra=None), Dataset(uri='bigquery/northern-shield-437204-m0.nyc_taxi.green_tripdata', extra=None)]
[2024-12-03T09:30:27.875+0000] {local.py:491} INFO - Outlets: [Dataset(uri='bigquery/northern-shield-437204-m0.nyc_taxi.fct_trips', extra=None)]
[2024-12-03T09:30:27.876+0000] {local.py:590} INFO - Assigning inlets/outlets without DatasetAlias
[2024-12-03T09:30:27.878+0000] {dag.py:3089} INFO - Sync 1 DAGs
[2024-12-03T09:30:27.927+0000] {dag.py:3947} INFO - Setting next_dagrun for nyc_green_tripdata to None, run_after=None
[2024-12-03T09:30:27.991+0000] {taskinstance.py:441} INFO - ::group::Post task execution logs
[2024-12-03T09:30:28.060+0000] {taskinstance.py:1206} INFO - Marking task as SUCCESS. dag_id=nyc_green_tripdata, task_id=dbt_transform.fct_trips.run, run_id=manual__2024-12-03T09:27:27.491363+00:00, execution_date=20241203T092727, start_date=20241203T093001, end_date=20241203T093028
[2024-12-03T09:30:28.201+0000] {local_task_job_runner.py:243} INFO - Task exited with return code 0
[2024-12-03T09:30:28.264+0000] {taskinstance.py:3503} INFO - 1 downstream tasks scheduled from follow-on schedule check
[2024-12-03T09:30:28.274+0000] {local_task_job_runner.py:222} INFO - ::endgroup::
