[2024-12-03T07:59:28.769+0000] {local_task_job_runner.py:120} INFO - ::group::Pre task execution logs
[2024-12-03T07:59:28.786+0000] {taskinstance.py:2076} INFO - Dependencies all met for dep_context=non-requeueable deps ti=<TaskInstance: nyc_green_tripdata.dbt_transform.fct_trips.run manual__2024-12-03T07:58:01.680647+00:00 [queued]>
[2024-12-03T07:59:28.798+0000] {taskinstance.py:2076} INFO - Dependencies all met for dep_context=requeueable deps ti=<TaskInstance: nyc_green_tripdata.dbt_transform.fct_trips.run manual__2024-12-03T07:58:01.680647+00:00 [queued]>
[2024-12-03T07:59:28.798+0000] {taskinstance.py:2306} INFO - Starting attempt 1 of 2
[2024-12-03T07:59:28.811+0000] {taskinstance.py:2330} INFO - Executing <Task(DbtRunLocalOperator): dbt_transform.fct_trips.run> on 2024-12-03 07:58:01.680647+00:00
[2024-12-03T07:59:28.823+0000] {standard_task_runner.py:64} INFO - Started process 4245 to run task
[2024-12-03T07:59:28.826+0000] {standard_task_runner.py:90} INFO - Running: ['***', 'tasks', 'run', 'nyc_green_tripdata', 'dbt_transform.fct_trips.run', 'manual__2024-12-03T07:58:01.680647+00:00', '--job-id', '227', '--raw', '--subdir', 'DAGS_FOLDER/dag_green_tripdata.py', '--cfg-path', '/tmp/tmp33wfi6_w']
[2024-12-03T07:59:28.828+0000] {standard_task_runner.py:91} INFO - Job 227: Subtask dbt_transform.fct_trips.run
[2024-12-03T07:59:28.874+0000] {task_command.py:426} INFO - Running <TaskInstance: nyc_green_tripdata.dbt_transform.fct_trips.run manual__2024-12-03T07:58:01.680647+00:00 [running]> on host 39c047f38cb8
[2024-12-03T07:59:28.961+0000] {taskinstance.py:2648} INFO - Exporting env vars: AIRFLOW_CTX_DAG_EMAIL='muhii.smta@gmail.com' AIRFLOW_CTX_DAG_OWNER='Muhii' AIRFLOW_CTX_DAG_ID='nyc_green_tripdata' AIRFLOW_CTX_TASK_ID='dbt_transform.fct_trips.run' AIRFLOW_CTX_EXECUTION_DATE='2024-12-03T07:58:01.680647+00:00' AIRFLOW_CTX_TRY_NUMBER='1' AIRFLOW_CTX_DAG_RUN_ID='manual__2024-12-03T07:58:01.680647+00:00'
[2024-12-03T07:59:28.963+0000] {taskinstance.py:430} INFO - ::endgroup::
[2024-12-03T07:59:30.522+0000] {local.py:216} INFO - dbtRunner is available. Using dbtRunner for invoking dbt.
[2024-12-03T07:59:30.523+0000] {local.py:432} INFO - Cloning project to writable temp directory /tmp/tmpi5mqx71e from /opt/airflow/include/dbt
[2024-12-03T07:59:30.526+0000] {local.py:443} INFO - Partial parse is enabled and the latest partial parse file is /tmp/cosmos/nyc_green_tripdata__dbt_transform/target/partial_parse.msgpack
[2024-12-03T07:59:30.534+0000] {config.py:332} INFO - Using user-supplied profiles.yml at /opt/airflow/include/dbt/profiles.yml
[2024-12-03T07:59:30.534+0000] {local.py:404} INFO - Trying to run dbtRunner with:
 ['run', '--models', 'fct_trips', '--project-dir', '/tmp/tmpi5mqx71e', '--profiles-dir', '/opt/***/include/dbt', '--profile', 'nyc_taxi', '--target', 'dev']
 in /tmp/tmpi5mqx71e
[2024-12-03T07:59:30.644+0000] {logging_mixin.py:188} INFO - 07:59:30  Running with dbt=1.8.7
[2024-12-03T07:59:31.261+0000] {logging_mixin.py:188} INFO - 07:59:31  Registered adapter: bigquery=1.8.3
[2024-12-03T07:59:32.928+0000] {logging_mixin.py:188} INFO - 07:59:32  Found 7 models, 34 data tests, 2 sources, 600 macros
[2024-12-03T07:59:32.932+0000] {logging_mixin.py:188} INFO - 07:59:32
[2024-12-03T07:59:34.236+0000] {logging_mixin.py:188} INFO - 07:59:34  Concurrency: 1 threads (target='dev')
[2024-12-03T07:59:34.238+0000] {logging_mixin.py:188} INFO - 07:59:34
[2024-12-03T07:59:34.243+0000] {logging_mixin.py:188} INFO - 07:59:34  1 of 1 START sql table model nyc_taxi.fct_trips ................................ [RUN]
[2024-12-03T07:59:39.830+0000] {logging_mixin.py:188} INFO - 07:59:39  1 of 1 OK created sql table model nyc_taxi.fct_trips ........................... [CREATE TABLE (59.3k rows, 10.4 MiB processed) in 5.58s]
[2024-12-03T07:59:39.836+0000] {logging_mixin.py:188} INFO - 07:59:39
[2024-12-03T07:59:39.837+0000] {logging_mixin.py:188} INFO - 07:59:39  Finished running 1 table model in 0 hours 0 minutes and 6.90 seconds (6.90s).
[2024-12-03T07:59:40.208+0000] {logging_mixin.py:188} INFO - 07:59:40
[2024-12-03T07:59:40.210+0000] {logging_mixin.py:188} INFO - 07:59:40  Completed successfully
[2024-12-03T07:59:40.211+0000] {logging_mixin.py:188} INFO - 07:59:40
[2024-12-03T07:59:40.212+0000] {logging_mixin.py:188} INFO - 07:59:40  Done. PASS=1 WARN=0 ERROR=0 SKIP=0 TOTAL=1
[2024-12-03T07:59:41.457+0000] {local.py:196} WARNING - Artifact schema version: https://schemas.getdbt.com/dbt/manifest/v12.json is above dbt-ol supported version 7. This might cause errors.
[2024-12-03T07:59:41.458+0000] {local.py:196} WARNING - Artifact schema version: https://schemas.getdbt.com/dbt/run-results/v6.json is above dbt-ol supported version 5. This might cause errors.
[2024-12-03T07:59:41.465+0000] {local.py:490} INFO - Inlets: [Dataset(uri='bigquery/northern-shield-437204-m0.nyc_taxi.dim_time', extra=None), Dataset(uri='bigquery/northern-shield-437204-m0.nyc_taxi.green_tripdata', extra=None)]
[2024-12-03T07:59:41.465+0000] {local.py:491} INFO - Outlets: [Dataset(uri='bigquery/northern-shield-437204-m0.nyc_taxi.fct_trips', extra=None)]
[2024-12-03T07:59:41.466+0000] {local.py:590} INFO - Assigning inlets/outlets without DatasetAlias
[2024-12-03T07:59:41.466+0000] {dag.py:3089} INFO - Sync 1 DAGs
[2024-12-03T07:59:41.488+0000] {dag.py:3947} INFO - Setting next_dagrun for nyc_green_tripdata to None, run_after=None
[2024-12-03T07:59:41.523+0000] {taskinstance.py:441} INFO - ::group::Post task execution logs
[2024-12-03T07:59:41.553+0000] {taskinstance.py:1206} INFO - Marking task as SUCCESS. dag_id=nyc_green_tripdata, task_id=dbt_transform.fct_trips.run, run_id=manual__2024-12-03T07:58:01.680647+00:00, execution_date=20241203T075801, start_date=20241203T075928, end_date=20241203T075941
[2024-12-03T07:59:41.622+0000] {local_task_job_runner.py:243} INFO - Task exited with return code 0
[2024-12-03T07:59:41.652+0000] {taskinstance.py:3503} INFO - 1 downstream tasks scheduled from follow-on schedule check
[2024-12-03T07:59:41.654+0000] {local_task_job_runner.py:222} INFO - ::endgroup::
