[2024-11-13T09:42:19.122+0000] {local_task_job_runner.py:120} INFO - ::group::Pre task execution logs
[2024-11-13T09:42:19.155+0000] {taskinstance.py:2076} INFO - Dependencies all met for dep_context=non-requeueable deps ti=<TaskInstance: nyc_green_taxi.load_zone_map_to_bq manual__2024-11-13T09:41:49.954869+00:00 [queued]>
[2024-11-13T09:42:19.172+0000] {taskinstance.py:2076} INFO - Dependencies all met for dep_context=requeueable deps ti=<TaskInstance: nyc_green_taxi.load_zone_map_to_bq manual__2024-11-13T09:41:49.954869+00:00 [queued]>
[2024-11-13T09:42:19.174+0000] {taskinstance.py:2306} INFO - Starting attempt 1 of 2
[2024-11-13T09:42:19.205+0000] {taskinstance.py:2330} INFO - Executing <Task(GCSToBigQueryOperator): load_zone_map_to_bq> on 2024-11-13 09:41:49.954869+00:00
[2024-11-13T09:42:19.216+0000] {standard_task_runner.py:64} INFO - Started process 3412 to run task
[2024-11-13T09:42:19.221+0000] {standard_task_runner.py:90} INFO - Running: ['***', 'tasks', 'run', 'nyc_green_taxi', 'load_zone_map_to_bq', 'manual__2024-11-13T09:41:49.954869+00:00', '--job-id', '151', '--raw', '--subdir', 'DAGS_FOLDER/data_ingestion.py', '--cfg-path', '/tmp/tmpec1v57o6']
[2024-11-13T09:42:19.226+0000] {standard_task_runner.py:91} INFO - Job 151: Subtask load_zone_map_to_bq
[2024-11-13T09:42:19.314+0000] {task_command.py:426} INFO - Running <TaskInstance: nyc_green_taxi.load_zone_map_to_bq manual__2024-11-13T09:41:49.954869+00:00 [running]> on host 7a2cfb7b2df5
[2024-11-13T09:42:19.504+0000] {taskinstance.py:2648} INFO - Exporting env vars: AIRFLOW_CTX_DAG_EMAIL='muhii.smta@gmail.com' AIRFLOW_CTX_DAG_OWNER='Muhii' AIRFLOW_CTX_DAG_ID='nyc_green_taxi' AIRFLOW_CTX_TASK_ID='load_zone_map_to_bq' AIRFLOW_CTX_EXECUTION_DATE='2024-11-13T09:41:49.954869+00:00' AIRFLOW_CTX_TRY_NUMBER='1' AIRFLOW_CTX_DAG_RUN_ID='manual__2024-11-13T09:41:49.954869+00:00'
[2024-11-13T09:42:19.506+0000] {taskinstance.py:430} INFO - ::endgroup::
[2024-11-13T09:42:19.531+0000] {crypto.py:82} WARNING - empty cryptography key - values will not be stored encrypted.
[2024-11-13T09:42:19.532+0000] {connection.py:274} WARNING - Connection schemes (type: google_cloud_platform) shall not contain '_' according to RFC3986.
[2024-11-13T09:42:19.534+0000] {base.py:84} INFO - Using connection ID 'google_cloud_default' for task execution.
[2024-11-13T09:42:19.536+0000] {gcs_to_bigquery.py:381} INFO - Using existing BigQuery table for storing data...
[2024-11-13T09:42:19.637+0000] {gcs_to_bigquery.py:385} INFO - Executing: {'load': {'autodetect': True, 'createDisposition': 'CREATE_IF_NEEDED', 'destinationTable': {'projectId': 'northern-shield-437204-m0', 'datasetId': 'nyc_taxi', 'tableId': 'zone_map'}, 'sourceFormat': 'PARQUET', 'sourceUris': ['gs://green_taxi_bucket/transform/taxi_zone_lookup.parquet'], 'writeDisposition': 'WRITE_APPEND', 'ignoreUnknownValues': False}}
[2024-11-13T09:42:19.640+0000] {bigquery.py:1702} INFO - Inserting job ***_nyc_green_taxi_load_zone_map_to_bq_2024_11_13T09_41_49_954869_00_00_d58de147facb9817ed067ecfe17cfb7d
[2024-11-13T09:42:23.113+0000] {taskinstance.py:441} INFO - ::group::Post task execution logs
[2024-11-13T09:42:23.137+0000] {taskinstance.py:1206} INFO - Marking task as SUCCESS. dag_id=nyc_green_taxi, task_id=load_zone_map_to_bq, run_id=manual__2024-11-13T09:41:49.954869+00:00, execution_date=20241113T094149, start_date=20241113T094219, end_date=20241113T094223
[2024-11-13T09:42:23.210+0000] {local_task_job_runner.py:243} INFO - Task exited with return code 0
[2024-11-13T09:42:23.244+0000] {taskinstance.py:3503} INFO - 0 downstream tasks scheduled from follow-on schedule check
[2024-11-13T09:42:23.250+0000] {local_task_job_runner.py:222} INFO - ::endgroup::
