[2024-11-29T04:41:24.605+0000] {local_task_job_runner.py:120} INFO - ::group::Pre task execution logs
[2024-11-29T04:41:24.619+0000] {taskinstance.py:2076} INFO - Dependencies all met for dep_context=non-requeueable deps ti=<TaskInstance: nyc_green_tripdata.dbt_transform.fct_trips.run manual__2024-11-29T04:40:06.141839+00:00 [queued]>
[2024-11-29T04:41:24.628+0000] {taskinstance.py:2076} INFO - Dependencies all met for dep_context=requeueable deps ti=<TaskInstance: nyc_green_tripdata.dbt_transform.fct_trips.run manual__2024-11-29T04:40:06.141839+00:00 [queued]>
[2024-11-29T04:41:24.628+0000] {taskinstance.py:2306} INFO - Starting attempt 1 of 2
[2024-11-29T04:41:24.638+0000] {taskinstance.py:2330} INFO - Executing <Task(DbtRunLocalOperator): dbt_transform.fct_trips.run> on 2024-11-29 04:40:06.141839+00:00
[2024-11-29T04:41:24.647+0000] {standard_task_runner.py:64} INFO - Started process 844 to run task
[2024-11-29T04:41:24.649+0000] {standard_task_runner.py:90} INFO - Running: ['***', 'tasks', 'run', 'nyc_green_tripdata', 'dbt_transform.fct_trips.run', 'manual__2024-11-29T04:40:06.141839+00:00', '--job-id', '175', '--raw', '--subdir', 'DAGS_FOLDER/dag_green_tripdata.py', '--cfg-path', '/tmp/tmppusrmdcx']
[2024-11-29T04:41:24.651+0000] {standard_task_runner.py:91} INFO - Job 175: Subtask dbt_transform.fct_trips.run
[2024-11-29T04:41:24.685+0000] {task_command.py:426} INFO - Running <TaskInstance: nyc_green_tripdata.dbt_transform.fct_trips.run manual__2024-11-29T04:40:06.141839+00:00 [running]> on host 39c047f38cb8
[2024-11-29T04:41:24.750+0000] {taskinstance.py:2648} INFO - Exporting env vars: AIRFLOW_CTX_DAG_EMAIL='muhii.smta@gmail.com' AIRFLOW_CTX_DAG_OWNER='Muhii' AIRFLOW_CTX_DAG_ID='nyc_green_tripdata' AIRFLOW_CTX_TASK_ID='dbt_transform.fct_trips.run' AIRFLOW_CTX_EXECUTION_DATE='2024-11-29T04:40:06.141839+00:00' AIRFLOW_CTX_TRY_NUMBER='1' AIRFLOW_CTX_DAG_RUN_ID='manual__2024-11-29T04:40:06.141839+00:00'
[2024-11-29T04:41:24.752+0000] {taskinstance.py:430} INFO - ::endgroup::
[2024-11-29T04:41:26.075+0000] {local.py:216} INFO - dbtRunner is available. Using dbtRunner for invoking dbt.
[2024-11-29T04:41:26.075+0000] {local.py:432} INFO - Cloning project to writable temp directory /tmp/tmpaocun0bc from /opt/airflow/include/dbt
[2024-11-29T04:41:26.078+0000] {local.py:443} INFO - Partial parse is enabled and the latest partial parse file is /tmp/cosmos/nyc_green_tripdata__dbt_transform/target/partial_parse.msgpack
[2024-11-29T04:41:26.085+0000] {config.py:332} INFO - Using user-supplied profiles.yml at /opt/airflow/include/dbt/profiles.yml
[2024-11-29T04:41:26.085+0000] {local.py:404} INFO - Trying to run dbtRunner with:
 ['run', '--models', 'fct_trips', '--project-dir', '/tmp/tmpaocun0bc', '--profiles-dir', '/opt/***/include/dbt', '--profile', 'nyc_taxi', '--target', 'dev']
 in /tmp/tmpaocun0bc
[2024-11-29T04:41:26.153+0000] {logging_mixin.py:188} INFO - 04:41:26  Running with dbt=1.8.7
[2024-11-29T04:41:26.711+0000] {logging_mixin.py:188} INFO - 04:41:26  Registered adapter: bigquery=1.8.3
[2024-11-29T04:41:28.179+0000] {logging_mixin.py:188} INFO - 04:41:28  Found 7 models, 34 data tests, 2 sources, 600 macros
[2024-11-29T04:41:28.182+0000] {logging_mixin.py:188} INFO - 04:41:28
[2024-11-29T04:41:29.366+0000] {logging_mixin.py:188} INFO - 04:41:29  Concurrency: 1 threads (target='dev')
[2024-11-29T04:41:29.367+0000] {logging_mixin.py:188} INFO - 04:41:29
[2024-11-29T04:41:29.370+0000] {logging_mixin.py:188} INFO - 04:41:29  1 of 1 START sql table model nyc_taxi.fct_trips ................................ [RUN]
[2024-11-29T04:41:34.363+0000] {logging_mixin.py:188} INFO - 04:41:34  1 of 1 OK created sql table model nyc_taxi.fct_trips ........................... [CREATE TABLE (59.3k rows, 10.4 MiB processed) in 4.99s]
[2024-11-29T04:41:34.368+0000] {logging_mixin.py:188} INFO - 04:41:34
[2024-11-29T04:41:34.369+0000] {logging_mixin.py:188} INFO - 04:41:34  Finished running 1 table model in 0 hours 0 minutes and 6.18 seconds (6.18s).
[2024-11-29T04:41:34.675+0000] {logging_mixin.py:188} INFO - 04:41:34
[2024-11-29T04:41:34.676+0000] {logging_mixin.py:188} INFO - 04:41:34  Completed successfully
[2024-11-29T04:41:34.677+0000] {logging_mixin.py:188} INFO - 04:41:34
[2024-11-29T04:41:34.678+0000] {logging_mixin.py:188} INFO - 04:41:34  Done. PASS=1 WARN=0 ERROR=0 SKIP=0 TOTAL=1
[2024-11-29T04:41:35.870+0000] {local.py:196} WARNING - Artifact schema version: https://schemas.getdbt.com/dbt/manifest/v12.json is above dbt-ol supported version 7. This might cause errors.
[2024-11-29T04:41:35.871+0000] {local.py:196} WARNING - Artifact schema version: https://schemas.getdbt.com/dbt/run-results/v6.json is above dbt-ol supported version 5. This might cause errors.
[2024-11-29T04:41:35.876+0000] {local.py:490} INFO - Inlets: [Dataset(uri='bigquery/northern-shield-437204-m0.nyc_taxi.dim_time', extra=None), Dataset(uri='bigquery/northern-shield-437204-m0.nyc_taxi.green_tripdata', extra=None)]
[2024-11-29T04:41:35.876+0000] {local.py:491} INFO - Outlets: [Dataset(uri='bigquery/northern-shield-437204-m0.nyc_taxi.fct_trips', extra=None)]
[2024-11-29T04:41:35.876+0000] {local.py:590} INFO - Assigning inlets/outlets without DatasetAlias
[2024-11-29T04:41:35.877+0000] {dag.py:3089} INFO - Sync 1 DAGs
[2024-11-29T04:41:35.895+0000] {dag.py:3947} INFO - Setting next_dagrun for nyc_green_tripdata to None, run_after=None
[2024-11-29T04:41:35.919+0000] {taskinstance.py:441} INFO - ::group::Post task execution logs
[2024-11-29T04:41:35.943+0000] {taskinstance.py:1206} INFO - Marking task as SUCCESS. dag_id=nyc_green_tripdata, task_id=dbt_transform.fct_trips.run, run_id=manual__2024-11-29T04:40:06.141839+00:00, execution_date=20241129T044006, start_date=20241129T044124, end_date=20241129T044135
[2024-11-29T04:41:36.012+0000] {local_task_job_runner.py:243} INFO - Task exited with return code 0
[2024-11-29T04:41:36.034+0000] {taskinstance.py:3503} INFO - 1 downstream tasks scheduled from follow-on schedule check
[2024-11-29T04:41:36.036+0000] {local_task_job_runner.py:222} INFO - ::endgroup::
