[2024-12-03T07:58:40.884+0000] {local_task_job_runner.py:120} INFO - ::group::Pre task execution logs
[2024-12-03T07:58:40.907+0000] {taskinstance.py:2076} INFO - Dependencies all met for dep_context=non-requeueable deps ti=<TaskInstance: nyc_green_tripdata.dbt_transform.dim_time.run manual__2024-12-03T07:58:01.680647+00:00 [queued]>
[2024-12-03T07:58:40.920+0000] {taskinstance.py:2076} INFO - Dependencies all met for dep_context=requeueable deps ti=<TaskInstance: nyc_green_tripdata.dbt_transform.dim_time.run manual__2024-12-03T07:58:01.680647+00:00 [queued]>
[2024-12-03T07:58:40.921+0000] {taskinstance.py:2306} INFO - Starting attempt 1 of 2
[2024-12-03T07:58:40.940+0000] {taskinstance.py:2330} INFO - Executing <Task(DbtRunLocalOperator): dbt_transform.dim_time.run> on 2024-12-03 07:58:01.680647+00:00
[2024-12-03T07:58:40.956+0000] {standard_task_runner.py:64} INFO - Started process 4000 to run task
[2024-12-03T07:58:40.981+0000] {standard_task_runner.py:90} INFO - Running: ['***', 'tasks', 'run', 'nyc_green_tripdata', 'dbt_transform.dim_time.run', 'manual__2024-12-03T07:58:01.680647+00:00', '--job-id', '216', '--raw', '--subdir', 'DAGS_FOLDER/dag_green_tripdata.py', '--cfg-path', '/tmp/tmphjakupps']
[2024-12-03T07:58:40.989+0000] {standard_task_runner.py:91} INFO - Job 216: Subtask dbt_transform.dim_time.run
[2024-12-03T07:58:41.108+0000] {task_command.py:426} INFO - Running <TaskInstance: nyc_green_tripdata.dbt_transform.dim_time.run manual__2024-12-03T07:58:01.680647+00:00 [running]> on host 39c047f38cb8
[2024-12-03T07:58:41.257+0000] {taskinstance.py:2648} INFO - Exporting env vars: AIRFLOW_CTX_DAG_EMAIL='muhii.smta@gmail.com' AIRFLOW_CTX_DAG_OWNER='Muhii' AIRFLOW_CTX_DAG_ID='nyc_green_tripdata' AIRFLOW_CTX_TASK_ID='dbt_transform.dim_time.run' AIRFLOW_CTX_EXECUTION_DATE='2024-12-03T07:58:01.680647+00:00' AIRFLOW_CTX_TRY_NUMBER='1' AIRFLOW_CTX_DAG_RUN_ID='manual__2024-12-03T07:58:01.680647+00:00'
[2024-12-03T07:58:41.266+0000] {taskinstance.py:430} INFO - ::endgroup::
[2024-12-03T07:58:44.569+0000] {local.py:216} INFO - dbtRunner is available. Using dbtRunner for invoking dbt.
[2024-12-03T07:58:44.572+0000] {local.py:432} INFO - Cloning project to writable temp directory /tmp/tmpukhav3az from /opt/airflow/include/dbt
[2024-12-03T07:58:44.578+0000] {local.py:443} INFO - Partial parse is enabled and the latest partial parse file is /opt/airflow/include/dbt/target/partial_parse.msgpack
[2024-12-03T07:58:44.629+0000] {config.py:332} INFO - Using user-supplied profiles.yml at /opt/airflow/include/dbt/profiles.yml
[2024-12-03T07:58:44.630+0000] {local.py:404} INFO - Trying to run dbtRunner with:
 ['run', '--models', 'dim_time', '--project-dir', '/tmp/tmpukhav3az', '--profiles-dir', '/opt/***/include/dbt', '--profile', 'nyc_taxi', '--target', 'dev']
 in /tmp/tmpukhav3az
[2024-12-03T07:58:44.746+0000] {logging_mixin.py:188} INFO - 07:58:44  Running with dbt=1.8.7
[2024-12-03T07:58:46.258+0000] {logging_mixin.py:188} INFO - 07:58:46  Registered adapter: bigquery=1.8.3
[2024-12-03T07:58:47.477+0000] {logging_mixin.py:188} INFO - 07:58:47  Unable to do partial parsing because of a version mismatch
[2024-12-03T07:58:51.026+0000] {logging_mixin.py:188} INFO - 07:58:51  [WARNING]: Deprecated functionality
The `tests` config has been renamed to `data_tests`. Please see
https://docs.getdbt.com/docs/build/data-tests#new-data_tests-syntax for more
information.
[2024-12-03T07:58:51.933+0000] {logging_mixin.py:188} INFO - 07:58:51  Found 7 models, 34 data tests, 2 sources, 600 macros
[2024-12-03T07:58:51.938+0000] {logging_mixin.py:188} INFO - 07:58:51
[2024-12-03T07:58:51.570+0000] {logging_mixin.py:188} INFO - 07:58:51  Concurrency: 1 threads (target='dev')
[2024-12-03T07:58:51.572+0000] {logging_mixin.py:188} INFO - 07:58:51
[2024-12-03T07:58:51.577+0000] {logging_mixin.py:188} INFO - 07:58:51  1 of 1 START sql table model nyc_taxi.dim_time ................................. [RUN]
[2024-12-03T07:58:56.653+0000] {logging_mixin.py:188} INFO - 07:58:56  1 of 1 OK created sql table model nyc_taxi.dim_time ............................ [CREATE TABLE (115.0k rows, 927.0 KiB processed) in 5.07s]
[2024-12-03T07:58:56.658+0000] {logging_mixin.py:188} INFO - 07:58:56
[2024-12-03T07:58:56.659+0000] {logging_mixin.py:188} INFO - 07:58:56  Finished running 1 table model in 0 hours 0 minutes and 4.72 seconds (4.72s).
[2024-12-03T07:58:56.724+0000] {logging_mixin.py:188} INFO - 07:58:56
[2024-12-03T07:58:56.725+0000] {logging_mixin.py:188} INFO - 07:58:56  Completed successfully
[2024-12-03T07:58:56.726+0000] {logging_mixin.py:188} INFO - 07:58:56
[2024-12-03T07:58:56.727+0000] {logging_mixin.py:188} INFO - 07:58:56  Done. PASS=1 WARN=0 ERROR=0 SKIP=0 TOTAL=1
[2024-12-03T07:58:57.923+0000] {local.py:196} WARNING - Artifact schema version: https://schemas.getdbt.com/dbt/manifest/v12.json is above dbt-ol supported version 7. This might cause errors.
[2024-12-03T07:58:57.924+0000] {local.py:196} WARNING - Artifact schema version: https://schemas.getdbt.com/dbt/run-results/v6.json is above dbt-ol supported version 5. This might cause errors.
[2024-12-03T07:58:57.931+0000] {local.py:490} INFO - Inlets: [Dataset(uri='bigquery/northern-shield-437204-m0.nyc_taxi.green_tripdata', extra=None)]
[2024-12-03T07:58:57.932+0000] {local.py:491} INFO - Outlets: [Dataset(uri='bigquery/northern-shield-437204-m0.nyc_taxi.dim_time', extra=None)]
[2024-12-03T07:58:57.932+0000] {local.py:590} INFO - Assigning inlets/outlets without DatasetAlias
[2024-12-03T07:58:57.932+0000] {dag.py:3089} INFO - Sync 1 DAGs
[2024-12-03T07:58:57.957+0000] {dag.py:3947} INFO - Setting next_dagrun for nyc_green_tripdata to None, run_after=None
[2024-12-03T07:58:57.990+0000] {taskinstance.py:441} INFO - ::group::Post task execution logs
[2024-12-03T07:58:58.025+0000] {taskinstance.py:1206} INFO - Marking task as SUCCESS. dag_id=nyc_green_tripdata, task_id=dbt_transform.dim_time.run, run_id=manual__2024-12-03T07:58:01.680647+00:00, execution_date=20241203T075801, start_date=20241203T075840, end_date=20241203T075858
[2024-12-03T07:58:58.091+0000] {local_task_job_runner.py:243} INFO - Task exited with return code 0
[2024-12-03T07:58:58.130+0000] {taskinstance.py:3503} INFO - 1 downstream tasks scheduled from follow-on schedule check
[2024-12-03T07:58:58.132+0000] {local_task_job_runner.py:222} INFO - ::endgroup::
