[2024-12-03T08:30:06.052+0000] {local_task_job_runner.py:120} INFO - ::group::Pre task execution logs
[2024-12-03T08:30:06.072+0000] {taskinstance.py:2076} INFO - Dependencies all met for dep_context=non-requeueable deps ti=<TaskInstance: nyc_green_tripdata.dbt_transform.dim_payment.run manual__2024-12-03T08:29:29.968670+00:00 [queued]>
[2024-12-03T08:30:06.086+0000] {taskinstance.py:2076} INFO - Dependencies all met for dep_context=requeueable deps ti=<TaskInstance: nyc_green_tripdata.dbt_transform.dim_payment.run manual__2024-12-03T08:29:29.968670+00:00 [queued]>
[2024-12-03T08:30:06.087+0000] {taskinstance.py:2306} INFO - Starting attempt 1 of 2
[2024-12-03T08:30:06.104+0000] {taskinstance.py:2330} INFO - Executing <Task(DbtRunLocalOperator): dbt_transform.dim_payment.run> on 2024-12-03 08:29:29.968670+00:00
[2024-12-03T08:30:06.116+0000] {standard_task_runner.py:64} INFO - Started process 6239 to run task
[2024-12-03T08:30:06.122+0000] {standard_task_runner.py:90} INFO - Running: ['***', 'tasks', 'run', 'nyc_green_tripdata', 'dbt_transform.dim_payment.run', 'manual__2024-12-03T08:29:29.968670+00:00', '--job-id', '295', '--raw', '--subdir', 'DAGS_FOLDER/dag_green_tripdata.py', '--cfg-path', '/tmp/tmpd0ms8b2s']
[2024-12-03T08:30:06.126+0000] {standard_task_runner.py:91} INFO - Job 295: Subtask dbt_transform.dim_payment.run
[2024-12-03T08:30:06.195+0000] {task_command.py:426} INFO - Running <TaskInstance: nyc_green_tripdata.dbt_transform.dim_payment.run manual__2024-12-03T08:29:29.968670+00:00 [running]> on host 39c047f38cb8
[2024-12-03T08:30:06.307+0000] {taskinstance.py:2648} INFO - Exporting env vars: AIRFLOW_CTX_DAG_EMAIL='muhii.smta@gmail.com' AIRFLOW_CTX_DAG_OWNER='Muhii' AIRFLOW_CTX_DAG_ID='nyc_green_tripdata' AIRFLOW_CTX_TASK_ID='dbt_transform.dim_payment.run' AIRFLOW_CTX_EXECUTION_DATE='2024-12-03T08:29:29.968670+00:00' AIRFLOW_CTX_TRY_NUMBER='1' AIRFLOW_CTX_DAG_RUN_ID='manual__2024-12-03T08:29:29.968670+00:00'
[2024-12-03T08:30:06.310+0000] {taskinstance.py:430} INFO - ::endgroup::
[2024-12-03T08:30:08.562+0000] {local.py:216} INFO - dbtRunner is available. Using dbtRunner for invoking dbt.
[2024-12-03T08:30:08.563+0000] {local.py:432} INFO - Cloning project to writable temp directory /tmp/tmp0x2hrl2v from /opt/airflow/include/dbt
[2024-12-03T08:30:08.567+0000] {local.py:443} INFO - Partial parse is enabled and the latest partial parse file is /tmp/cosmos/nyc_green_tripdata__dbt_transform/target/partial_parse.msgpack
[2024-12-03T08:30:08.579+0000] {config.py:332} INFO - Using user-supplied profiles.yml at /opt/airflow/include/dbt/profiles.yml
[2024-12-03T08:30:08.579+0000] {local.py:404} INFO - Trying to run dbtRunner with:
 ['run', '--models', 'dim_payment', '--project-dir', '/tmp/tmp0x2hrl2v', '--profiles-dir', '/opt/***/include/dbt', '--profile', 'nyc_taxi', '--target', 'dev']
 in /tmp/tmp0x2hrl2v
[2024-12-03T08:30:08.672+0000] {logging_mixin.py:188} INFO - 08:30:08  Running with dbt=1.8.7
[2024-12-03T08:30:09.471+0000] {logging_mixin.py:188} INFO - 08:30:09  Registered adapter: bigquery=1.8.3
[2024-12-03T08:30:08.996+0000] {logging_mixin.py:188} INFO - 08:30:08  Found 7 models, 34 data tests, 2 sources, 600 macros
[2024-12-03T08:30:09.000+0000] {logging_mixin.py:188} INFO - 08:30:09
[2024-12-03T08:30:11.618+0000] {logging_mixin.py:188} INFO - 08:30:11  Concurrency: 1 threads (target='dev')
[2024-12-03T08:30:11.619+0000] {logging_mixin.py:188} INFO - 08:30:11
[2024-12-03T08:30:11.623+0000] {logging_mixin.py:188} INFO - 08:30:11  1 of 1 START sql table model nyc_taxi.dim_payment .............................. [RUN]
[2024-12-03T08:30:16.250+0000] {logging_mixin.py:188} INFO - 08:30:16  1 of 1 OK created sql table model nyc_taxi.dim_payment ......................... [CREATE TABLE (5.0 rows, 2.2 MiB processed) in 4.62s]
[2024-12-03T08:30:16.256+0000] {logging_mixin.py:188} INFO - 08:30:16
[2024-12-03T08:30:16.257+0000] {logging_mixin.py:188} INFO - 08:30:16  Finished running 1 table model in 0 hours 0 minutes and 7.25 seconds (7.25s).
[2024-12-03T08:30:16.665+0000] {logging_mixin.py:188} INFO - 08:30:16
[2024-12-03T08:30:16.666+0000] {logging_mixin.py:188} INFO - 08:30:16  Completed successfully
[2024-12-03T08:30:16.668+0000] {logging_mixin.py:188} INFO - 08:30:16
[2024-12-03T08:30:16.669+0000] {logging_mixin.py:188} INFO - 08:30:16  Done. PASS=1 WARN=0 ERROR=0 SKIP=0 TOTAL=1
[2024-12-03T08:30:17.881+0000] {local.py:196} WARNING - Artifact schema version: https://schemas.getdbt.com/dbt/manifest/v12.json is above dbt-ol supported version 7. This might cause errors.
[2024-12-03T08:30:17.882+0000] {local.py:196} WARNING - Artifact schema version: https://schemas.getdbt.com/dbt/run-results/v6.json is above dbt-ol supported version 5. This might cause errors.
[2024-12-03T08:30:17.889+0000] {local.py:490} INFO - Inlets: [Dataset(uri='bigquery/northern-shield-437204-m0.nyc_taxi.green_tripdata', extra=None)]
[2024-12-03T08:30:17.890+0000] {local.py:491} INFO - Outlets: [Dataset(uri='bigquery/northern-shield-437204-m0.nyc_taxi.dim_payment', extra=None)]
[2024-12-03T08:30:17.890+0000] {local.py:590} INFO - Assigning inlets/outlets without DatasetAlias
[2024-12-03T08:30:17.891+0000] {dag.py:3089} INFO - Sync 1 DAGs
[2024-12-03T08:30:17.923+0000] {dag.py:3947} INFO - Setting next_dagrun for nyc_green_tripdata to None, run_after=None
[2024-12-03T08:30:17.964+0000] {taskinstance.py:441} INFO - ::group::Post task execution logs
[2024-12-03T08:30:18.013+0000] {taskinstance.py:1206} INFO - Marking task as SUCCESS. dag_id=nyc_green_tripdata, task_id=dbt_transform.dim_payment.run, run_id=manual__2024-12-03T08:29:29.968670+00:00, execution_date=20241203T082929, start_date=20241203T083006, end_date=20241203T083018
[2024-12-03T08:30:18.077+0000] {local_task_job_runner.py:243} INFO - Task exited with return code 0
[2024-12-03T08:30:18.118+0000] {taskinstance.py:3503} INFO - 0 downstream tasks scheduled from follow-on schedule check
[2024-12-03T08:30:18.120+0000] {local_task_job_runner.py:222} INFO - ::endgroup::
