[2024-12-03T08:15:48.923+0000] {local_task_job_runner.py:120} INFO - ::group::Pre task execution logs
[2024-12-03T08:15:48.945+0000] {taskinstance.py:2076} INFO - Dependencies all met for dep_context=non-requeueable deps ti=<TaskInstance: nyc_green_tripdata.dbt_transform.dim_triptype.run manual__2024-12-03T08:15:10.633482+00:00 [queued]>
[2024-12-03T08:15:48.958+0000] {taskinstance.py:2076} INFO - Dependencies all met for dep_context=requeueable deps ti=<TaskInstance: nyc_green_tripdata.dbt_transform.dim_triptype.run manual__2024-12-03T08:15:10.633482+00:00 [queued]>
[2024-12-03T08:15:48.959+0000] {taskinstance.py:2306} INFO - Starting attempt 1 of 2
[2024-12-03T08:15:48.975+0000] {taskinstance.py:2330} INFO - Executing <Task(DbtRunLocalOperator): dbt_transform.dim_triptype.run> on 2024-12-03 08:15:10.633482+00:00
[2024-12-03T08:15:48.988+0000] {standard_task_runner.py:64} INFO - Started process 5227 to run task
[2024-12-03T08:15:48.996+0000] {standard_task_runner.py:90} INFO - Running: ['***', 'tasks', 'run', 'nyc_green_tripdata', 'dbt_transform.dim_triptype.run', 'manual__2024-12-03T08:15:10.633482+00:00', '--job-id', '256', '--raw', '--subdir', 'DAGS_FOLDER/dag_green_tripdata.py', '--cfg-path', '/tmp/tmplo3owfw4']
[2024-12-03T08:15:49.003+0000] {standard_task_runner.py:91} INFO - Job 256: Subtask dbt_transform.dim_triptype.run
[2024-12-03T08:15:49.066+0000] {task_command.py:426} INFO - Running <TaskInstance: nyc_green_tripdata.dbt_transform.dim_triptype.run manual__2024-12-03T08:15:10.633482+00:00 [running]> on host 39c047f38cb8
[2024-12-03T08:15:49.193+0000] {taskinstance.py:2648} INFO - Exporting env vars: AIRFLOW_CTX_DAG_EMAIL='muhii.smta@gmail.com' AIRFLOW_CTX_DAG_OWNER='Muhii' AIRFLOW_CTX_DAG_ID='nyc_green_tripdata' AIRFLOW_CTX_TASK_ID='dbt_transform.dim_triptype.run' AIRFLOW_CTX_EXECUTION_DATE='2024-12-03T08:15:10.633482+00:00' AIRFLOW_CTX_TRY_NUMBER='1' AIRFLOW_CTX_DAG_RUN_ID='manual__2024-12-03T08:15:10.633482+00:00'
[2024-12-03T08:15:49.197+0000] {taskinstance.py:430} INFO - ::endgroup::
[2024-12-03T08:15:51.754+0000] {local.py:216} INFO - dbtRunner is available. Using dbtRunner for invoking dbt.
[2024-12-03T08:15:51.755+0000] {local.py:432} INFO - Cloning project to writable temp directory /tmp/tmpb31j3cnk from /opt/airflow/include/dbt
[2024-12-03T08:15:51.758+0000] {local.py:443} INFO - Partial parse is enabled and the latest partial parse file is /tmp/cosmos/nyc_green_tripdata__dbt_transform/target/partial_parse.msgpack
[2024-12-03T08:15:51.770+0000] {config.py:332} INFO - Using user-supplied profiles.yml at /opt/airflow/include/dbt/profiles.yml
[2024-12-03T08:15:51.770+0000] {local.py:404} INFO - Trying to run dbtRunner with:
 ['run', '--models', 'dim_triptype', '--project-dir', '/tmp/tmpb31j3cnk', '--profiles-dir', '/opt/***/include/dbt', '--profile', 'nyc_taxi', '--target', 'dev']
 in /tmp/tmpb31j3cnk
[2024-12-03T08:15:51.864+0000] {logging_mixin.py:188} INFO - 08:15:51  Running with dbt=1.8.7
[2024-12-03T08:15:52.579+0000] {logging_mixin.py:188} INFO - 08:15:52  Registered adapter: bigquery=1.8.3
[2024-12-03T08:15:52.087+0000] {logging_mixin.py:188} INFO - 08:15:52  Found 7 models, 34 data tests, 2 sources, 600 macros
[2024-12-03T08:15:52.092+0000] {logging_mixin.py:188} INFO - 08:15:52
[2024-12-03T08:15:54.031+0000] {logging_mixin.py:188} INFO - 08:15:54  Concurrency: 1 threads (target='dev')
[2024-12-03T08:15:54.032+0000] {logging_mixin.py:188} INFO - 08:15:54
[2024-12-03T08:15:54.036+0000] {logging_mixin.py:188} INFO - 08:15:54  1 of 1 START sql table model nyc_taxi.dim_triptype ............................. [RUN]
[2024-12-03T08:15:58.433+0000] {logging_mixin.py:188} INFO - 08:15:58  1 of 1 OK created sql table model nyc_taxi.dim_triptype ........................ [CREATE TABLE (3.0 rows, 1.4 MiB processed) in 4.39s]
[2024-12-03T08:15:58.439+0000] {logging_mixin.py:188} INFO - 08:15:58
[2024-12-03T08:15:58.440+0000] {logging_mixin.py:188} INFO - 08:15:58  Finished running 1 table model in 0 hours 0 minutes and 6.35 seconds (6.35s).
[2024-12-03T08:15:58.834+0000] {logging_mixin.py:188} INFO - 08:15:58
[2024-12-03T08:15:58.836+0000] {logging_mixin.py:188} INFO - 08:15:58  Completed successfully
[2024-12-03T08:15:58.837+0000] {logging_mixin.py:188} INFO - 08:15:58
[2024-12-03T08:15:58.838+0000] {logging_mixin.py:188} INFO - 08:15:58  Done. PASS=1 WARN=0 ERROR=0 SKIP=0 TOTAL=1
[2024-12-03T08:16:00.038+0000] {local.py:196} WARNING - Artifact schema version: https://schemas.getdbt.com/dbt/manifest/v12.json is above dbt-ol supported version 7. This might cause errors.
[2024-12-03T08:16:00.039+0000] {local.py:196} WARNING - Artifact schema version: https://schemas.getdbt.com/dbt/run-results/v6.json is above dbt-ol supported version 5. This might cause errors.
[2024-12-03T08:16:00.050+0000] {local.py:490} INFO - Inlets: [Dataset(uri='bigquery/northern-shield-437204-m0.nyc_taxi.green_tripdata', extra=None)]
[2024-12-03T08:16:00.051+0000] {local.py:491} INFO - Outlets: [Dataset(uri='bigquery/northern-shield-437204-m0.nyc_taxi.dim_triptype', extra=None)]
[2024-12-03T08:16:00.051+0000] {local.py:590} INFO - Assigning inlets/outlets without DatasetAlias
[2024-12-03T08:16:00.052+0000] {dag.py:3089} INFO - Sync 1 DAGs
[2024-12-03T08:16:00.075+0000] {dag.py:3947} INFO - Setting next_dagrun for nyc_green_tripdata to None, run_after=None
[2024-12-03T08:16:00.104+0000] {taskinstance.py:441} INFO - ::group::Post task execution logs
[2024-12-03T08:16:00.135+0000] {taskinstance.py:1206} INFO - Marking task as SUCCESS. dag_id=nyc_green_tripdata, task_id=dbt_transform.dim_triptype.run, run_id=manual__2024-12-03T08:15:10.633482+00:00, execution_date=20241203T081510, start_date=20241203T081548, end_date=20241203T081600
[2024-12-03T08:16:00.215+0000] {local_task_job_runner.py:243} INFO - Task exited with return code 0
[2024-12-03T08:16:00.246+0000] {taskinstance.py:3503} INFO - 1 downstream tasks scheduled from follow-on schedule check
[2024-12-03T08:16:00.248+0000] {local_task_job_runner.py:222} INFO - ::endgroup::
