[2024-11-13T06:28:18.618+0000] {local_task_job_runner.py:120} INFO - ::group::Pre task execution logs
[2024-11-13T06:28:18.649+0000] {taskinstance.py:2076} INFO - Dependencies all met for dep_context=non-requeueable deps ti=<TaskInstance: nyc_green_taxi.upload_green_tripdata_raw manual__2024-11-13T06:17:40.100985+00:00 [queued]>
[2024-11-13T06:28:18.667+0000] {taskinstance.py:2076} INFO - Dependencies all met for dep_context=requeueable deps ti=<TaskInstance: nyc_green_taxi.upload_green_tripdata_raw manual__2024-11-13T06:17:40.100985+00:00 [queued]>
[2024-11-13T06:28:18.669+0000] {taskinstance.py:2306} INFO - Starting attempt 2 of 3
[2024-11-13T06:28:18.695+0000] {taskinstance.py:2330} INFO - Executing <Task(LocalFilesystemToGCSOperator): upload_green_tripdata_raw> on 2024-11-13 06:17:40.100985+00:00
[2024-11-13T06:28:18.705+0000] {standard_task_runner.py:64} INFO - Started process 933 to run task
[2024-11-13T06:28:18.713+0000] {standard_task_runner.py:90} INFO - Running: ['***', 'tasks', 'run', 'nyc_green_taxi', 'upload_green_tripdata_raw', 'manual__2024-11-13T06:17:40.100985+00:00', '--job-id', '92', '--raw', '--subdir', 'DAGS_FOLDER/data_ingestion.py', '--cfg-path', '/tmp/tmp5sd52_sw']
[2024-11-13T06:28:18.717+0000] {standard_task_runner.py:91} INFO - Job 92: Subtask upload_green_tripdata_raw
[2024-11-13T06:28:18.796+0000] {task_command.py:426} INFO - Running <TaskInstance: nyc_green_taxi.upload_green_tripdata_raw manual__2024-11-13T06:17:40.100985+00:00 [running]> on host 7a2cfb7b2df5
[2024-11-13T06:28:18.977+0000] {taskinstance.py:2648} INFO - Exporting env vars: AIRFLOW_CTX_DAG_EMAIL='muhii.smta@gmail.com' AIRFLOW_CTX_DAG_OWNER='Muhii' AIRFLOW_CTX_DAG_ID='nyc_green_taxi' AIRFLOW_CTX_TASK_ID='upload_green_tripdata_raw' AIRFLOW_CTX_EXECUTION_DATE='2024-11-13T06:17:40.100985+00:00' AIRFLOW_CTX_TRY_NUMBER='2' AIRFLOW_CTX_DAG_RUN_ID='manual__2024-11-13T06:17:40.100985+00:00'
[2024-11-13T06:28:18.979+0000] {taskinstance.py:430} INFO - ::endgroup::
[2024-11-13T06:28:19.006+0000] {crypto.py:82} WARNING - empty cryptography key - values will not be stored encrypted.
[2024-11-13T06:28:19.007+0000] {connection.py:274} WARNING - Connection schemes (type: google_cloud_platform) shall not contain '_' according to RFC3986.
[2024-11-13T06:28:19.010+0000] {base.py:84} INFO - Using connection ID 'google_cloud_default' for task execution.
[2024-11-13T06:28:22.606+0000] {gcs.py:560} INFO - File /opt/***/dataset/raw/nyc_taxi/green_tripdata_2023-01.parquet uploaded to raw/green_tripdata_2023-01.parquet in green_taxi_bucket bucket
[2024-11-13T06:28:22.607+0000] {taskinstance.py:441} INFO - ::group::Post task execution logs
[2024-11-13T06:28:22.626+0000] {taskinstance.py:1206} INFO - Marking task as SUCCESS. dag_id=nyc_green_taxi, task_id=upload_green_tripdata_raw, run_id=manual__2024-11-13T06:17:40.100985+00:00, execution_date=20241113T061740, start_date=20241113T062818, end_date=20241113T062822
[2024-11-13T06:28:22.711+0000] {local_task_job_runner.py:243} INFO - Task exited with return code 0
[2024-11-13T06:28:22.772+0000] {taskinstance.py:3503} INFO - 1 downstream tasks scheduled from follow-on schedule check
[2024-11-13T06:28:22.778+0000] {local_task_job_runner.py:222} INFO - ::endgroup::
