[2024-11-12T19:48:03.214+0000] {local_task_job_runner.py:120} INFO - ::group::Pre task execution logs
[2024-11-12T19:48:03.229+0000] {taskinstance.py:2076} INFO - Dependencies all met for dep_context=non-requeueable deps ti=<TaskInstance: nyc_green_taxi.upload_green_tripdata_transform manual__2024-11-12T19:47:45.040719+00:00 [queued]>
[2024-11-12T19:48:03.236+0000] {taskinstance.py:2076} INFO - Dependencies all met for dep_context=requeueable deps ti=<TaskInstance: nyc_green_taxi.upload_green_tripdata_transform manual__2024-11-12T19:47:45.040719+00:00 [queued]>
[2024-11-12T19:48:03.237+0000] {taskinstance.py:2306} INFO - Starting attempt 1 of 2
[2024-11-12T19:48:03.248+0000] {taskinstance.py:2330} INFO - Executing <Task(LocalFilesystemToGCSOperator): upload_green_tripdata_transform> on 2024-11-12 19:47:45.040719+00:00
[2024-11-12T19:48:03.255+0000] {standard_task_runner.py:64} INFO - Started process 170 to run task
[2024-11-12T19:48:03.257+0000] {standard_task_runner.py:90} INFO - Running: ['***', 'tasks', 'run', 'nyc_green_taxi', 'upload_green_tripdata_transform', 'manual__2024-11-12T19:47:45.040719+00:00', '--job-id', '28', '--raw', '--subdir', 'DAGS_FOLDER/data_ingestion.py', '--cfg-path', '/tmp/tmpd2r5wrqa']
[2024-11-12T19:48:03.259+0000] {standard_task_runner.py:91} INFO - Job 28: Subtask upload_green_tripdata_transform
[2024-11-12T19:48:03.295+0000] {task_command.py:426} INFO - Running <TaskInstance: nyc_green_taxi.upload_green_tripdata_transform manual__2024-11-12T19:47:45.040719+00:00 [running]> on host 7a2cfb7b2df5
[2024-11-12T19:48:03.366+0000] {taskinstance.py:2648} INFO - Exporting env vars: AIRFLOW_CTX_DAG_EMAIL='muhii.smta@gmail.com' AIRFLOW_CTX_DAG_OWNER='Muhii' AIRFLOW_CTX_DAG_ID='nyc_green_taxi' AIRFLOW_CTX_TASK_ID='upload_green_tripdata_transform' AIRFLOW_CTX_EXECUTION_DATE='2024-11-12T19:47:45.040719+00:00' AIRFLOW_CTX_TRY_NUMBER='1' AIRFLOW_CTX_DAG_RUN_ID='manual__2024-11-12T19:47:45.040719+00:00'
[2024-11-12T19:48:03.367+0000] {taskinstance.py:430} INFO - ::endgroup::
[2024-11-12T19:48:03.380+0000] {crypto.py:82} WARNING - empty cryptography key - values will not be stored encrypted.
[2024-11-12T19:48:03.381+0000] {connection.py:274} WARNING - Connection schemes (type: google_cloud_platform) shall not contain '_' according to RFC3986.
[2024-11-12T19:48:03.382+0000] {base.py:84} INFO - Using connection ID 'google_cloud_default' for task execution.
[2024-11-12T19:48:04.862+0000] {gcs.py:560} INFO - File /opt/***/dataset/transform/tf_green_tripdata_2023-01.parquet uploaded to transform/tf_green_tripdata_2023-01.parquet in green_taxi_bucket bucket
[2024-11-12T19:48:04.863+0000] {taskinstance.py:441} INFO - ::group::Post task execution logs
[2024-11-12T19:48:04.873+0000] {taskinstance.py:1206} INFO - Marking task as SUCCESS. dag_id=nyc_green_taxi, task_id=upload_green_tripdata_transform, run_id=manual__2024-11-12T19:47:45.040719+00:00, execution_date=20241112T194745, start_date=20241112T194803, end_date=20241112T194804
[2024-11-12T19:48:04.928+0000] {local_task_job_runner.py:243} INFO - Task exited with return code 0
[2024-11-12T19:48:04.948+0000] {taskinstance.py:3503} INFO - 1 downstream tasks scheduled from follow-on schedule check
[2024-11-12T19:48:04.949+0000] {local_task_job_runner.py:222} INFO - ::endgroup::
