[2024-12-03T07:58:20.808+0000] {local_task_job_runner.py:120} INFO - ::group::Pre task execution logs
[2024-12-03T07:58:20.832+0000] {taskinstance.py:2076} INFO - Dependencies all met for dep_context=non-requeueable deps ti=<TaskInstance: nyc_green_tripdata.upload_zone_transform_to_gcs manual__2024-12-03T07:58:01.680647+00:00 [queued]>
[2024-12-03T07:58:20.843+0000] {taskinstance.py:2076} INFO - Dependencies all met for dep_context=requeueable deps ti=<TaskInstance: nyc_green_tripdata.upload_zone_transform_to_gcs manual__2024-12-03T07:58:01.680647+00:00 [queued]>
[2024-12-03T07:58:20.844+0000] {taskinstance.py:2306} INFO - Starting attempt 1 of 2
[2024-12-03T07:58:20.858+0000] {taskinstance.py:2330} INFO - Executing <Task(LocalFilesystemToGCSOperator): upload_zone_transform_to_gcs> on 2024-12-03 07:58:01.680647+00:00
[2024-12-03T07:58:20.871+0000] {standard_task_runner.py:64} INFO - Started process 3953 to run task
[2024-12-03T07:58:20.876+0000] {standard_task_runner.py:90} INFO - Running: ['***', 'tasks', 'run', 'nyc_green_tripdata', 'upload_zone_transform_to_gcs', 'manual__2024-12-03T07:58:01.680647+00:00', '--job-id', '211', '--raw', '--subdir', 'DAGS_FOLDER/dag_green_tripdata.py', '--cfg-path', '/tmp/tmpq2cwq1m5']
[2024-12-03T07:58:20.883+0000] {standard_task_runner.py:91} INFO - Job 211: Subtask upload_zone_transform_to_gcs
[2024-12-03T07:58:21.001+0000] {task_command.py:426} INFO - Running <TaskInstance: nyc_green_tripdata.upload_zone_transform_to_gcs manual__2024-12-03T07:58:01.680647+00:00 [running]> on host 39c047f38cb8
[2024-12-03T07:58:21.144+0000] {taskinstance.py:2648} INFO - Exporting env vars: AIRFLOW_CTX_DAG_EMAIL='muhii.smta@gmail.com' AIRFLOW_CTX_DAG_OWNER='Muhii' AIRFLOW_CTX_DAG_ID='nyc_green_tripdata' AIRFLOW_CTX_TASK_ID='upload_zone_transform_to_gcs' AIRFLOW_CTX_EXECUTION_DATE='2024-12-03T07:58:01.680647+00:00' AIRFLOW_CTX_TRY_NUMBER='1' AIRFLOW_CTX_DAG_RUN_ID='manual__2024-12-03T07:58:01.680647+00:00'
[2024-12-03T07:58:21.152+0000] {taskinstance.py:430} INFO - ::endgroup::
[2024-12-03T07:58:21.157+0000] {crypto.py:82} WARNING - empty cryptography key - values will not be stored encrypted.
[2024-12-03T07:58:21.159+0000] {connection.py:274} WARNING - Connection schemes (type: google_cloud_platform) shall not contain '_' according to RFC3986.
[2024-12-03T07:58:21.161+0000] {base.py:84} INFO - Using connection ID 'google_cloud_default' for task execution.
[2024-12-03T07:58:21.816+0000] {gcs.py:560} INFO - File /opt/***/dataset/transform/taxi_zone_lookup.parquet uploaded to transform/taxi_zone_lookup.parquet in green_taxi_bucket bucket
[2024-12-03T07:58:21.817+0000] {taskinstance.py:441} INFO - ::group::Post task execution logs
[2024-12-03T07:58:21.828+0000] {taskinstance.py:1206} INFO - Marking task as SUCCESS. dag_id=nyc_green_tripdata, task_id=upload_zone_transform_to_gcs, run_id=manual__2024-12-03T07:58:01.680647+00:00, execution_date=20241203T075801, start_date=20241203T075820, end_date=20241203T075821
[2024-12-03T07:58:21.885+0000] {local_task_job_runner.py:243} INFO - Task exited with return code 0
[2024-12-03T07:58:21.931+0000] {taskinstance.py:3503} INFO - 1 downstream tasks scheduled from follow-on schedule check
[2024-12-03T07:58:21.933+0000] {local_task_job_runner.py:222} INFO - ::endgroup::
