[2024-12-03T08:25:04.162+0000] {local_task_job_runner.py:120} INFO - ::group::Pre task execution logs
[2024-12-03T08:25:04.181+0000] {taskinstance.py:2076} INFO - Dependencies all met for dep_context=non-requeueable deps ti=<TaskInstance: nyc_green_tripdata.dbt_transform.dim_triptype.run manual__2024-12-03T08:24:25.038092+00:00 [queued]>
[2024-12-03T08:25:04.193+0000] {taskinstance.py:2076} INFO - Dependencies all met for dep_context=requeueable deps ti=<TaskInstance: nyc_green_tripdata.dbt_transform.dim_triptype.run manual__2024-12-03T08:24:25.038092+00:00 [queued]>
[2024-12-03T08:25:04.194+0000] {taskinstance.py:2306} INFO - Starting attempt 1 of 2
[2024-12-03T08:25:04.215+0000] {taskinstance.py:2330} INFO - Executing <Task(DbtRunLocalOperator): dbt_transform.dim_triptype.run> on 2024-12-03 08:24:25.038092+00:00
[2024-12-03T08:25:04.227+0000] {standard_task_runner.py:64} INFO - Started process 5838 to run task
[2024-12-03T08:25:04.231+0000] {standard_task_runner.py:90} INFO - Running: ['***', 'tasks', 'run', 'nyc_green_tripdata', 'dbt_transform.dim_triptype.run', 'manual__2024-12-03T08:24:25.038092+00:00', '--job-id', '276', '--raw', '--subdir', 'DAGS_FOLDER/dag_green_tripdata.py', '--cfg-path', '/tmp/tmpn2gpmzaw']
[2024-12-03T08:25:04.234+0000] {standard_task_runner.py:91} INFO - Job 276: Subtask dbt_transform.dim_triptype.run
[2024-12-03T08:25:04.290+0000] {task_command.py:426} INFO - Running <TaskInstance: nyc_green_tripdata.dbt_transform.dim_triptype.run manual__2024-12-03T08:24:25.038092+00:00 [running]> on host 39c047f38cb8
[2024-12-03T08:25:04.396+0000] {taskinstance.py:2648} INFO - Exporting env vars: AIRFLOW_CTX_DAG_EMAIL='muhii.smta@gmail.com' AIRFLOW_CTX_DAG_OWNER='Muhii' AIRFLOW_CTX_DAG_ID='nyc_green_tripdata' AIRFLOW_CTX_TASK_ID='dbt_transform.dim_triptype.run' AIRFLOW_CTX_EXECUTION_DATE='2024-12-03T08:24:25.038092+00:00' AIRFLOW_CTX_TRY_NUMBER='1' AIRFLOW_CTX_DAG_RUN_ID='manual__2024-12-03T08:24:25.038092+00:00'
[2024-12-03T08:25:04.399+0000] {taskinstance.py:430} INFO - ::endgroup::
[2024-12-03T08:25:04.252+0000] {local.py:216} INFO - dbtRunner is available. Using dbtRunner for invoking dbt.
[2024-12-03T08:25:04.254+0000] {local.py:432} INFO - Cloning project to writable temp directory /tmp/tmp2sxtmtb0 from /opt/airflow/include/dbt
[2024-12-03T08:25:04.257+0000] {local.py:443} INFO - Partial parse is enabled and the latest partial parse file is /tmp/cosmos/nyc_green_tripdata__dbt_transform/target/partial_parse.msgpack
[2024-12-03T08:25:04.269+0000] {config.py:332} INFO - Using user-supplied profiles.yml at /opt/airflow/include/dbt/profiles.yml
[2024-12-03T08:25:04.270+0000] {local.py:404} INFO - Trying to run dbtRunner with:
 ['run', '--models', 'dim_triptype', '--project-dir', '/tmp/tmp2sxtmtb0', '--profiles-dir', '/opt/***/include/dbt', '--profile', 'nyc_taxi', '--target', 'dev']
 in /tmp/tmp2sxtmtb0
[2024-12-03T08:25:04.401+0000] {logging_mixin.py:188} INFO - 08:25:04  Running with dbt=1.8.7
[2024-12-03T08:25:05.176+0000] {logging_mixin.py:188} INFO - 08:25:05  Registered adapter: bigquery=1.8.3
[2024-12-03T08:25:07.068+0000] {logging_mixin.py:188} INFO - 08:25:07  Found 7 models, 34 data tests, 2 sources, 600 macros
[2024-12-03T08:25:07.073+0000] {logging_mixin.py:188} INFO - 08:25:07
[2024-12-03T08:25:08.569+0000] {logging_mixin.py:188} INFO - 08:25:08  Concurrency: 1 threads (target='dev')
[2024-12-03T08:25:08.570+0000] {logging_mixin.py:188} INFO - 08:25:08
[2024-12-03T08:25:08.574+0000] {logging_mixin.py:188} INFO - 08:25:08  1 of 1 START sql table model nyc_taxi.dim_triptype ............................. [RUN]
[2024-12-03T08:25:12.942+0000] {logging_mixin.py:188} INFO - 08:25:12  1 of 1 OK created sql table model nyc_taxi.dim_triptype ........................ [CREATE TABLE (3.0 rows, 1.8 MiB processed) in 4.36s]
[2024-12-03T08:25:12.947+0000] {logging_mixin.py:188} INFO - 08:25:12
[2024-12-03T08:25:12.948+0000] {logging_mixin.py:188} INFO - 08:25:12  Finished running 1 table model in 0 hours 0 minutes and 5.87 seconds (5.87s).
[2024-12-03T08:25:13.312+0000] {logging_mixin.py:188} INFO - 08:25:13
[2024-12-03T08:25:13.314+0000] {logging_mixin.py:188} INFO - 08:25:13  Completed successfully
[2024-12-03T08:25:13.315+0000] {logging_mixin.py:188} INFO - 08:25:13
[2024-12-03T08:25:13.316+0000] {logging_mixin.py:188} INFO - 08:25:13  Done. PASS=1 WARN=0 ERROR=0 SKIP=0 TOTAL=1
[2024-12-03T08:25:14.529+0000] {local.py:196} WARNING - Artifact schema version: https://schemas.getdbt.com/dbt/manifest/v12.json is above dbt-ol supported version 7. This might cause errors.
[2024-12-03T08:25:14.529+0000] {local.py:196} WARNING - Artifact schema version: https://schemas.getdbt.com/dbt/run-results/v6.json is above dbt-ol supported version 5. This might cause errors.
[2024-12-03T08:25:14.537+0000] {local.py:490} INFO - Inlets: [Dataset(uri='bigquery/northern-shield-437204-m0.nyc_taxi.green_tripdata', extra=None)]
[2024-12-03T08:25:14.537+0000] {local.py:491} INFO - Outlets: [Dataset(uri='bigquery/northern-shield-437204-m0.nyc_taxi.dim_triptype', extra=None)]
[2024-12-03T08:25:14.537+0000] {local.py:590} INFO - Assigning inlets/outlets without DatasetAlias
[2024-12-03T08:25:14.538+0000] {dag.py:3089} INFO - Sync 1 DAGs
[2024-12-03T08:25:14.558+0000] {dag.py:3947} INFO - Setting next_dagrun for nyc_green_tripdata to None, run_after=None
[2024-12-03T08:25:14.588+0000] {taskinstance.py:441} INFO - ::group::Post task execution logs
[2024-12-03T08:25:14.618+0000] {taskinstance.py:1206} INFO - Marking task as SUCCESS. dag_id=nyc_green_tripdata, task_id=dbt_transform.dim_triptype.run, run_id=manual__2024-12-03T08:24:25.038092+00:00, execution_date=20241203T082425, start_date=20241203T082504, end_date=20241203T082514
[2024-12-03T08:25:14.695+0000] {local_task_job_runner.py:243} INFO - Task exited with return code 0
[2024-12-03T08:25:14.725+0000] {taskinstance.py:3503} INFO - 1 downstream tasks scheduled from follow-on schedule check
[2024-12-03T08:25:14.727+0000] {local_task_job_runner.py:222} INFO - ::endgroup::
