[2024-11-12T21:16:50.377+0000] {local_task_job_runner.py:120} INFO - ::group::Pre task execution logs
[2024-11-12T21:16:50.399+0000] {taskinstance.py:2076} INFO - Dependencies all met for dep_context=non-requeueable deps ti=<TaskInstance: nyc_green_taxi.upload_tripdata_transform_to_gcs manual__2024-11-12T21:16:33.603950+00:00 [queued]>
[2024-11-12T21:16:50.411+0000] {taskinstance.py:2076} INFO - Dependencies all met for dep_context=requeueable deps ti=<TaskInstance: nyc_green_taxi.upload_tripdata_transform_to_gcs manual__2024-11-12T21:16:33.603950+00:00 [queued]>
[2024-11-12T21:16:50.411+0000] {taskinstance.py:2306} INFO - Starting attempt 1 of 2
[2024-11-12T21:16:50.428+0000] {taskinstance.py:2330} INFO - Executing <Task(LocalFilesystemToGCSOperator): upload_tripdata_transform_to_gcs> on 2024-11-12 21:16:33.603950+00:00
[2024-11-12T21:16:50.436+0000] {standard_task_runner.py:64} INFO - Started process 1572 to run task
[2024-11-12T21:16:50.440+0000] {standard_task_runner.py:90} INFO - Running: ['***', 'tasks', 'run', 'nyc_green_taxi', 'upload_tripdata_transform_to_gcs', 'manual__2024-11-12T21:16:33.603950+00:00', '--job-id', '55', '--raw', '--subdir', 'DAGS_FOLDER/data_ingestion.py', '--cfg-path', '/tmp/tmpjm8q4ihx']
[2024-11-12T21:16:50.443+0000] {standard_task_runner.py:91} INFO - Job 55: Subtask upload_tripdata_transform_to_gcs
[2024-11-12T21:16:50.500+0000] {task_command.py:426} INFO - Running <TaskInstance: nyc_green_taxi.upload_tripdata_transform_to_gcs manual__2024-11-12T21:16:33.603950+00:00 [running]> on host 7a2cfb7b2df5
[2024-11-12T21:16:50.611+0000] {taskinstance.py:2648} INFO - Exporting env vars: AIRFLOW_CTX_DAG_EMAIL='muhii.smta@gmail.com' AIRFLOW_CTX_DAG_OWNER='Muhii' AIRFLOW_CTX_DAG_ID='nyc_green_taxi' AIRFLOW_CTX_TASK_ID='upload_tripdata_transform_to_gcs' AIRFLOW_CTX_EXECUTION_DATE='2024-11-12T21:16:33.603950+00:00' AIRFLOW_CTX_TRY_NUMBER='1' AIRFLOW_CTX_DAG_RUN_ID='manual__2024-11-12T21:16:33.603950+00:00'
[2024-11-12T21:16:50.613+0000] {taskinstance.py:430} INFO - ::endgroup::
[2024-11-12T21:16:50.630+0000] {crypto.py:82} WARNING - empty cryptography key - values will not be stored encrypted.
[2024-11-12T21:16:50.631+0000] {connection.py:274} WARNING - Connection schemes (type: google_cloud_platform) shall not contain '_' according to RFC3986.
[2024-11-12T21:16:50.632+0000] {base.py:84} INFO - Using connection ID 'google_cloud_default' for task execution.
[2024-11-12T21:16:51.608+0000] {gcs.py:560} INFO - File /opt/***/dataset/transform/tf_green_tripdata_2023-01.parquet uploaded to transform/tf_green_tripdata_2023-01.parquet in green_taxi_bucket bucket
[2024-11-12T21:16:51.609+0000] {taskinstance.py:441} INFO - ::group::Post task execution logs
[2024-11-12T21:16:51.621+0000] {taskinstance.py:1206} INFO - Marking task as SUCCESS. dag_id=nyc_green_taxi, task_id=upload_tripdata_transform_to_gcs, run_id=manual__2024-11-12T21:16:33.603950+00:00, execution_date=20241112T211633, start_date=20241112T211650, end_date=20241112T211651
[2024-11-12T21:16:51.678+0000] {local_task_job_runner.py:243} INFO - Task exited with return code 0
[2024-11-12T21:16:51.702+0000] {taskinstance.py:3503} INFO - 1 downstream tasks scheduled from follow-on schedule check
[2024-11-12T21:16:51.705+0000] {local_task_job_runner.py:222} INFO - ::endgroup::
