[2024-12-03T08:15:27.126+0000] {local_task_job_runner.py:120} INFO - ::group::Pre task execution logs
[2024-12-03T08:15:27.143+0000] {taskinstance.py:2076} INFO - Dependencies all met for dep_context=non-requeueable deps ti=<TaskInstance: nyc_green_tripdata.upload_tripdata_transform_to_gcs manual__2024-12-03T08:15:10.633482+00:00 [queued]>
[2024-12-03T08:15:27.155+0000] {taskinstance.py:2076} INFO - Dependencies all met for dep_context=requeueable deps ti=<TaskInstance: nyc_green_tripdata.upload_tripdata_transform_to_gcs manual__2024-12-03T08:15:10.633482+00:00 [queued]>
[2024-12-03T08:15:27.156+0000] {taskinstance.py:2306} INFO - Starting attempt 1 of 2
[2024-12-03T08:15:27.168+0000] {taskinstance.py:2330} INFO - Executing <Task(LocalFilesystemToGCSOperator): upload_tripdata_transform_to_gcs> on 2024-12-03 08:15:10.633482+00:00
[2024-12-03T08:15:27.178+0000] {standard_task_runner.py:64} INFO - Started process 5184 to run task
[2024-12-03T08:15:27.182+0000] {standard_task_runner.py:90} INFO - Running: ['***', 'tasks', 'run', 'nyc_green_tripdata', 'upload_tripdata_transform_to_gcs', 'manual__2024-12-03T08:15:10.633482+00:00', '--job-id', '252', '--raw', '--subdir', 'DAGS_FOLDER/dag_green_tripdata.py', '--cfg-path', '/tmp/tmp5rlmikaf']
[2024-12-03T08:15:27.185+0000] {standard_task_runner.py:91} INFO - Job 252: Subtask upload_tripdata_transform_to_gcs
[2024-12-03T08:15:27.233+0000] {task_command.py:426} INFO - Running <TaskInstance: nyc_green_tripdata.upload_tripdata_transform_to_gcs manual__2024-12-03T08:15:10.633482+00:00 [running]> on host 39c047f38cb8
[2024-12-03T08:15:27.338+0000] {taskinstance.py:2648} INFO - Exporting env vars: AIRFLOW_CTX_DAG_EMAIL='muhii.smta@gmail.com' AIRFLOW_CTX_DAG_OWNER='Muhii' AIRFLOW_CTX_DAG_ID='nyc_green_tripdata' AIRFLOW_CTX_TASK_ID='upload_tripdata_transform_to_gcs' AIRFLOW_CTX_EXECUTION_DATE='2024-12-03T08:15:10.633482+00:00' AIRFLOW_CTX_TRY_NUMBER='1' AIRFLOW_CTX_DAG_RUN_ID='manual__2024-12-03T08:15:10.633482+00:00'
[2024-12-03T08:15:27.341+0000] {taskinstance.py:430} INFO - ::endgroup::
[2024-12-03T08:15:27.342+0000] {crypto.py:82} WARNING - empty cryptography key - values will not be stored encrypted.
[2024-12-03T08:15:27.343+0000] {connection.py:274} WARNING - Connection schemes (type: google_cloud_platform) shall not contain '_' according to RFC3986.
[2024-12-03T08:15:27.344+0000] {base.py:84} INFO - Using connection ID 'google_cloud_default' for task execution.
[2024-12-03T08:15:31.423+0000] {gcs.py:560} INFO - File /opt/***/dataset/transform/tf_green_tripdata_2023-03.parquet uploaded to transform/tf_green_tripdata_2023-03.parquet in green_taxi_bucket bucket
[2024-12-03T08:15:31.424+0000] {taskinstance.py:441} INFO - ::group::Post task execution logs
[2024-12-03T08:15:31.437+0000] {taskinstance.py:1206} INFO - Marking task as SUCCESS. dag_id=nyc_green_tripdata, task_id=upload_tripdata_transform_to_gcs, run_id=manual__2024-12-03T08:15:10.633482+00:00, execution_date=20241203T081510, start_date=20241203T081527, end_date=20241203T081531
[2024-12-03T08:15:31.469+0000] {local_task_job_runner.py:243} INFO - Task exited with return code 0
[2024-12-03T08:15:31.514+0000] {taskinstance.py:3503} INFO - 1 downstream tasks scheduled from follow-on schedule check
[2024-12-03T08:15:31.517+0000] {local_task_job_runner.py:222} INFO - ::endgroup::
