[2024-12-03T07:58:24.141+0000] {local_task_job_runner.py:120} INFO - ::group::Pre task execution logs
[2024-12-03T07:58:24.159+0000] {taskinstance.py:2076} INFO - Dependencies all met for dep_context=non-requeueable deps ti=<TaskInstance: nyc_green_tripdata.load_zone_map_to_bq manual__2024-12-03T07:58:01.680647+00:00 [queued]>
[2024-12-03T07:58:24.170+0000] {taskinstance.py:2076} INFO - Dependencies all met for dep_context=requeueable deps ti=<TaskInstance: nyc_green_tripdata.load_zone_map_to_bq manual__2024-12-03T07:58:01.680647+00:00 [queued]>
[2024-12-03T07:58:24.171+0000] {taskinstance.py:2306} INFO - Starting attempt 1 of 2
[2024-12-03T07:58:24.184+0000] {taskinstance.py:2330} INFO - Executing <Task(GCSToBigQueryOperator): load_zone_map_to_bq> on 2024-12-03 07:58:01.680647+00:00
[2024-12-03T07:58:24.194+0000] {standard_task_runner.py:64} INFO - Started process 3960 to run task
[2024-12-03T07:58:24.197+0000] {standard_task_runner.py:90} INFO - Running: ['***', 'tasks', 'run', 'nyc_green_tripdata', 'load_zone_map_to_bq', 'manual__2024-12-03T07:58:01.680647+00:00', '--job-id', '213', '--raw', '--subdir', 'DAGS_FOLDER/dag_green_tripdata.py', '--cfg-path', '/tmp/tmpaqib9iph']
[2024-12-03T07:58:24.199+0000] {standard_task_runner.py:91} INFO - Job 213: Subtask load_zone_map_to_bq
[2024-12-03T07:58:24.237+0000] {task_command.py:426} INFO - Running <TaskInstance: nyc_green_tripdata.load_zone_map_to_bq manual__2024-12-03T07:58:01.680647+00:00 [running]> on host 39c047f38cb8
[2024-12-03T07:58:24.325+0000] {taskinstance.py:2648} INFO - Exporting env vars: AIRFLOW_CTX_DAG_EMAIL='muhii.smta@gmail.com' AIRFLOW_CTX_DAG_OWNER='Muhii' AIRFLOW_CTX_DAG_ID='nyc_green_tripdata' AIRFLOW_CTX_TASK_ID='load_zone_map_to_bq' AIRFLOW_CTX_EXECUTION_DATE='2024-12-03T07:58:01.680647+00:00' AIRFLOW_CTX_TRY_NUMBER='1' AIRFLOW_CTX_DAG_RUN_ID='manual__2024-12-03T07:58:01.680647+00:00'
[2024-12-03T07:58:24.327+0000] {taskinstance.py:430} INFO - ::endgroup::
[2024-12-03T07:58:24.328+0000] {crypto.py:82} WARNING - empty cryptography key - values will not be stored encrypted.
[2024-12-03T07:58:24.329+0000] {connection.py:274} WARNING - Connection schemes (type: google_cloud_platform) shall not contain '_' according to RFC3986.
[2024-12-03T07:58:24.330+0000] {base.py:84} INFO - Using connection ID 'google_cloud_default' for task execution.
[2024-12-03T07:58:24.330+0000] {gcs_to_bigquery.py:381} INFO - Using existing BigQuery table for storing data...
[2024-12-03T07:58:24.369+0000] {gcs_to_bigquery.py:385} INFO - Executing: {'load': {'autodetect': True, 'createDisposition': 'CREATE_IF_NEEDED', 'destinationTable': {'projectId': 'northern-shield-437204-m0', 'datasetId': 'nyc_taxi', 'tableId': 'zone_map'}, 'sourceFormat': 'PARQUET', 'sourceUris': ['gs://green_taxi_bucket/transform/taxi_zone_lookup.parquet'], 'writeDisposition': 'WRITE_APPEND', 'ignoreUnknownValues': False}}
[2024-12-03T07:58:24.371+0000] {bigquery.py:1702} INFO - Inserting job ***_nyc_green_tripdata_load_zone_map_to_bq_2024_12_03T07_58_01_680647_00_00_b0a031dcc1410ad568c4b40d1afea39a
[2024-12-03T07:58:25.056+0000] {taskinstance.py:441} INFO - ::group::Post task execution logs
[2024-12-03T07:58:25.067+0000] {taskinstance.py:1206} INFO - Marking task as SUCCESS. dag_id=nyc_green_tripdata, task_id=load_zone_map_to_bq, run_id=manual__2024-12-03T07:58:01.680647+00:00, execution_date=20241203T075801, start_date=20241203T075824, end_date=20241203T075825
[2024-12-03T07:58:25.124+0000] {local_task_job_runner.py:243} INFO - Task exited with return code 0
[2024-12-03T07:58:25.161+0000] {taskinstance.py:3503} INFO - 0 downstream tasks scheduled from follow-on schedule check
[2024-12-03T07:58:25.163+0000] {local_task_job_runner.py:222} INFO - ::endgroup::
