[2024-11-13T15:40:10.335+0000] {local_task_job_runner.py:120} INFO - ::group::Pre task execution logs
[2024-11-13T15:40:10.366+0000] {taskinstance.py:2076} INFO - Dependencies all met for dep_context=non-requeueable deps ti=<TaskInstance: nyc_green_taxi.upload_zone_transform_to_gcs manual__2024-11-13T15:39:43.304096+00:00 [queued]>
[2024-11-13T15:40:10.384+0000] {taskinstance.py:2076} INFO - Dependencies all met for dep_context=requeueable deps ti=<TaskInstance: nyc_green_taxi.upload_zone_transform_to_gcs manual__2024-11-13T15:39:43.304096+00:00 [queued]>
[2024-11-13T15:40:10.385+0000] {taskinstance.py:2306} INFO - Starting attempt 1 of 2
[2024-11-13T15:40:10.415+0000] {taskinstance.py:2330} INFO - Executing <Task(LocalFilesystemToGCSOperator): upload_zone_transform_to_gcs> on 2024-11-13 15:39:43.304096+00:00
[2024-11-13T15:40:10.426+0000] {standard_task_runner.py:64} INFO - Started process 645 to run task
[2024-11-13T15:40:10.431+0000] {standard_task_runner.py:90} INFO - Running: ['***', 'tasks', 'run', 'nyc_green_taxi', 'upload_zone_transform_to_gcs', 'manual__2024-11-13T15:39:43.304096+00:00', '--job-id', '192', '--raw', '--subdir', 'DAGS_FOLDER/data_ingestion.py', '--cfg-path', '/tmp/tmp76l1134p']
[2024-11-13T15:40:10.435+0000] {standard_task_runner.py:91} INFO - Job 192: Subtask upload_zone_transform_to_gcs
[2024-11-13T15:40:10.524+0000] {task_command.py:426} INFO - Running <TaskInstance: nyc_green_taxi.upload_zone_transform_to_gcs manual__2024-11-13T15:39:43.304096+00:00 [running]> on host 7a2cfb7b2df5
[2024-11-13T15:40:10.690+0000] {taskinstance.py:2648} INFO - Exporting env vars: AIRFLOW_CTX_DAG_EMAIL='muhii.smta@gmail.com' AIRFLOW_CTX_DAG_OWNER='Muhii' AIRFLOW_CTX_DAG_ID='nyc_green_taxi' AIRFLOW_CTX_TASK_ID='upload_zone_transform_to_gcs' AIRFLOW_CTX_EXECUTION_DATE='2024-11-13T15:39:43.304096+00:00' AIRFLOW_CTX_TRY_NUMBER='1' AIRFLOW_CTX_DAG_RUN_ID='manual__2024-11-13T15:39:43.304096+00:00'
[2024-11-13T15:40:10.692+0000] {taskinstance.py:430} INFO - ::endgroup::
[2024-11-13T15:40:10.718+0000] {crypto.py:82} WARNING - empty cryptography key - values will not be stored encrypted.
[2024-11-13T15:40:10.719+0000] {connection.py:274} WARNING - Connection schemes (type: google_cloud_platform) shall not contain '_' according to RFC3986.
[2024-11-13T15:40:10.721+0000] {base.py:84} INFO - Using connection ID 'google_cloud_default' for task execution.
[2024-11-13T15:40:11.809+0000] {gcs.py:560} INFO - File /opt/***/dataset/transform/taxi_zone_lookup.parquet uploaded to transform/taxi_zone_lookup.parquet in green_taxi_bucket bucket
[2024-11-13T15:40:11.811+0000] {taskinstance.py:441} INFO - ::group::Post task execution logs
[2024-11-13T15:40:11.830+0000] {taskinstance.py:1206} INFO - Marking task as SUCCESS. dag_id=nyc_green_taxi, task_id=upload_zone_transform_to_gcs, run_id=manual__2024-11-13T15:39:43.304096+00:00, execution_date=20241113T153943, start_date=20241113T154010, end_date=20241113T154011
[2024-11-13T15:40:11.893+0000] {local_task_job_runner.py:243} INFO - Task exited with return code 0
[2024-11-13T15:40:11.940+0000] {taskinstance.py:3503} INFO - 1 downstream tasks scheduled from follow-on schedule check
[2024-11-13T15:40:11.944+0000] {local_task_job_runner.py:222} INFO - ::endgroup::
