[2024-12-03T07:47:19.153+0000] {local_task_job_runner.py:120} INFO - ::group::Pre task execution logs
[2024-12-03T07:47:19.171+0000] {taskinstance.py:2076} INFO - Dependencies all met for dep_context=non-requeueable deps ti=<TaskInstance: nyc_green_tripdata.transform_data_task manual__2024-12-03T07:47:03.699090+00:00 [queued]>
[2024-12-03T07:47:19.179+0000] {taskinstance.py:2076} INFO - Dependencies all met for dep_context=requeueable deps ti=<TaskInstance: nyc_green_tripdata.transform_data_task manual__2024-12-03T07:47:03.699090+00:00 [queued]>
[2024-12-03T07:47:19.180+0000] {taskinstance.py:2306} INFO - Starting attempt 1 of 2
[2024-12-03T07:47:19.192+0000] {taskinstance.py:2330} INFO - Executing <Task(PythonOperator): transform_data_task> on 2024-12-03 07:47:03.699090+00:00
[2024-12-03T07:47:19.202+0000] {standard_task_runner.py:64} INFO - Started process 3299 to run task
[2024-12-03T07:47:19.205+0000] {standard_task_runner.py:90} INFO - Running: ['***', 'tasks', 'run', 'nyc_green_tripdata', 'transform_data_task', 'manual__2024-12-03T07:47:03.699090+00:00', '--job-id', '201', '--raw', '--subdir', 'DAGS_FOLDER/dag_green_tripdata.py', '--cfg-path', '/tmp/tmptv6c12k7']
[2024-12-03T07:47:19.208+0000] {standard_task_runner.py:91} INFO - Job 201: Subtask transform_data_task
[2024-12-03T07:47:19.249+0000] {task_command.py:426} INFO - Running <TaskInstance: nyc_green_tripdata.transform_data_task manual__2024-12-03T07:47:03.699090+00:00 [running]> on host 39c047f38cb8
[2024-12-03T07:47:19.332+0000] {taskinstance.py:2648} INFO - Exporting env vars: AIRFLOW_CTX_DAG_EMAIL='muhii.smta@gmail.com' AIRFLOW_CTX_DAG_OWNER='Muhii' AIRFLOW_CTX_DAG_ID='nyc_green_tripdata' AIRFLOW_CTX_TASK_ID='transform_data_task' AIRFLOW_CTX_EXECUTION_DATE='2024-12-03T07:47:03.699090+00:00' AIRFLOW_CTX_TRY_NUMBER='1' AIRFLOW_CTX_DAG_RUN_ID='manual__2024-12-03T07:47:03.699090+00:00'
[2024-12-03T07:47:19.333+0000] {taskinstance.py:430} INFO - ::endgroup::
[2024-12-03T07:47:19.501+0000] {taskinstance.py:441} INFO - ::group::Post task execution logs
[2024-12-03T07:47:19.502+0000] {taskinstance.py:2905} ERROR - Task failed with exception
Traceback (most recent call last):
  File "/home/airflow/.local/lib/python3.9/site-packages/airflow/models/taskinstance.py", line 465, in _execute_task
    result = _execute_callable(context=context, **execute_callable_kwargs)
  File "/home/airflow/.local/lib/python3.9/site-packages/airflow/models/taskinstance.py", line 432, in _execute_callable
    return execute_callable(context=context, **execute_callable_kwargs)
  File "/home/airflow/.local/lib/python3.9/site-packages/airflow/models/baseoperator.py", line 401, in wrapper
    return func(self, *args, **kwargs)
  File "/home/airflow/.local/lib/python3.9/site-packages/airflow/operators/python.py", line 235, in execute
    return_value = self.execute_callable()
  File "/home/airflow/.local/lib/python3.9/site-packages/airflow/operators/python.py", line 252, in execute_callable
    return self.python_callable(*self.op_args, **self.op_kwargs)
  File "/opt/airflow/dags/dag_green_tripdata.py", line 118, in transform
    df_trip = df_trip.astype({
  File "/home/airflow/.local/lib/python3.9/site-packages/pandas/core/generic.py", line 6513, in astype
    res_col = col.astype(dtype=cdt, copy=copy, errors=errors)
  File "/home/airflow/.local/lib/python3.9/site-packages/pandas/core/generic.py", line 6534, in astype
    new_data = self._mgr.astype(dtype=dtype, copy=copy, errors=errors)
  File "/home/airflow/.local/lib/python3.9/site-packages/pandas/core/internals/managers.py", line 414, in astype
    return self.apply(
  File "/home/airflow/.local/lib/python3.9/site-packages/pandas/core/internals/managers.py", line 354, in apply
    applied = getattr(b, f)(**kwargs)
  File "/home/airflow/.local/lib/python3.9/site-packages/pandas/core/internals/blocks.py", line 616, in astype
    new_values = astype_array_safe(values, dtype, copy=copy, errors=errors)
  File "/home/airflow/.local/lib/python3.9/site-packages/pandas/core/dtypes/astype.py", line 238, in astype_array_safe
    new_values = astype_array(values, dtype, copy=copy)
  File "/home/airflow/.local/lib/python3.9/site-packages/pandas/core/dtypes/astype.py", line 183, in astype_array
    values = _astype_nansafe(values, dtype, copy=copy)
  File "/home/airflow/.local/lib/python3.9/site-packages/pandas/core/dtypes/astype.py", line 134, in _astype_nansafe
    return arr.astype(dtype, copy=True)
TypeError: int() argument must be a string, a bytes-like object or a number, not 'NoneType'
[2024-12-03T07:47:19.516+0000] {taskinstance.py:1206} INFO - Marking task as UP_FOR_RETRY. dag_id=nyc_green_tripdata, task_id=transform_data_task, run_id=manual__2024-12-03T07:47:03.699090+00:00, execution_date=20241203T074703, start_date=20241203T074719, end_date=20241203T074719
[2024-12-03T07:47:19.527+0000] {standard_task_runner.py:110} ERROR - Failed to execute job 201 for task transform_data_task (int() argument must be a string, a bytes-like object or a number, not 'NoneType'; 3299)
[2024-12-03T07:47:19.556+0000] {local_task_job_runner.py:243} INFO - Task exited with return code 1
[2024-12-03T07:47:19.593+0000] {taskinstance.py:3503} INFO - 0 downstream tasks scheduled from follow-on schedule check
[2024-12-03T07:47:19.595+0000] {local_task_job_runner.py:222} INFO - ::endgroup::
