[2024-12-03T08:42:34.603+0000] {local_task_job_runner.py:120} INFO - ::group::Pre task execution logs
[2024-12-03T08:42:34.697+0000] {taskinstance.py:2076} INFO - Dependencies all met for dep_context=non-requeueable deps ti=<TaskInstance: nyc_green_tripdata.dbt_transform.fct_trips.run manual__2024-12-03T08:41:10.633500+00:00 [queued]>
[2024-12-03T08:42:34.708+0000] {taskinstance.py:2076} INFO - Dependencies all met for dep_context=requeueable deps ti=<TaskInstance: nyc_green_tripdata.dbt_transform.fct_trips.run manual__2024-12-03T08:41:10.633500+00:00 [queued]>
[2024-12-03T08:42:34.709+0000] {taskinstance.py:2306} INFO - Starting attempt 1 of 2
[2024-12-03T08:42:34.722+0000] {taskinstance.py:2330} INFO - Executing <Task(DbtRunLocalOperator): dbt_transform.fct_trips.run> on 2024-12-03 08:41:10.633500+00:00
[2024-12-03T08:42:34.732+0000] {standard_task_runner.py:64} INFO - Started process 7090 to run task
[2024-12-03T08:42:34.735+0000] {standard_task_runner.py:90} INFO - Running: ['***', 'tasks', 'run', 'nyc_green_tripdata', 'dbt_transform.fct_trips.run', 'manual__2024-12-03T08:41:10.633500+00:00', '--job-id', '327', '--raw', '--subdir', 'DAGS_FOLDER/dag_green_tripdata.py', '--cfg-path', '/tmp/tmphgb8qgwm']
[2024-12-03T08:42:34.738+0000] {standard_task_runner.py:91} INFO - Job 327: Subtask dbt_transform.fct_trips.run
[2024-12-03T08:42:34.784+0000] {task_command.py:426} INFO - Running <TaskInstance: nyc_green_tripdata.dbt_transform.fct_trips.run manual__2024-12-03T08:41:10.633500+00:00 [running]> on host 39c047f38cb8
[2024-12-03T08:42:34.872+0000] {taskinstance.py:2648} INFO - Exporting env vars: AIRFLOW_CTX_DAG_EMAIL='muhii.smta@gmail.com' AIRFLOW_CTX_DAG_OWNER='Muhii' AIRFLOW_CTX_DAG_ID='nyc_green_tripdata' AIRFLOW_CTX_TASK_ID='dbt_transform.fct_trips.run' AIRFLOW_CTX_EXECUTION_DATE='2024-12-03T08:41:10.633500+00:00' AIRFLOW_CTX_TRY_NUMBER='1' AIRFLOW_CTX_DAG_RUN_ID='manual__2024-12-03T08:41:10.633500+00:00'
[2024-12-03T08:42:34.874+0000] {taskinstance.py:430} INFO - ::endgroup::
[2024-12-03T08:42:33.987+0000] {local.py:216} INFO - dbtRunner is available. Using dbtRunner for invoking dbt.
[2024-12-03T08:42:33.988+0000] {local.py:432} INFO - Cloning project to writable temp directory /tmp/tmp6mj6fe9u from /opt/airflow/include/dbt
[2024-12-03T08:42:33.993+0000] {local.py:443} INFO - Partial parse is enabled and the latest partial parse file is /tmp/cosmos/nyc_green_tripdata__dbt_transform/target/partial_parse.msgpack
[2024-12-03T08:42:34.000+0000] {config.py:332} INFO - Using user-supplied profiles.yml at /opt/airflow/include/dbt/profiles.yml
[2024-12-03T08:42:34.001+0000] {local.py:404} INFO - Trying to run dbtRunner with:
 ['run', '--models', 'fct_trips', '--project-dir', '/tmp/tmp6mj6fe9u', '--profiles-dir', '/opt/***/include/dbt', '--profile', 'nyc_taxi', '--target', 'dev']
 in /tmp/tmp6mj6fe9u
[2024-12-03T08:42:34.084+0000] {logging_mixin.py:188} INFO - 08:42:34  Running with dbt=1.8.7
[2024-12-03T08:42:34.607+0000] {logging_mixin.py:188} INFO - 08:42:34  Registered adapter: bigquery=1.8.3
[2024-12-03T08:42:36.197+0000] {logging_mixin.py:188} INFO - 08:42:36  Found 7 models, 34 data tests, 2 sources, 600 macros
[2024-12-03T08:42:36.201+0000] {logging_mixin.py:188} INFO - 08:42:36
[2024-12-03T08:42:37.466+0000] {logging_mixin.py:188} INFO - 08:42:37  Concurrency: 1 threads (target='dev')
[2024-12-03T08:42:37.467+0000] {logging_mixin.py:188} INFO - 08:42:37
[2024-12-03T08:42:37.472+0000] {logging_mixin.py:188} INFO - 08:42:37  1 of 1 START sql table model nyc_taxi.fct_trips ................................ [RUN]
[2024-12-03T08:42:49.974+0000] {logging_mixin.py:188} INFO - 08:42:49  1 of 1 OK created sql table model nyc_taxi.fct_trips ........................... [CREATE TABLE (346.8k rows, 60.5 MiB processed) in 12.50s]
[2024-12-03T08:42:49.979+0000] {logging_mixin.py:188} INFO - 08:42:49
[2024-12-03T08:42:49.980+0000] {logging_mixin.py:188} INFO - 08:42:49  Finished running 1 table model in 0 hours 0 minutes and 13.78 seconds (13.78s).
[2024-12-03T08:42:50.321+0000] {logging_mixin.py:188} INFO - 08:42:50
[2024-12-03T08:42:50.323+0000] {logging_mixin.py:188} INFO - 08:42:50  Completed successfully
[2024-12-03T08:42:50.324+0000] {logging_mixin.py:188} INFO - 08:42:50
[2024-12-03T08:42:50.325+0000] {logging_mixin.py:188} INFO - 08:42:50  Done. PASS=1 WARN=0 ERROR=0 SKIP=0 TOTAL=1
[2024-12-03T08:42:51.568+0000] {local.py:196} WARNING - Artifact schema version: https://schemas.getdbt.com/dbt/manifest/v12.json is above dbt-ol supported version 7. This might cause errors.
[2024-12-03T08:42:51.568+0000] {local.py:196} WARNING - Artifact schema version: https://schemas.getdbt.com/dbt/run-results/v6.json is above dbt-ol supported version 5. This might cause errors.
[2024-12-03T08:42:51.574+0000] {local.py:490} INFO - Inlets: [Dataset(uri='bigquery/northern-shield-437204-m0.nyc_taxi.dim_time', extra=None), Dataset(uri='bigquery/northern-shield-437204-m0.nyc_taxi.green_tripdata', extra=None)]
[2024-12-03T08:42:51.574+0000] {local.py:491} INFO - Outlets: [Dataset(uri='bigquery/northern-shield-437204-m0.nyc_taxi.fct_trips', extra=None)]
[2024-12-03T08:42:51.575+0000] {local.py:590} INFO - Assigning inlets/outlets without DatasetAlias
[2024-12-03T08:42:51.575+0000] {dag.py:3089} INFO - Sync 1 DAGs
[2024-12-03T08:42:51.597+0000] {dag.py:3947} INFO - Setting next_dagrun for nyc_green_tripdata to None, run_after=None
[2024-12-03T08:42:51.627+0000] {taskinstance.py:441} INFO - ::group::Post task execution logs
[2024-12-03T08:42:51.657+0000] {taskinstance.py:1206} INFO - Marking task as SUCCESS. dag_id=nyc_green_tripdata, task_id=dbt_transform.fct_trips.run, run_id=manual__2024-12-03T08:41:10.633500+00:00, execution_date=20241203T084110, start_date=20241203T084234, end_date=20241203T084251
[2024-12-03T08:42:51.739+0000] {local_task_job_runner.py:243} INFO - Task exited with return code 0
[2024-12-03T08:42:51.769+0000] {taskinstance.py:3503} INFO - 1 downstream tasks scheduled from follow-on schedule check
[2024-12-03T08:42:51.771+0000] {local_task_job_runner.py:222} INFO - ::endgroup::
