[2024-12-03T08:15:48.990+0000] {local_task_job_runner.py:120} INFO - ::group::Pre task execution logs
[2024-12-03T08:15:49.014+0000] {taskinstance.py:2076} INFO - Dependencies all met for dep_context=non-requeueable deps ti=<TaskInstance: nyc_green_tripdata.dbt_transform.dim_vendor.run manual__2024-12-03T08:15:10.633482+00:00 [queued]>
[2024-12-03T08:15:49.026+0000] {taskinstance.py:2076} INFO - Dependencies all met for dep_context=requeueable deps ti=<TaskInstance: nyc_green_tripdata.dbt_transform.dim_vendor.run manual__2024-12-03T08:15:10.633482+00:00 [queued]>
[2024-12-03T08:15:49.027+0000] {taskinstance.py:2306} INFO - Starting attempt 1 of 2
[2024-12-03T08:15:49.046+0000] {taskinstance.py:2330} INFO - Executing <Task(DbtRunLocalOperator): dbt_transform.dim_vendor.run> on 2024-12-03 08:15:10.633482+00:00
[2024-12-03T08:15:49.061+0000] {standard_task_runner.py:64} INFO - Started process 5229 to run task
[2024-12-03T08:15:49.067+0000] {standard_task_runner.py:90} INFO - Running: ['***', 'tasks', 'run', 'nyc_green_tripdata', 'dbt_transform.dim_vendor.run', 'manual__2024-12-03T08:15:10.633482+00:00', '--job-id', '258', '--raw', '--subdir', 'DAGS_FOLDER/dag_green_tripdata.py', '--cfg-path', '/tmp/tmpz_iwl26l']
[2024-12-03T08:15:49.071+0000] {standard_task_runner.py:91} INFO - Job 258: Subtask dbt_transform.dim_vendor.run
[2024-12-03T08:15:49.138+0000] {task_command.py:426} INFO - Running <TaskInstance: nyc_green_tripdata.dbt_transform.dim_vendor.run manual__2024-12-03T08:15:10.633482+00:00 [running]> on host 39c047f38cb8
[2024-12-03T08:15:49.258+0000] {taskinstance.py:2648} INFO - Exporting env vars: AIRFLOW_CTX_DAG_EMAIL='muhii.smta@gmail.com' AIRFLOW_CTX_DAG_OWNER='Muhii' AIRFLOW_CTX_DAG_ID='nyc_green_tripdata' AIRFLOW_CTX_TASK_ID='dbt_transform.dim_vendor.run' AIRFLOW_CTX_EXECUTION_DATE='2024-12-03T08:15:10.633482+00:00' AIRFLOW_CTX_TRY_NUMBER='1' AIRFLOW_CTX_DAG_RUN_ID='manual__2024-12-03T08:15:10.633482+00:00'
[2024-12-03T08:15:49.261+0000] {taskinstance.py:430} INFO - ::endgroup::
[2024-12-03T08:15:51.794+0000] {local.py:216} INFO - dbtRunner is available. Using dbtRunner for invoking dbt.
[2024-12-03T08:15:51.795+0000] {local.py:432} INFO - Cloning project to writable temp directory /tmp/tmpgra2b22m from /opt/airflow/include/dbt
[2024-12-03T08:15:51.798+0000] {local.py:443} INFO - Partial parse is enabled and the latest partial parse file is /tmp/cosmos/nyc_green_tripdata__dbt_transform/target/partial_parse.msgpack
[2024-12-03T08:15:51.812+0000] {config.py:332} INFO - Using user-supplied profiles.yml at /opt/airflow/include/dbt/profiles.yml
[2024-12-03T08:15:51.813+0000] {local.py:404} INFO - Trying to run dbtRunner with:
 ['run', '--models', 'dim_vendor', '--project-dir', '/tmp/tmpgra2b22m', '--profiles-dir', '/opt/***/include/dbt', '--profile', 'nyc_taxi', '--target', 'dev']
 in /tmp/tmpgra2b22m
[2024-12-03T08:15:51.930+0000] {logging_mixin.py:188} INFO - 08:15:51  Running with dbt=1.8.7
[2024-12-03T08:15:52.653+0000] {logging_mixin.py:188} INFO - 08:15:52  Registered adapter: bigquery=1.8.3
[2024-12-03T08:15:52.247+0000] {logging_mixin.py:188} INFO - 08:15:52  Found 7 models, 34 data tests, 2 sources, 600 macros
[2024-12-03T08:15:52.253+0000] {logging_mixin.py:188} INFO - 08:15:52
[2024-12-03T08:15:53.736+0000] {logging_mixin.py:188} INFO - 08:15:53  Concurrency: 1 threads (target='dev')
[2024-12-03T08:15:53.738+0000] {logging_mixin.py:188} INFO - 08:15:53
[2024-12-03T08:15:53.742+0000] {logging_mixin.py:188} INFO - 08:15:53  1 of 1 START sql table model nyc_taxi.dim_vendor ............................... [RUN]
[2024-12-03T08:15:57.774+0000] {logging_mixin.py:188} INFO - 08:15:57  1 of 1 OK created sql table model nyc_taxi.dim_vendor .......................... [CREATE TABLE (2.0 rows, 1.4 MiB processed) in 4.03s]
[2024-12-03T08:15:57.780+0000] {logging_mixin.py:188} INFO - 08:15:57
[2024-12-03T08:15:57.781+0000] {logging_mixin.py:188} INFO - 08:15:57  Finished running 1 table model in 0 hours 0 minutes and 5.53 seconds (5.53s).
[2024-12-03T08:15:58.174+0000] {logging_mixin.py:188} INFO - 08:15:58
[2024-12-03T08:15:58.176+0000] {logging_mixin.py:188} INFO - 08:15:58  Completed successfully
[2024-12-03T08:15:58.177+0000] {logging_mixin.py:188} INFO - 08:15:58
[2024-12-03T08:15:58.178+0000] {logging_mixin.py:188} INFO - 08:15:58  Done. PASS=1 WARN=0 ERROR=0 SKIP=0 TOTAL=1
[2024-12-03T08:15:59.488+0000] {local.py:196} WARNING - Artifact schema version: https://schemas.getdbt.com/dbt/manifest/v12.json is above dbt-ol supported version 7. This might cause errors.
[2024-12-03T08:15:59.489+0000] {local.py:196} WARNING - Artifact schema version: https://schemas.getdbt.com/dbt/run-results/v6.json is above dbt-ol supported version 5. This might cause errors.
[2024-12-03T08:15:59.497+0000] {local.py:490} INFO - Inlets: [Dataset(uri='bigquery/northern-shield-437204-m0.nyc_taxi.green_tripdata', extra=None)]
[2024-12-03T08:15:59.498+0000] {local.py:491} INFO - Outlets: [Dataset(uri='bigquery/northern-shield-437204-m0.nyc_taxi.dim_vendor', extra=None)]
[2024-12-03T08:15:59.499+0000] {local.py:590} INFO - Assigning inlets/outlets without DatasetAlias
[2024-12-03T08:15:59.499+0000] {dag.py:3089} INFO - Sync 1 DAGs
[2024-12-03T08:15:59.535+0000] {dag.py:3947} INFO - Setting next_dagrun for nyc_green_tripdata to None, run_after=None
[2024-12-03T08:15:59.566+0000] {taskinstance.py:441} INFO - ::group::Post task execution logs
[2024-12-03T08:15:59.605+0000] {taskinstance.py:1206} INFO - Marking task as SUCCESS. dag_id=nyc_green_tripdata, task_id=dbt_transform.dim_vendor.run, run_id=manual__2024-12-03T08:15:10.633482+00:00, execution_date=20241203T081510, start_date=20241203T081549, end_date=20241203T081559
[2024-12-03T08:15:59.676+0000] {local_task_job_runner.py:243} INFO - Task exited with return code 0
[2024-12-03T08:15:59.688+0000] {local_task_job_runner.py:222} INFO - ::endgroup::
