[2024-12-03T09:28:44.777+0000] {local_task_job_runner.py:120} INFO - ::group::Pre task execution logs
[2024-12-03T09:28:44.813+0000] {taskinstance.py:2076} INFO - Dependencies all met for dep_context=non-requeueable deps ti=<TaskInstance: nyc_green_tripdata.dbt_transform.dim_zone.run manual__2024-12-03T09:27:27.491363+00:00 [queued]>
[2024-12-03T09:28:44.834+0000] {taskinstance.py:2076} INFO - Dependencies all met for dep_context=requeueable deps ti=<TaskInstance: nyc_green_tripdata.dbt_transform.dim_zone.run manual__2024-12-03T09:27:27.491363+00:00 [queued]>
[2024-12-03T09:28:44.835+0000] {taskinstance.py:2306} INFO - Starting attempt 1 of 2
[2024-12-03T09:28:44.870+0000] {taskinstance.py:2330} INFO - Executing <Task(DbtRunLocalOperator): dbt_transform.dim_zone.run> on 2024-12-03 09:27:27.491363+00:00
[2024-12-03T09:28:44.887+0000] {standard_task_runner.py:64} INFO - Started process 9422 to run task
[2024-12-03T09:28:44.895+0000] {standard_task_runner.py:90} INFO - Running: ['***', 'tasks', 'run', 'nyc_green_tripdata', 'dbt_transform.dim_zone.run', 'manual__2024-12-03T09:27:27.491363+00:00', '--job-id', '380', '--raw', '--subdir', 'DAGS_FOLDER/dag_green_tripdata.py', '--cfg-path', '/tmp/tmpaniiw95g']
[2024-12-03T09:28:44.901+0000] {standard_task_runner.py:91} INFO - Job 380: Subtask dbt_transform.dim_zone.run
[2024-12-03T09:28:45.013+0000] {task_command.py:426} INFO - Running <TaskInstance: nyc_green_tripdata.dbt_transform.dim_zone.run manual__2024-12-03T09:27:27.491363+00:00 [running]> on host 39c047f38cb8
[2024-12-03T09:28:45.236+0000] {taskinstance.py:2648} INFO - Exporting env vars: AIRFLOW_CTX_DAG_EMAIL='muhii.smta@gmail.com' AIRFLOW_CTX_DAG_OWNER='Muhii' AIRFLOW_CTX_DAG_ID='nyc_green_tripdata' AIRFLOW_CTX_TASK_ID='dbt_transform.dim_zone.run' AIRFLOW_CTX_EXECUTION_DATE='2024-12-03T09:27:27.491363+00:00' AIRFLOW_CTX_TRY_NUMBER='1' AIRFLOW_CTX_DAG_RUN_ID='manual__2024-12-03T09:27:27.491363+00:00'
[2024-12-03T09:28:45.240+0000] {taskinstance.py:430} INFO - ::endgroup::
[2024-12-03T09:28:49.559+0000] {local.py:216} INFO - dbtRunner is available. Using dbtRunner for invoking dbt.
[2024-12-03T09:28:49.562+0000] {local.py:432} INFO - Cloning project to writable temp directory /tmp/tmpz42n60t1 from /opt/airflow/include/dbt
[2024-12-03T09:28:49.573+0000] {local.py:443} INFO - Partial parse is enabled and the latest partial parse file is /tmp/cosmos/nyc_green_tripdata__dbt_transform/target/partial_parse.msgpack
[2024-12-03T09:28:49.591+0000] {config.py:332} INFO - Using user-supplied profiles.yml at /opt/airflow/include/dbt/profiles.yml
[2024-12-03T09:28:49.593+0000] {local.py:404} INFO - Trying to run dbtRunner with:
 ['run', '--models', 'dim_zone', '--project-dir', '/tmp/tmpz42n60t1', '--profiles-dir', '/opt/***/include/dbt', '--profile', 'nyc_taxi', '--target', 'dev']
 in /tmp/tmpz42n60t1
[2024-12-03T09:28:49.867+0000] {logging_mixin.py:188} INFO - 09:28:49  Running with dbt=1.8.7
[2024-12-03T09:28:51.408+0000] {logging_mixin.py:188} INFO - 09:28:51  Registered adapter: bigquery=1.8.3
[2024-12-03T09:28:56.278+0000] {logging_mixin.py:188} INFO - 09:28:56  Found 7 models, 34 data tests, 2 sources, 600 macros
[2024-12-03T09:28:56.287+0000] {logging_mixin.py:188} INFO - 09:28:56
[2024-12-03T09:28:57.850+0000] {logging_mixin.py:188} INFO - 09:28:57  Concurrency: 1 threads (target='dev')
[2024-12-03T09:28:57.854+0000] {logging_mixin.py:188} INFO - 09:28:57
[2024-12-03T09:28:57.864+0000] {logging_mixin.py:188} INFO - 09:28:57  1 of 1 START sql table model nyc_taxi.dim_zone ................................. [RUN]
[2024-12-03T09:29:02.596+0000] {logging_mixin.py:188} INFO - 09:29:02  1 of 1 OK created sql table model nyc_taxi.dim_zone ............................ [CREATE TABLE (263.0 rows, 12.1 KiB processed) in 4.72s]
[2024-12-03T09:29:02.608+0000] {logging_mixin.py:188} INFO - 09:29:02
[2024-12-03T09:29:02.611+0000] {logging_mixin.py:188} INFO - 09:29:02  Finished running 1 table model in 0 hours 0 minutes and 6.32 seconds (6.32s).
[2024-12-03T09:29:03.293+0000] {logging_mixin.py:188} INFO - 09:29:03
[2024-12-03T09:29:03.297+0000] {logging_mixin.py:188} INFO - 09:29:03  Completed successfully
[2024-12-03T09:29:03.300+0000] {logging_mixin.py:188} INFO - 09:29:03
[2024-12-03T09:29:03.303+0000] {logging_mixin.py:188} INFO - 09:29:03  Done. PASS=1 WARN=0 ERROR=0 SKIP=0 TOTAL=1
[2024-12-03T09:29:04.730+0000] {local.py:196} WARNING - Artifact schema version: https://schemas.getdbt.com/dbt/manifest/v12.json is above dbt-ol supported version 7. This might cause errors.
[2024-12-03T09:29:04.731+0000] {local.py:196} WARNING - Artifact schema version: https://schemas.getdbt.com/dbt/run-results/v6.json is above dbt-ol supported version 5. This might cause errors.
[2024-12-03T09:29:04.748+0000] {local.py:490} INFO - Inlets: [Dataset(uri='bigquery/northern-shield-437204-m0.nyc_taxi.zone_map', extra=None)]
[2024-12-03T09:29:04.749+0000] {local.py:491} INFO - Outlets: [Dataset(uri='bigquery/northern-shield-437204-m0.nyc_taxi.dim_zone', extra=None)]
[2024-12-03T09:29:04.750+0000] {local.py:590} INFO - Assigning inlets/outlets without DatasetAlias
[2024-12-03T09:29:04.751+0000] {dag.py:3089} INFO - Sync 1 DAGs
[2024-12-03T09:29:04.798+0000] {dag.py:3947} INFO - Setting next_dagrun for nyc_green_tripdata to None, run_after=None
[2024-12-03T09:29:04.869+0000] {taskinstance.py:441} INFO - ::group::Post task execution logs
[2024-12-03T09:29:04.938+0000] {taskinstance.py:1206} INFO - Marking task as SUCCESS. dag_id=nyc_green_tripdata, task_id=dbt_transform.dim_zone.run, run_id=manual__2024-12-03T09:27:27.491363+00:00, execution_date=20241203T092727, start_date=20241203T092844, end_date=20241203T092904
[2024-12-03T09:29:05.050+0000] {local_task_job_runner.py:243} INFO - Task exited with return code 0
[2024-12-03T09:29:05.113+0000] {taskinstance.py:3503} INFO - 1 downstream tasks scheduled from follow-on schedule check
[2024-12-03T09:29:05.124+0000] {local_task_job_runner.py:222} INFO - ::endgroup::
