[2024-11-28T08:31:13.792+0000] {local_task_job_runner.py:120} INFO - ::group::Pre task execution logs
[2024-11-28T08:31:13.806+0000] {taskinstance.py:2076} INFO - Dependencies all met for dep_context=non-requeueable deps ti=<TaskInstance: nyc_green_tripdata.load_zone_map_to_bq manual__2024-11-28T08:30:54.692564+00:00 [queued]>
[2024-11-28T08:31:13.813+0000] {taskinstance.py:2076} INFO - Dependencies all met for dep_context=requeueable deps ti=<TaskInstance: nyc_green_tripdata.load_zone_map_to_bq manual__2024-11-28T08:30:54.692564+00:00 [queued]>
[2024-11-28T08:31:13.813+0000] {taskinstance.py:2306} INFO - Starting attempt 1 of 2
[2024-11-28T08:31:13.825+0000] {taskinstance.py:2330} INFO - Executing <Task(GCSToBigQueryOperator): load_zone_map_to_bq> on 2024-11-28 08:30:54.692564+00:00
[2024-11-28T08:31:13.833+0000] {standard_task_runner.py:64} INFO - Started process 3677 to run task
[2024-11-28T08:31:13.835+0000] {standard_task_runner.py:90} INFO - Running: ['***', 'tasks', 'run', 'nyc_green_tripdata', 'load_zone_map_to_bq', 'manual__2024-11-28T08:30:54.692564+00:00', '--job-id', '110', '--raw', '--subdir', 'DAGS_FOLDER/dag_green_tripdata.py', '--cfg-path', '/tmp/tmpjm31zthd']
[2024-11-28T08:31:13.837+0000] {standard_task_runner.py:91} INFO - Job 110: Subtask load_zone_map_to_bq
[2024-11-28T08:31:13.874+0000] {task_command.py:426} INFO - Running <TaskInstance: nyc_green_tripdata.load_zone_map_to_bq manual__2024-11-28T08:30:54.692564+00:00 [running]> on host 39c047f38cb8
[2024-11-28T08:31:13.939+0000] {taskinstance.py:2648} INFO - Exporting env vars: AIRFLOW_CTX_DAG_EMAIL='muhii.smta@gmail.com' AIRFLOW_CTX_DAG_OWNER='Muhii' AIRFLOW_CTX_DAG_ID='nyc_green_tripdata' AIRFLOW_CTX_TASK_ID='load_zone_map_to_bq' AIRFLOW_CTX_EXECUTION_DATE='2024-11-28T08:30:54.692564+00:00' AIRFLOW_CTX_TRY_NUMBER='1' AIRFLOW_CTX_DAG_RUN_ID='manual__2024-11-28T08:30:54.692564+00:00'
[2024-11-28T08:31:13.940+0000] {taskinstance.py:430} INFO - ::endgroup::
[2024-11-28T08:31:13.941+0000] {crypto.py:82} WARNING - empty cryptography key - values will not be stored encrypted.
[2024-11-28T08:31:13.942+0000] {connection.py:274} WARNING - Connection schemes (type: google_cloud_platform) shall not contain '_' according to RFC3986.
[2024-11-28T08:31:13.943+0000] {base.py:84} INFO - Using connection ID 'google_cloud_default' for task execution.
[2024-11-28T08:31:13.943+0000] {gcs_to_bigquery.py:381} INFO - Using existing BigQuery table for storing data...
[2024-11-28T08:31:13.976+0000] {gcs_to_bigquery.py:385} INFO - Executing: {'load': {'autodetect': True, 'createDisposition': 'CREATE_IF_NEEDED', 'destinationTable': {'projectId': 'northern-shield-437204-m0', 'datasetId': 'nyc_taxi', 'tableId': 'zone_map'}, 'sourceFormat': 'PARQUET', 'sourceUris': ['gs://green_taxi_bucket/transform/taxi_zone_lookup.parquet'], 'writeDisposition': 'WRITE_APPEND', 'ignoreUnknownValues': False}}
[2024-11-28T08:31:13.977+0000] {bigquery.py:1702} INFO - Inserting job ***_nyc_green_tripdata_load_zone_map_to_bq_2024_11_28T08_30_54_692564_00_00_38ef3e225b80301e0d05f8a68a03b406
[2024-11-28T08:31:17.983+0000] {taskinstance.py:441} INFO - ::group::Post task execution logs
[2024-11-28T08:31:18.693+0000] {taskinstance.py:1206} INFO - Marking task as SUCCESS. dag_id=nyc_green_tripdata, task_id=load_zone_map_to_bq, run_id=manual__2024-11-28T08:30:54.692564+00:00, execution_date=20241128T083054, start_date=20241128T083113, end_date=20241128T083118
[2024-11-28T08:31:18.723+0000] {local_task_job_runner.py:243} INFO - Task exited with return code 0
[2024-11-28T08:31:18.753+0000] {taskinstance.py:3503} INFO - 0 downstream tasks scheduled from follow-on schedule check
[2024-11-28T08:31:18.755+0000] {local_task_job_runner.py:222} INFO - ::endgroup::
