[2024-11-22T19:41:42.796+0000] {local_task_job_runner.py:120} INFO - ::group::Pre task execution logs
[2024-11-22T19:41:42.812+0000] {taskinstance.py:2076} INFO - Dependencies all met for dep_context=non-requeueable deps ti=<TaskInstance: nyc_green_taxi.upload_tripdata_transform_to_gcs manual__2024-11-22T19:41:26.395702+00:00 [queued]>
[2024-11-22T19:41:42.820+0000] {taskinstance.py:2076} INFO - Dependencies all met for dep_context=requeueable deps ti=<TaskInstance: nyc_green_taxi.upload_tripdata_transform_to_gcs manual__2024-11-22T19:41:26.395702+00:00 [queued]>
[2024-11-22T19:41:42.821+0000] {taskinstance.py:2306} INFO - Starting attempt 1 of 2
[2024-11-22T19:41:42.833+0000] {taskinstance.py:2330} INFO - Executing <Task(LocalFilesystemToGCSOperator): upload_tripdata_transform_to_gcs> on 2024-11-22 19:41:26.395702+00:00
[2024-11-22T19:41:42.843+0000] {standard_task_runner.py:64} INFO - Started process 9899 to run task
[2024-11-22T19:41:42.846+0000] {standard_task_runner.py:90} INFO - Running: ['***', 'tasks', 'run', 'nyc_green_taxi', 'upload_tripdata_transform_to_gcs', 'manual__2024-11-22T19:41:26.395702+00:00', '--job-id', '115', '--raw', '--subdir', 'DAGS_FOLDER/data_ingestion.py', '--cfg-path', '/tmp/tmp4ri38xsc']
[2024-11-22T19:41:42.848+0000] {standard_task_runner.py:91} INFO - Job 115: Subtask upload_tripdata_transform_to_gcs
[2024-11-22T19:41:42.894+0000] {task_command.py:426} INFO - Running <TaskInstance: nyc_green_taxi.upload_tripdata_transform_to_gcs manual__2024-11-22T19:41:26.395702+00:00 [running]> on host 10788e79e5f3
[2024-11-22T19:41:42.978+0000] {taskinstance.py:2648} INFO - Exporting env vars: AIRFLOW_CTX_DAG_EMAIL='muhii.smta@gmail.com' AIRFLOW_CTX_DAG_OWNER='Muhii' AIRFLOW_CTX_DAG_ID='nyc_green_taxi' AIRFLOW_CTX_TASK_ID='upload_tripdata_transform_to_gcs' AIRFLOW_CTX_EXECUTION_DATE='2024-11-22T19:41:26.395702+00:00' AIRFLOW_CTX_TRY_NUMBER='1' AIRFLOW_CTX_DAG_RUN_ID='manual__2024-11-22T19:41:26.395702+00:00'
[2024-11-22T19:41:42.980+0000] {taskinstance.py:430} INFO - ::endgroup::
[2024-11-22T19:41:42.981+0000] {crypto.py:82} WARNING - empty cryptography key - values will not be stored encrypted.
[2024-11-22T19:41:42.982+0000] {connection.py:274} WARNING - Connection schemes (type: google_cloud_platform) shall not contain '_' according to RFC3986.
[2024-11-22T19:41:42.983+0000] {base.py:84} INFO - Using connection ID 'google_cloud_default' for task execution.
[2024-11-22T19:41:45.775+0000] {gcs.py:560} INFO - File /opt/***/dataset/transform/tf_green_tripdata_2023-01.parquet uploaded to transform/tf_green_tripdata_2023-01.parquet in green_taxi_bucket bucket
[2024-11-22T19:41:45.776+0000] {taskinstance.py:441} INFO - ::group::Post task execution logs
[2024-11-22T19:41:45.788+0000] {taskinstance.py:1206} INFO - Marking task as SUCCESS. dag_id=nyc_green_taxi, task_id=upload_tripdata_transform_to_gcs, run_id=manual__2024-11-22T19:41:26.395702+00:00, execution_date=20241122T194126, start_date=20241122T194142, end_date=20241122T194145
[2024-11-22T19:41:45.819+0000] {local_task_job_runner.py:243} INFO - Task exited with return code 0
[2024-11-22T19:41:45.843+0000] {taskinstance.py:3503} INFO - 1 downstream tasks scheduled from follow-on schedule check
[2024-11-22T19:41:45.845+0000] {local_task_job_runner.py:222} INFO - ::endgroup::
