[2024-11-28T06:55:23.368+0000] {local_task_job_runner.py:120} INFO - ::group::Pre task execution logs
[2024-11-28T06:55:23.408+0000] {taskinstance.py:2076} INFO - Dependencies all met for dep_context=non-requeueable deps ti=<TaskInstance: nyc_green_tripdata.dbt_transform.dim_zone.run scheduled__2024-11-27T00:00:00+00:00 [queued]>
[2024-11-28T06:55:23.429+0000] {taskinstance.py:2076} INFO - Dependencies all met for dep_context=requeueable deps ti=<TaskInstance: nyc_green_tripdata.dbt_transform.dim_zone.run scheduled__2024-11-27T00:00:00+00:00 [queued]>
[2024-11-28T06:55:23.430+0000] {taskinstance.py:2306} INFO - Starting attempt 1 of 2
[2024-11-28T06:55:23.467+0000] {taskinstance.py:2330} INFO - Executing <Task(DbtRunLocalOperator): dbt_transform.dim_zone.run> on 2024-11-27 00:00:00+00:00
[2024-11-28T06:55:23.481+0000] {standard_task_runner.py:64} INFO - Started process 810 to run task
[2024-11-28T06:55:23.490+0000] {standard_task_runner.py:90} INFO - Running: ['***', 'tasks', 'run', 'nyc_green_tripdata', 'dbt_transform.dim_zone.run', 'scheduled__2024-11-27T00:00:00+00:00', '--job-id', '92', '--raw', '--subdir', 'DAGS_FOLDER/dag_green_tripdata.py', '--cfg-path', '/tmp/tmpgvfwhsod']
[2024-11-28T06:55:23.496+0000] {standard_task_runner.py:91} INFO - Job 92: Subtask dbt_transform.dim_zone.run
[2024-11-28T06:55:23.599+0000] {task_command.py:426} INFO - Running <TaskInstance: nyc_green_tripdata.dbt_transform.dim_zone.run scheduled__2024-11-27T00:00:00+00:00 [running]> on host 39c047f38cb8
[2024-11-28T06:55:23.780+0000] {taskinstance.py:2648} INFO - Exporting env vars: AIRFLOW_CTX_DAG_EMAIL='muhii.smta@gmail.com' AIRFLOW_CTX_DAG_OWNER='Muhii' AIRFLOW_CTX_DAG_ID='nyc_green_tripdata' AIRFLOW_CTX_TASK_ID='dbt_transform.dim_zone.run' AIRFLOW_CTX_EXECUTION_DATE='2024-11-27T00:00:00+00:00' AIRFLOW_CTX_TRY_NUMBER='1' AIRFLOW_CTX_DAG_RUN_ID='scheduled__2024-11-27T00:00:00+00:00'
[2024-11-28T06:55:23.785+0000] {taskinstance.py:430} INFO - ::endgroup::
[2024-11-28T06:55:28.044+0000] {local.py:216} INFO - dbtRunner is available. Using dbtRunner for invoking dbt.
[2024-11-28T06:55:28.045+0000] {local.py:432} INFO - Cloning project to writable temp directory /tmp/tmpo80ipgij from /opt/airflow/include/dbt
[2024-11-28T06:55:28.053+0000] {local.py:443} INFO - Partial parse is enabled and the latest partial parse file is /tmp/cosmos/nyc_green_tripdata__dbt_transform/target/partial_parse.msgpack
[2024-11-28T06:55:28.078+0000] {config.py:332} INFO - Using user-supplied profiles.yml at /opt/airflow/include/dbt/profiles.yml
[2024-11-28T06:55:28.079+0000] {local.py:404} INFO - Trying to run dbtRunner with:
 ['run', '--models', 'dim_zone', '--project-dir', '/tmp/tmpo80ipgij', '--profiles-dir', '/opt/***/include/dbt', '--profile', 'nyc_taxi', '--target', 'dev']
 in /tmp/tmpo80ipgij
[2024-11-28T06:55:28.306+0000] {logging_mixin.py:188} INFO - 06:55:28  Running with dbt=1.8.7
[2024-11-28T06:55:29.776+0000] {logging_mixin.py:188} INFO - 06:55:29  Registered adapter: bigquery=1.8.3
[2024-11-28T06:55:35.448+0000] {logging_mixin.py:188} INFO - 06:55:35  Found 7 models, 34 data tests, 2 sources, 600 macros
[2024-11-28T06:55:35.458+0000] {logging_mixin.py:188} INFO - 06:55:35
[2024-11-28T06:55:36.924+0000] {logging_mixin.py:188} INFO - 06:55:36  Concurrency: 1 threads (target='dev')
[2024-11-28T06:55:36.926+0000] {logging_mixin.py:188} INFO - 06:55:36
[2024-11-28T06:55:36.936+0000] {logging_mixin.py:188} INFO - 06:55:36  1 of 1 START sql table model nyc_taxi.dim_zone ................................. [RUN]
[2024-11-28T06:55:41.353+0000] {logging_mixin.py:188} INFO - 06:55:41  1 of 1 OK created sql table model nyc_taxi.dim_zone ............................ [CREATE TABLE (263.0 rows, 36.2 KiB processed) in 4.41s]
[2024-11-28T06:55:41.364+0000] {logging_mixin.py:188} INFO - 06:55:41
[2024-11-28T06:55:41.368+0000] {logging_mixin.py:188} INFO - 06:55:41  Finished running 1 table model in 0 hours 0 minutes and 5.90 seconds (5.90s).
[2024-11-28T06:55:42.000+0000] {logging_mixin.py:188} INFO - 06:55:41
[2024-11-28T06:55:42.003+0000] {logging_mixin.py:188} INFO - 06:55:42  Completed successfully
[2024-11-28T06:55:42.007+0000] {logging_mixin.py:188} INFO - 06:55:42
[2024-11-28T06:55:42.010+0000] {logging_mixin.py:188} INFO - 06:55:42  Done. PASS=1 WARN=0 ERROR=0 SKIP=0 TOTAL=1
[2024-11-28T06:55:43.116+0000] {local.py:196} WARNING - Artifact schema version: https://schemas.getdbt.com/dbt/manifest/v12.json is above dbt-ol supported version 7. This might cause errors.
[2024-11-28T06:55:43.117+0000] {local.py:196} WARNING - Artifact schema version: https://schemas.getdbt.com/dbt/run-results/v6.json is above dbt-ol supported version 5. This might cause errors.
[2024-11-28T06:55:43.130+0000] {local.py:490} INFO - Inlets: [Dataset(uri='bigquery/northern-shield-437204-m0.nyc_taxi.zone_map', extra=None)]
[2024-11-28T06:55:43.131+0000] {local.py:491} INFO - Outlets: [Dataset(uri='bigquery/northern-shield-437204-m0.nyc_taxi.dim_zone', extra=None)]
[2024-11-28T06:55:43.132+0000] {local.py:590} INFO - Assigning inlets/outlets without DatasetAlias
[2024-11-28T06:55:43.133+0000] {dag.py:3089} INFO - Sync 1 DAGs
[2024-11-28T06:55:43.185+0000] {dag.py:3947} INFO - Setting next_dagrun for nyc_green_tripdata to None, run_after=None
[2024-11-28T06:55:43.255+0000] {taskinstance.py:441} INFO - ::group::Post task execution logs
[2024-11-28T06:55:43.317+0000] {taskinstance.py:1206} INFO - Marking task as SUCCESS. dag_id=nyc_green_tripdata, task_id=dbt_transform.dim_zone.run, run_id=scheduled__2024-11-27T00:00:00+00:00, execution_date=20241127T000000, start_date=20241128T065523, end_date=20241128T065543
[2024-11-28T06:55:43.437+0000] {local_task_job_runner.py:243} INFO - Task exited with return code 0
[2024-11-28T06:55:43.456+0000] {local_task_job_runner.py:222} INFO - ::endgroup::
