[2024-12-03T08:08:25.642+0000] {local_task_job_runner.py:120} INFO - ::group::Pre task execution logs
[2024-12-03T08:08:25.665+0000] {taskinstance.py:2076} INFO - Dependencies all met for dep_context=non-requeueable deps ti=<TaskInstance: nyc_green_tripdata.dbt_transform.dim_triptype.run manual__2024-12-03T08:07:44.949524+00:00 [queued]>
[2024-12-03T08:08:25.678+0000] {taskinstance.py:2076} INFO - Dependencies all met for dep_context=requeueable deps ti=<TaskInstance: nyc_green_tripdata.dbt_transform.dim_triptype.run manual__2024-12-03T08:07:44.949524+00:00 [queued]>
[2024-12-03T08:08:25.679+0000] {taskinstance.py:2306} INFO - Starting attempt 1 of 2
[2024-12-03T08:08:25.695+0000] {taskinstance.py:2330} INFO - Executing <Task(DbtRunLocalOperator): dbt_transform.dim_triptype.run> on 2024-12-03 08:07:44.949524+00:00
[2024-12-03T08:08:25.707+0000] {standard_task_runner.py:64} INFO - Started process 4707 to run task
[2024-12-03T08:08:25.719+0000] {standard_task_runner.py:90} INFO - Running: ['***', 'tasks', 'run', 'nyc_green_tripdata', 'dbt_transform.dim_triptype.run', 'manual__2024-12-03T08:07:44.949524+00:00', '--job-id', '235', '--raw', '--subdir', 'DAGS_FOLDER/dag_green_tripdata.py', '--cfg-path', '/tmp/tmpy1ca3f4e']
[2024-12-03T08:08:25.725+0000] {standard_task_runner.py:91} INFO - Job 235: Subtask dbt_transform.dim_triptype.run
[2024-12-03T08:08:25.799+0000] {task_command.py:426} INFO - Running <TaskInstance: nyc_green_tripdata.dbt_transform.dim_triptype.run manual__2024-12-03T08:07:44.949524+00:00 [running]> on host 39c047f38cb8
[2024-12-03T08:08:25.945+0000] {taskinstance.py:2648} INFO - Exporting env vars: AIRFLOW_CTX_DAG_EMAIL='muhii.smta@gmail.com' AIRFLOW_CTX_DAG_OWNER='Muhii' AIRFLOW_CTX_DAG_ID='nyc_green_tripdata' AIRFLOW_CTX_TASK_ID='dbt_transform.dim_triptype.run' AIRFLOW_CTX_EXECUTION_DATE='2024-12-03T08:07:44.949524+00:00' AIRFLOW_CTX_TRY_NUMBER='1' AIRFLOW_CTX_DAG_RUN_ID='manual__2024-12-03T08:07:44.949524+00:00'
[2024-12-03T08:08:25.947+0000] {taskinstance.py:430} INFO - ::endgroup::
[2024-12-03T08:08:28.293+0000] {local.py:216} INFO - dbtRunner is available. Using dbtRunner for invoking dbt.
[2024-12-03T08:08:28.294+0000] {local.py:432} INFO - Cloning project to writable temp directory /tmp/tmpphyjrne0 from /opt/airflow/include/dbt
[2024-12-03T08:08:28.298+0000] {local.py:443} INFO - Partial parse is enabled and the latest partial parse file is /tmp/cosmos/nyc_green_tripdata__dbt_transform/target/partial_parse.msgpack
[2024-12-03T08:08:28.312+0000] {config.py:332} INFO - Using user-supplied profiles.yml at /opt/airflow/include/dbt/profiles.yml
[2024-12-03T08:08:28.313+0000] {local.py:404} INFO - Trying to run dbtRunner with:
 ['run', '--models', 'dim_triptype', '--project-dir', '/tmp/tmpphyjrne0', '--profiles-dir', '/opt/***/include/dbt', '--profile', 'nyc_taxi', '--target', 'dev']
 in /tmp/tmpphyjrne0
[2024-12-03T08:08:28.429+0000] {logging_mixin.py:188} INFO - 08:08:28  Running with dbt=1.8.7
[2024-12-03T08:08:29.127+0000] {logging_mixin.py:188} INFO - 08:08:29  Registered adapter: bigquery=1.8.3
[2024-12-03T08:08:31.058+0000] {logging_mixin.py:188} INFO - 08:08:31  Found 7 models, 34 data tests, 2 sources, 600 macros
[2024-12-03T08:08:31.064+0000] {logging_mixin.py:188} INFO - 08:08:31
[2024-12-03T08:08:29.994+0000] {logging_mixin.py:188} INFO - 08:08:29  Concurrency: 1 threads (target='dev')
[2024-12-03T08:08:29.995+0000] {logging_mixin.py:188} INFO - 08:08:29
[2024-12-03T08:08:30.000+0000] {logging_mixin.py:188} INFO - 08:08:30  1 of 1 START sql table model nyc_taxi.dim_triptype ............................. [RUN]
[2024-12-03T08:08:34.329+0000] {logging_mixin.py:188} INFO - 08:08:34  1 of 1 OK created sql table model nyc_taxi.dim_triptype ........................ [CREATE TABLE (3.0 rows, 897.5 KiB processed) in 4.33s]
[2024-12-03T08:08:34.335+0000] {logging_mixin.py:188} INFO - 08:08:34
[2024-12-03T08:08:34.336+0000] {logging_mixin.py:188} INFO - 08:08:34  Finished running 1 table model in 0 hours 0 minutes and 3.27 seconds (3.27s).
[2024-12-03T08:08:34.697+0000] {logging_mixin.py:188} INFO - 08:08:34
[2024-12-03T08:08:34.698+0000] {logging_mixin.py:188} INFO - 08:08:34  Completed successfully
[2024-12-03T08:08:34.699+0000] {logging_mixin.py:188} INFO - 08:08:34
[2024-12-03T08:08:34.700+0000] {logging_mixin.py:188} INFO - 08:08:34  Done. PASS=1 WARN=0 ERROR=0 SKIP=0 TOTAL=1
[2024-12-03T08:08:35.936+0000] {local.py:196} WARNING - Artifact schema version: https://schemas.getdbt.com/dbt/manifest/v12.json is above dbt-ol supported version 7. This might cause errors.
[2024-12-03T08:08:35.936+0000] {local.py:196} WARNING - Artifact schema version: https://schemas.getdbt.com/dbt/run-results/v6.json is above dbt-ol supported version 5. This might cause errors.
[2024-12-03T08:08:35.943+0000] {local.py:490} INFO - Inlets: [Dataset(uri='bigquery/northern-shield-437204-m0.nyc_taxi.green_tripdata', extra=None)]
[2024-12-03T08:08:35.944+0000] {local.py:491} INFO - Outlets: [Dataset(uri='bigquery/northern-shield-437204-m0.nyc_taxi.dim_triptype', extra=None)]
[2024-12-03T08:08:35.944+0000] {local.py:590} INFO - Assigning inlets/outlets without DatasetAlias
[2024-12-03T08:08:35.945+0000] {dag.py:3089} INFO - Sync 1 DAGs
[2024-12-03T08:08:35.966+0000] {dag.py:3947} INFO - Setting next_dagrun for nyc_green_tripdata to None, run_after=None
[2024-12-03T08:08:35.994+0000] {taskinstance.py:441} INFO - ::group::Post task execution logs
[2024-12-03T08:08:36.027+0000] {taskinstance.py:1206} INFO - Marking task as SUCCESS. dag_id=nyc_green_tripdata, task_id=dbt_transform.dim_triptype.run, run_id=manual__2024-12-03T08:07:44.949524+00:00, execution_date=20241203T080744, start_date=20241203T080825, end_date=20241203T080836
[2024-12-03T08:08:36.086+0000] {local_task_job_runner.py:243} INFO - Task exited with return code 0
[2024-12-03T08:08:36.114+0000] {taskinstance.py:3503} INFO - 0 downstream tasks scheduled from follow-on schedule check
[2024-12-03T08:08:36.116+0000] {local_task_job_runner.py:222} INFO - ::endgroup::
