[2024-11-23T15:44:47.934+0000] {local_task_job_runner.py:120} INFO - ::group::Pre task execution logs
[2024-11-23T15:44:47.979+0000] {taskinstance.py:2076} INFO - Dependencies all met for dep_context=non-requeueable deps ti=<TaskInstance: nyc_green_taxi.upload_zone_transform_to_gcs manual__2024-11-23T15:44:19.562633+00:00 [queued]>
[2024-11-23T15:44:48.000+0000] {taskinstance.py:2076} INFO - Dependencies all met for dep_context=requeueable deps ti=<TaskInstance: nyc_green_taxi.upload_zone_transform_to_gcs manual__2024-11-23T15:44:19.562633+00:00 [queued]>
[2024-11-23T15:44:48.001+0000] {taskinstance.py:2306} INFO - Starting attempt 1 of 2
[2024-11-23T15:44:48.030+0000] {taskinstance.py:2330} INFO - Executing <Task(LocalFilesystemToGCSOperator): upload_zone_transform_to_gcs> on 2024-11-23 15:44:19.562633+00:00
[2024-11-23T15:44:48.046+0000] {standard_task_runner.py:64} INFO - Started process 8012 to run task
[2024-11-23T15:44:48.053+0000] {standard_task_runner.py:90} INFO - Running: ['***', 'tasks', 'run', 'nyc_green_taxi', 'upload_zone_transform_to_gcs', 'manual__2024-11-23T15:44:19.562633+00:00', '--job-id', '126', '--raw', '--subdir', 'DAGS_FOLDER/data_ingestion.py', '--cfg-path', '/tmp/tmpm413cn1q']
[2024-11-23T15:44:48.059+0000] {standard_task_runner.py:91} INFO - Job 126: Subtask upload_zone_transform_to_gcs
[2024-11-23T15:44:48.158+0000] {task_command.py:426} INFO - Running <TaskInstance: nyc_green_taxi.upload_zone_transform_to_gcs manual__2024-11-23T15:44:19.562633+00:00 [running]> on host 10788e79e5f3
[2024-11-23T15:44:48.359+0000] {taskinstance.py:2648} INFO - Exporting env vars: AIRFLOW_CTX_DAG_EMAIL='muhii.smta@gmail.com' AIRFLOW_CTX_DAG_OWNER='Muhii' AIRFLOW_CTX_DAG_ID='nyc_green_taxi' AIRFLOW_CTX_TASK_ID='upload_zone_transform_to_gcs' AIRFLOW_CTX_EXECUTION_DATE='2024-11-23T15:44:19.562633+00:00' AIRFLOW_CTX_TRY_NUMBER='1' AIRFLOW_CTX_DAG_RUN_ID='manual__2024-11-23T15:44:19.562633+00:00'
[2024-11-23T15:44:48.363+0000] {taskinstance.py:430} INFO - ::endgroup::
[2024-11-23T15:44:48.365+0000] {crypto.py:82} WARNING - empty cryptography key - values will not be stored encrypted.
[2024-11-23T15:44:48.367+0000] {connection.py:274} WARNING - Connection schemes (type: google_cloud_platform) shall not contain '_' according to RFC3986.
[2024-11-23T15:44:48.370+0000] {base.py:84} INFO - Using connection ID 'google_cloud_default' for task execution.
[2024-11-23T15:44:49.540+0000] {gcs.py:560} INFO - File /opt/***/dataset/transform/taxi_zone_lookup.parquet uploaded to transform/taxi_zone_lookup.parquet in green_taxi_bucket bucket
[2024-11-23T15:44:49.541+0000] {taskinstance.py:441} INFO - ::group::Post task execution logs
[2024-11-23T15:44:49.570+0000] {taskinstance.py:1206} INFO - Marking task as SUCCESS. dag_id=nyc_green_taxi, task_id=upload_zone_transform_to_gcs, run_id=manual__2024-11-23T15:44:19.562633+00:00, execution_date=20241123T154419, start_date=20241123T154447, end_date=20241123T154449
[2024-11-23T15:44:49.629+0000] {local_task_job_runner.py:243} INFO - Task exited with return code 0
[2024-11-23T15:44:49.677+0000] {taskinstance.py:3503} INFO - 1 downstream tasks scheduled from follow-on schedule check
[2024-11-23T15:44:49.682+0000] {local_task_job_runner.py:222} INFO - ::endgroup::
