[2024-12-03T09:27:45.102+0000] {local_task_job_runner.py:120} INFO - ::group::Pre task execution logs
[2024-12-03T09:27:45.142+0000] {taskinstance.py:2076} INFO - Dependencies all met for dep_context=non-requeueable deps ti=<TaskInstance: nyc_green_tripdata.upload_green_tripdata_raw manual__2024-12-03T09:27:27.491363+00:00 [queued]>
[2024-12-03T09:27:45.165+0000] {taskinstance.py:2076} INFO - Dependencies all met for dep_context=requeueable deps ti=<TaskInstance: nyc_green_tripdata.upload_green_tripdata_raw manual__2024-12-03T09:27:27.491363+00:00 [queued]>
[2024-12-03T09:27:45.167+0000] {taskinstance.py:2306} INFO - Starting attempt 1 of 2
[2024-12-03T09:27:45.198+0000] {taskinstance.py:2330} INFO - Executing <Task(LocalFilesystemToGCSOperator): upload_green_tripdata_raw> on 2024-12-03 09:27:27.491363+00:00
[2024-12-03T09:27:45.217+0000] {standard_task_runner.py:64} INFO - Started process 9300 to run task
[2024-12-03T09:27:45.223+0000] {standard_task_runner.py:90} INFO - Running: ['***', 'tasks', 'run', 'nyc_green_tripdata', 'upload_green_tripdata_raw', 'manual__2024-12-03T09:27:27.491363+00:00', '--job-id', '370', '--raw', '--subdir', 'DAGS_FOLDER/dag_green_tripdata.py', '--cfg-path', '/tmp/tmpzjo_erlc']
[2024-12-03T09:27:45.229+0000] {standard_task_runner.py:91} INFO - Job 370: Subtask upload_green_tripdata_raw
[2024-12-03T09:27:45.327+0000] {task_command.py:426} INFO - Running <TaskInstance: nyc_green_tripdata.upload_green_tripdata_raw manual__2024-12-03T09:27:27.491363+00:00 [running]> on host 39c047f38cb8
[2024-12-03T09:27:45.529+0000] {taskinstance.py:2648} INFO - Exporting env vars: AIRFLOW_CTX_DAG_EMAIL='muhii.smta@gmail.com' AIRFLOW_CTX_DAG_OWNER='Muhii' AIRFLOW_CTX_DAG_ID='nyc_green_tripdata' AIRFLOW_CTX_TASK_ID='upload_green_tripdata_raw' AIRFLOW_CTX_EXECUTION_DATE='2024-12-03T09:27:27.491363+00:00' AIRFLOW_CTX_TRY_NUMBER='1' AIRFLOW_CTX_DAG_RUN_ID='manual__2024-12-03T09:27:27.491363+00:00'
[2024-12-03T09:27:45.533+0000] {taskinstance.py:430} INFO - ::endgroup::
[2024-12-03T09:27:45.536+0000] {crypto.py:82} WARNING - empty cryptography key - values will not be stored encrypted.
[2024-12-03T09:27:45.537+0000] {connection.py:274} WARNING - Connection schemes (type: google_cloud_platform) shall not contain '_' according to RFC3986.
[2024-12-03T09:27:45.540+0000] {base.py:84} INFO - Using connection ID 'google_cloud_default' for task execution.
[2024-12-03T09:27:49.472+0000] {gcs.py:560} INFO - File /opt/***/dataset/raw/nyc_taxi/green_tripdata_2023-09.parquet uploaded to raw/green_tripdata_2023-09.parquet in green_taxi_bucket bucket
[2024-12-03T09:27:49.474+0000] {taskinstance.py:441} INFO - ::group::Post task execution logs
[2024-12-03T09:27:49.499+0000] {taskinstance.py:1206} INFO - Marking task as SUCCESS. dag_id=nyc_green_tripdata, task_id=upload_green_tripdata_raw, run_id=manual__2024-12-03T09:27:27.491363+00:00, execution_date=20241203T092727, start_date=20241203T092745, end_date=20241203T092749
[2024-12-03T09:27:49.588+0000] {local_task_job_runner.py:243} INFO - Task exited with return code 0
[2024-12-03T09:27:49.699+0000] {taskinstance.py:3503} INFO - 1 downstream tasks scheduled from follow-on schedule check
[2024-12-03T09:27:49.704+0000] {local_task_job_runner.py:222} INFO - ::endgroup::
