[2024-12-03T09:34:59.071+0000] {local_task_job_runner.py:120} INFO - ::group::Pre task execution logs
[2024-12-03T09:34:59.121+0000] {taskinstance.py:2076} INFO - Dependencies all met for dep_context=non-requeueable deps ti=<TaskInstance: nyc_green_tripdata.dbt_transform.fct_trips.run manual__2024-12-03T09:32:23.208113+00:00 [queued]>
[2024-12-03T09:34:59.149+0000] {taskinstance.py:2076} INFO - Dependencies all met for dep_context=requeueable deps ti=<TaskInstance: nyc_green_tripdata.dbt_transform.fct_trips.run manual__2024-12-03T09:32:23.208113+00:00 [queued]>
[2024-12-03T09:34:59.150+0000] {taskinstance.py:2306} INFO - Starting attempt 1 of 2
[2024-12-03T09:34:59.179+0000] {taskinstance.py:2330} INFO - Executing <Task(DbtRunLocalOperator): dbt_transform.fct_trips.run> on 2024-12-03 09:32:23.208113+00:00
[2024-12-03T09:34:59.197+0000] {standard_task_runner.py:64} INFO - Started process 9951 to run task
[2024-12-03T09:34:59.202+0000] {standard_task_runner.py:90} INFO - Running: ['***', 'tasks', 'run', 'nyc_green_tripdata', 'dbt_transform.fct_trips.run', 'manual__2024-12-03T09:32:23.208113+00:00', '--job-id', '407', '--raw', '--subdir', 'DAGS_FOLDER/dag_green_tripdata.py', '--cfg-path', '/tmp/tmpkis25cz8']
[2024-12-03T09:34:59.208+0000] {standard_task_runner.py:91} INFO - Job 407: Subtask dbt_transform.fct_trips.run
[2024-12-03T09:34:59.303+0000] {task_command.py:426} INFO - Running <TaskInstance: nyc_green_tripdata.dbt_transform.fct_trips.run manual__2024-12-03T09:32:23.208113+00:00 [running]> on host 39c047f38cb8
[2024-12-03T09:34:59.507+0000] {taskinstance.py:2648} INFO - Exporting env vars: AIRFLOW_CTX_DAG_EMAIL='muhii.smta@gmail.com' AIRFLOW_CTX_DAG_OWNER='Muhii' AIRFLOW_CTX_DAG_ID='nyc_green_tripdata' AIRFLOW_CTX_TASK_ID='dbt_transform.fct_trips.run' AIRFLOW_CTX_EXECUTION_DATE='2024-12-03T09:32:23.208113+00:00' AIRFLOW_CTX_TRY_NUMBER='1' AIRFLOW_CTX_DAG_RUN_ID='manual__2024-12-03T09:32:23.208113+00:00'
[2024-12-03T09:34:59.511+0000] {taskinstance.py:430} INFO - ::endgroup::
[2024-12-03T09:35:03.238+0000] {local.py:216} INFO - dbtRunner is available. Using dbtRunner for invoking dbt.
[2024-12-03T09:35:03.240+0000] {local.py:432} INFO - Cloning project to writable temp directory /tmp/tmpj8y8dkpk from /opt/airflow/include/dbt
[2024-12-03T09:35:03.250+0000] {local.py:443} INFO - Partial parse is enabled and the latest partial parse file is /tmp/cosmos/nyc_green_tripdata__dbt_transform/target/partial_parse.msgpack
[2024-12-03T09:35:03.268+0000] {config.py:332} INFO - Using user-supplied profiles.yml at /opt/airflow/include/dbt/profiles.yml
[2024-12-03T09:35:03.269+0000] {local.py:404} INFO - Trying to run dbtRunner with:
 ['run', '--models', 'fct_trips', '--project-dir', '/tmp/tmpj8y8dkpk', '--profiles-dir', '/opt/***/include/dbt', '--profile', 'nyc_taxi', '--target', 'dev']
 in /tmp/tmpj8y8dkpk
[2024-12-03T09:35:03.479+0000] {logging_mixin.py:188} INFO - 09:35:03  Running with dbt=1.8.7
[2024-12-03T09:35:04.829+0000] {logging_mixin.py:188} INFO - 09:35:04  Registered adapter: bigquery=1.8.3
[2024-12-03T09:35:08.674+0000] {logging_mixin.py:188} INFO - 09:35:08  Found 7 models, 34 data tests, 2 sources, 600 macros
[2024-12-03T09:35:08.685+0000] {logging_mixin.py:188} INFO - 09:35:08
[2024-12-03T09:35:10.473+0000] {logging_mixin.py:188} INFO - 09:35:10  Concurrency: 1 threads (target='dev')
[2024-12-03T09:35:10.477+0000] {logging_mixin.py:188} INFO - 09:35:10
[2024-12-03T09:35:10.488+0000] {logging_mixin.py:188} INFO - 09:35:10  1 of 1 START sql table model nyc_taxi.fct_trips ................................ [RUN]
[2024-12-03T09:35:24.248+0000] {logging_mixin.py:188} INFO - 09:35:24  1 of 1 OK created sql table model nyc_taxi.fct_trips ........................... [CREATE TABLE (559.4k rows, 97.7 MiB processed) in 13.75s]
[2024-12-03T09:35:24.262+0000] {logging_mixin.py:188} INFO - 09:35:24
[2024-12-03T09:35:24.265+0000] {logging_mixin.py:188} INFO - 09:35:24  Finished running 1 table model in 0 hours 0 minutes and 15.57 seconds (15.57s).
[2024-12-03T09:35:24.926+0000] {logging_mixin.py:188} INFO - 09:35:24
[2024-12-03T09:35:24.930+0000] {logging_mixin.py:188} INFO - 09:35:24  Completed successfully
[2024-12-03T09:35:24.933+0000] {logging_mixin.py:188} INFO - 09:35:24
[2024-12-03T09:35:24.936+0000] {logging_mixin.py:188} INFO - 09:35:24  Done. PASS=1 WARN=0 ERROR=0 SKIP=0 TOTAL=1
[2024-12-03T09:35:26.240+0000] {local.py:196} WARNING - Artifact schema version: https://schemas.getdbt.com/dbt/manifest/v12.json is above dbt-ol supported version 7. This might cause errors.
[2024-12-03T09:35:26.241+0000] {local.py:196} WARNING - Artifact schema version: https://schemas.getdbt.com/dbt/run-results/v6.json is above dbt-ol supported version 5. This might cause errors.
[2024-12-03T09:35:26.260+0000] {local.py:490} INFO - Inlets: [Dataset(uri='bigquery/northern-shield-437204-m0.nyc_taxi.dim_time', extra=None), Dataset(uri='bigquery/northern-shield-437204-m0.nyc_taxi.green_tripdata', extra=None)]
[2024-12-03T09:35:26.261+0000] {local.py:491} INFO - Outlets: [Dataset(uri='bigquery/northern-shield-437204-m0.nyc_taxi.fct_trips', extra=None)]
[2024-12-03T09:35:26.262+0000] {local.py:590} INFO - Assigning inlets/outlets without DatasetAlias
[2024-12-03T09:35:26.264+0000] {dag.py:3089} INFO - Sync 1 DAGs
[2024-12-03T09:35:26.327+0000] {dag.py:3947} INFO - Setting next_dagrun for nyc_green_tripdata to None, run_after=None
[2024-12-03T09:35:26.390+0000] {taskinstance.py:441} INFO - ::group::Post task execution logs
[2024-12-03T09:35:26.455+0000] {taskinstance.py:1206} INFO - Marking task as SUCCESS. dag_id=nyc_green_tripdata, task_id=dbt_transform.fct_trips.run, run_id=manual__2024-12-03T09:32:23.208113+00:00, execution_date=20241203T093223, start_date=20241203T093459, end_date=20241203T093526
[2024-12-03T09:35:26.567+0000] {local_task_job_runner.py:243} INFO - Task exited with return code 0
[2024-12-03T09:35:26.638+0000] {taskinstance.py:3503} INFO - 1 downstream tasks scheduled from follow-on schedule check
[2024-12-03T09:35:26.641+0000] {local_task_job_runner.py:222} INFO - ::endgroup::
