[2024-12-03T06:58:05.892+0000] {local_task_job_runner.py:120} INFO - ::group::Pre task execution logs
[2024-12-03T06:58:05.908+0000] {taskinstance.py:2076} INFO - Dependencies all met for dep_context=non-requeueable deps ti=<TaskInstance: nyc_green_tripdata.upload_tripdata_transform_to_gcs manual__2024-12-03T06:57:48.596223+00:00 [queued]>
[2024-12-03T06:58:05.919+0000] {taskinstance.py:2076} INFO - Dependencies all met for dep_context=requeueable deps ti=<TaskInstance: nyc_green_tripdata.upload_tripdata_transform_to_gcs manual__2024-12-03T06:57:48.596223+00:00 [queued]>
[2024-12-03T06:58:05.919+0000] {taskinstance.py:2306} INFO - Starting attempt 1 of 2
[2024-12-03T06:58:05.933+0000] {taskinstance.py:2330} INFO - Executing <Task(LocalFilesystemToGCSOperator): upload_tripdata_transform_to_gcs> on 2024-12-03 06:57:48.596223+00:00
[2024-12-03T06:58:05.943+0000] {standard_task_runner.py:64} INFO - Started process 1109 to run task
[2024-12-03T06:58:05.947+0000] {standard_task_runner.py:90} INFO - Running: ['***', 'tasks', 'run', 'nyc_green_tripdata', 'upload_tripdata_transform_to_gcs', 'manual__2024-12-03T06:57:48.596223+00:00', '--job-id', '190', '--raw', '--subdir', 'DAGS_FOLDER/dag_green_tripdata.py', '--cfg-path', '/tmp/tmp6kcuwq0_']
[2024-12-03T06:58:05.950+0000] {standard_task_runner.py:91} INFO - Job 190: Subtask upload_tripdata_transform_to_gcs
[2024-12-03T06:58:05.996+0000] {task_command.py:426} INFO - Running <TaskInstance: nyc_green_tripdata.upload_tripdata_transform_to_gcs manual__2024-12-03T06:57:48.596223+00:00 [running]> on host 39c047f38cb8
[2024-12-03T06:58:06.090+0000] {taskinstance.py:2648} INFO - Exporting env vars: AIRFLOW_CTX_DAG_EMAIL='muhii.smta@gmail.com' AIRFLOW_CTX_DAG_OWNER='Muhii' AIRFLOW_CTX_DAG_ID='nyc_green_tripdata' AIRFLOW_CTX_TASK_ID='upload_tripdata_transform_to_gcs' AIRFLOW_CTX_EXECUTION_DATE='2024-12-03T06:57:48.596223+00:00' AIRFLOW_CTX_TRY_NUMBER='1' AIRFLOW_CTX_DAG_RUN_ID='manual__2024-12-03T06:57:48.596223+00:00'
[2024-12-03T06:58:06.092+0000] {taskinstance.py:430} INFO - ::endgroup::
[2024-12-03T06:58:06.094+0000] {crypto.py:82} WARNING - empty cryptography key - values will not be stored encrypted.
[2024-12-03T06:58:06.094+0000] {connection.py:274} WARNING - Connection schemes (type: google_cloud_platform) shall not contain '_' according to RFC3986.
[2024-12-03T06:58:06.095+0000] {base.py:84} INFO - Using connection ID 'google_cloud_default' for task execution.
[2024-12-03T06:58:08.438+0000] {gcs.py:560} INFO - File /opt/***/dataset/transform/tf_green_tripdata_2023-02.parquet uploaded to transform/tf_green_tripdata_2023-02.parquet in green_taxi_bucket bucket
[2024-12-03T06:58:08.439+0000] {taskinstance.py:441} INFO - ::group::Post task execution logs
[2024-12-03T06:58:08.448+0000] {taskinstance.py:1206} INFO - Marking task as SUCCESS. dag_id=nyc_green_tripdata, task_id=upload_tripdata_transform_to_gcs, run_id=manual__2024-12-03T06:57:48.596223+00:00, execution_date=20241203T065748, start_date=20241203T065805, end_date=20241203T065808
[2024-12-03T06:58:08.510+0000] {local_task_job_runner.py:243} INFO - Task exited with return code 0
[2024-12-03T06:58:08.547+0000] {taskinstance.py:3503} INFO - 1 downstream tasks scheduled from follow-on schedule check
[2024-12-03T06:58:08.549+0000] {local_task_job_runner.py:222} INFO - ::endgroup::
