[2024-12-03T09:56:15.367+0000] {local_task_job_runner.py:120} INFO - ::group::Pre task execution logs
[2024-12-03T09:56:15.419+0000] {taskinstance.py:2076} INFO - Dependencies all met for dep_context=non-requeueable deps ti=<TaskInstance: nyc_green_tripdata.dbt_transform.dim_payment.run manual__2024-12-03T09:54:54.457834+00:00 [queued]>
[2024-12-03T09:56:15.451+0000] {taskinstance.py:2076} INFO - Dependencies all met for dep_context=requeueable deps ti=<TaskInstance: nyc_green_tripdata.dbt_transform.dim_payment.run manual__2024-12-03T09:54:54.457834+00:00 [queued]>
[2024-12-03T09:56:15.452+0000] {taskinstance.py:2306} INFO - Starting attempt 1 of 2
[2024-12-03T09:56:15.489+0000] {taskinstance.py:2330} INFO - Executing <Task(DbtRunLocalOperator): dbt_transform.dim_payment.run> on 2024-12-03 09:54:54.457834+00:00
[2024-12-03T09:56:15.511+0000] {standard_task_runner.py:64} INFO - Started process 10832 to run task
[2024-12-03T09:56:15.522+0000] {standard_task_runner.py:90} INFO - Running: ['***', 'tasks', 'run', 'nyc_green_tripdata', 'dbt_transform.dim_payment.run', 'manual__2024-12-03T09:54:54.457834+00:00', '--job-id', '415', '--raw', '--subdir', 'DAGS_FOLDER/dag_green_tripdata.py', '--cfg-path', '/tmp/tmpasa6nscb']
[2024-12-03T09:56:15.530+0000] {standard_task_runner.py:91} INFO - Job 415: Subtask dbt_transform.dim_payment.run
[2024-12-03T09:56:15.661+0000] {task_command.py:426} INFO - Running <TaskInstance: nyc_green_tripdata.dbt_transform.dim_payment.run manual__2024-12-03T09:54:54.457834+00:00 [running]> on host 39c047f38cb8
[2024-12-03T09:56:15.955+0000] {taskinstance.py:2648} INFO - Exporting env vars: AIRFLOW_CTX_DAG_EMAIL='muhii.smta@gmail.com' AIRFLOW_CTX_DAG_OWNER='Muhii' AIRFLOW_CTX_DAG_ID='nyc_green_tripdata' AIRFLOW_CTX_TASK_ID='dbt_transform.dim_payment.run' AIRFLOW_CTX_EXECUTION_DATE='2024-12-03T09:54:54.457834+00:00' AIRFLOW_CTX_TRY_NUMBER='1' AIRFLOW_CTX_DAG_RUN_ID='manual__2024-12-03T09:54:54.457834+00:00'
[2024-12-03T09:56:15.960+0000] {taskinstance.py:430} INFO - ::endgroup::
[2024-12-03T09:56:18.523+0000] {local.py:216} INFO - dbtRunner is available. Using dbtRunner for invoking dbt.
[2024-12-03T09:56:18.524+0000] {local.py:432} INFO - Cloning project to writable temp directory /tmp/tmpu00x9u00 from /opt/airflow/include/dbt
[2024-12-03T09:56:18.534+0000] {local.py:443} INFO - Partial parse is enabled and the latest partial parse file is /tmp/cosmos/nyc_green_tripdata__dbt_transform/target/partial_parse.msgpack
[2024-12-03T09:56:18.565+0000] {config.py:332} INFO - Using user-supplied profiles.yml at /opt/airflow/include/dbt/profiles.yml
[2024-12-03T09:56:18.566+0000] {local.py:404} INFO - Trying to run dbtRunner with:
 ['run', '--models', 'dim_payment', '--project-dir', '/tmp/tmpu00x9u00', '--profiles-dir', '/opt/***/include/dbt', '--profile', 'nyc_taxi', '--target', 'dev']
 in /tmp/tmpu00x9u00
[2024-12-03T09:56:18.815+0000] {logging_mixin.py:188} INFO - 09:56:18  Running with dbt=1.8.7
[2024-12-03T09:56:20.750+0000] {logging_mixin.py:188} INFO - 09:56:20  Registered adapter: bigquery=1.8.3
[2024-12-03T09:56:24.585+0000] {logging_mixin.py:188} INFO - 09:56:24  Found 7 models, 34 data tests, 2 sources, 600 macros
[2024-12-03T09:56:24.593+0000] {logging_mixin.py:188} INFO - 09:56:24
[2024-12-03T09:56:27.792+0000] {logging_mixin.py:188} INFO - 09:56:27  Concurrency: 1 threads (target='dev')
[2024-12-03T09:56:27.803+0000] {logging_mixin.py:188} INFO - 09:56:27
[2024-12-03T09:56:27.816+0000] {logging_mixin.py:188} INFO - 09:56:27  1 of 1 START sql table model nyc_taxi.dim_payment .............................. [RUN]
[2024-12-03T09:56:32.142+0000] {logging_mixin.py:188} INFO - 09:56:32  1 of 1 OK created sql table model nyc_taxi.dim_payment ......................... [CREATE TABLE (5.0 rows, 4.7 MiB processed) in 4.31s]
[2024-12-03T09:56:32.156+0000] {logging_mixin.py:188} INFO - 09:56:32
[2024-12-03T09:56:32.160+0000] {logging_mixin.py:188} INFO - 09:56:32  Finished running 1 table model in 0 hours 0 minutes and 7.56 seconds (7.56s).
[2024-12-03T09:56:32.832+0000] {logging_mixin.py:188} INFO - 09:56:32
[2024-12-03T09:56:32.835+0000] {logging_mixin.py:188} INFO - 09:56:32  Completed successfully
[2024-12-03T09:56:32.838+0000] {logging_mixin.py:188} INFO - 09:56:32
[2024-12-03T09:56:32.841+0000] {logging_mixin.py:188} INFO - 09:56:32  Done. PASS=1 WARN=0 ERROR=0 SKIP=0 TOTAL=1
[2024-12-03T09:56:34.088+0000] {local.py:196} WARNING - Artifact schema version: https://schemas.getdbt.com/dbt/manifest/v12.json is above dbt-ol supported version 7. This might cause errors.
[2024-12-03T09:56:34.090+0000] {local.py:196} WARNING - Artifact schema version: https://schemas.getdbt.com/dbt/run-results/v6.json is above dbt-ol supported version 5. This might cause errors.
[2024-12-03T09:56:34.109+0000] {local.py:490} INFO - Inlets: [Dataset(uri='bigquery/northern-shield-437204-m0.nyc_taxi.green_tripdata', extra=None)]
[2024-12-03T09:56:34.111+0000] {local.py:491} INFO - Outlets: [Dataset(uri='bigquery/northern-shield-437204-m0.nyc_taxi.dim_payment', extra=None)]
[2024-12-03T09:56:34.112+0000] {local.py:590} INFO - Assigning inlets/outlets without DatasetAlias
[2024-12-03T09:56:34.113+0000] {dag.py:3089} INFO - Sync 1 DAGs
[2024-12-03T09:56:34.168+0000] {dag.py:3947} INFO - Setting next_dagrun for nyc_green_tripdata to None, run_after=None
[2024-12-03T09:56:34.246+0000] {taskinstance.py:441} INFO - ::group::Post task execution logs
[2024-12-03T09:56:34.331+0000] {taskinstance.py:1206} INFO - Marking task as SUCCESS. dag_id=nyc_green_tripdata, task_id=dbt_transform.dim_payment.run, run_id=manual__2024-12-03T09:54:54.457834+00:00, execution_date=20241203T095454, start_date=20241203T095615, end_date=20241203T095634
[2024-12-03T09:56:34.463+0000] {local_task_job_runner.py:243} INFO - Task exited with return code 0
[2024-12-03T09:56:34.562+0000] {taskinstance.py:3503} INFO - 1 downstream tasks scheduled from follow-on schedule check
[2024-12-03T09:56:34.566+0000] {local_task_job_runner.py:222} INFO - ::endgroup::
