[2024-12-01T15:49:38.036+0000] {processor.py:161} INFO - Started process (PID=101) to work on /opt/airflow/dags/dag_green_tripdata.py
[2024-12-01T15:49:38.038+0000] {processor.py:830} INFO - Processing file /opt/airflow/dags/dag_green_tripdata.py for tasks to queue
[2024-12-01T15:49:38.047+0000] {logging_mixin.py:188} INFO - [2024-12-01T15:49:38.047+0000] {dagbag.py:545} INFO - Filling up the DagBag from /opt/airflow/dags/dag_green_tripdata.py
[2024-12-01T15:49:38.135+0000] {logging_mixin.py:188} INFO - [2024-12-01T15:49:38.135+0000] {graph.py:470} INFO - Trying to parse the dbt project using dbt ls cache cosmos_cache__nyc_green_tripdata__dbt_transform...
[2024-12-01T15:49:48.064+0000] {logging_mixin.py:188} INFO - [2024-12-01T15:49:48.063+0000] {cache.py:320} INFO - Cosmos performance: time to calculate cache identifier cosmos_cache__nyc_green_tripdata__dbt_transform for current version: 9.89270263799881
[2024-12-01T15:49:48.066+0000] {logging_mixin.py:188} INFO - [2024-12-01T15:49:48.065+0000] {graph.py:497} INFO - Cosmos performance: Cache miss for cosmos_cache__nyc_green_tripdata__dbt_transform - skipped
[2024-12-01T15:49:48.067+0000] {logging_mixin.py:188} INFO - [2024-12-01T15:49:48.067+0000] {graph.py:528} INFO - Trying to parse the dbt project in `/opt/airflow/include/dbt` using dbt ls...
[2024-12-01T15:49:48.089+0000] {logging_mixin.py:188} INFO - [2024-12-01T15:49:48.083+0000] {graph.py:547} INFO - Partial parse is enabled and the latest partial parse file is /tmp/cosmos/nyc_green_tripdata__dbt_transform/target/partial_parse.msgpack
[2024-12-01T15:49:48.112+0000] {logging_mixin.py:188} INFO - [2024-12-01T15:49:48.112+0000] {config.py:332} INFO - Using user-supplied profiles.yml at /opt/airflow/include/dbt/profiles.yml
[2024-12-01T15:49:48.138+0000] {logging_mixin.py:188} INFO - [2024-12-01T15:49:48.138+0000] {graph.py:136} INFO - Running command: `/home/airflow/.local/bin/dbt deps --project-dir /tmp/tmpgalam8m3 --profiles-dir /opt/airflow/include/dbt --profile nyc_taxi --target dev`
[2024-12-01T15:50:02.680+0000] {logging_mixin.py:188} INFO - [2024-12-01T15:50:02.679+0000] {graph.py:136} INFO - Running command: `/home/airflow/.local/bin/dbt ls --output json --project-dir /tmp/tmpgalam8m3 --profiles-dir /opt/airflow/include/dbt --profile nyc_taxi --target dev --select path:models/transform`
[2024-12-01T15:50:09.339+0000] {logging_mixin.py:188} INFO - [2024-12-01T15:50:09.338+0000] {timeout.py:68} ERROR - Process timed out, PID: 101
[2024-12-01T15:50:39.518+0000] {processor.py:161} INFO - Started process (PID=137) to work on /opt/airflow/dags/dag_green_tripdata.py
[2024-12-01T15:50:39.519+0000] {processor.py:830} INFO - Processing file /opt/airflow/dags/dag_green_tripdata.py for tasks to queue
[2024-12-01T15:50:39.523+0000] {logging_mixin.py:188} INFO - [2024-12-01T15:50:39.523+0000] {dagbag.py:545} INFO - Filling up the DagBag from /opt/airflow/dags/dag_green_tripdata.py
[2024-12-01T15:50:39.614+0000] {logging_mixin.py:188} INFO - [2024-12-01T15:50:39.614+0000] {graph.py:470} INFO - Trying to parse the dbt project using dbt ls cache cosmos_cache__nyc_green_tripdata__dbt_transform...
[2024-12-01T15:50:43.617+0000] {logging_mixin.py:188} INFO - [2024-12-01T15:50:43.616+0000] {cache.py:320} INFO - Cosmos performance: time to calculate cache identifier cosmos_cache__nyc_green_tripdata__dbt_transform for current version: 3.9779044830011117
[2024-12-01T15:50:43.619+0000] {logging_mixin.py:188} INFO - [2024-12-01T15:50:43.618+0000] {graph.py:497} INFO - Cosmos performance: Cache miss for cosmos_cache__nyc_green_tripdata__dbt_transform - skipped
[2024-12-01T15:50:43.620+0000] {logging_mixin.py:188} INFO - [2024-12-01T15:50:43.619+0000] {graph.py:528} INFO - Trying to parse the dbt project in `/opt/airflow/include/dbt` using dbt ls...
[2024-12-01T15:50:43.630+0000] {logging_mixin.py:188} INFO - [2024-12-01T15:50:43.629+0000] {graph.py:547} INFO - Partial parse is enabled and the latest partial parse file is /tmp/cosmos/nyc_green_tripdata__dbt_transform/target/partial_parse.msgpack
[2024-12-01T15:50:43.647+0000] {logging_mixin.py:188} INFO - [2024-12-01T15:50:43.647+0000] {config.py:332} INFO - Using user-supplied profiles.yml at /opt/airflow/include/dbt/profiles.yml
[2024-12-01T15:50:43.662+0000] {logging_mixin.py:188} INFO - [2024-12-01T15:50:43.662+0000] {graph.py:136} INFO - Running command: `/home/airflow/.local/bin/dbt deps --project-dir /tmp/tmp5rsawa5y --profiles-dir /opt/airflow/include/dbt --profile nyc_taxi --target dev`
[2024-12-01T15:50:53.140+0000] {logging_mixin.py:188} INFO - [2024-12-01T15:50:53.139+0000] {graph.py:136} INFO - Running command: `/home/airflow/.local/bin/dbt ls --output json --project-dir /tmp/tmp5rsawa5y --profiles-dir /opt/airflow/include/dbt --profile nyc_taxi --target dev --select path:models/transform`
[2024-12-01T15:51:10.844+0000] {logging_mixin.py:188} INFO - [2024-12-01T15:51:10.843+0000] {timeout.py:68} ERROR - Process timed out, PID: 137
[2024-12-01T15:51:41.089+0000] {processor.py:161} INFO - Started process (PID=173) to work on /opt/airflow/dags/dag_green_tripdata.py
[2024-12-01T15:51:41.090+0000] {processor.py:830} INFO - Processing file /opt/airflow/dags/dag_green_tripdata.py for tasks to queue
[2024-12-01T15:51:41.094+0000] {logging_mixin.py:188} INFO - [2024-12-01T15:51:41.093+0000] {dagbag.py:545} INFO - Filling up the DagBag from /opt/airflow/dags/dag_green_tripdata.py
[2024-12-01T15:51:41.183+0000] {logging_mixin.py:188} INFO - [2024-12-01T15:51:41.183+0000] {graph.py:470} INFO - Trying to parse the dbt project using dbt ls cache cosmos_cache__nyc_green_tripdata__dbt_transform...
[2024-12-01T15:51:45.565+0000] {logging_mixin.py:188} INFO - [2024-12-01T15:51:45.564+0000] {cache.py:320} INFO - Cosmos performance: time to calculate cache identifier cosmos_cache__nyc_green_tripdata__dbt_transform for current version: 4.354722127000059
[2024-12-01T15:51:45.566+0000] {logging_mixin.py:188} INFO - [2024-12-01T15:51:45.566+0000] {graph.py:497} INFO - Cosmos performance: Cache miss for cosmos_cache__nyc_green_tripdata__dbt_transform - skipped
[2024-12-01T15:51:45.568+0000] {logging_mixin.py:188} INFO - [2024-12-01T15:51:45.568+0000] {graph.py:528} INFO - Trying to parse the dbt project in `/opt/airflow/include/dbt` using dbt ls...
[2024-12-01T15:51:45.584+0000] {logging_mixin.py:188} INFO - [2024-12-01T15:51:45.584+0000] {graph.py:547} INFO - Partial parse is enabled and the latest partial parse file is /tmp/cosmos/nyc_green_tripdata__dbt_transform/target/partial_parse.msgpack
[2024-12-01T15:51:45.602+0000] {logging_mixin.py:188} INFO - [2024-12-01T15:51:45.601+0000] {config.py:332} INFO - Using user-supplied profiles.yml at /opt/airflow/include/dbt/profiles.yml
[2024-12-01T15:51:45.625+0000] {logging_mixin.py:188} INFO - [2024-12-01T15:51:45.625+0000] {graph.py:136} INFO - Running command: `/home/airflow/.local/bin/dbt deps --project-dir /tmp/tmpxz04ff7h --profiles-dir /opt/airflow/include/dbt --profile nyc_taxi --target dev`
[2024-12-01T15:51:55.339+0000] {logging_mixin.py:188} INFO - [2024-12-01T15:51:55.337+0000] {graph.py:136} INFO - Running command: `/home/airflow/.local/bin/dbt ls --output json --project-dir /tmp/tmpxz04ff7h --profiles-dir /opt/airflow/include/dbt --profile nyc_taxi --target dev --select path:models/transform`
[2024-12-01T15:52:12.561+0000] {logging_mixin.py:188} INFO - [2024-12-01T15:52:12.560+0000] {timeout.py:68} ERROR - Process timed out, PID: 173
[2024-12-01T15:52:43.578+0000] {processor.py:161} INFO - Started process (PID=209) to work on /opt/airflow/dags/dag_green_tripdata.py
[2024-12-01T15:52:43.580+0000] {processor.py:830} INFO - Processing file /opt/airflow/dags/dag_green_tripdata.py for tasks to queue
[2024-12-01T15:52:43.583+0000] {logging_mixin.py:188} INFO - [2024-12-01T15:52:43.583+0000] {dagbag.py:545} INFO - Filling up the DagBag from /opt/airflow/dags/dag_green_tripdata.py
[2024-12-01T15:52:43.651+0000] {logging_mixin.py:188} INFO - [2024-12-01T15:52:43.651+0000] {graph.py:470} INFO - Trying to parse the dbt project using dbt ls cache cosmos_cache__nyc_green_tripdata__dbt_transform...
[2024-12-01T15:52:47.765+0000] {logging_mixin.py:188} INFO - [2024-12-01T15:52:47.764+0000] {cache.py:320} INFO - Cosmos performance: time to calculate cache identifier cosmos_cache__nyc_green_tripdata__dbt_transform for current version: 4.089810564999425
[2024-12-01T15:52:47.766+0000] {logging_mixin.py:188} INFO - [2024-12-01T15:52:47.766+0000] {graph.py:497} INFO - Cosmos performance: Cache miss for cosmos_cache__nyc_green_tripdata__dbt_transform - skipped
[2024-12-01T15:52:47.768+0000] {logging_mixin.py:188} INFO - [2024-12-01T15:52:47.767+0000] {graph.py:528} INFO - Trying to parse the dbt project in `/opt/airflow/include/dbt` using dbt ls...
[2024-12-01T15:52:47.782+0000] {logging_mixin.py:188} INFO - [2024-12-01T15:52:47.780+0000] {graph.py:547} INFO - Partial parse is enabled and the latest partial parse file is /tmp/cosmos/nyc_green_tripdata__dbt_transform/target/partial_parse.msgpack
[2024-12-01T15:52:47.803+0000] {logging_mixin.py:188} INFO - [2024-12-01T15:52:47.803+0000] {config.py:332} INFO - Using user-supplied profiles.yml at /opt/airflow/include/dbt/profiles.yml
[2024-12-01T15:52:47.819+0000] {logging_mixin.py:188} INFO - [2024-12-01T15:52:47.819+0000] {graph.py:136} INFO - Running command: `/home/airflow/.local/bin/dbt deps --project-dir /tmp/tmpkb27uxcy --profiles-dir /opt/airflow/include/dbt --profile nyc_taxi --target dev`
[2024-12-01T15:53:01.743+0000] {logging_mixin.py:188} INFO - [2024-12-01T15:53:01.742+0000] {graph.py:136} INFO - Running command: `/home/airflow/.local/bin/dbt ls --output json --project-dir /tmp/tmpkb27uxcy --profiles-dir /opt/airflow/include/dbt --profile nyc_taxi --target dev --select path:models/transform`
[2024-12-01T15:53:15.021+0000] {logging_mixin.py:188} INFO - [2024-12-01T15:53:15.020+0000] {timeout.py:68} ERROR - Process timed out, PID: 209
