[2024-11-28T06:55:25.720+0000] {local_task_job_runner.py:120} INFO - ::group::Pre task execution logs
[2024-11-28T06:55:25.759+0000] {taskinstance.py:2076} INFO - Dependencies all met for dep_context=non-requeueable deps ti=<TaskInstance: nyc_green_tripdata.dbt_transform.dim_triptype.run scheduled__2024-11-27T00:00:00+00:00 [queued]>
[2024-11-28T06:55:25.780+0000] {taskinstance.py:2076} INFO - Dependencies all met for dep_context=requeueable deps ti=<TaskInstance: nyc_green_tripdata.dbt_transform.dim_triptype.run scheduled__2024-11-27T00:00:00+00:00 [queued]>
[2024-11-28T06:55:25.782+0000] {taskinstance.py:2306} INFO - Starting attempt 1 of 2
[2024-11-28T06:55:25.814+0000] {taskinstance.py:2330} INFO - Executing <Task(DbtRunLocalOperator): dbt_transform.dim_triptype.run> on 2024-11-27 00:00:00+00:00
[2024-11-28T06:55:25.828+0000] {standard_task_runner.py:64} INFO - Started process 811 to run task
[2024-11-28T06:55:25.835+0000] {standard_task_runner.py:90} INFO - Running: ['***', 'tasks', 'run', 'nyc_green_tripdata', 'dbt_transform.dim_triptype.run', 'scheduled__2024-11-27T00:00:00+00:00', '--job-id', '93', '--raw', '--subdir', 'DAGS_FOLDER/dag_green_tripdata.py', '--cfg-path', '/tmp/tmpy1g0hmfi']
[2024-11-28T06:55:25.841+0000] {standard_task_runner.py:91} INFO - Job 93: Subtask dbt_transform.dim_triptype.run
[2024-11-28T06:55:25.952+0000] {task_command.py:426} INFO - Running <TaskInstance: nyc_green_tripdata.dbt_transform.dim_triptype.run scheduled__2024-11-27T00:00:00+00:00 [running]> on host 39c047f38cb8
[2024-11-28T06:55:26.138+0000] {taskinstance.py:2648} INFO - Exporting env vars: AIRFLOW_CTX_DAG_EMAIL='muhii.smta@gmail.com' AIRFLOW_CTX_DAG_OWNER='Muhii' AIRFLOW_CTX_DAG_ID='nyc_green_tripdata' AIRFLOW_CTX_TASK_ID='dbt_transform.dim_triptype.run' AIRFLOW_CTX_EXECUTION_DATE='2024-11-27T00:00:00+00:00' AIRFLOW_CTX_TRY_NUMBER='1' AIRFLOW_CTX_DAG_RUN_ID='scheduled__2024-11-27T00:00:00+00:00'
[2024-11-28T06:55:26.142+0000] {taskinstance.py:430} INFO - ::endgroup::
[2024-11-28T06:55:30.969+0000] {local.py:216} INFO - dbtRunner is available. Using dbtRunner for invoking dbt.
[2024-11-28T06:55:30.971+0000] {local.py:432} INFO - Cloning project to writable temp directory /tmp/tmp80h66hfb from /opt/airflow/include/dbt
[2024-11-28T06:55:30.978+0000] {local.py:443} INFO - Partial parse is enabled and the latest partial parse file is /tmp/cosmos/nyc_green_tripdata__dbt_transform/target/partial_parse.msgpack
[2024-11-28T06:55:30.998+0000] {config.py:332} INFO - Using user-supplied profiles.yml at /opt/airflow/include/dbt/profiles.yml
[2024-11-28T06:55:30.999+0000] {local.py:404} INFO - Trying to run dbtRunner with:
 ['run', '--models', 'dim_triptype', '--project-dir', '/tmp/tmp80h66hfb', '--profiles-dir', '/opt/***/include/dbt', '--profile', 'nyc_taxi', '--target', 'dev']
 in /tmp/tmp80h66hfb
[2024-11-28T06:55:31.991+0000] {logging_mixin.py:188} INFO - 06:55:31  Running with dbt=1.8.7
[2024-11-28T06:55:33.550+0000] {logging_mixin.py:188} INFO - 06:55:33  Registered adapter: bigquery=1.8.3
[2024-11-28T06:55:38.560+0000] {logging_mixin.py:188} INFO - 06:55:38  Found 7 models, 34 data tests, 2 sources, 600 macros
[2024-11-28T06:55:38.568+0000] {logging_mixin.py:188} INFO - 06:55:38
[2024-11-28T06:55:40.150+0000] {logging_mixin.py:188} INFO - 06:55:40  Concurrency: 1 threads (target='dev')
[2024-11-28T06:55:40.153+0000] {logging_mixin.py:188} INFO - 06:55:40
[2024-11-28T06:55:40.163+0000] {logging_mixin.py:188} INFO - 06:55:40  1 of 1 START sql table model nyc_taxi.dim_triptype ............................. [RUN]
[2024-11-28T06:55:45.684+0000] {logging_mixin.py:188} INFO - 06:55:45  1 of 1 OK created sql table model nyc_taxi.dim_triptype ........................ [CREATE TABLE (3.0 rows, 927.0 KiB processed) in 5.51s]
[2024-11-28T06:55:45.698+0000] {logging_mixin.py:188} INFO - 06:55:45
[2024-11-28T06:55:45.701+0000] {logging_mixin.py:188} INFO - 06:55:45  Finished running 1 table model in 0 hours 0 minutes and 7.13 seconds (7.13s).
[2024-11-28T06:55:46.312+0000] {logging_mixin.py:188} INFO - 06:55:46
[2024-11-28T06:55:46.315+0000] {logging_mixin.py:188} INFO - 06:55:46  Completed successfully
[2024-11-28T06:55:46.318+0000] {logging_mixin.py:188} INFO - 06:55:46
[2024-11-28T06:55:46.321+0000] {logging_mixin.py:188} INFO - 06:55:46  Done. PASS=1 WARN=0 ERROR=0 SKIP=0 TOTAL=1
[2024-11-28T06:55:47.539+0000] {local.py:196} WARNING - Artifact schema version: https://schemas.getdbt.com/dbt/manifest/v12.json is above dbt-ol supported version 7. This might cause errors.
[2024-11-28T06:55:47.540+0000] {local.py:196} WARNING - Artifact schema version: https://schemas.getdbt.com/dbt/run-results/v6.json is above dbt-ol supported version 5. This might cause errors.
[2024-11-28T06:55:47.553+0000] {local.py:490} INFO - Inlets: [Dataset(uri='bigquery/northern-shield-437204-m0.nyc_taxi.green_tripdata', extra=None)]
[2024-11-28T06:55:47.554+0000] {local.py:491} INFO - Outlets: [Dataset(uri='bigquery/northern-shield-437204-m0.nyc_taxi.dim_triptype', extra=None)]
[2024-11-28T06:55:47.555+0000] {local.py:590} INFO - Assigning inlets/outlets without DatasetAlias
[2024-11-28T06:55:47.556+0000] {dag.py:3089} INFO - Sync 1 DAGs
[2024-11-28T06:55:47.602+0000] {dag.py:3947} INFO - Setting next_dagrun for nyc_green_tripdata to None, run_after=None
[2024-11-28T06:55:47.659+0000] {taskinstance.py:441} INFO - ::group::Post task execution logs
[2024-11-28T06:55:47.720+0000] {taskinstance.py:1206} INFO - Marking task as SUCCESS. dag_id=nyc_green_tripdata, task_id=dbt_transform.dim_triptype.run, run_id=scheduled__2024-11-27T00:00:00+00:00, execution_date=20241127T000000, start_date=20241128T065525, end_date=20241128T065547
[2024-11-28T06:55:47.846+0000] {local_task_job_runner.py:243} INFO - Task exited with return code 0
[2024-11-28T06:55:47.924+0000] {taskinstance.py:3503} INFO - 1 downstream tasks scheduled from follow-on schedule check
[2024-11-28T06:55:47.928+0000] {local_task_job_runner.py:222} INFO - ::endgroup::
