[2024-12-03T09:14:21.981+0000] {local_task_job_runner.py:120} INFO - ::group::Pre task execution logs
[2024-12-03T09:14:22.021+0000] {taskinstance.py:2076} INFO - Dependencies all met for dep_context=non-requeueable deps ti=<TaskInstance: nyc_green_tripdata.dbt_transform.dim_time.run manual__2024-12-03T09:13:06.208954+00:00 [queued]>
[2024-12-03T09:14:22.054+0000] {taskinstance.py:2076} INFO - Dependencies all met for dep_context=requeueable deps ti=<TaskInstance: nyc_green_tripdata.dbt_transform.dim_time.run manual__2024-12-03T09:13:06.208954+00:00 [queued]>
[2024-12-03T09:14:22.055+0000] {taskinstance.py:2306} INFO - Starting attempt 1 of 2
[2024-12-03T09:14:22.105+0000] {taskinstance.py:2330} INFO - Executing <Task(DbtRunLocalOperator): dbt_transform.dim_time.run> on 2024-12-03 09:13:06.208954+00:00
[2024-12-03T09:14:22.128+0000] {standard_task_runner.py:64} INFO - Started process 8482 to run task
[2024-12-03T09:14:22.138+0000] {standard_task_runner.py:90} INFO - Running: ['***', 'tasks', 'run', 'nyc_green_tripdata', 'dbt_transform.dim_time.run', 'manual__2024-12-03T09:13:06.208954+00:00', '--job-id', '338', '--raw', '--subdir', 'DAGS_FOLDER/dag_green_tripdata.py', '--cfg-path', '/tmp/tmpk16960qv']
[2024-12-03T09:14:22.148+0000] {standard_task_runner.py:91} INFO - Job 338: Subtask dbt_transform.dim_time.run
[2024-12-03T09:14:22.259+0000] {task_command.py:426} INFO - Running <TaskInstance: nyc_green_tripdata.dbt_transform.dim_time.run manual__2024-12-03T09:13:06.208954+00:00 [running]> on host 39c047f38cb8
[2024-12-03T09:14:22.484+0000] {taskinstance.py:2648} INFO - Exporting env vars: AIRFLOW_CTX_DAG_EMAIL='muhii.smta@gmail.com' AIRFLOW_CTX_DAG_OWNER='Muhii' AIRFLOW_CTX_DAG_ID='nyc_green_tripdata' AIRFLOW_CTX_TASK_ID='dbt_transform.dim_time.run' AIRFLOW_CTX_EXECUTION_DATE='2024-12-03T09:13:06.208954+00:00' AIRFLOW_CTX_TRY_NUMBER='1' AIRFLOW_CTX_DAG_RUN_ID='manual__2024-12-03T09:13:06.208954+00:00'
[2024-12-03T09:14:22.489+0000] {taskinstance.py:430} INFO - ::endgroup::
[2024-12-03T09:14:27.598+0000] {local.py:216} INFO - dbtRunner is available. Using dbtRunner for invoking dbt.
[2024-12-03T09:14:27.601+0000] {local.py:432} INFO - Cloning project to writable temp directory /tmp/tmpgv0yh2gl from /opt/airflow/include/dbt
[2024-12-03T09:14:27.610+0000] {local.py:443} INFO - Partial parse is enabled and the latest partial parse file is /tmp/cosmos/nyc_green_tripdata__dbt_transform/target/partial_parse.msgpack
[2024-12-03T09:14:27.683+0000] {config.py:332} INFO - Using user-supplied profiles.yml at /opt/airflow/include/dbt/profiles.yml
[2024-12-03T09:14:27.684+0000] {local.py:404} INFO - Trying to run dbtRunner with:
 ['run', '--models', 'dim_time', '--project-dir', '/tmp/tmpgv0yh2gl', '--profiles-dir', '/opt/***/include/dbt', '--profile', 'nyc_taxi', '--target', 'dev']
 in /tmp/tmpgv0yh2gl
[2024-12-03T09:14:27.912+0000] {logging_mixin.py:188} INFO - 09:14:27  Running with dbt=1.8.7
[2024-12-03T09:14:29.853+0000] {logging_mixin.py:188} INFO - 09:14:29  Registered adapter: bigquery=1.8.3
[2024-12-03T09:14:33.727+0000] {logging_mixin.py:188} INFO - 09:14:33  Found 7 models, 34 data tests, 2 sources, 600 macros
[2024-12-03T09:14:33.737+0000] {logging_mixin.py:188} INFO - 09:14:33
[2024-12-03T09:14:35.387+0000] {logging_mixin.py:188} INFO - 09:14:35  Concurrency: 1 threads (target='dev')
[2024-12-03T09:14:35.390+0000] {logging_mixin.py:188} INFO - 09:14:35
[2024-12-03T09:14:35.401+0000] {logging_mixin.py:188} INFO - 09:14:35  1 of 1 START sql table model nyc_taxi.dim_time ................................. [RUN]
[2024-12-03T09:14:44.479+0000] {logging_mixin.py:188} INFO - 09:14:44  1 of 1 OK created sql table model nyc_taxi.dim_time ............................ [CREATE TABLE (772.5k rows, 6.1 MiB processed) in 9.07s]
[2024-12-03T09:14:44.495+0000] {logging_mixin.py:188} INFO - 09:14:44
[2024-12-03T09:14:44.498+0000] {logging_mixin.py:188} INFO - 09:14:44  Finished running 1 table model in 0 hours 0 minutes and 10.75 seconds (10.75s).
[2024-12-03T09:14:45.221+0000] {logging_mixin.py:188} INFO - 09:14:45
[2024-12-03T09:14:45.224+0000] {logging_mixin.py:188} INFO - 09:14:45  Completed successfully
[2024-12-03T09:14:45.227+0000] {logging_mixin.py:188} INFO - 09:14:45
[2024-12-03T09:14:45.230+0000] {logging_mixin.py:188} INFO - 09:14:45  Done. PASS=1 WARN=0 ERROR=0 SKIP=0 TOTAL=1
[2024-12-03T09:14:46.608+0000] {local.py:196} WARNING - Artifact schema version: https://schemas.getdbt.com/dbt/manifest/v12.json is above dbt-ol supported version 7. This might cause errors.
[2024-12-03T09:14:46.609+0000] {local.py:196} WARNING - Artifact schema version: https://schemas.getdbt.com/dbt/run-results/v6.json is above dbt-ol supported version 5. This might cause errors.
[2024-12-03T09:14:46.624+0000] {local.py:490} INFO - Inlets: [Dataset(uri='bigquery/northern-shield-437204-m0.nyc_taxi.green_tripdata', extra=None)]
[2024-12-03T09:14:46.625+0000] {local.py:491} INFO - Outlets: [Dataset(uri='bigquery/northern-shield-437204-m0.nyc_taxi.dim_time', extra=None)]
[2024-12-03T09:14:46.626+0000] {local.py:590} INFO - Assigning inlets/outlets without DatasetAlias
[2024-12-03T09:14:46.628+0000] {dag.py:3089} INFO - Sync 1 DAGs
[2024-12-03T09:14:46.686+0000] {dag.py:3947} INFO - Setting next_dagrun for nyc_green_tripdata to None, run_after=None
[2024-12-03T09:14:46.757+0000] {taskinstance.py:441} INFO - ::group::Post task execution logs
[2024-12-03T09:14:46.829+0000] {taskinstance.py:1206} INFO - Marking task as SUCCESS. dag_id=nyc_green_tripdata, task_id=dbt_transform.dim_time.run, run_id=manual__2024-12-03T09:13:06.208954+00:00, execution_date=20241203T091306, start_date=20241203T091422, end_date=20241203T091446
[2024-12-03T09:14:46.973+0000] {local_task_job_runner.py:243} INFO - Task exited with return code 0
[2024-12-03T09:14:47.063+0000] {taskinstance.py:3503} INFO - 1 downstream tasks scheduled from follow-on schedule check
[2024-12-03T09:14:47.067+0000] {local_task_job_runner.py:222} INFO - ::endgroup::
