[2024-11-28T06:54:44.375+0000] {local_task_job_runner.py:120} INFO - ::group::Pre task execution logs
[2024-11-28T06:54:44.417+0000] {taskinstance.py:2076} INFO - Dependencies all met for dep_context=non-requeueable deps ti=<TaskInstance: nyc_green_tripdata.upload_tripdata_transform_to_gcs scheduled__2024-11-27T00:00:00+00:00 [queued]>
[2024-11-28T06:54:44.435+0000] {taskinstance.py:2076} INFO - Dependencies all met for dep_context=requeueable deps ti=<TaskInstance: nyc_green_tripdata.upload_tripdata_transform_to_gcs scheduled__2024-11-27T00:00:00+00:00 [queued]>
[2024-11-28T06:54:44.436+0000] {taskinstance.py:2306} INFO - Starting attempt 1 of 2
[2024-11-28T06:54:44.467+0000] {taskinstance.py:2330} INFO - Executing <Task(LocalFilesystemToGCSOperator): upload_tripdata_transform_to_gcs> on 2024-11-27 00:00:00+00:00
[2024-11-28T06:54:44.485+0000] {standard_task_runner.py:64} INFO - Started process 739 to run task
[2024-11-28T06:54:44.507+0000] {standard_task_runner.py:90} INFO - Running: ['***', 'tasks', 'run', 'nyc_green_tripdata', 'upload_tripdata_transform_to_gcs', 'scheduled__2024-11-27T00:00:00+00:00', '--job-id', '85', '--raw', '--subdir', 'DAGS_FOLDER/dag_green_tripdata.py', '--cfg-path', '/tmp/tmprlj5mu3x']
[2024-11-28T06:54:44.532+0000] {standard_task_runner.py:91} INFO - Job 85: Subtask upload_tripdata_transform_to_gcs
[2024-11-28T06:54:44.668+0000] {task_command.py:426} INFO - Running <TaskInstance: nyc_green_tripdata.upload_tripdata_transform_to_gcs scheduled__2024-11-27T00:00:00+00:00 [running]> on host 39c047f38cb8
[2024-11-28T06:54:44.856+0000] {taskinstance.py:2648} INFO - Exporting env vars: AIRFLOW_CTX_DAG_EMAIL='muhii.smta@gmail.com' AIRFLOW_CTX_DAG_OWNER='Muhii' AIRFLOW_CTX_DAG_ID='nyc_green_tripdata' AIRFLOW_CTX_TASK_ID='upload_tripdata_transform_to_gcs' AIRFLOW_CTX_EXECUTION_DATE='2024-11-27T00:00:00+00:00' AIRFLOW_CTX_TRY_NUMBER='1' AIRFLOW_CTX_DAG_RUN_ID='scheduled__2024-11-27T00:00:00+00:00'
[2024-11-28T06:54:44.861+0000] {taskinstance.py:430} INFO - ::endgroup::
[2024-11-28T06:54:44.864+0000] {crypto.py:82} WARNING - empty cryptography key - values will not be stored encrypted.
[2024-11-28T06:54:44.866+0000] {connection.py:274} WARNING - Connection schemes (type: google_cloud_platform) shall not contain '_' according to RFC3986.
[2024-11-28T06:54:44.868+0000] {base.py:84} INFO - Using connection ID 'google_cloud_default' for task execution.
[2024-11-28T06:54:48.531+0000] {gcs.py:560} INFO - File /opt/***/dataset/transform/tf_green_tripdata_2023-01.parquet uploaded to transform/tf_green_tripdata_2023-01.parquet in green_taxi_bucket bucket
[2024-11-28T06:54:48.532+0000] {taskinstance.py:441} INFO - ::group::Post task execution logs
[2024-11-28T06:54:48.550+0000] {taskinstance.py:1206} INFO - Marking task as SUCCESS. dag_id=nyc_green_tripdata, task_id=upload_tripdata_transform_to_gcs, run_id=scheduled__2024-11-27T00:00:00+00:00, execution_date=20241127T000000, start_date=20241128T065444, end_date=20241128T065448
[2024-11-28T06:54:48.612+0000] {local_task_job_runner.py:243} INFO - Task exited with return code 0
[2024-11-28T06:54:48.710+0000] {taskinstance.py:3503} INFO - 1 downstream tasks scheduled from follow-on schedule check
[2024-11-28T06:54:48.714+0000] {local_task_job_runner.py:222} INFO - ::endgroup::
