[2024-12-03T08:30:06.051+0000] {local_task_job_runner.py:120} INFO - ::group::Pre task execution logs
[2024-12-03T08:30:06.077+0000] {taskinstance.py:2076} INFO - Dependencies all met for dep_context=non-requeueable deps ti=<TaskInstance: nyc_green_tripdata.dbt_transform.dim_ratecode.run manual__2024-12-03T08:29:29.968670+00:00 [queued]>
[2024-12-03T08:30:06.091+0000] {taskinstance.py:2076} INFO - Dependencies all met for dep_context=requeueable deps ti=<TaskInstance: nyc_green_tripdata.dbt_transform.dim_ratecode.run manual__2024-12-03T08:29:29.968670+00:00 [queued]>
[2024-12-03T08:30:06.092+0000] {taskinstance.py:2306} INFO - Starting attempt 1 of 2
[2024-12-03T08:30:06.120+0000] {taskinstance.py:2330} INFO - Executing <Task(DbtRunLocalOperator): dbt_transform.dim_ratecode.run> on 2024-12-03 08:29:29.968670+00:00
[2024-12-03T08:30:06.133+0000] {standard_task_runner.py:64} INFO - Started process 6241 to run task
[2024-12-03T08:30:06.137+0000] {standard_task_runner.py:90} INFO - Running: ['***', 'tasks', 'run', 'nyc_green_tripdata', 'dbt_transform.dim_ratecode.run', 'manual__2024-12-03T08:29:29.968670+00:00', '--job-id', '296', '--raw', '--subdir', 'DAGS_FOLDER/dag_green_tripdata.py', '--cfg-path', '/tmp/tmphyf7ebjr']
[2024-12-03T08:30:06.142+0000] {standard_task_runner.py:91} INFO - Job 296: Subtask dbt_transform.dim_ratecode.run
[2024-12-03T08:30:06.202+0000] {task_command.py:426} INFO - Running <TaskInstance: nyc_green_tripdata.dbt_transform.dim_ratecode.run manual__2024-12-03T08:29:29.968670+00:00 [running]> on host 39c047f38cb8
[2024-12-03T08:30:06.327+0000] {taskinstance.py:2648} INFO - Exporting env vars: AIRFLOW_CTX_DAG_EMAIL='muhii.smta@gmail.com' AIRFLOW_CTX_DAG_OWNER='Muhii' AIRFLOW_CTX_DAG_ID='nyc_green_tripdata' AIRFLOW_CTX_TASK_ID='dbt_transform.dim_ratecode.run' AIRFLOW_CTX_EXECUTION_DATE='2024-12-03T08:29:29.968670+00:00' AIRFLOW_CTX_TRY_NUMBER='1' AIRFLOW_CTX_DAG_RUN_ID='manual__2024-12-03T08:29:29.968670+00:00'
[2024-12-03T08:30:06.330+0000] {taskinstance.py:430} INFO - ::endgroup::
[2024-12-03T08:30:08.480+0000] {local.py:216} INFO - dbtRunner is available. Using dbtRunner for invoking dbt.
[2024-12-03T08:30:08.481+0000] {local.py:432} INFO - Cloning project to writable temp directory /tmp/tmpmrnlaaas from /opt/airflow/include/dbt
[2024-12-03T08:30:08.485+0000] {local.py:443} INFO - Partial parse is enabled and the latest partial parse file is /tmp/cosmos/nyc_green_tripdata__dbt_transform/target/partial_parse.msgpack
[2024-12-03T08:30:08.496+0000] {config.py:332} INFO - Using user-supplied profiles.yml at /opt/airflow/include/dbt/profiles.yml
[2024-12-03T08:30:08.497+0000] {local.py:404} INFO - Trying to run dbtRunner with:
 ['run', '--models', 'dim_ratecode', '--project-dir', '/tmp/tmpmrnlaaas', '--profiles-dir', '/opt/***/include/dbt', '--profile', 'nyc_taxi', '--target', 'dev']
 in /tmp/tmpmrnlaaas
[2024-12-03T08:30:08.593+0000] {logging_mixin.py:188} INFO - 08:30:08  Running with dbt=1.8.7
[2024-12-03T08:30:09.376+0000] {logging_mixin.py:188} INFO - 08:30:09  Registered adapter: bigquery=1.8.3
[2024-12-03T08:30:08.779+0000] {logging_mixin.py:188} INFO - 08:30:08  Found 7 models, 34 data tests, 2 sources, 600 macros
[2024-12-03T08:30:08.783+0000] {logging_mixin.py:188} INFO - 08:30:08
[2024-12-03T08:30:11.275+0000] {logging_mixin.py:188} INFO - 08:30:11  Concurrency: 1 threads (target='dev')
[2024-12-03T08:30:11.276+0000] {logging_mixin.py:188} INFO - 08:30:11
[2024-12-03T08:30:11.281+0000] {logging_mixin.py:188} INFO - 08:30:11  1 of 1 START sql table model nyc_taxi.dim_ratecode ............................. [RUN]
[2024-12-03T08:30:15.591+0000] {logging_mixin.py:188} INFO - 08:30:15  1 of 1 OK created sql table model nyc_taxi.dim_ratecode ........................ [CREATE TABLE (6.0 rows, 2.2 MiB processed) in 4.31s]
[2024-12-03T08:30:15.597+0000] {logging_mixin.py:188} INFO - 08:30:15
[2024-12-03T08:30:15.598+0000] {logging_mixin.py:188} INFO - 08:30:15  Finished running 1 table model in 0 hours 0 minutes and 6.81 seconds (6.81s).
[2024-12-03T08:30:15.994+0000] {logging_mixin.py:188} INFO - 08:30:15
[2024-12-03T08:30:15.996+0000] {logging_mixin.py:188} INFO - 08:30:15  Completed successfully
[2024-12-03T08:30:15.997+0000] {logging_mixin.py:188} INFO - 08:30:15
[2024-12-03T08:30:15.998+0000] {logging_mixin.py:188} INFO - 08:30:15  Done. PASS=1 WARN=0 ERROR=0 SKIP=0 TOTAL=1
[2024-12-03T08:30:17.245+0000] {local.py:196} WARNING - Artifact schema version: https://schemas.getdbt.com/dbt/manifest/v12.json is above dbt-ol supported version 7. This might cause errors.
[2024-12-03T08:30:17.246+0000] {local.py:196} WARNING - Artifact schema version: https://schemas.getdbt.com/dbt/run-results/v6.json is above dbt-ol supported version 5. This might cause errors.
[2024-12-03T08:30:17.255+0000] {local.py:490} INFO - Inlets: [Dataset(uri='bigquery/northern-shield-437204-m0.nyc_taxi.green_tripdata', extra=None)]
[2024-12-03T08:30:17.255+0000] {local.py:491} INFO - Outlets: [Dataset(uri='bigquery/northern-shield-437204-m0.nyc_taxi.dim_ratecode', extra=None)]
[2024-12-03T08:30:17.256+0000] {local.py:590} INFO - Assigning inlets/outlets without DatasetAlias
[2024-12-03T08:30:17.256+0000] {dag.py:3089} INFO - Sync 1 DAGs
[2024-12-03T08:30:17.287+0000] {dag.py:3947} INFO - Setting next_dagrun for nyc_green_tripdata to None, run_after=None
[2024-12-03T08:30:17.330+0000] {taskinstance.py:441} INFO - ::group::Post task execution logs
[2024-12-03T08:30:17.370+0000] {taskinstance.py:1206} INFO - Marking task as SUCCESS. dag_id=nyc_green_tripdata, task_id=dbt_transform.dim_ratecode.run, run_id=manual__2024-12-03T08:29:29.968670+00:00, execution_date=20241203T082929, start_date=20241203T083006, end_date=20241203T083017
[2024-12-03T08:30:17.428+0000] {local_task_job_runner.py:243} INFO - Task exited with return code 0
[2024-12-03T08:30:17.462+0000] {taskinstance.py:3503} INFO - 1 downstream tasks scheduled from follow-on schedule check
[2024-12-03T08:30:17.465+0000] {local_task_job_runner.py:222} INFO - ::endgroup::
