[2024-12-03T06:58:09.365+0000] {local_task_job_runner.py:120} INFO - ::group::Pre task execution logs
[2024-12-03T06:58:09.384+0000] {taskinstance.py:2076} INFO - Dependencies all met for dep_context=non-requeueable deps ti=<TaskInstance: nyc_green_tripdata.load_zone_map_to_bq manual__2024-12-03T06:57:48.596223+00:00 [queued]>
[2024-12-03T06:58:09.395+0000] {taskinstance.py:2076} INFO - Dependencies all met for dep_context=requeueable deps ti=<TaskInstance: nyc_green_tripdata.load_zone_map_to_bq manual__2024-12-03T06:57:48.596223+00:00 [queued]>
[2024-12-03T06:58:09.396+0000] {taskinstance.py:2306} INFO - Starting attempt 1 of 2
[2024-12-03T06:58:09.410+0000] {taskinstance.py:2330} INFO - Executing <Task(GCSToBigQueryOperator): load_zone_map_to_bq> on 2024-12-03 06:57:48.596223+00:00
[2024-12-03T06:58:09.421+0000] {standard_task_runner.py:64} INFO - Started process 1121 to run task
[2024-12-03T06:58:09.425+0000] {standard_task_runner.py:90} INFO - Running: ['***', 'tasks', 'run', 'nyc_green_tripdata', 'load_zone_map_to_bq', 'manual__2024-12-03T06:57:48.596223+00:00', '--job-id', '191', '--raw', '--subdir', 'DAGS_FOLDER/dag_green_tripdata.py', '--cfg-path', '/tmp/tmp8d0tjuhe']
[2024-12-03T06:58:09.427+0000] {standard_task_runner.py:91} INFO - Job 191: Subtask load_zone_map_to_bq
[2024-12-03T06:58:09.472+0000] {task_command.py:426} INFO - Running <TaskInstance: nyc_green_tripdata.load_zone_map_to_bq manual__2024-12-03T06:57:48.596223+00:00 [running]> on host 39c047f38cb8
[2024-12-03T06:58:09.563+0000] {taskinstance.py:2648} INFO - Exporting env vars: AIRFLOW_CTX_DAG_EMAIL='muhii.smta@gmail.com' AIRFLOW_CTX_DAG_OWNER='Muhii' AIRFLOW_CTX_DAG_ID='nyc_green_tripdata' AIRFLOW_CTX_TASK_ID='load_zone_map_to_bq' AIRFLOW_CTX_EXECUTION_DATE='2024-12-03T06:57:48.596223+00:00' AIRFLOW_CTX_TRY_NUMBER='1' AIRFLOW_CTX_DAG_RUN_ID='manual__2024-12-03T06:57:48.596223+00:00'
[2024-12-03T06:58:09.565+0000] {taskinstance.py:430} INFO - ::endgroup::
[2024-12-03T06:58:09.566+0000] {crypto.py:82} WARNING - empty cryptography key - values will not be stored encrypted.
[2024-12-03T06:58:09.567+0000] {connection.py:274} WARNING - Connection schemes (type: google_cloud_platform) shall not contain '_' according to RFC3986.
[2024-12-03T06:58:09.568+0000] {base.py:84} INFO - Using connection ID 'google_cloud_default' for task execution.
[2024-12-03T06:58:09.569+0000] {gcs_to_bigquery.py:381} INFO - Using existing BigQuery table for storing data...
[2024-12-03T06:58:09.607+0000] {gcs_to_bigquery.py:385} INFO - Executing: {'load': {'autodetect': True, 'createDisposition': 'CREATE_IF_NEEDED', 'destinationTable': {'projectId': 'northern-shield-437204-m0', 'datasetId': 'nyc_taxi', 'tableId': 'zone_map'}, 'sourceFormat': 'PARQUET', 'sourceUris': ['gs://green_taxi_bucket/transform/taxi_zone_lookup.parquet'], 'writeDisposition': 'WRITE_APPEND', 'ignoreUnknownValues': False}}
[2024-12-03T06:58:09.609+0000] {bigquery.py:1702} INFO - Inserting job ***_nyc_green_tripdata_load_zone_map_to_bq_2024_12_03T06_57_48_596223_00_00_dc66b353f40bf37c665836ba0c0f88cb
[2024-12-03T06:58:14.029+0000] {taskinstance.py:441} INFO - ::group::Post task execution logs
[2024-12-03T06:58:14.038+0000] {taskinstance.py:1206} INFO - Marking task as SUCCESS. dag_id=nyc_green_tripdata, task_id=load_zone_map_to_bq, run_id=manual__2024-12-03T06:57:48.596223+00:00, execution_date=20241203T065748, start_date=20241203T065809, end_date=20241203T065814
[2024-12-03T06:58:14.087+0000] {local_task_job_runner.py:243} INFO - Task exited with return code 0
[2024-12-03T06:58:14.130+0000] {taskinstance.py:3503} INFO - 0 downstream tasks scheduled from follow-on schedule check
[2024-12-03T06:58:14.132+0000] {local_task_job_runner.py:222} INFO - ::endgroup::
