[2024-12-03T09:33:43.549+0000] {local_task_job_runner.py:120} INFO - ::group::Pre task execution logs
[2024-12-03T09:33:43.591+0000] {taskinstance.py:2076} INFO - Dependencies all met for dep_context=non-requeueable deps ti=<TaskInstance: nyc_green_tripdata.dbt_transform.dim_time.run manual__2024-12-03T09:32:23.208113+00:00 [queued]>
[2024-12-03T09:33:43.615+0000] {taskinstance.py:2076} INFO - Dependencies all met for dep_context=requeueable deps ti=<TaskInstance: nyc_green_tripdata.dbt_transform.dim_time.run manual__2024-12-03T09:32:23.208113+00:00 [queued]>
[2024-12-03T09:33:43.616+0000] {taskinstance.py:2306} INFO - Starting attempt 1 of 2
[2024-12-03T09:33:43.645+0000] {taskinstance.py:2330} INFO - Executing <Task(DbtRunLocalOperator): dbt_transform.dim_time.run> on 2024-12-03 09:32:23.208113+00:00
[2024-12-03T09:33:43.663+0000] {standard_task_runner.py:64} INFO - Started process 9802 to run task
[2024-12-03T09:33:43.671+0000] {standard_task_runner.py:90} INFO - Running: ['***', 'tasks', 'run', 'nyc_green_tripdata', 'dbt_transform.dim_time.run', 'manual__2024-12-03T09:32:23.208113+00:00', '--job-id', '395', '--raw', '--subdir', 'DAGS_FOLDER/dag_green_tripdata.py', '--cfg-path', '/tmp/tmpn6k9uyg2']
[2024-12-03T09:33:43.678+0000] {standard_task_runner.py:91} INFO - Job 395: Subtask dbt_transform.dim_time.run
[2024-12-03T09:33:43.784+0000] {task_command.py:426} INFO - Running <TaskInstance: nyc_green_tripdata.dbt_transform.dim_time.run manual__2024-12-03T09:32:23.208113+00:00 [running]> on host 39c047f38cb8
[2024-12-03T09:33:43.997+0000] {taskinstance.py:2648} INFO - Exporting env vars: AIRFLOW_CTX_DAG_EMAIL='muhii.smta@gmail.com' AIRFLOW_CTX_DAG_OWNER='Muhii' AIRFLOW_CTX_DAG_ID='nyc_green_tripdata' AIRFLOW_CTX_TASK_ID='dbt_transform.dim_time.run' AIRFLOW_CTX_EXECUTION_DATE='2024-12-03T09:32:23.208113+00:00' AIRFLOW_CTX_TRY_NUMBER='1' AIRFLOW_CTX_DAG_RUN_ID='manual__2024-12-03T09:32:23.208113+00:00'
[2024-12-03T09:33:44.002+0000] {taskinstance.py:430} INFO - ::endgroup::
[2024-12-03T09:33:48.136+0000] {local.py:216} INFO - dbtRunner is available. Using dbtRunner for invoking dbt.
[2024-12-03T09:33:48.138+0000] {local.py:432} INFO - Cloning project to writable temp directory /tmp/tmp86vobpl0 from /opt/airflow/include/dbt
[2024-12-03T09:33:48.145+0000] {local.py:443} INFO - Partial parse is enabled and the latest partial parse file is /tmp/cosmos/nyc_green_tripdata__dbt_transform/target/partial_parse.msgpack
[2024-12-03T09:33:48.164+0000] {config.py:332} INFO - Using user-supplied profiles.yml at /opt/airflow/include/dbt/profiles.yml
[2024-12-03T09:33:48.165+0000] {local.py:404} INFO - Trying to run dbtRunner with:
 ['run', '--models', 'dim_time', '--project-dir', '/tmp/tmp86vobpl0', '--profiles-dir', '/opt/***/include/dbt', '--profile', 'nyc_taxi', '--target', 'dev']
 in /tmp/tmp86vobpl0
[2024-12-03T09:33:48.378+0000] {logging_mixin.py:188} INFO - 09:33:48  Running with dbt=1.8.7
[2024-12-03T09:33:49.882+0000] {logging_mixin.py:188} INFO - 09:33:49  Registered adapter: bigquery=1.8.3
[2024-12-03T09:33:54.024+0000] {logging_mixin.py:188} INFO - 09:33:54  Found 7 models, 34 data tests, 2 sources, 600 macros
[2024-12-03T09:33:54.034+0000] {logging_mixin.py:188} INFO - 09:33:54
[2024-12-03T09:33:56.277+0000] {logging_mixin.py:188} INFO - 09:33:56  Concurrency: 1 threads (target='dev')
[2024-12-03T09:33:56.279+0000] {logging_mixin.py:188} INFO - 09:33:56
[2024-12-03T09:33:56.291+0000] {logging_mixin.py:188} INFO - 09:33:56  1 of 1 START sql table model nyc_taxi.dim_time ................................. [RUN]
[2024-12-03T09:34:07.604+0000] {logging_mixin.py:188} INFO - 09:34:07  1 of 1 OK created sql table model nyc_taxi.dim_time ............................ [CREATE TABLE (1.1m rows, 8.5 MiB processed) in 11.30s]
[2024-12-03T09:34:07.620+0000] {logging_mixin.py:188} INFO - 09:34:07
[2024-12-03T09:34:07.624+0000] {logging_mixin.py:188} INFO - 09:34:07  Finished running 1 table model in 0 hours 0 minutes and 13.58 seconds (13.58s).
[2024-12-03T09:34:08.322+0000] {logging_mixin.py:188} INFO - 09:34:08
[2024-12-03T09:34:08.325+0000] {logging_mixin.py:188} INFO - 09:34:08  Completed successfully
[2024-12-03T09:34:08.329+0000] {logging_mixin.py:188} INFO - 09:34:08
[2024-12-03T09:34:08.332+0000] {logging_mixin.py:188} INFO - 09:34:08  Done. PASS=1 WARN=0 ERROR=0 SKIP=0 TOTAL=1
[2024-12-03T09:34:09.729+0000] {local.py:196} WARNING - Artifact schema version: https://schemas.getdbt.com/dbt/manifest/v12.json is above dbt-ol supported version 7. This might cause errors.
[2024-12-03T09:34:09.731+0000] {local.py:196} WARNING - Artifact schema version: https://schemas.getdbt.com/dbt/run-results/v6.json is above dbt-ol supported version 5. This might cause errors.
[2024-12-03T09:34:09.749+0000] {local.py:490} INFO - Inlets: [Dataset(uri='bigquery/northern-shield-437204-m0.nyc_taxi.green_tripdata', extra=None)]
[2024-12-03T09:34:09.751+0000] {local.py:491} INFO - Outlets: [Dataset(uri='bigquery/northern-shield-437204-m0.nyc_taxi.dim_time', extra=None)]
[2024-12-03T09:34:09.752+0000] {local.py:590} INFO - Assigning inlets/outlets without DatasetAlias
[2024-12-03T09:34:09.753+0000] {dag.py:3089} INFO - Sync 1 DAGs
[2024-12-03T09:34:09.805+0000] {dag.py:3947} INFO - Setting next_dagrun for nyc_green_tripdata to None, run_after=None
[2024-12-03T09:34:09.880+0000] {taskinstance.py:441} INFO - ::group::Post task execution logs
[2024-12-03T09:34:09.958+0000] {taskinstance.py:1206} INFO - Marking task as SUCCESS. dag_id=nyc_green_tripdata, task_id=dbt_transform.dim_time.run, run_id=manual__2024-12-03T09:32:23.208113+00:00, execution_date=20241203T093223, start_date=20241203T093343, end_date=20241203T093409
[2024-12-03T09:34:10.090+0000] {local_task_job_runner.py:243} INFO - Task exited with return code 0
[2024-12-03T09:34:10.183+0000] {taskinstance.py:3503} INFO - 1 downstream tasks scheduled from follow-on schedule check
[2024-12-03T09:34:10.186+0000] {local_task_job_runner.py:222} INFO - ::endgroup::
