[2024-12-03T08:15:48.918+0000] {local_task_job_runner.py:120} INFO - ::group::Pre task execution logs
[2024-12-03T08:15:48.940+0000] {taskinstance.py:2076} INFO - Dependencies all met for dep_context=non-requeueable deps ti=<TaskInstance: nyc_green_tripdata.dbt_transform.dim_payment.run manual__2024-12-03T08:15:10.633482+00:00 [queued]>
[2024-12-03T08:15:48.956+0000] {taskinstance.py:2076} INFO - Dependencies all met for dep_context=requeueable deps ti=<TaskInstance: nyc_green_tripdata.dbt_transform.dim_payment.run manual__2024-12-03T08:15:10.633482+00:00 [queued]>
[2024-12-03T08:15:48.957+0000] {taskinstance.py:2306} INFO - Starting attempt 1 of 2
[2024-12-03T08:15:48.974+0000] {taskinstance.py:2330} INFO - Executing <Task(DbtRunLocalOperator): dbt_transform.dim_payment.run> on 2024-12-03 08:15:10.633482+00:00
[2024-12-03T08:15:48.987+0000] {standard_task_runner.py:64} INFO - Started process 5226 to run task
[2024-12-03T08:15:48.991+0000] {standard_task_runner.py:90} INFO - Running: ['***', 'tasks', 'run', 'nyc_green_tripdata', 'dbt_transform.dim_payment.run', 'manual__2024-12-03T08:15:10.633482+00:00', '--job-id', '255', '--raw', '--subdir', 'DAGS_FOLDER/dag_green_tripdata.py', '--cfg-path', '/tmp/tmp17a8usun']
[2024-12-03T08:15:48.995+0000] {standard_task_runner.py:91} INFO - Job 255: Subtask dbt_transform.dim_payment.run
[2024-12-03T08:15:49.068+0000] {task_command.py:426} INFO - Running <TaskInstance: nyc_green_tripdata.dbt_transform.dim_payment.run manual__2024-12-03T08:15:10.633482+00:00 [running]> on host 39c047f38cb8
[2024-12-03T08:15:49.191+0000] {taskinstance.py:2648} INFO - Exporting env vars: AIRFLOW_CTX_DAG_EMAIL='muhii.smta@gmail.com' AIRFLOW_CTX_DAG_OWNER='Muhii' AIRFLOW_CTX_DAG_ID='nyc_green_tripdata' AIRFLOW_CTX_TASK_ID='dbt_transform.dim_payment.run' AIRFLOW_CTX_EXECUTION_DATE='2024-12-03T08:15:10.633482+00:00' AIRFLOW_CTX_TRY_NUMBER='1' AIRFLOW_CTX_DAG_RUN_ID='manual__2024-12-03T08:15:10.633482+00:00'
[2024-12-03T08:15:49.193+0000] {taskinstance.py:430} INFO - ::endgroup::
[2024-12-03T08:15:51.775+0000] {local.py:216} INFO - dbtRunner is available. Using dbtRunner for invoking dbt.
[2024-12-03T08:15:51.776+0000] {local.py:432} INFO - Cloning project to writable temp directory /tmp/tmpgy664rph from /opt/airflow/include/dbt
[2024-12-03T08:15:51.779+0000] {local.py:443} INFO - Partial parse is enabled and the latest partial parse file is /tmp/cosmos/nyc_green_tripdata__dbt_transform/target/partial_parse.msgpack
[2024-12-03T08:15:51.791+0000] {config.py:332} INFO - Using user-supplied profiles.yml at /opt/airflow/include/dbt/profiles.yml
[2024-12-03T08:15:51.792+0000] {local.py:404} INFO - Trying to run dbtRunner with:
 ['run', '--models', 'dim_payment', '--project-dir', '/tmp/tmpgy664rph', '--profiles-dir', '/opt/***/include/dbt', '--profile', 'nyc_taxi', '--target', 'dev']
 in /tmp/tmpgy664rph
[2024-12-03T08:15:51.898+0000] {logging_mixin.py:188} INFO - 08:15:51  Running with dbt=1.8.7
[2024-12-03T08:15:52.583+0000] {logging_mixin.py:188} INFO - 08:15:52  Registered adapter: bigquery=1.8.3
[2024-12-03T08:15:52.049+0000] {logging_mixin.py:188} INFO - 08:15:52  Found 7 models, 34 data tests, 2 sources, 600 macros
[2024-12-03T08:15:52.055+0000] {logging_mixin.py:188} INFO - 08:15:52
[2024-12-03T08:15:53.400+0000] {logging_mixin.py:188} INFO - 08:15:53  Concurrency: 1 threads (target='dev')
[2024-12-03T08:15:53.401+0000] {logging_mixin.py:188} INFO - 08:15:53
[2024-12-03T08:15:53.406+0000] {logging_mixin.py:188} INFO - 08:15:53  1 of 1 START sql table model nyc_taxi.dim_payment .............................. [RUN]
[2024-12-03T08:15:58.092+0000] {logging_mixin.py:188} INFO - 08:15:58  1 of 1 OK created sql table model nyc_taxi.dim_payment ......................... [CREATE TABLE (4.0 rows, 1.4 MiB processed) in 4.68s]
[2024-12-03T08:15:58.099+0000] {logging_mixin.py:188} INFO - 08:15:58
[2024-12-03T08:15:58.100+0000] {logging_mixin.py:188} INFO - 08:15:58  Finished running 1 table model in 0 hours 0 minutes and 6.04 seconds (6.04s).
[2024-12-03T08:15:58.495+0000] {logging_mixin.py:188} INFO - 08:15:58
[2024-12-03T08:15:58.496+0000] {logging_mixin.py:188} INFO - 08:15:58  Completed successfully
[2024-12-03T08:15:58.498+0000] {logging_mixin.py:188} INFO - 08:15:58
[2024-12-03T08:15:58.499+0000] {logging_mixin.py:188} INFO - 08:15:58  Done. PASS=1 WARN=0 ERROR=0 SKIP=0 TOTAL=1
[2024-12-03T08:15:59.679+0000] {local.py:196} WARNING - Artifact schema version: https://schemas.getdbt.com/dbt/manifest/v12.json is above dbt-ol supported version 7. This might cause errors.
[2024-12-03T08:15:59.680+0000] {local.py:196} WARNING - Artifact schema version: https://schemas.getdbt.com/dbt/run-results/v6.json is above dbt-ol supported version 5. This might cause errors.
[2024-12-03T08:15:59.688+0000] {local.py:490} INFO - Inlets: [Dataset(uri='bigquery/northern-shield-437204-m0.nyc_taxi.green_tripdata', extra=None)]
[2024-12-03T08:15:59.688+0000] {local.py:491} INFO - Outlets: [Dataset(uri='bigquery/northern-shield-437204-m0.nyc_taxi.dim_payment', extra=None)]
[2024-12-03T08:15:59.689+0000] {local.py:590} INFO - Assigning inlets/outlets without DatasetAlias
[2024-12-03T08:15:59.689+0000] {dag.py:3089} INFO - Sync 1 DAGs
[2024-12-03T08:15:59.716+0000] {dag.py:3947} INFO - Setting next_dagrun for nyc_green_tripdata to None, run_after=None
[2024-12-03T08:15:59.749+0000] {taskinstance.py:441} INFO - ::group::Post task execution logs
[2024-12-03T08:15:59.786+0000] {taskinstance.py:1206} INFO - Marking task as SUCCESS. dag_id=nyc_green_tripdata, task_id=dbt_transform.dim_payment.run, run_id=manual__2024-12-03T08:15:10.633482+00:00, execution_date=20241203T081510, start_date=20241203T081548, end_date=20241203T081559
[2024-12-03T08:15:59.844+0000] {local_task_job_runner.py:243} INFO - Task exited with return code 0
[2024-12-03T08:15:59.874+0000] {taskinstance.py:3503} INFO - 1 downstream tasks scheduled from follow-on schedule check
[2024-12-03T08:15:59.875+0000] {local_task_job_runner.py:222} INFO - ::endgroup::
