[2024-11-29T04:40:27.099+0000] {local_task_job_runner.py:120} INFO - ::group::Pre task execution logs
[2024-11-29T04:40:27.114+0000] {taskinstance.py:2076} INFO - Dependencies all met for dep_context=non-requeueable deps ti=<TaskInstance: nyc_green_tripdata.load_zone_map_to_bq manual__2024-11-29T04:40:06.141839+00:00 [queued]>
[2024-11-29T04:40:27.124+0000] {taskinstance.py:2076} INFO - Dependencies all met for dep_context=requeueable deps ti=<TaskInstance: nyc_green_tripdata.load_zone_map_to_bq manual__2024-11-29T04:40:06.141839+00:00 [queued]>
[2024-11-29T04:40:27.125+0000] {taskinstance.py:2306} INFO - Starting attempt 1 of 2
[2024-11-29T04:40:27.137+0000] {taskinstance.py:2330} INFO - Executing <Task(GCSToBigQueryOperator): load_zone_map_to_bq> on 2024-11-29 04:40:06.141839+00:00
[2024-11-29T04:40:27.144+0000] {standard_task_runner.py:64} INFO - Started process 674 to run task
[2024-11-29T04:40:27.147+0000] {standard_task_runner.py:90} INFO - Running: ['***', 'tasks', 'run', 'nyc_green_tripdata', 'load_zone_map_to_bq', 'manual__2024-11-29T04:40:06.141839+00:00', '--job-id', '160', '--raw', '--subdir', 'DAGS_FOLDER/dag_green_tripdata.py', '--cfg-path', '/tmp/tmp7ip937xo']
[2024-11-29T04:40:27.149+0000] {standard_task_runner.py:91} INFO - Job 160: Subtask load_zone_map_to_bq
[2024-11-29T04:40:27.189+0000] {task_command.py:426} INFO - Running <TaskInstance: nyc_green_tripdata.load_zone_map_to_bq manual__2024-11-29T04:40:06.141839+00:00 [running]> on host 39c047f38cb8
[2024-11-29T04:40:27.262+0000] {taskinstance.py:2648} INFO - Exporting env vars: AIRFLOW_CTX_DAG_EMAIL='muhii.smta@gmail.com' AIRFLOW_CTX_DAG_OWNER='Muhii' AIRFLOW_CTX_DAG_ID='nyc_green_tripdata' AIRFLOW_CTX_TASK_ID='load_zone_map_to_bq' AIRFLOW_CTX_EXECUTION_DATE='2024-11-29T04:40:06.141839+00:00' AIRFLOW_CTX_TRY_NUMBER='1' AIRFLOW_CTX_DAG_RUN_ID='manual__2024-11-29T04:40:06.141839+00:00'
[2024-11-29T04:40:27.264+0000] {taskinstance.py:430} INFO - ::endgroup::
[2024-11-29T04:40:27.265+0000] {crypto.py:82} WARNING - empty cryptography key - values will not be stored encrypted.
[2024-11-29T04:40:27.266+0000] {connection.py:274} WARNING - Connection schemes (type: google_cloud_platform) shall not contain '_' according to RFC3986.
[2024-11-29T04:40:27.267+0000] {base.py:84} INFO - Using connection ID 'google_cloud_default' for task execution.
[2024-11-29T04:40:27.268+0000] {gcs_to_bigquery.py:381} INFO - Using existing BigQuery table for storing data...
[2024-11-29T04:40:27.302+0000] {gcs_to_bigquery.py:385} INFO - Executing: {'load': {'autodetect': True, 'createDisposition': 'CREATE_IF_NEEDED', 'destinationTable': {'projectId': 'northern-shield-437204-m0', 'datasetId': 'nyc_taxi', 'tableId': 'zone_map'}, 'sourceFormat': 'PARQUET', 'sourceUris': ['gs://green_taxi_bucket/transform/taxi_zone_lookup.parquet'], 'writeDisposition': 'WRITE_APPEND', 'ignoreUnknownValues': False}}
[2024-11-29T04:40:27.304+0000] {bigquery.py:1702} INFO - Inserting job ***_nyc_green_tripdata_load_zone_map_to_bq_2024_11_29T04_40_06_141839_00_00_f6185683c09729892e250fc34d884343
[2024-11-29T04:40:30.944+0000] {taskinstance.py:441} INFO - ::group::Post task execution logs
[2024-11-29T04:40:30.952+0000] {taskinstance.py:1206} INFO - Marking task as SUCCESS. dag_id=nyc_green_tripdata, task_id=load_zone_map_to_bq, run_id=manual__2024-11-29T04:40:06.141839+00:00, execution_date=20241129T044006, start_date=20241129T044027, end_date=20241129T044030
[2024-11-29T04:40:31.002+0000] {local_task_job_runner.py:243} INFO - Task exited with return code 0
[2024-11-29T04:40:31.035+0000] {taskinstance.py:3503} INFO - 0 downstream tasks scheduled from follow-on schedule check
[2024-11-29T04:40:31.037+0000] {local_task_job_runner.py:222} INFO - ::endgroup::
