[2024-12-03T09:56:15.375+0000] {local_task_job_runner.py:120} INFO - ::group::Pre task execution logs
[2024-12-03T09:56:15.431+0000] {taskinstance.py:2076} INFO - Dependencies all met for dep_context=non-requeueable deps ti=<TaskInstance: nyc_green_tripdata.dbt_transform.dim_vendor.run manual__2024-12-03T09:54:54.457834+00:00 [queued]>
[2024-12-03T09:56:15.457+0000] {taskinstance.py:2076} INFO - Dependencies all met for dep_context=requeueable deps ti=<TaskInstance: nyc_green_tripdata.dbt_transform.dim_vendor.run manual__2024-12-03T09:54:54.457834+00:00 [queued]>
[2024-12-03T09:56:15.458+0000] {taskinstance.py:2306} INFO - Starting attempt 1 of 2
[2024-12-03T09:56:15.497+0000] {taskinstance.py:2330} INFO - Executing <Task(DbtRunLocalOperator): dbt_transform.dim_vendor.run> on 2024-12-03 09:54:54.457834+00:00
[2024-12-03T09:56:15.518+0000] {standard_task_runner.py:64} INFO - Started process 10833 to run task
[2024-12-03T09:56:15.528+0000] {standard_task_runner.py:90} INFO - Running: ['***', 'tasks', 'run', 'nyc_green_tripdata', 'dbt_transform.dim_vendor.run', 'manual__2024-12-03T09:54:54.457834+00:00', '--job-id', '416', '--raw', '--subdir', 'DAGS_FOLDER/dag_green_tripdata.py', '--cfg-path', '/tmp/tmp8nrd_k4q']
[2024-12-03T09:56:15.538+0000] {standard_task_runner.py:91} INFO - Job 416: Subtask dbt_transform.dim_vendor.run
[2024-12-03T09:56:15.673+0000] {task_command.py:426} INFO - Running <TaskInstance: nyc_green_tripdata.dbt_transform.dim_vendor.run manual__2024-12-03T09:54:54.457834+00:00 [running]> on host 39c047f38cb8
[2024-12-03T09:56:15.954+0000] {taskinstance.py:2648} INFO - Exporting env vars: AIRFLOW_CTX_DAG_EMAIL='muhii.smta@gmail.com' AIRFLOW_CTX_DAG_OWNER='Muhii' AIRFLOW_CTX_DAG_ID='nyc_green_tripdata' AIRFLOW_CTX_TASK_ID='dbt_transform.dim_vendor.run' AIRFLOW_CTX_EXECUTION_DATE='2024-12-03T09:54:54.457834+00:00' AIRFLOW_CTX_TRY_NUMBER='1' AIRFLOW_CTX_DAG_RUN_ID='manual__2024-12-03T09:54:54.457834+00:00'
[2024-12-03T09:56:15.960+0000] {taskinstance.py:430} INFO - ::endgroup::
[2024-12-03T09:56:18.575+0000] {local.py:216} INFO - dbtRunner is available. Using dbtRunner for invoking dbt.
[2024-12-03T09:56:18.577+0000] {local.py:432} INFO - Cloning project to writable temp directory /tmp/tmp57p7bcod from /opt/airflow/include/dbt
[2024-12-03T09:56:18.586+0000] {local.py:443} INFO - Partial parse is enabled and the latest partial parse file is /tmp/cosmos/nyc_green_tripdata__dbt_transform/target/partial_parse.msgpack
[2024-12-03T09:56:18.611+0000] {config.py:332} INFO - Using user-supplied profiles.yml at /opt/airflow/include/dbt/profiles.yml
[2024-12-03T09:56:18.612+0000] {local.py:404} INFO - Trying to run dbtRunner with:
 ['run', '--models', 'dim_vendor', '--project-dir', '/tmp/tmp57p7bcod', '--profiles-dir', '/opt/***/include/dbt', '--profile', 'nyc_taxi', '--target', 'dev']
 in /tmp/tmp57p7bcod
[2024-12-03T09:56:18.863+0000] {logging_mixin.py:188} INFO - 09:56:18  Running with dbt=1.8.7
[2024-12-03T09:56:20.598+0000] {logging_mixin.py:188} INFO - 09:56:20  Registered adapter: bigquery=1.8.3
[2024-12-03T09:56:24.485+0000] {logging_mixin.py:188} INFO - 09:56:24  Found 7 models, 34 data tests, 2 sources, 600 macros
[2024-12-03T09:56:24.492+0000] {logging_mixin.py:188} INFO - 09:56:24
[2024-12-03T09:56:27.532+0000] {logging_mixin.py:188} INFO - 09:56:27  Concurrency: 1 threads (target='dev')
[2024-12-03T09:56:27.535+0000] {logging_mixin.py:188} INFO - 09:56:27
[2024-12-03T09:56:27.547+0000] {logging_mixin.py:188} INFO - 09:56:27  1 of 1 START sql table model nyc_taxi.dim_vendor ............................... [RUN]
[2024-12-03T09:56:31.901+0000] {logging_mixin.py:188} INFO - 09:56:31  1 of 1 OK created sql table model nyc_taxi.dim_vendor .......................... [CREATE TABLE (2.0 rows, 4.7 MiB processed) in 4.34s]
[2024-12-03T09:56:31.921+0000] {logging_mixin.py:188} INFO - 09:56:31
[2024-12-03T09:56:31.924+0000] {logging_mixin.py:188} INFO - 09:56:31  Finished running 1 table model in 0 hours 0 minutes and 7.43 seconds (7.43s).
[2024-12-03T09:56:32.633+0000] {logging_mixin.py:188} INFO - 09:56:32
[2024-12-03T09:56:32.636+0000] {logging_mixin.py:188} INFO - 09:56:32  Completed successfully
[2024-12-03T09:56:32.639+0000] {logging_mixin.py:188} INFO - 09:56:32
[2024-12-03T09:56:32.642+0000] {logging_mixin.py:188} INFO - 09:56:32  Done. PASS=1 WARN=0 ERROR=0 SKIP=0 TOTAL=1
[2024-12-03T09:56:33.975+0000] {local.py:196} WARNING - Artifact schema version: https://schemas.getdbt.com/dbt/manifest/v12.json is above dbt-ol supported version 7. This might cause errors.
[2024-12-03T09:56:33.978+0000] {local.py:196} WARNING - Artifact schema version: https://schemas.getdbt.com/dbt/run-results/v6.json is above dbt-ol supported version 5. This might cause errors.
[2024-12-03T09:56:33.997+0000] {local.py:490} INFO - Inlets: [Dataset(uri='bigquery/northern-shield-437204-m0.nyc_taxi.green_tripdata', extra=None)]
[2024-12-03T09:56:33.999+0000] {local.py:491} INFO - Outlets: [Dataset(uri='bigquery/northern-shield-437204-m0.nyc_taxi.dim_vendor', extra=None)]
[2024-12-03T09:56:34.000+0000] {local.py:590} INFO - Assigning inlets/outlets without DatasetAlias
[2024-12-03T09:56:34.001+0000] {dag.py:3089} INFO - Sync 1 DAGs
[2024-12-03T09:56:34.056+0000] {dag.py:3947} INFO - Setting next_dagrun for nyc_green_tripdata to None, run_after=None
[2024-12-03T09:56:34.145+0000] {taskinstance.py:441} INFO - ::group::Post task execution logs
[2024-12-03T09:56:34.221+0000] {taskinstance.py:1206} INFO - Marking task as SUCCESS. dag_id=nyc_green_tripdata, task_id=dbt_transform.dim_vendor.run, run_id=manual__2024-12-03T09:54:54.457834+00:00, execution_date=20241203T095454, start_date=20241203T095615, end_date=20241203T095634
[2024-12-03T09:56:34.351+0000] {local_task_job_runner.py:243} INFO - Task exited with return code 0
[2024-12-03T09:56:34.428+0000] {taskinstance.py:3503} INFO - 1 downstream tasks scheduled from follow-on schedule check
[2024-12-03T09:56:34.459+0000] {local_task_job_runner.py:222} INFO - ::endgroup::
