[2024-11-29T04:40:43.278+0000] {local_task_job_runner.py:120} INFO - ::group::Pre task execution logs
[2024-11-29T04:40:43.298+0000] {taskinstance.py:2076} INFO - Dependencies all met for dep_context=non-requeueable deps ti=<TaskInstance: nyc_green_tripdata.dbt_transform.dim_triptype.run manual__2024-11-29T04:40:06.141839+00:00 [queued]>
[2024-11-29T04:40:43.315+0000] {taskinstance.py:2076} INFO - Dependencies all met for dep_context=requeueable deps ti=<TaskInstance: nyc_green_tripdata.dbt_transform.dim_triptype.run manual__2024-11-29T04:40:06.141839+00:00 [queued]>
[2024-11-29T04:40:43.316+0000] {taskinstance.py:2306} INFO - Starting attempt 1 of 2
[2024-11-29T04:40:43.332+0000] {taskinstance.py:2330} INFO - Executing <Task(DbtRunLocalOperator): dbt_transform.dim_triptype.run> on 2024-11-29 04:40:06.141839+00:00
[2024-11-29T04:40:43.342+0000] {standard_task_runner.py:64} INFO - Started process 716 to run task
[2024-11-29T04:40:43.345+0000] {standard_task_runner.py:90} INFO - Running: ['***', 'tasks', 'run', 'nyc_green_tripdata', 'dbt_transform.dim_triptype.run', 'manual__2024-11-29T04:40:06.141839+00:00', '--job-id', '164', '--raw', '--subdir', 'DAGS_FOLDER/dag_green_tripdata.py', '--cfg-path', '/tmp/tmpkml4sl48']
[2024-11-29T04:40:43.348+0000] {standard_task_runner.py:91} INFO - Job 164: Subtask dbt_transform.dim_triptype.run
[2024-11-29T04:40:43.398+0000] {task_command.py:426} INFO - Running <TaskInstance: nyc_green_tripdata.dbt_transform.dim_triptype.run manual__2024-11-29T04:40:06.141839+00:00 [running]> on host 39c047f38cb8
[2024-11-29T04:40:43.511+0000] {taskinstance.py:2648} INFO - Exporting env vars: AIRFLOW_CTX_DAG_EMAIL='muhii.smta@gmail.com' AIRFLOW_CTX_DAG_OWNER='Muhii' AIRFLOW_CTX_DAG_ID='nyc_green_tripdata' AIRFLOW_CTX_TASK_ID='dbt_transform.dim_triptype.run' AIRFLOW_CTX_EXECUTION_DATE='2024-11-29T04:40:06.141839+00:00' AIRFLOW_CTX_TRY_NUMBER='1' AIRFLOW_CTX_DAG_RUN_ID='manual__2024-11-29T04:40:06.141839+00:00'
[2024-11-29T04:40:43.514+0000] {taskinstance.py:430} INFO - ::endgroup::
[2024-11-29T04:40:45.778+0000] {local.py:216} INFO - dbtRunner is available. Using dbtRunner for invoking dbt.
[2024-11-29T04:40:45.780+0000] {local.py:432} INFO - Cloning project to writable temp directory /tmp/tmp36np4241 from /opt/airflow/include/dbt
[2024-11-29T04:40:45.783+0000] {local.py:443} INFO - Partial parse is enabled and the latest partial parse file is /tmp/cosmos/nyc_green_tripdata__dbt_transform/target/partial_parse.msgpack
[2024-11-29T04:40:45.796+0000] {config.py:332} INFO - Using user-supplied profiles.yml at /opt/airflow/include/dbt/profiles.yml
[2024-11-29T04:40:45.797+0000] {local.py:404} INFO - Trying to run dbtRunner with:
 ['run', '--models', 'dim_triptype', '--project-dir', '/tmp/tmp36np4241', '--profiles-dir', '/opt/***/include/dbt', '--profile', 'nyc_taxi', '--target', 'dev']
 in /tmp/tmp36np4241
[2024-11-29T04:40:45.936+0000] {logging_mixin.py:188} INFO - 04:40:45  Running with dbt=1.8.7
[2024-11-29T04:40:46.770+0000] {logging_mixin.py:188} INFO - 04:40:46  Registered adapter: bigquery=1.8.3
[2024-11-29T04:40:48.410+0000] {logging_mixin.py:188} INFO - 04:40:48  Found 7 models, 34 data tests, 2 sources, 600 macros
[2024-11-29T04:40:48.414+0000] {logging_mixin.py:188} INFO - 04:40:48
[2024-11-29T04:40:49.743+0000] {logging_mixin.py:188} INFO - 04:40:49  Concurrency: 1 threads (target='dev')
[2024-11-29T04:40:49.744+0000] {logging_mixin.py:188} INFO - 04:40:49
[2024-11-29T04:40:49.747+0000] {logging_mixin.py:188} INFO - 04:40:49  1 of 1 START sql table model nyc_taxi.dim_triptype ............................. [RUN]
[2024-11-29T04:40:53.164+0000] {logging_mixin.py:188} INFO - 04:40:53  1 of 1 OK created sql table model nyc_taxi.dim_triptype ........................ [CREATE TABLE (3.0 rows, 463.5 KiB processed) in 3.41s]
[2024-11-29T04:40:53.169+0000] {logging_mixin.py:188} INFO - 04:40:53
[2024-11-29T04:40:53.170+0000] {logging_mixin.py:188} INFO - 04:40:53  Finished running 1 table model in 0 hours 0 minutes and 4.75 seconds (4.75s).
[2024-11-29T04:40:53.497+0000] {logging_mixin.py:188} INFO - 04:40:53
[2024-11-29T04:40:53.500+0000] {logging_mixin.py:188} INFO - 04:40:53  Completed successfully
[2024-11-29T04:40:53.502+0000] {logging_mixin.py:188} INFO - 04:40:53
[2024-11-29T04:40:53.503+0000] {logging_mixin.py:188} INFO - 04:40:53  Done. PASS=1 WARN=0 ERROR=0 SKIP=0 TOTAL=1
[2024-11-29T04:40:54.650+0000] {local.py:196} WARNING - Artifact schema version: https://schemas.getdbt.com/dbt/manifest/v12.json is above dbt-ol supported version 7. This might cause errors.
[2024-11-29T04:40:54.651+0000] {local.py:196} WARNING - Artifact schema version: https://schemas.getdbt.com/dbt/run-results/v6.json is above dbt-ol supported version 5. This might cause errors.
[2024-11-29T04:40:54.658+0000] {local.py:490} INFO - Inlets: [Dataset(uri='bigquery/northern-shield-437204-m0.nyc_taxi.green_tripdata', extra=None)]
[2024-11-29T04:40:54.659+0000] {local.py:491} INFO - Outlets: [Dataset(uri='bigquery/northern-shield-437204-m0.nyc_taxi.dim_triptype', extra=None)]
[2024-11-29T04:40:54.659+0000] {local.py:590} INFO - Assigning inlets/outlets without DatasetAlias
[2024-11-29T04:40:54.660+0000] {dag.py:3089} INFO - Sync 1 DAGs
[2024-11-29T04:40:54.683+0000] {dag.py:3947} INFO - Setting next_dagrun for nyc_green_tripdata to None, run_after=None
[2024-11-29T04:40:54.716+0000] {taskinstance.py:441} INFO - ::group::Post task execution logs
[2024-11-29T04:40:54.751+0000] {taskinstance.py:1206} INFO - Marking task as SUCCESS. dag_id=nyc_green_tripdata, task_id=dbt_transform.dim_triptype.run, run_id=manual__2024-11-29T04:40:06.141839+00:00, execution_date=20241129T044006, start_date=20241129T044043, end_date=20241129T044054
[2024-11-29T04:40:54.812+0000] {local_task_job_runner.py:243} INFO - Task exited with return code 0
[2024-11-29T04:40:54.842+0000] {taskinstance.py:3503} INFO - 1 downstream tasks scheduled from follow-on schedule check
[2024-11-29T04:40:54.844+0000] {local_task_job_runner.py:222} INFO - ::endgroup::
