[2024-11-13T06:28:38.931+0000] {local_task_job_runner.py:120} INFO - ::group::Pre task execution logs
[2024-11-13T06:28:38.963+0000] {taskinstance.py:2076} INFO - Dependencies all met for dep_context=non-requeueable deps ti=<TaskInstance: nyc_green_taxi.load_zone_map_to_bq manual__2024-11-13T06:17:40.100985+00:00 [queued]>
[2024-11-13T06:28:38.982+0000] {taskinstance.py:2076} INFO - Dependencies all met for dep_context=requeueable deps ti=<TaskInstance: nyc_green_taxi.load_zone_map_to_bq manual__2024-11-13T06:17:40.100985+00:00 [queued]>
[2024-11-13T06:28:38.983+0000] {taskinstance.py:2306} INFO - Starting attempt 2 of 3
[2024-11-13T06:28:39.014+0000] {taskinstance.py:2330} INFO - Executing <Task(GCSToBigQueryOperator): load_zone_map_to_bq> on 2024-11-13 06:17:40.100985+00:00
[2024-11-13T06:28:39.025+0000] {standard_task_runner.py:64} INFO - Started process 980 to run task
[2024-11-13T06:28:39.029+0000] {standard_task_runner.py:90} INFO - Running: ['***', 'tasks', 'run', 'nyc_green_taxi', 'load_zone_map_to_bq', 'manual__2024-11-13T06:17:40.100985+00:00', '--job-id', '96', '--raw', '--subdir', 'DAGS_FOLDER/data_ingestion.py', '--cfg-path', '/tmp/tmpu727b7hh']
[2024-11-13T06:28:39.033+0000] {standard_task_runner.py:91} INFO - Job 96: Subtask load_zone_map_to_bq
[2024-11-13T06:28:39.120+0000] {task_command.py:426} INFO - Running <TaskInstance: nyc_green_taxi.load_zone_map_to_bq manual__2024-11-13T06:17:40.100985+00:00 [running]> on host 7a2cfb7b2df5
[2024-11-13T06:28:39.298+0000] {taskinstance.py:2648} INFO - Exporting env vars: AIRFLOW_CTX_DAG_EMAIL='muhii.smta@gmail.com' AIRFLOW_CTX_DAG_OWNER='Muhii' AIRFLOW_CTX_DAG_ID='nyc_green_taxi' AIRFLOW_CTX_TASK_ID='load_zone_map_to_bq' AIRFLOW_CTX_EXECUTION_DATE='2024-11-13T06:17:40.100985+00:00' AIRFLOW_CTX_TRY_NUMBER='2' AIRFLOW_CTX_DAG_RUN_ID='manual__2024-11-13T06:17:40.100985+00:00'
[2024-11-13T06:28:39.300+0000] {taskinstance.py:430} INFO - ::endgroup::
[2024-11-13T06:28:39.323+0000] {crypto.py:82} WARNING - empty cryptography key - values will not be stored encrypted.
[2024-11-13T06:28:39.324+0000] {connection.py:274} WARNING - Connection schemes (type: google_cloud_platform) shall not contain '_' according to RFC3986.
[2024-11-13T06:28:39.326+0000] {base.py:84} INFO - Using connection ID 'google_cloud_default' for task execution.
[2024-11-13T06:28:39.328+0000] {gcs_to_bigquery.py:381} INFO - Using existing BigQuery table for storing data...
[2024-11-13T06:28:39.428+0000] {gcs_to_bigquery.py:385} INFO - Executing: {'load': {'autodetect': True, 'createDisposition': 'CREATE_IF_NEEDED', 'destinationTable': {'projectId': 'northern-shield-437204-m0', 'datasetId': 'nyc_taxi', 'tableId': 'zone_map'}, 'sourceFormat': 'PARQUET', 'sourceUris': ['gs://green_taxi_bucket/transform/taxi_zone_lookup.parquet'], 'writeDisposition': 'WRITE_APPEND', 'ignoreUnknownValues': False}}
[2024-11-13T06:28:39.431+0000] {bigquery.py:1702} INFO - Inserting job ***_nyc_green_taxi_load_zone_map_to_bq_2024_11_13T06_17_40_100985_00_00_778bd137c073f33231a12ee91f265634
[2024-11-13T06:28:43.699+0000] {taskinstance.py:441} INFO - ::group::Post task execution logs
[2024-11-13T06:28:43.720+0000] {taskinstance.py:1206} INFO - Marking task as SUCCESS. dag_id=nyc_green_taxi, task_id=load_zone_map_to_bq, run_id=manual__2024-11-13T06:17:40.100985+00:00, execution_date=20241113T061740, start_date=20241113T062838, end_date=20241113T062843
[2024-11-13T06:28:43.819+0000] {local_task_job_runner.py:243} INFO - Task exited with return code 0
[2024-11-13T06:28:43.856+0000] {taskinstance.py:3503} INFO - 0 downstream tasks scheduled from follow-on schedule check
[2024-11-13T06:28:43.860+0000] {local_task_job_runner.py:222} INFO - ::endgroup::
