[2024-12-03T09:14:21.982+0000] {local_task_job_runner.py:120} INFO - ::group::Pre task execution logs
[2024-12-03T09:14:22.023+0000] {taskinstance.py:2076} INFO - Dependencies all met for dep_context=non-requeueable deps ti=<TaskInstance: nyc_green_tripdata.dbt_transform.dim_triptype.run manual__2024-12-03T09:13:06.208954+00:00 [queued]>
[2024-12-03T09:14:22.042+0000] {taskinstance.py:2076} INFO - Dependencies all met for dep_context=requeueable deps ti=<TaskInstance: nyc_green_tripdata.dbt_transform.dim_triptype.run manual__2024-12-03T09:13:06.208954+00:00 [queued]>
[2024-12-03T09:14:22.043+0000] {taskinstance.py:2306} INFO - Starting attempt 1 of 2
[2024-12-03T09:14:22.076+0000] {taskinstance.py:2330} INFO - Executing <Task(DbtRunLocalOperator): dbt_transform.dim_triptype.run> on 2024-12-03 09:13:06.208954+00:00
[2024-12-03T09:14:22.096+0000] {standard_task_runner.py:64} INFO - Started process 8481 to run task
[2024-12-03T09:14:22.107+0000] {standard_task_runner.py:90} INFO - Running: ['***', 'tasks', 'run', 'nyc_green_tripdata', 'dbt_transform.dim_triptype.run', 'manual__2024-12-03T09:13:06.208954+00:00', '--job-id', '336', '--raw', '--subdir', 'DAGS_FOLDER/dag_green_tripdata.py', '--cfg-path', '/tmp/tmp1nhjhvb7']
[2024-12-03T09:14:22.112+0000] {standard_task_runner.py:91} INFO - Job 336: Subtask dbt_transform.dim_triptype.run
[2024-12-03T09:14:22.230+0000] {task_command.py:426} INFO - Running <TaskInstance: nyc_green_tripdata.dbt_transform.dim_triptype.run manual__2024-12-03T09:13:06.208954+00:00 [running]> on host 39c047f38cb8
[2024-12-03T09:14:22.465+0000] {taskinstance.py:2648} INFO - Exporting env vars: AIRFLOW_CTX_DAG_EMAIL='muhii.smta@gmail.com' AIRFLOW_CTX_DAG_OWNER='Muhii' AIRFLOW_CTX_DAG_ID='nyc_green_tripdata' AIRFLOW_CTX_TASK_ID='dbt_transform.dim_triptype.run' AIRFLOW_CTX_EXECUTION_DATE='2024-12-03T09:13:06.208954+00:00' AIRFLOW_CTX_TRY_NUMBER='1' AIRFLOW_CTX_DAG_RUN_ID='manual__2024-12-03T09:13:06.208954+00:00'
[2024-12-03T09:14:22.469+0000] {taskinstance.py:430} INFO - ::endgroup::
[2024-12-03T09:14:27.673+0000] {local.py:216} INFO - dbtRunner is available. Using dbtRunner for invoking dbt.
[2024-12-03T09:14:27.676+0000] {local.py:432} INFO - Cloning project to writable temp directory /tmp/tmpgmqxjs51 from /opt/airflow/include/dbt
[2024-12-03T09:14:27.688+0000] {local.py:443} INFO - Partial parse is enabled and the latest partial parse file is /tmp/cosmos/nyc_green_tripdata__dbt_transform/target/partial_parse.msgpack
[2024-12-03T09:14:27.747+0000] {config.py:332} INFO - Using user-supplied profiles.yml at /opt/airflow/include/dbt/profiles.yml
[2024-12-03T09:14:27.748+0000] {local.py:404} INFO - Trying to run dbtRunner with:
 ['run', '--models', 'dim_triptype', '--project-dir', '/tmp/tmpgmqxjs51', '--profiles-dir', '/opt/***/include/dbt', '--profile', 'nyc_taxi', '--target', 'dev']
 in /tmp/tmpgmqxjs51
[2024-12-03T09:14:27.985+0000] {logging_mixin.py:188} INFO - 09:14:27  Running with dbt=1.8.7
[2024-12-03T09:14:29.882+0000] {logging_mixin.py:188} INFO - 09:14:29  Registered adapter: bigquery=1.8.3
[2024-12-03T09:14:33.738+0000] {logging_mixin.py:188} INFO - 09:14:33  Found 7 models, 34 data tests, 2 sources, 600 macros
[2024-12-03T09:14:33.748+0000] {logging_mixin.py:188} INFO - 09:14:33
[2024-12-03T09:14:36.064+0000] {logging_mixin.py:188} INFO - 09:14:36  Concurrency: 1 threads (target='dev')
[2024-12-03T09:14:36.067+0000] {logging_mixin.py:188} INFO - 09:14:36
[2024-12-03T09:14:36.079+0000] {logging_mixin.py:188} INFO - 09:14:36  1 of 1 START sql table model nyc_taxi.dim_triptype ............................. [RUN]
[2024-12-03T09:14:40.776+0000] {logging_mixin.py:188} INFO - 09:14:40  1 of 1 OK created sql table model nyc_taxi.dim_triptype ........................ [CREATE TABLE (3.0 rows, 3.0 MiB processed) in 4.69s]
[2024-12-03T09:14:40.789+0000] {logging_mixin.py:188} INFO - 09:14:40
[2024-12-03T09:14:40.792+0000] {logging_mixin.py:188} INFO - 09:14:40  Finished running 1 table model in 0 hours 0 minutes and 7.04 seconds (7.04s).
[2024-12-03T09:14:41.880+0000] {logging_mixin.py:188} INFO - 09:14:41
[2024-12-03T09:14:41.886+0000] {logging_mixin.py:188} INFO - 09:14:41  Completed successfully
[2024-12-03T09:14:41.890+0000] {logging_mixin.py:188} INFO - 09:14:41
[2024-12-03T09:14:41.894+0000] {logging_mixin.py:188} INFO - 09:14:41  Done. PASS=1 WARN=0 ERROR=0 SKIP=0 TOTAL=1
[2024-12-03T09:14:43.230+0000] {local.py:196} WARNING - Artifact schema version: https://schemas.getdbt.com/dbt/manifest/v12.json is above dbt-ol supported version 7. This might cause errors.
[2024-12-03T09:14:43.232+0000] {local.py:196} WARNING - Artifact schema version: https://schemas.getdbt.com/dbt/run-results/v6.json is above dbt-ol supported version 5. This might cause errors.
[2024-12-03T09:14:43.250+0000] {local.py:490} INFO - Inlets: [Dataset(uri='bigquery/northern-shield-437204-m0.nyc_taxi.green_tripdata', extra=None)]
[2024-12-03T09:14:43.251+0000] {local.py:491} INFO - Outlets: [Dataset(uri='bigquery/northern-shield-437204-m0.nyc_taxi.dim_triptype', extra=None)]
[2024-12-03T09:14:43.253+0000] {local.py:590} INFO - Assigning inlets/outlets without DatasetAlias
[2024-12-03T09:14:43.254+0000] {dag.py:3089} INFO - Sync 1 DAGs
[2024-12-03T09:14:43.453+0000] {dag.py:3947} INFO - Setting next_dagrun for nyc_green_tripdata to None, run_after=None
[2024-12-03T09:14:43.547+0000] {taskinstance.py:441} INFO - ::group::Post task execution logs
[2024-12-03T09:14:43.647+0000] {taskinstance.py:1206} INFO - Marking task as SUCCESS. dag_id=nyc_green_tripdata, task_id=dbt_transform.dim_triptype.run, run_id=manual__2024-12-03T09:13:06.208954+00:00, execution_date=20241203T091306, start_date=20241203T091422, end_date=20241203T091443
[2024-12-03T09:14:43.780+0000] {local_task_job_runner.py:243} INFO - Task exited with return code 0
[2024-12-03T09:14:43.847+0000] {taskinstance.py:3503} INFO - 1 downstream tasks scheduled from follow-on schedule check
[2024-12-03T09:14:43.850+0000] {local_task_job_runner.py:222} INFO - ::endgroup::
