[2024-12-03T09:23:59.244+0000] {local_task_job_runner.py:120} INFO - ::group::Pre task execution logs
[2024-12-03T09:23:59.294+0000] {taskinstance.py:2076} INFO - Dependencies all met for dep_context=non-requeueable deps ti=<TaskInstance: nyc_green_tripdata.dbt_transform.dim_zone.run manual__2024-12-03T09:22:38.182416+00:00 [queued]>
[2024-12-03T09:23:59.325+0000] {taskinstance.py:2076} INFO - Dependencies all met for dep_context=requeueable deps ti=<TaskInstance: nyc_green_tripdata.dbt_transform.dim_zone.run manual__2024-12-03T09:22:38.182416+00:00 [queued]>
[2024-12-03T09:23:59.327+0000] {taskinstance.py:2306} INFO - Starting attempt 1 of 2
[2024-12-03T09:23:59.371+0000] {taskinstance.py:2330} INFO - Executing <Task(DbtRunLocalOperator): dbt_transform.dim_zone.run> on 2024-12-03 09:22:38.182416+00:00
[2024-12-03T09:23:59.392+0000] {standard_task_runner.py:64} INFO - Started process 9041 to run task
[2024-12-03T09:23:59.403+0000] {standard_task_runner.py:90} INFO - Running: ['***', 'tasks', 'run', 'nyc_green_tripdata', 'dbt_transform.dim_zone.run', 'manual__2024-12-03T09:22:38.182416+00:00', '--job-id', '360', '--raw', '--subdir', 'DAGS_FOLDER/dag_green_tripdata.py', '--cfg-path', '/tmp/tmpx9biobdn']
[2024-12-03T09:23:59.412+0000] {standard_task_runner.py:91} INFO - Job 360: Subtask dbt_transform.dim_zone.run
[2024-12-03T09:23:59.533+0000] {task_command.py:426} INFO - Running <TaskInstance: nyc_green_tripdata.dbt_transform.dim_zone.run manual__2024-12-03T09:22:38.182416+00:00 [running]> on host 39c047f38cb8
[2024-12-03T09:23:59.802+0000] {taskinstance.py:2648} INFO - Exporting env vars: AIRFLOW_CTX_DAG_EMAIL='muhii.smta@gmail.com' AIRFLOW_CTX_DAG_OWNER='Muhii' AIRFLOW_CTX_DAG_ID='nyc_green_tripdata' AIRFLOW_CTX_TASK_ID='dbt_transform.dim_zone.run' AIRFLOW_CTX_EXECUTION_DATE='2024-12-03T09:22:38.182416+00:00' AIRFLOW_CTX_TRY_NUMBER='1' AIRFLOW_CTX_DAG_RUN_ID='manual__2024-12-03T09:22:38.182416+00:00'
[2024-12-03T09:23:59.807+0000] {taskinstance.py:430} INFO - ::endgroup::
[2024-12-03T09:24:02.517+0000] {local.py:216} INFO - dbtRunner is available. Using dbtRunner for invoking dbt.
[2024-12-03T09:24:02.520+0000] {local.py:432} INFO - Cloning project to writable temp directory /tmp/tmp__sryxbi from /opt/airflow/include/dbt
[2024-12-03T09:24:02.529+0000] {local.py:443} INFO - Partial parse is enabled and the latest partial parse file is /tmp/cosmos/nyc_green_tripdata__dbt_transform/target/partial_parse.msgpack
[2024-12-03T09:24:02.550+0000] {config.py:332} INFO - Using user-supplied profiles.yml at /opt/airflow/include/dbt/profiles.yml
[2024-12-03T09:24:02.551+0000] {local.py:404} INFO - Trying to run dbtRunner with:
 ['run', '--models', 'dim_zone', '--project-dir', '/tmp/tmp__sryxbi', '--profiles-dir', '/opt/***/include/dbt', '--profile', 'nyc_taxi', '--target', 'dev']
 in /tmp/tmp__sryxbi
[2024-12-03T09:24:02.756+0000] {logging_mixin.py:188} INFO - 09:24:02  Running with dbt=1.8.7
[2024-12-03T09:24:04.406+0000] {logging_mixin.py:188} INFO - 09:24:04  Registered adapter: bigquery=1.8.3
[2024-12-03T09:24:10.057+0000] {logging_mixin.py:188} INFO - 09:24:10  Found 7 models, 34 data tests, 2 sources, 600 macros
[2024-12-03T09:24:10.065+0000] {logging_mixin.py:188} INFO - 09:24:10
[2024-12-03T09:24:11.747+0000] {logging_mixin.py:188} INFO - 09:24:11  Concurrency: 1 threads (target='dev')
[2024-12-03T09:24:11.750+0000] {logging_mixin.py:188} INFO - 09:24:11
[2024-12-03T09:24:11.760+0000] {logging_mixin.py:188} INFO - 09:24:11  1 of 1 START sql table model nyc_taxi.dim_zone ................................. [RUN]
[2024-12-03T09:24:16.227+0000] {logging_mixin.py:188} INFO - 09:24:16  1 of 1 OK created sql table model nyc_taxi.dim_zone ............................ [CREATE TABLE (263.0 rows, 12.1 KiB processed) in 4.46s]
[2024-12-03T09:24:16.243+0000] {logging_mixin.py:188} INFO - 09:24:16
[2024-12-03T09:24:16.247+0000] {logging_mixin.py:188} INFO - 09:24:16  Finished running 1 table model in 0 hours 0 minutes and 6.18 seconds (6.18s).
[2024-12-03T09:24:16.956+0000] {logging_mixin.py:188} INFO - 09:24:16
[2024-12-03T09:24:16.959+0000] {logging_mixin.py:188} INFO - 09:24:16  Completed successfully
[2024-12-03T09:24:16.962+0000] {logging_mixin.py:188} INFO - 09:24:16
[2024-12-03T09:24:16.964+0000] {logging_mixin.py:188} INFO - 09:24:16  Done. PASS=1 WARN=0 ERROR=0 SKIP=0 TOTAL=1
[2024-12-03T09:24:18.294+0000] {local.py:196} WARNING - Artifact schema version: https://schemas.getdbt.com/dbt/manifest/v12.json is above dbt-ol supported version 7. This might cause errors.
[2024-12-03T09:24:18.295+0000] {local.py:196} WARNING - Artifact schema version: https://schemas.getdbt.com/dbt/run-results/v6.json is above dbt-ol supported version 5. This might cause errors.
[2024-12-03T09:24:18.314+0000] {local.py:490} INFO - Inlets: [Dataset(uri='bigquery/northern-shield-437204-m0.nyc_taxi.zone_map', extra=None)]
[2024-12-03T09:24:18.315+0000] {local.py:491} INFO - Outlets: [Dataset(uri='bigquery/northern-shield-437204-m0.nyc_taxi.dim_zone', extra=None)]
[2024-12-03T09:24:18.317+0000] {local.py:590} INFO - Assigning inlets/outlets without DatasetAlias
[2024-12-03T09:24:18.318+0000] {dag.py:3089} INFO - Sync 1 DAGs
[2024-12-03T09:24:18.379+0000] {dag.py:3947} INFO - Setting next_dagrun for nyc_green_tripdata to None, run_after=None
[2024-12-03T09:24:18.458+0000] {taskinstance.py:441} INFO - ::group::Post task execution logs
[2024-12-03T09:24:18.540+0000] {taskinstance.py:1206} INFO - Marking task as SUCCESS. dag_id=nyc_green_tripdata, task_id=dbt_transform.dim_zone.run, run_id=manual__2024-12-03T09:22:38.182416+00:00, execution_date=20241203T092238, start_date=20241203T092359, end_date=20241203T092418
[2024-12-03T09:24:18.676+0000] {local_task_job_runner.py:243} INFO - Task exited with return code 0
[2024-12-03T09:24:18.768+0000] {taskinstance.py:3503} INFO - 1 downstream tasks scheduled from follow-on schedule check
[2024-12-03T09:24:18.772+0000] {local_task_job_runner.py:222} INFO - ::endgroup::
