[2024-12-03T09:23:55.986+0000] {local_task_job_runner.py:120} INFO - ::group::Pre task execution logs
[2024-12-03T09:23:56.027+0000] {taskinstance.py:2076} INFO - Dependencies all met for dep_context=non-requeueable deps ti=<TaskInstance: nyc_green_tripdata.dbt_transform.dim_time.run manual__2024-12-03T09:22:38.182416+00:00 [queued]>
[2024-12-03T09:23:56.054+0000] {taskinstance.py:2076} INFO - Dependencies all met for dep_context=requeueable deps ti=<TaskInstance: nyc_green_tripdata.dbt_transform.dim_time.run manual__2024-12-03T09:22:38.182416+00:00 [queued]>
[2024-12-03T09:23:56.056+0000] {taskinstance.py:2306} INFO - Starting attempt 1 of 2
[2024-12-03T09:23:56.090+0000] {taskinstance.py:2330} INFO - Executing <Task(DbtRunLocalOperator): dbt_transform.dim_time.run> on 2024-12-03 09:22:38.182416+00:00
[2024-12-03T09:23:56.108+0000] {standard_task_runner.py:64} INFO - Started process 9039 to run task
[2024-12-03T09:23:56.116+0000] {standard_task_runner.py:90} INFO - Running: ['***', 'tasks', 'run', 'nyc_green_tripdata', 'dbt_transform.dim_time.run', 'manual__2024-12-03T09:22:38.182416+00:00', '--job-id', '358', '--raw', '--subdir', 'DAGS_FOLDER/dag_green_tripdata.py', '--cfg-path', '/tmp/tmp82p1chow']
[2024-12-03T09:23:56.121+0000] {standard_task_runner.py:91} INFO - Job 358: Subtask dbt_transform.dim_time.run
[2024-12-03T09:23:56.230+0000] {task_command.py:426} INFO - Running <TaskInstance: nyc_green_tripdata.dbt_transform.dim_time.run manual__2024-12-03T09:22:38.182416+00:00 [running]> on host 39c047f38cb8
[2024-12-03T09:23:56.458+0000] {taskinstance.py:2648} INFO - Exporting env vars: AIRFLOW_CTX_DAG_EMAIL='muhii.smta@gmail.com' AIRFLOW_CTX_DAG_OWNER='Muhii' AIRFLOW_CTX_DAG_ID='nyc_green_tripdata' AIRFLOW_CTX_TASK_ID='dbt_transform.dim_time.run' AIRFLOW_CTX_EXECUTION_DATE='2024-12-03T09:22:38.182416+00:00' AIRFLOW_CTX_TRY_NUMBER='1' AIRFLOW_CTX_DAG_RUN_ID='manual__2024-12-03T09:22:38.182416+00:00'
[2024-12-03T09:23:56.463+0000] {taskinstance.py:430} INFO - ::endgroup::
[2024-12-03T09:24:01.526+0000] {local.py:216} INFO - dbtRunner is available. Using dbtRunner for invoking dbt.
[2024-12-03T09:24:01.528+0000] {local.py:432} INFO - Cloning project to writable temp directory /tmp/tmpg1ma5my3 from /opt/airflow/include/dbt
[2024-12-03T09:24:01.538+0000] {local.py:443} INFO - Partial parse is enabled and the latest partial parse file is /tmp/cosmos/nyc_green_tripdata__dbt_transform/target/partial_parse.msgpack
[2024-12-03T09:24:01.567+0000] {config.py:332} INFO - Using user-supplied profiles.yml at /opt/airflow/include/dbt/profiles.yml
[2024-12-03T09:24:01.569+0000] {local.py:404} INFO - Trying to run dbtRunner with:
 ['run', '--models', 'dim_time', '--project-dir', '/tmp/tmpg1ma5my3', '--profiles-dir', '/opt/***/include/dbt', '--profile', 'nyc_taxi', '--target', 'dev']
 in /tmp/tmpg1ma5my3
[2024-12-03T09:24:02.013+0000] {logging_mixin.py:188} INFO - 09:24:02  Running with dbt=1.8.7
[2024-12-03T09:24:03.607+0000] {logging_mixin.py:188} INFO - 09:24:03  Registered adapter: bigquery=1.8.3
[2024-12-03T09:24:05.292+0000] {logging_mixin.py:188} INFO - 09:24:05  Found 7 models, 34 data tests, 2 sources, 600 macros
[2024-12-03T09:24:05.302+0000] {logging_mixin.py:188} INFO - 09:24:05
[2024-12-03T09:24:07.172+0000] {logging_mixin.py:188} INFO - 09:24:07  Concurrency: 1 threads (target='dev')
[2024-12-03T09:24:07.175+0000] {logging_mixin.py:188} INFO - 09:24:07
[2024-12-03T09:24:07.184+0000] {logging_mixin.py:188} INFO - 09:24:07  1 of 1 START sql table model nyc_taxi.dim_time ................................. [RUN]
[2024-12-03T09:24:16.535+0000] {logging_mixin.py:188} INFO - 09:24:16  1 of 1 OK created sql table model nyc_taxi.dim_time ............................ [CREATE TABLE (872.1k rows, 6.9 MiB processed) in 9.34s]
[2024-12-03T09:24:16.548+0000] {logging_mixin.py:188} INFO - 09:24:16
[2024-12-03T09:24:16.550+0000] {logging_mixin.py:188} INFO - 09:24:16  Finished running 1 table model in 0 hours 0 minutes and 11.24 seconds (11.24s).
[2024-12-03T09:24:17.336+0000] {logging_mixin.py:188} INFO - 09:24:17
[2024-12-03T09:24:17.340+0000] {logging_mixin.py:188} INFO - 09:24:17  Completed successfully
[2024-12-03T09:24:17.342+0000] {logging_mixin.py:188} INFO - 09:24:17
[2024-12-03T09:24:17.345+0000] {logging_mixin.py:188} INFO - 09:24:17  Done. PASS=1 WARN=0 ERROR=0 SKIP=0 TOTAL=1
[2024-12-03T09:24:18.751+0000] {local.py:196} WARNING - Artifact schema version: https://schemas.getdbt.com/dbt/manifest/v12.json is above dbt-ol supported version 7. This might cause errors.
[2024-12-03T09:24:18.753+0000] {local.py:196} WARNING - Artifact schema version: https://schemas.getdbt.com/dbt/run-results/v6.json is above dbt-ol supported version 5. This might cause errors.
[2024-12-03T09:24:18.772+0000] {local.py:490} INFO - Inlets: [Dataset(uri='bigquery/northern-shield-437204-m0.nyc_taxi.green_tripdata', extra=None)]
[2024-12-03T09:24:18.773+0000] {local.py:491} INFO - Outlets: [Dataset(uri='bigquery/northern-shield-437204-m0.nyc_taxi.dim_time', extra=None)]
[2024-12-03T09:24:18.774+0000] {local.py:590} INFO - Assigning inlets/outlets without DatasetAlias
[2024-12-03T09:24:18.776+0000] {dag.py:3089} INFO - Sync 1 DAGs
[2024-12-03T09:24:18.837+0000] {dag.py:3947} INFO - Setting next_dagrun for nyc_green_tripdata to None, run_after=None
[2024-12-03T09:24:18.912+0000] {taskinstance.py:441} INFO - ::group::Post task execution logs
[2024-12-03T09:24:18.991+0000] {taskinstance.py:1206} INFO - Marking task as SUCCESS. dag_id=nyc_green_tripdata, task_id=dbt_transform.dim_time.run, run_id=manual__2024-12-03T09:22:38.182416+00:00, execution_date=20241203T092238, start_date=20241203T092356, end_date=20241203T092418
[2024-12-03T09:24:19.138+0000] {local_task_job_runner.py:243} INFO - Task exited with return code 0
[2024-12-03T09:24:19.224+0000] {taskinstance.py:3503} INFO - 1 downstream tasks scheduled from follow-on schedule check
[2024-12-03T09:24:19.228+0000] {local_task_job_runner.py:222} INFO - ::endgroup::
