[2024-12-03T10:00:53.115+0000] {local_task_job_runner.py:120} INFO - ::group::Pre task execution logs
[2024-12-03T10:00:53.155+0000] {taskinstance.py:2076} INFO - Dependencies all met for dep_context=non-requeueable deps ti=<TaskInstance: nyc_green_tripdata.dbt_transform.dim_ratecode.run manual__2024-12-03T09:59:36.005034+00:00 [queued]>
[2024-12-03T10:00:53.178+0000] {taskinstance.py:2076} INFO - Dependencies all met for dep_context=requeueable deps ti=<TaskInstance: nyc_green_tripdata.dbt_transform.dim_ratecode.run manual__2024-12-03T09:59:36.005034+00:00 [queued]>
[2024-12-03T10:00:53.179+0000] {taskinstance.py:2306} INFO - Starting attempt 1 of 2
[2024-12-03T10:00:53.246+0000] {taskinstance.py:2330} INFO - Executing <Task(DbtRunLocalOperator): dbt_transform.dim_ratecode.run> on 2024-12-03 09:59:36.005034+00:00
[2024-12-03T10:00:53.264+0000] {standard_task_runner.py:64} INFO - Started process 11208 to run task
[2024-12-03T10:00:53.272+0000] {standard_task_runner.py:90} INFO - Running: ['***', 'tasks', 'run', 'nyc_green_tripdata', 'dbt_transform.dim_ratecode.run', 'manual__2024-12-03T09:59:36.005034+00:00', '--job-id', '438', '--raw', '--subdir', 'DAGS_FOLDER/dag_green_tripdata.py', '--cfg-path', '/tmp/tmpx7ctx1bh']
[2024-12-03T10:00:53.278+0000] {standard_task_runner.py:91} INFO - Job 438: Subtask dbt_transform.dim_ratecode.run
[2024-12-03T10:00:53.398+0000] {task_command.py:426} INFO - Running <TaskInstance: nyc_green_tripdata.dbt_transform.dim_ratecode.run manual__2024-12-03T09:59:36.005034+00:00 [running]> on host 39c047f38cb8
[2024-12-03T10:00:53.618+0000] {taskinstance.py:2648} INFO - Exporting env vars: AIRFLOW_CTX_DAG_EMAIL='muhii.smta@gmail.com' AIRFLOW_CTX_DAG_OWNER='Muhii' AIRFLOW_CTX_DAG_ID='nyc_green_tripdata' AIRFLOW_CTX_TASK_ID='dbt_transform.dim_ratecode.run' AIRFLOW_CTX_EXECUTION_DATE='2024-12-03T09:59:36.005034+00:00' AIRFLOW_CTX_TRY_NUMBER='1' AIRFLOW_CTX_DAG_RUN_ID='manual__2024-12-03T09:59:36.005034+00:00'
[2024-12-03T10:00:53.623+0000] {taskinstance.py:430} INFO - ::endgroup::
[2024-12-03T10:00:57.950+0000] {local.py:216} INFO - dbtRunner is available. Using dbtRunner for invoking dbt.
[2024-12-03T10:00:57.952+0000] {local.py:432} INFO - Cloning project to writable temp directory /tmp/tmpvse5hdai from /opt/airflow/include/dbt
[2024-12-03T10:00:57.963+0000] {local.py:443} INFO - Partial parse is enabled and the latest partial parse file is /tmp/cosmos/nyc_green_tripdata__dbt_transform/target/partial_parse.msgpack
[2024-12-03T10:00:57.986+0000] {config.py:332} INFO - Using user-supplied profiles.yml at /opt/airflow/include/dbt/profiles.yml
[2024-12-03T10:00:57.988+0000] {local.py:404} INFO - Trying to run dbtRunner with:
 ['run', '--models', 'dim_ratecode', '--project-dir', '/tmp/tmpvse5hdai', '--profiles-dir', '/opt/***/include/dbt', '--profile', 'nyc_taxi', '--target', 'dev']
 in /tmp/tmpvse5hdai
[2024-12-03T10:00:58.219+0000] {logging_mixin.py:188} INFO - 10:00:58  Running with dbt=1.8.7
[2024-12-03T10:00:59.741+0000] {logging_mixin.py:188} INFO - 10:00:59  Registered adapter: bigquery=1.8.3
[2024-12-03T10:01:03.845+0000] {logging_mixin.py:188} INFO - 10:01:03  Found 7 models, 34 data tests, 2 sources, 600 macros
[2024-12-03T10:01:03.856+0000] {logging_mixin.py:188} INFO - 10:01:03
[2024-12-03T10:01:05.771+0000] {logging_mixin.py:188} INFO - 10:01:05  Concurrency: 1 threads (target='dev')
[2024-12-03T10:01:05.774+0000] {logging_mixin.py:188} INFO - 10:01:05
[2024-12-03T10:01:05.785+0000] {logging_mixin.py:188} INFO - 10:01:05  1 of 1 START sql table model nyc_taxi.dim_ratecode ............................. [RUN]
[2024-12-03T10:01:09.912+0000] {logging_mixin.py:188} INFO - 10:01:09  1 of 1 OK created sql table model nyc_taxi.dim_ratecode ........................ [CREATE TABLE (7.0 rows, 5.1 MiB processed) in 4.11s]
[2024-12-03T10:01:09.924+0000] {logging_mixin.py:188} INFO - 10:01:09
[2024-12-03T10:01:09.927+0000] {logging_mixin.py:188} INFO - 10:01:09  Finished running 1 table model in 0 hours 0 minutes and 6.06 seconds (6.06s).
[2024-12-03T10:01:10.651+0000] {logging_mixin.py:188} INFO - 10:01:10
[2024-12-03T10:01:10.654+0000] {logging_mixin.py:188} INFO - 10:01:10  Completed successfully
[2024-12-03T10:01:10.657+0000] {logging_mixin.py:188} INFO - 10:01:10
[2024-12-03T10:01:10.660+0000] {logging_mixin.py:188} INFO - 10:01:10  Done. PASS=1 WARN=0 ERROR=0 SKIP=0 TOTAL=1
[2024-12-03T10:01:12.002+0000] {local.py:196} WARNING - Artifact schema version: https://schemas.getdbt.com/dbt/manifest/v12.json is above dbt-ol supported version 7. This might cause errors.
[2024-12-03T10:01:12.003+0000] {local.py:196} WARNING - Artifact schema version: https://schemas.getdbt.com/dbt/run-results/v6.json is above dbt-ol supported version 5. This might cause errors.
[2024-12-03T10:01:12.020+0000] {local.py:490} INFO - Inlets: [Dataset(uri='bigquery/northern-shield-437204-m0.nyc_taxi.green_tripdata', extra=None)]
[2024-12-03T10:01:12.021+0000] {local.py:491} INFO - Outlets: [Dataset(uri='bigquery/northern-shield-437204-m0.nyc_taxi.dim_ratecode', extra=None)]
[2024-12-03T10:01:12.022+0000] {local.py:590} INFO - Assigning inlets/outlets without DatasetAlias
[2024-12-03T10:01:12.023+0000] {dag.py:3089} INFO - Sync 1 DAGs
[2024-12-03T10:01:12.077+0000] {dag.py:3947} INFO - Setting next_dagrun for nyc_green_tripdata to None, run_after=None
[2024-12-03T10:01:12.154+0000] {taskinstance.py:441} INFO - ::group::Post task execution logs
[2024-12-03T10:01:12.221+0000] {taskinstance.py:1206} INFO - Marking task as SUCCESS. dag_id=nyc_green_tripdata, task_id=dbt_transform.dim_ratecode.run, run_id=manual__2024-12-03T09:59:36.005034+00:00, execution_date=20241203T095936, start_date=20241203T100053, end_date=20241203T100112
[2024-12-03T10:01:12.328+0000] {local_task_job_runner.py:243} INFO - Task exited with return code 0
[2024-12-03T10:01:12.400+0000] {taskinstance.py:3503} INFO - 1 downstream tasks scheduled from follow-on schedule check
[2024-12-03T10:01:12.404+0000] {local_task_job_runner.py:222} INFO - ::endgroup::
