[2024-12-03T10:00:53.117+0000] {local_task_job_runner.py:120} INFO - ::group::Pre task execution logs
[2024-12-03T10:00:53.157+0000] {taskinstance.py:2076} INFO - Dependencies all met for dep_context=non-requeueable deps ti=<TaskInstance: nyc_green_tripdata.dbt_transform.dim_payment.run manual__2024-12-03T09:59:36.005034+00:00 [queued]>
[2024-12-03T10:00:53.177+0000] {taskinstance.py:2076} INFO - Dependencies all met for dep_context=requeueable deps ti=<TaskInstance: nyc_green_tripdata.dbt_transform.dim_payment.run manual__2024-12-03T09:59:36.005034+00:00 [queued]>
[2024-12-03T10:00:53.179+0000] {taskinstance.py:2306} INFO - Starting attempt 1 of 2
[2024-12-03T10:00:53.220+0000] {taskinstance.py:2330} INFO - Executing <Task(DbtRunLocalOperator): dbt_transform.dim_payment.run> on 2024-12-03 09:59:36.005034+00:00
[2024-12-03T10:00:53.237+0000] {standard_task_runner.py:64} INFO - Started process 11206 to run task
[2024-12-03T10:00:53.245+0000] {standard_task_runner.py:90} INFO - Running: ['***', 'tasks', 'run', 'nyc_green_tripdata', 'dbt_transform.dim_payment.run', 'manual__2024-12-03T09:59:36.005034+00:00', '--job-id', '435', '--raw', '--subdir', 'DAGS_FOLDER/dag_green_tripdata.py', '--cfg-path', '/tmp/tmp0qe55iyt']
[2024-12-03T10:00:53.253+0000] {standard_task_runner.py:91} INFO - Job 435: Subtask dbt_transform.dim_payment.run
[2024-12-03T10:00:53.382+0000] {task_command.py:426} INFO - Running <TaskInstance: nyc_green_tripdata.dbt_transform.dim_payment.run manual__2024-12-03T09:59:36.005034+00:00 [running]> on host 39c047f38cb8
[2024-12-03T10:00:53.616+0000] {taskinstance.py:2648} INFO - Exporting env vars: AIRFLOW_CTX_DAG_EMAIL='muhii.smta@gmail.com' AIRFLOW_CTX_DAG_OWNER='Muhii' AIRFLOW_CTX_DAG_ID='nyc_green_tripdata' AIRFLOW_CTX_TASK_ID='dbt_transform.dim_payment.run' AIRFLOW_CTX_EXECUTION_DATE='2024-12-03T09:59:36.005034+00:00' AIRFLOW_CTX_TRY_NUMBER='1' AIRFLOW_CTX_DAG_RUN_ID='manual__2024-12-03T09:59:36.005034+00:00'
[2024-12-03T10:00:53.620+0000] {taskinstance.py:430} INFO - ::endgroup::
[2024-12-03T10:00:57.985+0000] {local.py:216} INFO - dbtRunner is available. Using dbtRunner for invoking dbt.
[2024-12-03T10:00:57.987+0000] {local.py:432} INFO - Cloning project to writable temp directory /tmp/tmp_go2vi4f from /opt/airflow/include/dbt
[2024-12-03T10:00:57.994+0000] {local.py:443} INFO - Partial parse is enabled and the latest partial parse file is /tmp/cosmos/nyc_green_tripdata__dbt_transform/target/partial_parse.msgpack
[2024-12-03T10:00:58.017+0000] {config.py:332} INFO - Using user-supplied profiles.yml at /opt/airflow/include/dbt/profiles.yml
[2024-12-03T10:00:58.018+0000] {local.py:404} INFO - Trying to run dbtRunner with:
 ['run', '--models', 'dim_payment', '--project-dir', '/tmp/tmp_go2vi4f', '--profiles-dir', '/opt/***/include/dbt', '--profile', 'nyc_taxi', '--target', 'dev']
 in /tmp/tmp_go2vi4f
[2024-12-03T10:00:58.259+0000] {logging_mixin.py:188} INFO - 10:00:58  Running with dbt=1.8.7
[2024-12-03T10:00:59.771+0000] {logging_mixin.py:188} INFO - 10:00:59  Registered adapter: bigquery=1.8.3
[2024-12-03T10:01:03.989+0000] {logging_mixin.py:188} INFO - 10:01:03  Found 7 models, 34 data tests, 2 sources, 600 macros
[2024-12-03T10:01:04.004+0000] {logging_mixin.py:188} INFO - 10:01:04
[2024-12-03T10:01:06.669+0000] {logging_mixin.py:188} INFO - 10:01:06  Concurrency: 1 threads (target='dev')
[2024-12-03T10:01:06.672+0000] {logging_mixin.py:188} INFO - 10:01:06
[2024-12-03T10:01:06.682+0000] {logging_mixin.py:188} INFO - 10:01:06  1 of 1 START sql table model nyc_taxi.dim_payment .............................. [RUN]
[2024-12-03T10:01:11.412+0000] {logging_mixin.py:188} INFO - 10:01:11  1 of 1 OK created sql table model nyc_taxi.dim_payment ......................... [CREATE TABLE (5.0 rows, 5.1 MiB processed) in 4.72s]
[2024-12-03T10:01:11.424+0000] {logging_mixin.py:188} INFO - 10:01:11
[2024-12-03T10:01:11.427+0000] {logging_mixin.py:188} INFO - 10:01:11  Finished running 1 table model in 0 hours 0 minutes and 7.42 seconds (7.42s).
[2024-12-03T10:01:12.116+0000] {logging_mixin.py:188} INFO - 10:01:12
[2024-12-03T10:01:12.120+0000] {logging_mixin.py:188} INFO - 10:01:12  Completed successfully
[2024-12-03T10:01:12.123+0000] {logging_mixin.py:188} INFO - 10:01:12
[2024-12-03T10:01:12.126+0000] {logging_mixin.py:188} INFO - 10:01:12  Done. PASS=1 WARN=0 ERROR=0 SKIP=0 TOTAL=1
[2024-12-03T10:01:13.418+0000] {local.py:196} WARNING - Artifact schema version: https://schemas.getdbt.com/dbt/manifest/v12.json is above dbt-ol supported version 7. This might cause errors.
[2024-12-03T10:01:13.419+0000] {local.py:196} WARNING - Artifact schema version: https://schemas.getdbt.com/dbt/run-results/v6.json is above dbt-ol supported version 5. This might cause errors.
[2024-12-03T10:01:13.437+0000] {local.py:490} INFO - Inlets: [Dataset(uri='bigquery/northern-shield-437204-m0.nyc_taxi.green_tripdata', extra=None)]
[2024-12-03T10:01:13.438+0000] {local.py:491} INFO - Outlets: [Dataset(uri='bigquery/northern-shield-437204-m0.nyc_taxi.dim_payment', extra=None)]
[2024-12-03T10:01:13.439+0000] {local.py:590} INFO - Assigning inlets/outlets without DatasetAlias
[2024-12-03T10:01:13.441+0000] {dag.py:3089} INFO - Sync 1 DAGs
[2024-12-03T10:01:13.499+0000] {dag.py:3947} INFO - Setting next_dagrun for nyc_green_tripdata to None, run_after=None
[2024-12-03T10:01:13.573+0000] {taskinstance.py:441} INFO - ::group::Post task execution logs
[2024-12-03T10:01:13.639+0000] {taskinstance.py:1206} INFO - Marking task as SUCCESS. dag_id=nyc_green_tripdata, task_id=dbt_transform.dim_payment.run, run_id=manual__2024-12-03T09:59:36.005034+00:00, execution_date=20241203T095936, start_date=20241203T100053, end_date=20241203T100113
[2024-12-03T10:01:13.782+0000] {local_task_job_runner.py:243} INFO - Task exited with return code 0
[2024-12-03T10:01:13.809+0000] {local_task_job_runner.py:222} INFO - ::endgroup::
