[2024-12-03T10:00:53.117+0000] {local_task_job_runner.py:120} INFO - ::group::Pre task execution logs
[2024-12-03T10:00:53.159+0000] {taskinstance.py:2076} INFO - Dependencies all met for dep_context=non-requeueable deps ti=<TaskInstance: nyc_green_tripdata.dbt_transform.dim_zone.run manual__2024-12-03T09:59:36.005034+00:00 [queued]>
[2024-12-03T10:00:53.186+0000] {taskinstance.py:2076} INFO - Dependencies all met for dep_context=requeueable deps ti=<TaskInstance: nyc_green_tripdata.dbt_transform.dim_zone.run manual__2024-12-03T09:59:36.005034+00:00 [queued]>
[2024-12-03T10:00:53.187+0000] {taskinstance.py:2306} INFO - Starting attempt 1 of 2
[2024-12-03T10:00:53.259+0000] {taskinstance.py:2330} INFO - Executing <Task(DbtRunLocalOperator): dbt_transform.dim_zone.run> on 2024-12-03 09:59:36.005034+00:00
[2024-12-03T10:00:53.278+0000] {standard_task_runner.py:64} INFO - Started process 11209 to run task
[2024-12-03T10:00:53.286+0000] {standard_task_runner.py:90} INFO - Running: ['***', 'tasks', 'run', 'nyc_green_tripdata', 'dbt_transform.dim_zone.run', 'manual__2024-12-03T09:59:36.005034+00:00', '--job-id', '437', '--raw', '--subdir', 'DAGS_FOLDER/dag_green_tripdata.py', '--cfg-path', '/tmp/tmp5ta4it01']
[2024-12-03T10:00:53.292+0000] {standard_task_runner.py:91} INFO - Job 437: Subtask dbt_transform.dim_zone.run
[2024-12-03T10:00:53.414+0000] {task_command.py:426} INFO - Running <TaskInstance: nyc_green_tripdata.dbt_transform.dim_zone.run manual__2024-12-03T09:59:36.005034+00:00 [running]> on host 39c047f38cb8
[2024-12-03T10:00:53.633+0000] {taskinstance.py:2648} INFO - Exporting env vars: AIRFLOW_CTX_DAG_EMAIL='muhii.smta@gmail.com' AIRFLOW_CTX_DAG_OWNER='Muhii' AIRFLOW_CTX_DAG_ID='nyc_green_tripdata' AIRFLOW_CTX_TASK_ID='dbt_transform.dim_zone.run' AIRFLOW_CTX_EXECUTION_DATE='2024-12-03T09:59:36.005034+00:00' AIRFLOW_CTX_TRY_NUMBER='1' AIRFLOW_CTX_DAG_RUN_ID='manual__2024-12-03T09:59:36.005034+00:00'
[2024-12-03T10:00:53.638+0000] {taskinstance.py:430} INFO - ::endgroup::
[2024-12-03T10:00:57.935+0000] {local.py:216} INFO - dbtRunner is available. Using dbtRunner for invoking dbt.
[2024-12-03T10:00:57.937+0000] {local.py:432} INFO - Cloning project to writable temp directory /tmp/tmpwaexvj0d from /opt/airflow/include/dbt
[2024-12-03T10:00:57.944+0000] {local.py:443} INFO - Partial parse is enabled and the latest partial parse file is /tmp/cosmos/nyc_green_tripdata__dbt_transform/target/partial_parse.msgpack
[2024-12-03T10:00:57.964+0000] {config.py:332} INFO - Using user-supplied profiles.yml at /opt/airflow/include/dbt/profiles.yml
[2024-12-03T10:00:57.965+0000] {local.py:404} INFO - Trying to run dbtRunner with:
 ['run', '--models', 'dim_zone', '--project-dir', '/tmp/tmpwaexvj0d', '--profiles-dir', '/opt/***/include/dbt', '--profile', 'nyc_taxi', '--target', 'dev']
 in /tmp/tmpwaexvj0d
[2024-12-03T10:00:58.217+0000] {logging_mixin.py:188} INFO - 10:00:58  Running with dbt=1.8.7
[2024-12-03T10:00:59.756+0000] {logging_mixin.py:188} INFO - 10:00:59  Registered adapter: bigquery=1.8.3
[2024-12-03T10:01:04.194+0000] {logging_mixin.py:188} INFO - 10:01:04  Found 7 models, 34 data tests, 2 sources, 600 macros
[2024-12-03T10:01:04.212+0000] {logging_mixin.py:188} INFO - 10:01:04
[2024-12-03T10:01:06.196+0000] {logging_mixin.py:188} INFO - 10:01:06  Concurrency: 1 threads (target='dev')
[2024-12-03T10:01:06.199+0000] {logging_mixin.py:188} INFO - 10:01:06
[2024-12-03T10:01:06.211+0000] {logging_mixin.py:188} INFO - 10:01:06  1 of 1 START sql table model nyc_taxi.dim_zone ................................. [RUN]
[2024-12-03T10:01:10.491+0000] {logging_mixin.py:188} INFO - 10:01:10  1 of 1 OK created sql table model nyc_taxi.dim_zone ............................ [CREATE TABLE (263.0 rows, 12.1 KiB processed) in 4.27s]
[2024-12-03T10:01:10.504+0000] {logging_mixin.py:188} INFO - 10:01:10
[2024-12-03T10:01:10.507+0000] {logging_mixin.py:188} INFO - 10:01:10  Finished running 1 table model in 0 hours 0 minutes and 6.29 seconds (6.29s).
[2024-12-03T10:01:11.171+0000] {logging_mixin.py:188} INFO - 10:01:11
[2024-12-03T10:01:11.174+0000] {logging_mixin.py:188} INFO - 10:01:11  Completed successfully
[2024-12-03T10:01:11.177+0000] {logging_mixin.py:188} INFO - 10:01:11
[2024-12-03T10:01:11.180+0000] {logging_mixin.py:188} INFO - 10:01:11  Done. PASS=1 WARN=0 ERROR=0 SKIP=0 TOTAL=1
[2024-12-03T10:01:12.471+0000] {local.py:196} WARNING - Artifact schema version: https://schemas.getdbt.com/dbt/manifest/v12.json is above dbt-ol supported version 7. This might cause errors.
[2024-12-03T10:01:12.474+0000] {local.py:196} WARNING - Artifact schema version: https://schemas.getdbt.com/dbt/run-results/v6.json is above dbt-ol supported version 5. This might cause errors.
[2024-12-03T10:01:12.496+0000] {local.py:490} INFO - Inlets: [Dataset(uri='bigquery/northern-shield-437204-m0.nyc_taxi.zone_map', extra=None)]
[2024-12-03T10:01:12.497+0000] {local.py:491} INFO - Outlets: [Dataset(uri='bigquery/northern-shield-437204-m0.nyc_taxi.dim_zone', extra=None)]
[2024-12-03T10:01:12.502+0000] {local.py:590} INFO - Assigning inlets/outlets without DatasetAlias
[2024-12-03T10:01:12.505+0000] {dag.py:3089} INFO - Sync 1 DAGs
[2024-12-03T10:01:12.562+0000] {dag.py:3947} INFO - Setting next_dagrun for nyc_green_tripdata to None, run_after=None
[2024-12-03T10:01:12.634+0000] {taskinstance.py:441} INFO - ::group::Post task execution logs
[2024-12-03T10:01:12.704+0000] {taskinstance.py:1206} INFO - Marking task as SUCCESS. dag_id=nyc_green_tripdata, task_id=dbt_transform.dim_zone.run, run_id=manual__2024-12-03T09:59:36.005034+00:00, execution_date=20241203T095936, start_date=20241203T100053, end_date=20241203T100112
[2024-12-03T10:01:12.815+0000] {local_task_job_runner.py:243} INFO - Task exited with return code 0
[2024-12-03T10:01:12.909+0000] {taskinstance.py:3503} INFO - 1 downstream tasks scheduled from follow-on schedule check
[2024-12-03T10:01:12.913+0000] {local_task_job_runner.py:222} INFO - ::endgroup::
