[2024-12-03T08:30:06.086+0000] {local_task_job_runner.py:120} INFO - ::group::Pre task execution logs
[2024-12-03T08:30:06.108+0000] {taskinstance.py:2076} INFO - Dependencies all met for dep_context=non-requeueable deps ti=<TaskInstance: nyc_green_tripdata.dbt_transform.dim_zone.run manual__2024-12-03T08:29:29.968670+00:00 [queued]>
[2024-12-03T08:30:06.123+0000] {taskinstance.py:2076} INFO - Dependencies all met for dep_context=requeueable deps ti=<TaskInstance: nyc_green_tripdata.dbt_transform.dim_zone.run manual__2024-12-03T08:29:29.968670+00:00 [queued]>
[2024-12-03T08:30:06.124+0000] {taskinstance.py:2306} INFO - Starting attempt 1 of 2
[2024-12-03T08:30:06.145+0000] {taskinstance.py:2330} INFO - Executing <Task(DbtRunLocalOperator): dbt_transform.dim_zone.run> on 2024-12-03 08:29:29.968670+00:00
[2024-12-03T08:30:06.157+0000] {standard_task_runner.py:64} INFO - Started process 6242 to run task
[2024-12-03T08:30:06.162+0000] {standard_task_runner.py:90} INFO - Running: ['***', 'tasks', 'run', 'nyc_green_tripdata', 'dbt_transform.dim_zone.run', 'manual__2024-12-03T08:29:29.968670+00:00', '--job-id', '299', '--raw', '--subdir', 'DAGS_FOLDER/dag_green_tripdata.py', '--cfg-path', '/tmp/tmpqpg6uwdd']
[2024-12-03T08:30:06.165+0000] {standard_task_runner.py:91} INFO - Job 299: Subtask dbt_transform.dim_zone.run
[2024-12-03T08:30:06.229+0000] {task_command.py:426} INFO - Running <TaskInstance: nyc_green_tripdata.dbt_transform.dim_zone.run manual__2024-12-03T08:29:29.968670+00:00 [running]> on host 39c047f38cb8
[2024-12-03T08:30:06.345+0000] {taskinstance.py:2648} INFO - Exporting env vars: AIRFLOW_CTX_DAG_EMAIL='muhii.smta@gmail.com' AIRFLOW_CTX_DAG_OWNER='Muhii' AIRFLOW_CTX_DAG_ID='nyc_green_tripdata' AIRFLOW_CTX_TASK_ID='dbt_transform.dim_zone.run' AIRFLOW_CTX_EXECUTION_DATE='2024-12-03T08:29:29.968670+00:00' AIRFLOW_CTX_TRY_NUMBER='1' AIRFLOW_CTX_DAG_RUN_ID='manual__2024-12-03T08:29:29.968670+00:00'
[2024-12-03T08:30:06.347+0000] {taskinstance.py:430} INFO - ::endgroup::
[2024-12-03T08:30:08.518+0000] {local.py:216} INFO - dbtRunner is available. Using dbtRunner for invoking dbt.
[2024-12-03T08:30:08.519+0000] {local.py:432} INFO - Cloning project to writable temp directory /tmp/tmpkjwb9pps from /opt/airflow/include/dbt
[2024-12-03T08:30:08.523+0000] {local.py:443} INFO - Partial parse is enabled and the latest partial parse file is /tmp/cosmos/nyc_green_tripdata__dbt_transform/target/partial_parse.msgpack
[2024-12-03T08:30:08.534+0000] {config.py:332} INFO - Using user-supplied profiles.yml at /opt/airflow/include/dbt/profiles.yml
[2024-12-03T08:30:08.535+0000] {local.py:404} INFO - Trying to run dbtRunner with:
 ['run', '--models', 'dim_zone', '--project-dir', '/tmp/tmpkjwb9pps', '--profiles-dir', '/opt/***/include/dbt', '--profile', 'nyc_taxi', '--target', 'dev']
 in /tmp/tmpkjwb9pps
[2024-12-03T08:30:08.639+0000] {logging_mixin.py:188} INFO - 08:30:08  Running with dbt=1.8.7
[2024-12-03T08:30:09.401+0000] {logging_mixin.py:188} INFO - 08:30:09  Registered adapter: bigquery=1.8.3
[2024-12-03T08:30:08.785+0000] {logging_mixin.py:188} INFO - 08:30:08  Found 7 models, 34 data tests, 2 sources, 600 macros
[2024-12-03T08:30:08.790+0000] {logging_mixin.py:188} INFO - 08:30:08
[2024-12-03T08:30:11.587+0000] {logging_mixin.py:188} INFO - 08:30:11  Concurrency: 1 threads (target='dev')
[2024-12-03T08:30:11.589+0000] {logging_mixin.py:188} INFO - 08:30:11
[2024-12-03T08:30:11.592+0000] {logging_mixin.py:188} INFO - 08:30:11  1 of 1 START sql table model nyc_taxi.dim_zone ................................. [RUN]
[2024-12-03T08:30:15.686+0000] {logging_mixin.py:188} INFO - 08:30:15  1 of 1 OK created sql table model nyc_taxi.dim_zone ............................ [CREATE TABLE (263.0 rows, 12.1 KiB processed) in 4.09s]
[2024-12-03T08:30:15.692+0000] {logging_mixin.py:188} INFO - 08:30:15
[2024-12-03T08:30:15.693+0000] {logging_mixin.py:188} INFO - 08:30:15  Finished running 1 table model in 0 hours 0 minutes and 6.90 seconds (6.90s).
[2024-12-03T08:30:16.085+0000] {logging_mixin.py:188} INFO - 08:30:16
[2024-12-03T08:30:16.087+0000] {logging_mixin.py:188} INFO - 08:30:16  Completed successfully
[2024-12-03T08:30:16.088+0000] {logging_mixin.py:188} INFO - 08:30:16
[2024-12-03T08:30:16.089+0000] {logging_mixin.py:188} INFO - 08:30:16  Done. PASS=1 WARN=0 ERROR=0 SKIP=0 TOTAL=1
[2024-12-03T08:30:17.274+0000] {local.py:196} WARNING - Artifact schema version: https://schemas.getdbt.com/dbt/manifest/v12.json is above dbt-ol supported version 7. This might cause errors.
[2024-12-03T08:30:17.275+0000] {local.py:196} WARNING - Artifact schema version: https://schemas.getdbt.com/dbt/run-results/v6.json is above dbt-ol supported version 5. This might cause errors.
[2024-12-03T08:30:17.285+0000] {local.py:490} INFO - Inlets: [Dataset(uri='bigquery/northern-shield-437204-m0.nyc_taxi.zone_map', extra=None)]
[2024-12-03T08:30:17.286+0000] {local.py:491} INFO - Outlets: [Dataset(uri='bigquery/northern-shield-437204-m0.nyc_taxi.dim_zone', extra=None)]
[2024-12-03T08:30:17.286+0000] {local.py:590} INFO - Assigning inlets/outlets without DatasetAlias
[2024-12-03T08:30:17.287+0000] {dag.py:3089} INFO - Sync 1 DAGs
[2024-12-03T08:30:17.355+0000] {dag.py:3947} INFO - Setting next_dagrun for nyc_green_tripdata to None, run_after=None
[2024-12-03T08:30:17.391+0000] {taskinstance.py:441} INFO - ::group::Post task execution logs
[2024-12-03T08:30:17.431+0000] {taskinstance.py:1206} INFO - Marking task as SUCCESS. dag_id=nyc_green_tripdata, task_id=dbt_transform.dim_zone.run, run_id=manual__2024-12-03T08:29:29.968670+00:00, execution_date=20241203T082929, start_date=20241203T083006, end_date=20241203T083017
[2024-12-03T08:30:17.496+0000] {local_task_job_runner.py:243} INFO - Task exited with return code 0
[2024-12-03T08:30:17.531+0000] {taskinstance.py:3503} INFO - 1 downstream tasks scheduled from follow-on schedule check
[2024-12-03T08:30:17.533+0000] {local_task_job_runner.py:222} INFO - ::endgroup::
