[2024-12-27T16:07:37.905+0000] {processor.py:161} INFO - Started process (PID=102) to work on /opt/airflow/dags/dag_green_tripdata.py
[2024-12-27T16:07:37.908+0000] {processor.py:830} INFO - Processing file /opt/airflow/dags/dag_green_tripdata.py for tasks to queue
[2024-12-27T16:07:37.916+0000] {logging_mixin.py:188} INFO - [2024-12-27T16:07:37.915+0000] {dagbag.py:545} INFO - Filling up the DagBag from /opt/airflow/dags/dag_green_tripdata.py
[2024-12-27T16:07:38.046+0000] {logging_mixin.py:188} INFO - [2024-12-27T16:07:38.045+0000] {graph.py:470} INFO - Trying to parse the dbt project using dbt ls cache cosmos_cache__nyc_green_tripdata__dbt_transform...
[2024-12-27T16:07:48.688+0000] {logging_mixin.py:188} INFO - [2024-12-27T16:07:48.687+0000] {cache.py:320} INFO - Cosmos performance: time to calculate cache identifier cosmos_cache__nyc_green_tripdata__dbt_transform for current version: 12.288803835999715
[2024-12-27T16:07:48.690+0000] {logging_mixin.py:188} INFO - [2024-12-27T16:07:48.689+0000] {graph.py:497} INFO - Cosmos performance: Cache miss for cosmos_cache__nyc_green_tripdata__dbt_transform - skipped
[2024-12-27T16:07:48.691+0000] {logging_mixin.py:188} INFO - [2024-12-27T16:07:48.691+0000] {graph.py:528} INFO - Trying to parse the dbt project in `/opt/airflow/include/dbt` using dbt ls...
[2024-12-27T16:07:48.711+0000] {logging_mixin.py:188} INFO - [2024-12-27T16:07:48.710+0000] {graph.py:547} INFO - Partial parse is enabled and the latest partial parse file is /tmp/cosmos/nyc_green_tripdata__dbt_transform/target/partial_parse.msgpack
[2024-12-27T16:07:48.745+0000] {logging_mixin.py:188} INFO - [2024-12-27T16:07:48.745+0000] {config.py:332} INFO - Using user-supplied profiles.yml at /opt/airflow/include/dbt/profiles.yml
[2024-12-27T16:07:48.776+0000] {logging_mixin.py:188} INFO - [2024-12-27T16:07:48.775+0000] {graph.py:136} INFO - Running command: `/home/airflow/.local/bin/dbt deps --project-dir /tmp/tmp35lv3gxc --profiles-dir /opt/airflow/include/dbt --profile nyc_taxi --target dev`
[2024-12-27T16:08:00.850+0000] {logging_mixin.py:188} INFO - [2024-12-27T16:08:00.849+0000] {graph.py:136} INFO - Running command: `/home/airflow/.local/bin/dbt ls --output json --project-dir /tmp/tmp35lv3gxc --profiles-dir /opt/airflow/include/dbt --profile nyc_taxi --target dev --select path:models/transform`
[2024-12-27T16:08:06.246+0000] {logging_mixin.py:188} INFO - [2024-12-27T16:08:06.245+0000] {timeout.py:68} ERROR - Process timed out, PID: 102
[2024-12-27T16:08:37.086+0000] {processor.py:161} INFO - Started process (PID=120) to work on /opt/airflow/dags/dag_green_tripdata.py
[2024-12-27T16:08:37.089+0000] {processor.py:830} INFO - Processing file /opt/airflow/dags/dag_green_tripdata.py for tasks to queue
[2024-12-27T16:08:37.094+0000] {logging_mixin.py:188} INFO - [2024-12-27T16:08:37.093+0000] {dagbag.py:545} INFO - Filling up the DagBag from /opt/airflow/dags/dag_green_tripdata.py
[2024-12-27T16:08:37.192+0000] {logging_mixin.py:188} INFO - [2024-12-27T16:08:37.191+0000] {graph.py:470} INFO - Trying to parse the dbt project using dbt ls cache cosmos_cache__nyc_green_tripdata__dbt_transform...
[2024-12-27T16:08:41.515+0000] {logging_mixin.py:188} INFO - [2024-12-27T16:08:41.515+0000] {cache.py:320} INFO - Cosmos performance: time to calculate cache identifier cosmos_cache__nyc_green_tripdata__dbt_transform for current version: 6.160073555000054
[2024-12-27T16:08:41.517+0000] {logging_mixin.py:188} INFO - [2024-12-27T16:08:41.516+0000] {graph.py:497} INFO - Cosmos performance: Cache miss for cosmos_cache__nyc_green_tripdata__dbt_transform - skipped
[2024-12-27T16:08:41.518+0000] {logging_mixin.py:188} INFO - [2024-12-27T16:08:41.518+0000] {graph.py:528} INFO - Trying to parse the dbt project in `/opt/airflow/include/dbt` using dbt ls...
[2024-12-27T16:08:41.539+0000] {logging_mixin.py:188} INFO - [2024-12-27T16:08:41.538+0000] {graph.py:547} INFO - Partial parse is enabled and the latest partial parse file is /tmp/cosmos/nyc_green_tripdata__dbt_transform/target/partial_parse.msgpack
[2024-12-27T16:08:41.571+0000] {logging_mixin.py:188} INFO - [2024-12-27T16:08:41.571+0000] {config.py:332} INFO - Using user-supplied profiles.yml at /opt/airflow/include/dbt/profiles.yml
[2024-12-27T16:08:41.602+0000] {logging_mixin.py:188} INFO - [2024-12-27T16:08:41.602+0000] {graph.py:136} INFO - Running command: `/home/airflow/.local/bin/dbt deps --project-dir /tmp/tmp8s5x08o9 --profiles-dir /opt/airflow/include/dbt --profile nyc_taxi --target dev`
[2024-12-27T16:08:51.434+0000] {logging_mixin.py:188} INFO - [2024-12-27T16:08:51.432+0000] {graph.py:136} INFO - Running command: `/home/airflow/.local/bin/dbt ls --output json --project-dir /tmp/tmp8s5x08o9 --profiles-dir /opt/airflow/include/dbt --profile nyc_taxi --target dev --select path:models/transform`
[2024-12-27T16:09:05.252+0000] {logging_mixin.py:188} INFO - [2024-12-27T16:09:05.250+0000] {timeout.py:68} ERROR - Process timed out, PID: 120
[2024-12-27T16:09:35.520+0000] {processor.py:161} INFO - Started process (PID=156) to work on /opt/airflow/dags/dag_green_tripdata.py
[2024-12-27T16:09:35.522+0000] {processor.py:830} INFO - Processing file /opt/airflow/dags/dag_green_tripdata.py for tasks to queue
[2024-12-27T16:09:35.524+0000] {logging_mixin.py:188} INFO - [2024-12-27T16:09:35.524+0000] {dagbag.py:545} INFO - Filling up the DagBag from /opt/airflow/dags/dag_green_tripdata.py
[2024-12-27T16:09:35.426+0000] {logging_mixin.py:188} INFO - [2024-12-27T16:09:35.426+0000] {graph.py:470} INFO - Trying to parse the dbt project using dbt ls cache cosmos_cache__nyc_green_tripdata__dbt_transform...
[2024-12-27T16:09:40.084+0000] {logging_mixin.py:188} INFO - [2024-12-27T16:09:40.083+0000] {cache.py:320} INFO - Cosmos performance: time to calculate cache identifier cosmos_cache__nyc_green_tripdata__dbt_transform for current version: 6.257275148998815
[2024-12-27T16:09:40.086+0000] {logging_mixin.py:188} INFO - [2024-12-27T16:09:40.086+0000] {graph.py:497} INFO - Cosmos performance: Cache miss for cosmos_cache__nyc_green_tripdata__dbt_transform - skipped
[2024-12-27T16:09:40.088+0000] {logging_mixin.py:188} INFO - [2024-12-27T16:09:40.088+0000] {graph.py:528} INFO - Trying to parse the dbt project in `/opt/airflow/include/dbt` using dbt ls...
[2024-12-27T16:09:40.109+0000] {logging_mixin.py:188} INFO - [2024-12-27T16:09:40.108+0000] {graph.py:547} INFO - Partial parse is enabled and the latest partial parse file is /tmp/cosmos/nyc_green_tripdata__dbt_transform/target/partial_parse.msgpack
[2024-12-27T16:09:40.133+0000] {logging_mixin.py:188} INFO - [2024-12-27T16:09:40.133+0000] {config.py:332} INFO - Using user-supplied profiles.yml at /opt/airflow/include/dbt/profiles.yml
[2024-12-27T16:09:40.161+0000] {logging_mixin.py:188} INFO - [2024-12-27T16:09:40.161+0000] {graph.py:136} INFO - Running command: `/home/airflow/.local/bin/dbt deps --project-dir /tmp/tmplat25zdf --profiles-dir /opt/airflow/include/dbt --profile nyc_taxi --target dev`
[2024-12-27T16:09:51.063+0000] {logging_mixin.py:188} INFO - [2024-12-27T16:09:51.062+0000] {graph.py:136} INFO - Running command: `/home/airflow/.local/bin/dbt ls --output json --project-dir /tmp/tmplat25zdf --profiles-dir /opt/airflow/include/dbt --profile nyc_taxi --target dev --select path:models/transform`
[2024-12-27T16:10:03.720+0000] {logging_mixin.py:188} INFO - [2024-12-27T16:10:03.719+0000] {timeout.py:68} ERROR - Process timed out, PID: 156
[2024-12-27T16:10:34.139+0000] {processor.py:161} INFO - Started process (PID=192) to work on /opt/airflow/dags/dag_green_tripdata.py
[2024-12-27T16:10:34.142+0000] {processor.py:830} INFO - Processing file /opt/airflow/dags/dag_green_tripdata.py for tasks to queue
[2024-12-27T16:10:34.144+0000] {logging_mixin.py:188} INFO - [2024-12-27T16:10:34.144+0000] {dagbag.py:545} INFO - Filling up the DagBag from /opt/airflow/dags/dag_green_tripdata.py
[2024-12-27T16:10:34.260+0000] {logging_mixin.py:188} INFO - [2024-12-27T16:10:34.260+0000] {graph.py:470} INFO - Trying to parse the dbt project using dbt ls cache cosmos_cache__nyc_green_tripdata__dbt_transform...
[2024-12-27T16:10:39.870+0000] {logging_mixin.py:188} INFO - [2024-12-27T16:10:39.869+0000] {cache.py:320} INFO - Cosmos performance: time to calculate cache identifier cosmos_cache__nyc_green_tripdata__dbt_transform for current version: 5.574343058999148
[2024-12-27T16:10:39.871+0000] {logging_mixin.py:188} INFO - [2024-12-27T16:10:39.871+0000] {graph.py:497} INFO - Cosmos performance: Cache miss for cosmos_cache__nyc_green_tripdata__dbt_transform - skipped
[2024-12-27T16:10:39.873+0000] {logging_mixin.py:188} INFO - [2024-12-27T16:10:39.873+0000] {graph.py:528} INFO - Trying to parse the dbt project in `/opt/airflow/include/dbt` using dbt ls...
[2024-12-27T16:10:39.892+0000] {logging_mixin.py:188} INFO - [2024-12-27T16:10:39.890+0000] {graph.py:547} INFO - Partial parse is enabled and the latest partial parse file is /tmp/cosmos/nyc_green_tripdata__dbt_transform/target/partial_parse.msgpack
[2024-12-27T16:10:39.916+0000] {logging_mixin.py:188} INFO - [2024-12-27T16:10:39.916+0000] {config.py:332} INFO - Using user-supplied profiles.yml at /opt/airflow/include/dbt/profiles.yml
[2024-12-27T16:10:39.941+0000] {logging_mixin.py:188} INFO - [2024-12-27T16:10:39.940+0000] {graph.py:136} INFO - Running command: `/home/airflow/.local/bin/dbt deps --project-dir /tmp/tmpez34jco3 --profiles-dir /opt/airflow/include/dbt --profile nyc_taxi --target dev`
[2024-12-27T16:10:50.364+0000] {logging_mixin.py:188} INFO - [2024-12-27T16:10:50.363+0000] {graph.py:136} INFO - Running command: `/home/airflow/.local/bin/dbt ls --output json --project-dir /tmp/tmpez34jco3 --profiles-dir /opt/airflow/include/dbt --profile nyc_taxi --target dev --select path:models/transform`
[2024-12-27T16:11:02.529+0000] {logging_mixin.py:188} INFO - [2024-12-27T16:11:02.528+0000] {timeout.py:68} ERROR - Process timed out, PID: 192
[2024-12-27T16:11:33.295+0000] {processor.py:161} INFO - Started process (PID=228) to work on /opt/airflow/dags/dag_green_tripdata.py
[2024-12-27T16:11:33.298+0000] {processor.py:830} INFO - Processing file /opt/airflow/dags/dag_green_tripdata.py for tasks to queue
[2024-12-27T16:11:33.300+0000] {logging_mixin.py:188} INFO - [2024-12-27T16:11:33.300+0000] {dagbag.py:545} INFO - Filling up the DagBag from /opt/airflow/dags/dag_green_tripdata.py
[2024-12-27T16:11:33.427+0000] {logging_mixin.py:188} INFO - [2024-12-27T16:11:33.426+0000] {graph.py:470} INFO - Trying to parse the dbt project using dbt ls cache cosmos_cache__nyc_green_tripdata__dbt_transform...
[2024-12-27T16:11:39.887+0000] {logging_mixin.py:188} INFO - [2024-12-27T16:11:39.887+0000] {cache.py:320} INFO - Cosmos performance: time to calculate cache identifier cosmos_cache__nyc_green_tripdata__dbt_transform for current version: 6.422757250000359
[2024-12-27T16:11:39.889+0000] {logging_mixin.py:188} INFO - [2024-12-27T16:11:39.888+0000] {graph.py:497} INFO - Cosmos performance: Cache miss for cosmos_cache__nyc_green_tripdata__dbt_transform - skipped
[2024-12-27T16:11:39.890+0000] {logging_mixin.py:188} INFO - [2024-12-27T16:11:39.890+0000] {graph.py:528} INFO - Trying to parse the dbt project in `/opt/airflow/include/dbt` using dbt ls...
[2024-12-27T16:11:39.912+0000] {logging_mixin.py:188} INFO - [2024-12-27T16:11:39.911+0000] {graph.py:547} INFO - Partial parse is enabled and the latest partial parse file is /tmp/cosmos/nyc_green_tripdata__dbt_transform/target/partial_parse.msgpack
[2024-12-27T16:11:39.933+0000] {logging_mixin.py:188} INFO - [2024-12-27T16:11:39.933+0000] {config.py:332} INFO - Using user-supplied profiles.yml at /opt/airflow/include/dbt/profiles.yml
[2024-12-27T16:11:39.962+0000] {logging_mixin.py:188} INFO - [2024-12-27T16:11:39.962+0000] {graph.py:136} INFO - Running command: `/home/airflow/.local/bin/dbt deps --project-dir /tmp/tmpcllu9nj5 --profiles-dir /opt/airflow/include/dbt --profile nyc_taxi --target dev`
[2024-12-27T16:11:50.783+0000] {logging_mixin.py:188} INFO - [2024-12-27T16:11:50.782+0000] {graph.py:136} INFO - Running command: `/home/airflow/.local/bin/dbt ls --output json --project-dir /tmp/tmpcllu9nj5 --profiles-dir /opt/airflow/include/dbt --profile nyc_taxi --target dev --select path:models/transform`
[2024-12-27T16:12:01.276+0000] {logging_mixin.py:188} INFO - [2024-12-27T16:12:01.274+0000] {timeout.py:68} ERROR - Process timed out, PID: 228
