[2024-12-27T16:07:37.931+0000] {processor.py:161} INFO - Started process (PID=103) to work on /opt/airflow/dags/green_taxi_dags.py
[2024-12-27T16:07:37.936+0000] {processor.py:830} INFO - Processing file /opt/airflow/dags/green_taxi_dags.py for tasks to queue
[2024-12-27T16:07:37.940+0000] {logging_mixin.py:188} INFO - [2024-12-27T16:07:37.939+0000] {dagbag.py:545} INFO - Filling up the DagBag from /opt/airflow/dags/green_taxi_dags.py
[2024-12-27T16:07:37.987+0000] {processor.py:840} INFO - DAG(s) 'green_taxi' retrieved from /opt/airflow/dags/green_taxi_dags.py
[2024-12-27T16:07:38.079+0000] {logging_mixin.py:188} INFO - [2024-12-27T16:07:38.078+0000] {dag.py:3089} INFO - Sync 1 DAGs
[2024-12-27T16:07:38.146+0000] {logging_mixin.py:188} INFO - [2024-12-27T16:07:38.145+0000] {dag.py:3947} INFO - Setting next_dagrun for green_taxi to 2024-11-01 00:00:00+00:00, run_after=2024-11-01 00:00:00+00:00
[2024-12-27T16:07:38.198+0000] {processor.py:183} INFO - Processing /opt/airflow/dags/green_taxi_dags.py took 0.292 seconds
[2024-12-27T16:08:08.471+0000] {processor.py:161} INFO - Started process (PID=113) to work on /opt/airflow/dags/green_taxi_dags.py
[2024-12-27T16:08:08.473+0000] {processor.py:830} INFO - Processing file /opt/airflow/dags/green_taxi_dags.py for tasks to queue
[2024-12-27T16:08:08.478+0000] {logging_mixin.py:188} INFO - [2024-12-27T16:08:08.478+0000] {dagbag.py:545} INFO - Filling up the DagBag from /opt/airflow/dags/green_taxi_dags.py
[2024-12-27T16:08:08.520+0000] {processor.py:840} INFO - DAG(s) 'green_taxi' retrieved from /opt/airflow/dags/green_taxi_dags.py
[2024-12-27T16:08:08.582+0000] {logging_mixin.py:188} INFO - [2024-12-27T16:08:08.581+0000] {dag.py:3089} INFO - Sync 1 DAGs
[2024-12-27T16:08:08.638+0000] {logging_mixin.py:188} INFO - [2024-12-27T16:08:08.637+0000] {dag.py:3947} INFO - Setting next_dagrun for green_taxi to 2024-11-01 00:00:00+00:00, run_after=2024-11-01 00:00:00+00:00
[2024-12-27T16:08:08.692+0000] {processor.py:183} INFO - Processing /opt/airflow/dags/green_taxi_dags.py took 0.237 seconds
[2024-12-27T16:08:39.193+0000] {processor.py:161} INFO - Started process (PID=121) to work on /opt/airflow/dags/green_taxi_dags.py
[2024-12-27T16:08:39.196+0000] {processor.py:830} INFO - Processing file /opt/airflow/dags/green_taxi_dags.py for tasks to queue
[2024-12-27T16:08:39.199+0000] {logging_mixin.py:188} INFO - [2024-12-27T16:08:39.198+0000] {dagbag.py:545} INFO - Filling up the DagBag from /opt/airflow/dags/green_taxi_dags.py
[2024-12-27T16:08:39.248+0000] {processor.py:840} INFO - DAG(s) 'green_taxi' retrieved from /opt/airflow/dags/green_taxi_dags.py
[2024-12-27T16:08:39.322+0000] {logging_mixin.py:188} INFO - [2024-12-27T16:08:39.321+0000] {dag.py:3089} INFO - Sync 1 DAGs
[2024-12-27T16:08:39.377+0000] {logging_mixin.py:188} INFO - [2024-12-27T16:08:39.376+0000] {dag.py:3947} INFO - Setting next_dagrun for green_taxi to 2024-11-01 00:00:00+00:00, run_after=2024-11-01 00:00:00+00:00
[2024-12-27T16:08:39.434+0000] {processor.py:183} INFO - Processing /opt/airflow/dags/green_taxi_dags.py took 0.263 seconds
[2024-12-27T16:09:10.039+0000] {processor.py:161} INFO - Started process (PID=149) to work on /opt/airflow/dags/green_taxi_dags.py
[2024-12-27T16:09:10.041+0000] {processor.py:830} INFO - Processing file /opt/airflow/dags/green_taxi_dags.py for tasks to queue
[2024-12-27T16:09:10.044+0000] {logging_mixin.py:188} INFO - [2024-12-27T16:09:10.043+0000] {dagbag.py:545} INFO - Filling up the DagBag from /opt/airflow/dags/green_taxi_dags.py
[2024-12-27T16:09:10.088+0000] {processor.py:840} INFO - DAG(s) 'green_taxi' retrieved from /opt/airflow/dags/green_taxi_dags.py
[2024-12-27T16:09:10.146+0000] {logging_mixin.py:188} INFO - [2024-12-27T16:09:10.146+0000] {dag.py:3089} INFO - Sync 1 DAGs
[2024-12-27T16:09:10.204+0000] {logging_mixin.py:188} INFO - [2024-12-27T16:09:10.203+0000] {dag.py:3947} INFO - Setting next_dagrun for green_taxi to 2024-11-01 00:00:00+00:00, run_after=2024-11-01 00:00:00+00:00
[2024-12-27T16:09:10.245+0000] {processor.py:183} INFO - Processing /opt/airflow/dags/green_taxi_dags.py took 0.222 seconds
[2024-12-27T16:09:40.807+0000] {processor.py:161} INFO - Started process (PID=158) to work on /opt/airflow/dags/green_taxi_dags.py
[2024-12-27T16:09:40.810+0000] {processor.py:830} INFO - Processing file /opt/airflow/dags/green_taxi_dags.py for tasks to queue
[2024-12-27T16:09:40.812+0000] {logging_mixin.py:188} INFO - [2024-12-27T16:09:40.811+0000] {dagbag.py:545} INFO - Filling up the DagBag from /opt/airflow/dags/green_taxi_dags.py
[2024-12-27T16:09:40.866+0000] {processor.py:840} INFO - DAG(s) 'green_taxi' retrieved from /opt/airflow/dags/green_taxi_dags.py
[2024-12-27T16:09:40.923+0000] {logging_mixin.py:188} INFO - [2024-12-27T16:09:40.923+0000] {dag.py:3089} INFO - Sync 1 DAGs
[2024-12-27T16:09:40.970+0000] {logging_mixin.py:188} INFO - [2024-12-27T16:09:40.970+0000] {dag.py:3947} INFO - Setting next_dagrun for green_taxi to 2024-11-01 00:00:00+00:00, run_after=2024-11-01 00:00:00+00:00
[2024-12-27T16:09:41.125+0000] {processor.py:183} INFO - Processing /opt/airflow/dags/green_taxi_dags.py took 0.333 seconds
[2024-12-27T16:10:11.547+0000] {processor.py:161} INFO - Started process (PID=185) to work on /opt/airflow/dags/green_taxi_dags.py
[2024-12-27T16:10:11.549+0000] {processor.py:830} INFO - Processing file /opt/airflow/dags/green_taxi_dags.py for tasks to queue
[2024-12-27T16:10:11.552+0000] {logging_mixin.py:188} INFO - [2024-12-27T16:10:11.551+0000] {dagbag.py:545} INFO - Filling up the DagBag from /opt/airflow/dags/green_taxi_dags.py
[2024-12-27T16:10:11.599+0000] {processor.py:840} INFO - DAG(s) 'green_taxi' retrieved from /opt/airflow/dags/green_taxi_dags.py
[2024-12-27T16:10:11.658+0000] {logging_mixin.py:188} INFO - [2024-12-27T16:10:11.657+0000] {dag.py:3089} INFO - Sync 1 DAGs
[2024-12-27T16:10:11.711+0000] {logging_mixin.py:188} INFO - [2024-12-27T16:10:11.710+0000] {dag.py:3947} INFO - Setting next_dagrun for green_taxi to 2024-11-01 00:00:00+00:00, run_after=2024-11-01 00:00:00+00:00
[2024-12-27T16:10:11.764+0000] {processor.py:183} INFO - Processing /opt/airflow/dags/green_taxi_dags.py took 0.235 seconds
[2024-12-27T16:10:42.261+0000] {processor.py:161} INFO - Started process (PID=200) to work on /opt/airflow/dags/green_taxi_dags.py
[2024-12-27T16:10:42.263+0000] {processor.py:830} INFO - Processing file /opt/airflow/dags/green_taxi_dags.py for tasks to queue
[2024-12-27T16:10:42.266+0000] {logging_mixin.py:188} INFO - [2024-12-27T16:10:42.265+0000] {dagbag.py:545} INFO - Filling up the DagBag from /opt/airflow/dags/green_taxi_dags.py
[2024-12-27T16:10:42.306+0000] {processor.py:840} INFO - DAG(s) 'green_taxi' retrieved from /opt/airflow/dags/green_taxi_dags.py
[2024-12-27T16:10:42.365+0000] {logging_mixin.py:188} INFO - [2024-12-27T16:10:42.364+0000] {dag.py:3089} INFO - Sync 1 DAGs
[2024-12-27T16:10:42.453+0000] {logging_mixin.py:188} INFO - [2024-12-27T16:10:42.444+0000] {dag.py:3947} INFO - Setting next_dagrun for green_taxi to 2024-11-01 00:00:00+00:00, run_after=2024-11-01 00:00:00+00:00
[2024-12-27T16:10:42.512+0000] {processor.py:183} INFO - Processing /opt/airflow/dags/green_taxi_dags.py took 0.274 seconds
[2024-12-27T16:11:12.830+0000] {processor.py:161} INFO - Started process (PID=227) to work on /opt/airflow/dags/green_taxi_dags.py
[2024-12-27T16:11:12.832+0000] {processor.py:830} INFO - Processing file /opt/airflow/dags/green_taxi_dags.py for tasks to queue
[2024-12-27T16:11:12.834+0000] {logging_mixin.py:188} INFO - [2024-12-27T16:11:12.834+0000] {dagbag.py:545} INFO - Filling up the DagBag from /opt/airflow/dags/green_taxi_dags.py
[2024-12-27T16:11:12.882+0000] {processor.py:840} INFO - DAG(s) 'green_taxi' retrieved from /opt/airflow/dags/green_taxi_dags.py
[2024-12-27T16:11:12.940+0000] {logging_mixin.py:188} INFO - [2024-12-27T16:11:12.939+0000] {dag.py:3089} INFO - Sync 1 DAGs
[2024-12-27T16:11:12.987+0000] {logging_mixin.py:188} INFO - [2024-12-27T16:11:12.986+0000] {dag.py:3947} INFO - Setting next_dagrun for green_taxi to 2024-11-01 00:00:00+00:00, run_after=2024-11-01 00:00:00+00:00
[2024-12-27T16:11:13.039+0000] {processor.py:183} INFO - Processing /opt/airflow/dags/green_taxi_dags.py took 0.225 seconds
[2024-12-27T16:11:43.499+0000] {processor.py:161} INFO - Started process (PID=236) to work on /opt/airflow/dags/green_taxi_dags.py
[2024-12-27T16:11:43.502+0000] {processor.py:830} INFO - Processing file /opt/airflow/dags/green_taxi_dags.py for tasks to queue
[2024-12-27T16:11:43.504+0000] {logging_mixin.py:188} INFO - [2024-12-27T16:11:43.503+0000] {dagbag.py:545} INFO - Filling up the DagBag from /opt/airflow/dags/green_taxi_dags.py
[2024-12-27T16:11:43.556+0000] {processor.py:840} INFO - DAG(s) 'green_taxi' retrieved from /opt/airflow/dags/green_taxi_dags.py
[2024-12-27T16:11:43.619+0000] {logging_mixin.py:188} INFO - [2024-12-27T16:11:43.619+0000] {dag.py:3089} INFO - Sync 1 DAGs
[2024-12-27T16:11:43.677+0000] {logging_mixin.py:188} INFO - [2024-12-27T16:11:43.676+0000] {dag.py:3947} INFO - Setting next_dagrun for green_taxi to 2024-11-01 00:00:00+00:00, run_after=2024-11-01 00:00:00+00:00
[2024-12-27T16:11:43.723+0000] {processor.py:183} INFO - Processing /opt/airflow/dags/green_taxi_dags.py took 0.243 seconds
