[2024-11-29T04:40:43.394+0000] {local_task_job_runner.py:120} INFO - ::group::Pre task execution logs
[2024-11-29T04:40:43.415+0000] {taskinstance.py:2076} INFO - Dependencies all met for dep_context=non-requeueable deps ti=<TaskInstance: nyc_green_tripdata.dbt_transform.dim_zone.run manual__2024-11-29T04:40:06.141839+00:00 [queued]>
[2024-11-29T04:40:43.428+0000] {taskinstance.py:2076} INFO - Dependencies all met for dep_context=requeueable deps ti=<TaskInstance: nyc_green_tripdata.dbt_transform.dim_zone.run manual__2024-11-29T04:40:06.141839+00:00 [queued]>
[2024-11-29T04:40:43.429+0000] {taskinstance.py:2306} INFO - Starting attempt 1 of 2
[2024-11-29T04:40:43.454+0000] {taskinstance.py:2330} INFO - Executing <Task(DbtRunLocalOperator): dbt_transform.dim_zone.run> on 2024-11-29 04:40:06.141839+00:00
[2024-11-29T04:40:43.465+0000] {standard_task_runner.py:64} INFO - Started process 720 to run task
[2024-11-29T04:40:43.469+0000] {standard_task_runner.py:90} INFO - Running: ['***', 'tasks', 'run', 'nyc_green_tripdata', 'dbt_transform.dim_zone.run', 'manual__2024-11-29T04:40:06.141839+00:00', '--job-id', '167', '--raw', '--subdir', 'DAGS_FOLDER/dag_green_tripdata.py', '--cfg-path', '/tmp/tmpnxvnjwpo']
[2024-11-29T04:40:43.472+0000] {standard_task_runner.py:91} INFO - Job 167: Subtask dbt_transform.dim_zone.run
[2024-11-29T04:40:43.527+0000] {task_command.py:426} INFO - Running <TaskInstance: nyc_green_tripdata.dbt_transform.dim_zone.run manual__2024-11-29T04:40:06.141839+00:00 [running]> on host 39c047f38cb8
[2024-11-29T04:40:43.632+0000] {taskinstance.py:2648} INFO - Exporting env vars: AIRFLOW_CTX_DAG_EMAIL='muhii.smta@gmail.com' AIRFLOW_CTX_DAG_OWNER='Muhii' AIRFLOW_CTX_DAG_ID='nyc_green_tripdata' AIRFLOW_CTX_TASK_ID='dbt_transform.dim_zone.run' AIRFLOW_CTX_EXECUTION_DATE='2024-11-29T04:40:06.141839+00:00' AIRFLOW_CTX_TRY_NUMBER='1' AIRFLOW_CTX_DAG_RUN_ID='manual__2024-11-29T04:40:06.141839+00:00'
[2024-11-29T04:40:43.635+0000] {taskinstance.py:430} INFO - ::endgroup::
[2024-11-29T04:40:45.988+0000] {local.py:216} INFO - dbtRunner is available. Using dbtRunner for invoking dbt.
[2024-11-29T04:40:45.989+0000] {local.py:432} INFO - Cloning project to writable temp directory /tmp/tmp2j2ddpy2 from /opt/airflow/include/dbt
[2024-11-29T04:40:45.992+0000] {local.py:443} INFO - Partial parse is enabled and the latest partial parse file is /tmp/cosmos/nyc_green_tripdata__dbt_transform/target/partial_parse.msgpack
[2024-11-29T04:40:46.002+0000] {config.py:332} INFO - Using user-supplied profiles.yml at /opt/airflow/include/dbt/profiles.yml
[2024-11-29T04:40:46.003+0000] {local.py:404} INFO - Trying to run dbtRunner with:
 ['run', '--models', 'dim_zone', '--project-dir', '/tmp/tmp2j2ddpy2', '--profiles-dir', '/opt/***/include/dbt', '--profile', 'nyc_taxi', '--target', 'dev']
 in /tmp/tmp2j2ddpy2
[2024-11-29T04:40:46.126+0000] {logging_mixin.py:188} INFO - 04:40:46  Running with dbt=1.8.7
[2024-11-29T04:40:46.889+0000] {logging_mixin.py:188} INFO - 04:40:46  Registered adapter: bigquery=1.8.3
[2024-11-29T04:40:48.559+0000] {logging_mixin.py:188} INFO - 04:40:48  Found 7 models, 34 data tests, 2 sources, 600 macros
[2024-11-29T04:40:48.564+0000] {logging_mixin.py:188} INFO - 04:40:48
[2024-11-29T04:40:50.377+0000] {logging_mixin.py:188} INFO - 04:40:50  Concurrency: 1 threads (target='dev')
[2024-11-29T04:40:50.378+0000] {logging_mixin.py:188} INFO - 04:40:50
[2024-11-29T04:40:50.381+0000] {logging_mixin.py:188} INFO - 04:40:50  1 of 1 START sql table model nyc_taxi.dim_zone ................................. [RUN]
[2024-11-29T04:40:54.349+0000] {logging_mixin.py:188} INFO - 04:40:54  1 of 1 OK created sql table model nyc_taxi.dim_zone ............................ [CREATE TABLE (263.0 rows, 72.5 KiB processed) in 3.96s]
[2024-11-29T04:40:54.354+0000] {logging_mixin.py:188} INFO - 04:40:54
[2024-11-29T04:40:54.356+0000] {logging_mixin.py:188} INFO - 04:40:54  Finished running 1 table model in 0 hours 0 minutes and 5.79 seconds (5.79s).
[2024-11-29T04:40:54.767+0000] {logging_mixin.py:188} INFO - 04:40:54
[2024-11-29T04:40:54.769+0000] {logging_mixin.py:188} INFO - 04:40:54  Completed successfully
[2024-11-29T04:40:54.770+0000] {logging_mixin.py:188} INFO - 04:40:54
[2024-11-29T04:40:54.771+0000] {logging_mixin.py:188} INFO - 04:40:54  Done. PASS=1 WARN=0 ERROR=0 SKIP=0 TOTAL=1
[2024-11-29T04:40:55.862+0000] {local.py:196} WARNING - Artifact schema version: https://schemas.getdbt.com/dbt/manifest/v12.json is above dbt-ol supported version 7. This might cause errors.
[2024-11-29T04:40:55.863+0000] {local.py:196} WARNING - Artifact schema version: https://schemas.getdbt.com/dbt/run-results/v6.json is above dbt-ol supported version 5. This might cause errors.
[2024-11-29T04:40:55.870+0000] {local.py:490} INFO - Inlets: [Dataset(uri='bigquery/northern-shield-437204-m0.nyc_taxi.zone_map', extra=None)]
[2024-11-29T04:40:55.870+0000] {local.py:491} INFO - Outlets: [Dataset(uri='bigquery/northern-shield-437204-m0.nyc_taxi.dim_zone', extra=None)]
[2024-11-29T04:40:55.871+0000] {local.py:590} INFO - Assigning inlets/outlets without DatasetAlias
[2024-11-29T04:40:55.871+0000] {dag.py:3089} INFO - Sync 1 DAGs
[2024-11-29T04:40:55.892+0000] {dag.py:3947} INFO - Setting next_dagrun for nyc_green_tripdata to None, run_after=None
[2024-11-29T04:40:55.921+0000] {taskinstance.py:441} INFO - ::group::Post task execution logs
[2024-11-29T04:40:55.953+0000] {taskinstance.py:1206} INFO - Marking task as SUCCESS. dag_id=nyc_green_tripdata, task_id=dbt_transform.dim_zone.run, run_id=manual__2024-11-29T04:40:06.141839+00:00, execution_date=20241129T044006, start_date=20241129T044043, end_date=20241129T044055
[2024-11-29T04:40:56.019+0000] {local_task_job_runner.py:243} INFO - Task exited with return code 0
[2024-11-29T04:40:56.049+0000] {taskinstance.py:3503} INFO - 1 downstream tasks scheduled from follow-on schedule check
[2024-11-29T04:40:56.051+0000] {local_task_job_runner.py:222} INFO - ::endgroup::
