[2024-11-13T06:28:39.901+0000] {local_task_job_runner.py:120} INFO - ::group::Pre task execution logs
[2024-11-13T06:28:39.934+0000] {taskinstance.py:2076} INFO - Dependencies all met for dep_context=non-requeueable deps ti=<TaskInstance: nyc_green_taxi.load_tripdata_to_bq manual__2024-11-13T06:17:40.100985+00:00 [queued]>
[2024-11-13T06:28:39.951+0000] {taskinstance.py:2076} INFO - Dependencies all met for dep_context=requeueable deps ti=<TaskInstance: nyc_green_taxi.load_tripdata_to_bq manual__2024-11-13T06:17:40.100985+00:00 [queued]>
[2024-11-13T06:28:39.952+0000] {taskinstance.py:2306} INFO - Starting attempt 2 of 3
[2024-11-13T06:28:39.983+0000] {taskinstance.py:2330} INFO - Executing <Task(GCSToBigQueryOperator): load_tripdata_to_bq> on 2024-11-13 06:17:40.100985+00:00
[2024-11-13T06:28:39.995+0000] {standard_task_runner.py:64} INFO - Started process 981 to run task
[2024-11-13T06:28:39.999+0000] {standard_task_runner.py:90} INFO - Running: ['***', 'tasks', 'run', 'nyc_green_taxi', 'load_tripdata_to_bq', 'manual__2024-11-13T06:17:40.100985+00:00', '--job-id', '97', '--raw', '--subdir', 'DAGS_FOLDER/data_ingestion.py', '--cfg-path', '/tmp/tmpb7z12izy']
[2024-11-13T06:28:40.004+0000] {standard_task_runner.py:91} INFO - Job 97: Subtask load_tripdata_to_bq
[2024-11-13T06:28:40.091+0000] {task_command.py:426} INFO - Running <TaskInstance: nyc_green_taxi.load_tripdata_to_bq manual__2024-11-13T06:17:40.100985+00:00 [running]> on host 7a2cfb7b2df5
[2024-11-13T06:28:40.270+0000] {taskinstance.py:2648} INFO - Exporting env vars: AIRFLOW_CTX_DAG_EMAIL='muhii.smta@gmail.com' AIRFLOW_CTX_DAG_OWNER='Muhii' AIRFLOW_CTX_DAG_ID='nyc_green_taxi' AIRFLOW_CTX_TASK_ID='load_tripdata_to_bq' AIRFLOW_CTX_EXECUTION_DATE='2024-11-13T06:17:40.100985+00:00' AIRFLOW_CTX_TRY_NUMBER='2' AIRFLOW_CTX_DAG_RUN_ID='manual__2024-11-13T06:17:40.100985+00:00'
[2024-11-13T06:28:40.273+0000] {taskinstance.py:430} INFO - ::endgroup::
[2024-11-13T06:28:40.301+0000] {crypto.py:82} WARNING - empty cryptography key - values will not be stored encrypted.
[2024-11-13T06:28:40.303+0000] {connection.py:274} WARNING - Connection schemes (type: google_cloud_platform) shall not contain '_' according to RFC3986.
[2024-11-13T06:28:40.306+0000] {base.py:84} INFO - Using connection ID 'google_cloud_default' for task execution.
[2024-11-13T06:28:40.308+0000] {gcs_to_bigquery.py:381} INFO - Using existing BigQuery table for storing data...
[2024-11-13T06:28:40.397+0000] {gcs_to_bigquery.py:385} INFO - Executing: {'load': {'autodetect': True, 'createDisposition': 'CREATE_IF_NEEDED', 'destinationTable': {'projectId': 'northern-shield-437204-m0', 'datasetId': 'nyc_taxi', 'tableId': 'green_tripdata'}, 'sourceFormat': 'PARQUET', 'sourceUris': ['gs://green_taxi_bucket/transform/tf_green_tripdata_2023-01.parquet'], 'writeDisposition': 'WRITE_APPEND', 'ignoreUnknownValues': False}}
[2024-11-13T06:28:40.399+0000] {bigquery.py:1702} INFO - Inserting job ***_nyc_green_taxi_load_tripdata_to_bq_2024_11_13T06_17_40_100985_00_00_accfea3c66891f65b2f107df0254e45b
[2024-11-13T06:28:43.950+0000] {taskinstance.py:441} INFO - ::group::Post task execution logs
[2024-11-13T06:28:43.969+0000] {taskinstance.py:1206} INFO - Marking task as SUCCESS. dag_id=nyc_green_taxi, task_id=load_tripdata_to_bq, run_id=manual__2024-11-13T06:17:40.100985+00:00, execution_date=20241113T061740, start_date=20241113T062839, end_date=20241113T062843
[2024-11-13T06:28:44.022+0000] {local_task_job_runner.py:243} INFO - Task exited with return code 0
[2024-11-13T06:28:44.061+0000] {taskinstance.py:3503} INFO - 0 downstream tasks scheduled from follow-on schedule check
[2024-11-13T06:28:44.066+0000] {local_task_job_runner.py:222} INFO - ::endgroup::
