[2024-12-03T10:00:53.116+0000] {local_task_job_runner.py:120} INFO - ::group::Pre task execution logs
[2024-12-03T10:00:53.155+0000] {taskinstance.py:2076} INFO - Dependencies all met for dep_context=non-requeueable deps ti=<TaskInstance: nyc_green_tripdata.dbt_transform.dim_triptype.run manual__2024-12-03T09:59:36.005034+00:00 [queued]>
[2024-12-03T10:00:53.178+0000] {taskinstance.py:2076} INFO - Dependencies all met for dep_context=requeueable deps ti=<TaskInstance: nyc_green_tripdata.dbt_transform.dim_triptype.run manual__2024-12-03T09:59:36.005034+00:00 [queued]>
[2024-12-03T10:00:53.180+0000] {taskinstance.py:2306} INFO - Starting attempt 1 of 2
[2024-12-03T10:00:53.233+0000] {taskinstance.py:2330} INFO - Executing <Task(DbtRunLocalOperator): dbt_transform.dim_triptype.run> on 2024-12-03 09:59:36.005034+00:00
[2024-12-03T10:00:53.251+0000] {standard_task_runner.py:64} INFO - Started process 11207 to run task
[2024-12-03T10:00:53.259+0000] {standard_task_runner.py:90} INFO - Running: ['***', 'tasks', 'run', 'nyc_green_tripdata', 'dbt_transform.dim_triptype.run', 'manual__2024-12-03T09:59:36.005034+00:00', '--job-id', '439', '--raw', '--subdir', 'DAGS_FOLDER/dag_green_tripdata.py', '--cfg-path', '/tmp/tmp4ip7i6j0']
[2024-12-03T10:00:53.266+0000] {standard_task_runner.py:91} INFO - Job 439: Subtask dbt_transform.dim_triptype.run
[2024-12-03T10:00:53.390+0000] {task_command.py:426} INFO - Running <TaskInstance: nyc_green_tripdata.dbt_transform.dim_triptype.run manual__2024-12-03T09:59:36.005034+00:00 [running]> on host 39c047f38cb8
[2024-12-03T10:00:53.608+0000] {taskinstance.py:2648} INFO - Exporting env vars: AIRFLOW_CTX_DAG_EMAIL='muhii.smta@gmail.com' AIRFLOW_CTX_DAG_OWNER='Muhii' AIRFLOW_CTX_DAG_ID='nyc_green_tripdata' AIRFLOW_CTX_TASK_ID='dbt_transform.dim_triptype.run' AIRFLOW_CTX_EXECUTION_DATE='2024-12-03T09:59:36.005034+00:00' AIRFLOW_CTX_TRY_NUMBER='1' AIRFLOW_CTX_DAG_RUN_ID='manual__2024-12-03T09:59:36.005034+00:00'
[2024-12-03T10:00:53.613+0000] {taskinstance.py:430} INFO - ::endgroup::
[2024-12-03T10:00:57.984+0000] {local.py:216} INFO - dbtRunner is available. Using dbtRunner for invoking dbt.
[2024-12-03T10:00:57.986+0000] {local.py:432} INFO - Cloning project to writable temp directory /tmp/tmpl1dx64eq from /opt/airflow/include/dbt
[2024-12-03T10:00:57.993+0000] {local.py:443} INFO - Partial parse is enabled and the latest partial parse file is /tmp/cosmos/nyc_green_tripdata__dbt_transform/target/partial_parse.msgpack
[2024-12-03T10:00:58.019+0000] {config.py:332} INFO - Using user-supplied profiles.yml at /opt/airflow/include/dbt/profiles.yml
[2024-12-03T10:00:58.021+0000] {local.py:404} INFO - Trying to run dbtRunner with:
 ['run', '--models', 'dim_triptype', '--project-dir', '/tmp/tmpl1dx64eq', '--profiles-dir', '/opt/***/include/dbt', '--profile', 'nyc_taxi', '--target', 'dev']
 in /tmp/tmpl1dx64eq
[2024-12-03T10:00:58.249+0000] {logging_mixin.py:188} INFO - 10:00:58  Running with dbt=1.8.7
[2024-12-03T10:00:59.810+0000] {logging_mixin.py:188} INFO - 10:00:59  Registered adapter: bigquery=1.8.3
[2024-12-03T10:01:04.457+0000] {logging_mixin.py:188} INFO - 10:01:04  Found 7 models, 34 data tests, 2 sources, 600 macros
[2024-12-03T10:01:04.468+0000] {logging_mixin.py:188} INFO - 10:01:04
[2024-12-03T10:01:06.520+0000] {logging_mixin.py:188} INFO - 10:01:06  Concurrency: 1 threads (target='dev')
[2024-12-03T10:01:06.524+0000] {logging_mixin.py:188} INFO - 10:01:06
[2024-12-03T10:01:06.537+0000] {logging_mixin.py:188} INFO - 10:01:06  1 of 1 START sql table model nyc_taxi.dim_triptype ............................. [RUN]
[2024-12-03T10:01:10.990+0000] {logging_mixin.py:188} INFO - 10:01:10  1 of 1 OK created sql table model nyc_taxi.dim_triptype ........................ [CREATE TABLE (3.0 rows, 5.1 MiB processed) in 4.44s]
[2024-12-03T10:01:11.004+0000] {logging_mixin.py:188} INFO - 10:01:11
[2024-12-03T10:01:11.007+0000] {logging_mixin.py:188} INFO - 10:01:11  Finished running 1 table model in 0 hours 0 minutes and 6.53 seconds (6.53s).
[2024-12-03T10:01:11.718+0000] {logging_mixin.py:188} INFO - 10:01:11
[2024-12-03T10:01:11.722+0000] {logging_mixin.py:188} INFO - 10:01:11  Completed successfully
[2024-12-03T10:01:11.725+0000] {logging_mixin.py:188} INFO - 10:01:11
[2024-12-03T10:01:11.728+0000] {logging_mixin.py:188} INFO - 10:01:11  Done. PASS=1 WARN=0 ERROR=0 SKIP=0 TOTAL=1
[2024-12-03T10:01:13.001+0000] {local.py:196} WARNING - Artifact schema version: https://schemas.getdbt.com/dbt/manifest/v12.json is above dbt-ol supported version 7. This might cause errors.
[2024-12-03T10:01:13.003+0000] {local.py:196} WARNING - Artifact schema version: https://schemas.getdbt.com/dbt/run-results/v6.json is above dbt-ol supported version 5. This might cause errors.
[2024-12-03T10:01:13.025+0000] {local.py:490} INFO - Inlets: [Dataset(uri='bigquery/northern-shield-437204-m0.nyc_taxi.green_tripdata', extra=None)]
[2024-12-03T10:01:13.026+0000] {local.py:491} INFO - Outlets: [Dataset(uri='bigquery/northern-shield-437204-m0.nyc_taxi.dim_triptype', extra=None)]
[2024-12-03T10:01:13.028+0000] {local.py:590} INFO - Assigning inlets/outlets without DatasetAlias
[2024-12-03T10:01:13.030+0000] {dag.py:3089} INFO - Sync 1 DAGs
[2024-12-03T10:01:13.089+0000] {dag.py:3947} INFO - Setting next_dagrun for nyc_green_tripdata to None, run_after=None
[2024-12-03T10:01:13.158+0000] {taskinstance.py:441} INFO - ::group::Post task execution logs
[2024-12-03T10:01:13.222+0000] {taskinstance.py:1206} INFO - Marking task as SUCCESS. dag_id=nyc_green_tripdata, task_id=dbt_transform.dim_triptype.run, run_id=manual__2024-12-03T09:59:36.005034+00:00, execution_date=20241203T095936, start_date=20241203T100053, end_date=20241203T100113
[2024-12-03T10:01:13.346+0000] {local_task_job_runner.py:243} INFO - Task exited with return code 0
[2024-12-03T10:01:13.422+0000] {taskinstance.py:3503} INFO - 1 downstream tasks scheduled from follow-on schedule check
[2024-12-03T10:01:13.426+0000] {local_task_job_runner.py:222} INFO - ::endgroup::
