[2024-12-03T10:02:13.632+0000] {local_task_job_runner.py:120} INFO - ::group::Pre task execution logs
[2024-12-03T10:02:13.674+0000] {taskinstance.py:2076} INFO - Dependencies all met for dep_context=non-requeueable deps ti=<TaskInstance: nyc_green_tripdata.dbt_transform.fct_trips.run manual__2024-12-03T09:59:36.005034+00:00 [queued]>
[2024-12-03T10:02:13.702+0000] {taskinstance.py:2076} INFO - Dependencies all met for dep_context=requeueable deps ti=<TaskInstance: nyc_green_tripdata.dbt_transform.fct_trips.run manual__2024-12-03T09:59:36.005034+00:00 [queued]>
[2024-12-03T10:02:13.703+0000] {taskinstance.py:2306} INFO - Starting attempt 1 of 2
[2024-12-03T10:02:13.738+0000] {taskinstance.py:2330} INFO - Executing <Task(DbtRunLocalOperator): dbt_transform.fct_trips.run> on 2024-12-03 09:59:36.005034+00:00
[2024-12-03T10:02:13.759+0000] {standard_task_runner.py:64} INFO - Started process 11355 to run task
[2024-12-03T10:02:13.767+0000] {standard_task_runner.py:90} INFO - Running: ['***', 'tasks', 'run', 'nyc_green_tripdata', 'dbt_transform.fct_trips.run', 'manual__2024-12-03T09:59:36.005034+00:00', '--job-id', '447', '--raw', '--subdir', 'DAGS_FOLDER/dag_green_tripdata.py', '--cfg-path', '/tmp/tmp5jgt5s_b']
[2024-12-03T10:02:13.774+0000] {standard_task_runner.py:91} INFO - Job 447: Subtask dbt_transform.fct_trips.run
[2024-12-03T10:02:13.884+0000] {task_command.py:426} INFO - Running <TaskInstance: nyc_green_tripdata.dbt_transform.fct_trips.run manual__2024-12-03T09:59:36.005034+00:00 [running]> on host 39c047f38cb8
[2024-12-03T10:02:14.108+0000] {taskinstance.py:2648} INFO - Exporting env vars: AIRFLOW_CTX_DAG_EMAIL='muhii.smta@gmail.com' AIRFLOW_CTX_DAG_OWNER='Muhii' AIRFLOW_CTX_DAG_ID='nyc_green_tripdata' AIRFLOW_CTX_TASK_ID='dbt_transform.fct_trips.run' AIRFLOW_CTX_EXECUTION_DATE='2024-12-03T09:59:36.005034+00:00' AIRFLOW_CTX_TRY_NUMBER='1' AIRFLOW_CTX_DAG_RUN_ID='manual__2024-12-03T09:59:36.005034+00:00'
[2024-12-03T10:02:14.112+0000] {taskinstance.py:430} INFO - ::endgroup::
[2024-12-03T10:02:16.030+0000] {local.py:216} INFO - dbtRunner is available. Using dbtRunner for invoking dbt.
[2024-12-03T10:02:16.032+0000] {local.py:432} INFO - Cloning project to writable temp directory /tmp/tmpcd1ynqwd from /opt/airflow/include/dbt
[2024-12-03T10:02:16.043+0000] {local.py:443} INFO - Partial parse is enabled and the latest partial parse file is /tmp/cosmos/nyc_green_tripdata__dbt_transform/target/partial_parse.msgpack
[2024-12-03T10:02:16.064+0000] {config.py:332} INFO - Using user-supplied profiles.yml at /opt/airflow/include/dbt/profiles.yml
[2024-12-03T10:02:16.066+0000] {local.py:404} INFO - Trying to run dbtRunner with:
 ['run', '--models', 'fct_trips', '--project-dir', '/tmp/tmpcd1ynqwd', '--profiles-dir', '/opt/***/include/dbt', '--profile', 'nyc_taxi', '--target', 'dev']
 in /tmp/tmpcd1ynqwd
[2024-12-03T10:02:16.293+0000] {logging_mixin.py:188} INFO - 10:02:16  Running with dbt=1.8.7
[2024-12-03T10:02:17.779+0000] {logging_mixin.py:188} INFO - 10:02:17  Registered adapter: bigquery=1.8.3
[2024-12-03T10:02:23.781+0000] {logging_mixin.py:188} INFO - 10:02:23  Found 7 models, 34 data tests, 2 sources, 600 macros
[2024-12-03T10:02:23.790+0000] {logging_mixin.py:188} INFO - 10:02:23
[2024-12-03T10:02:25.723+0000] {logging_mixin.py:188} INFO - 10:02:25  Concurrency: 1 threads (target='dev')
[2024-12-03T10:02:25.726+0000] {logging_mixin.py:188} INFO - 10:02:25
[2024-12-03T10:02:25.736+0000] {logging_mixin.py:188} INFO - 10:02:25  1 of 1 START sql table model nyc_taxi.fct_trips ................................ [RUN]
[2024-12-03T10:02:38.878+0000] {logging_mixin.py:188} INFO - 10:02:38  1 of 1 OK created sql table model nyc_taxi.fct_trips ........................... [CREATE TABLE (667.8k rows, 116.6 MiB processed) in 13.13s]
[2024-12-03T10:02:38.892+0000] {logging_mixin.py:188} INFO - 10:02:38
[2024-12-03T10:02:38.895+0000] {logging_mixin.py:188} INFO - 10:02:38  Finished running 1 table model in 0 hours 0 minutes and 15.10 seconds (15.10s).
[2024-12-03T10:02:39.767+0000] {logging_mixin.py:188} INFO - 10:02:39
[2024-12-03T10:02:39.772+0000] {logging_mixin.py:188} INFO - 10:02:39  Completed successfully
[2024-12-03T10:02:39.783+0000] {logging_mixin.py:188} INFO - 10:02:39
[2024-12-03T10:02:39.787+0000] {logging_mixin.py:188} INFO - 10:02:39  Done. PASS=1 WARN=0 ERROR=0 SKIP=0 TOTAL=1
[2024-12-03T10:02:41.234+0000] {local.py:196} WARNING - Artifact schema version: https://schemas.getdbt.com/dbt/manifest/v12.json is above dbt-ol supported version 7. This might cause errors.
[2024-12-03T10:02:41.237+0000] {local.py:196} WARNING - Artifact schema version: https://schemas.getdbt.com/dbt/run-results/v6.json is above dbt-ol supported version 5. This might cause errors.
[2024-12-03T10:02:41.259+0000] {local.py:490} INFO - Inlets: [Dataset(uri='bigquery/northern-shield-437204-m0.nyc_taxi.dim_time', extra=None), Dataset(uri='bigquery/northern-shield-437204-m0.nyc_taxi.green_tripdata', extra=None)]
[2024-12-03T10:02:41.261+0000] {local.py:491} INFO - Outlets: [Dataset(uri='bigquery/northern-shield-437204-m0.nyc_taxi.fct_trips', extra=None)]
[2024-12-03T10:02:41.262+0000] {local.py:590} INFO - Assigning inlets/outlets without DatasetAlias
[2024-12-03T10:02:41.264+0000] {dag.py:3089} INFO - Sync 1 DAGs
[2024-12-03T10:02:41.323+0000] {dag.py:3947} INFO - Setting next_dagrun for nyc_green_tripdata to None, run_after=None
[2024-12-03T10:02:41.403+0000] {taskinstance.py:441} INFO - ::group::Post task execution logs
[2024-12-03T10:02:41.483+0000] {taskinstance.py:1206} INFO - Marking task as SUCCESS. dag_id=nyc_green_tripdata, task_id=dbt_transform.fct_trips.run, run_id=manual__2024-12-03T09:59:36.005034+00:00, execution_date=20241203T095936, start_date=20241203T100213, end_date=20241203T100241
[2024-12-03T10:02:41.621+0000] {local_task_job_runner.py:243} INFO - Task exited with return code 0
[2024-12-03T10:02:41.693+0000] {taskinstance.py:3503} INFO - 1 downstream tasks scheduled from follow-on schedule check
[2024-12-03T10:02:41.698+0000] {local_task_job_runner.py:222} INFO - ::endgroup::
