[2024-11-29T04:35:36.380+0000] {local_task_job_runner.py:120} INFO - ::group::Pre task execution logs
[2024-11-29T04:35:36.397+0000] {taskinstance.py:2076} INFO - Dependencies all met for dep_context=non-requeueable deps ti=<TaskInstance: nyc_green_tripdata.dbt_transform.dim_time.run manual__2024-11-29T04:34:58.465019+00:00 [queued]>
[2024-11-29T04:35:36.407+0000] {taskinstance.py:2076} INFO - Dependencies all met for dep_context=requeueable deps ti=<TaskInstance: nyc_green_tripdata.dbt_transform.dim_time.run manual__2024-11-29T04:34:58.465019+00:00 [queued]>
[2024-11-29T04:35:36.408+0000] {taskinstance.py:2306} INFO - Starting attempt 1 of 2
[2024-11-29T04:35:36.419+0000] {taskinstance.py:2330} INFO - Executing <Task(DbtRunLocalOperator): dbt_transform.dim_time.run> on 2024-11-29 04:34:58.465019+00:00
[2024-11-29T04:35:36.427+0000] {standard_task_runner.py:64} INFO - Started process 302 to run task
[2024-11-29T04:35:36.430+0000] {standard_task_runner.py:90} INFO - Running: ['***', 'tasks', 'run', 'nyc_green_tripdata', 'dbt_transform.dim_time.run', 'manual__2024-11-29T04:34:58.465019+00:00', '--job-id', '144', '--raw', '--subdir', 'DAGS_FOLDER/dag_green_tripdata.py', '--cfg-path', '/tmp/tmpc3fcom7n']
[2024-11-29T04:35:36.432+0000] {standard_task_runner.py:91} INFO - Job 144: Subtask dbt_transform.dim_time.run
[2024-11-29T04:35:36.472+0000] {task_command.py:426} INFO - Running <TaskInstance: nyc_green_tripdata.dbt_transform.dim_time.run manual__2024-11-29T04:34:58.465019+00:00 [running]> on host 39c047f38cb8
[2024-11-29T04:35:36.561+0000] {taskinstance.py:2648} INFO - Exporting env vars: AIRFLOW_CTX_DAG_EMAIL='muhii.smta@gmail.com' AIRFLOW_CTX_DAG_OWNER='Muhii' AIRFLOW_CTX_DAG_ID='nyc_green_tripdata' AIRFLOW_CTX_TASK_ID='dbt_transform.dim_time.run' AIRFLOW_CTX_EXECUTION_DATE='2024-11-29T04:34:58.465019+00:00' AIRFLOW_CTX_TRY_NUMBER='1' AIRFLOW_CTX_DAG_RUN_ID='manual__2024-11-29T04:34:58.465019+00:00'
[2024-11-29T04:35:36.563+0000] {taskinstance.py:430} INFO - ::endgroup::
[2024-11-29T04:35:38.377+0000] {local.py:216} INFO - dbtRunner is available. Using dbtRunner for invoking dbt.
[2024-11-29T04:35:38.378+0000] {local.py:432} INFO - Cloning project to writable temp directory /tmp/tmpmxk81626 from /opt/airflow/include/dbt
[2024-11-29T04:35:38.381+0000] {local.py:443} INFO - Partial parse is enabled and the latest partial parse file is /tmp/cosmos/nyc_green_tripdata__dbt_transform/target/partial_parse.msgpack
[2024-11-29T04:35:38.389+0000] {config.py:332} INFO - Using user-supplied profiles.yml at /opt/airflow/include/dbt/profiles.yml
[2024-11-29T04:35:38.390+0000] {local.py:404} INFO - Trying to run dbtRunner with:
 ['run', '--models', 'dim_time', '--project-dir', '/tmp/tmpmxk81626', '--profiles-dir', '/opt/***/include/dbt', '--profile', 'nyc_taxi', '--target', 'dev']
 in /tmp/tmpmxk81626
[2024-11-29T04:35:38.477+0000] {logging_mixin.py:188} INFO - 04:35:38  Running with dbt=1.8.7
[2024-11-29T04:35:39.069+0000] {logging_mixin.py:188} INFO - 04:35:39  Registered adapter: bigquery=1.8.3
[2024-11-29T04:35:40.879+0000] {logging_mixin.py:188} INFO - 04:35:40  [WARNING]: Deprecated functionality
The `tests` config has been renamed to `data_tests`. Please see
https://docs.getdbt.com/docs/build/data-tests#new-data_tests-syntax for more
information.
[2024-11-29T04:35:41.406+0000] {logging_mixin.py:188} INFO - 04:35:41  Found 7 models, 34 data tests, 2 sources, 600 macros
[2024-11-29T04:35:41.415+0000] {logging_mixin.py:188} INFO - 04:35:41
[2024-11-29T04:35:42.844+0000] {logging_mixin.py:188} INFO - 04:35:42  Concurrency: 1 threads (target='dev')
[2024-11-29T04:35:42.845+0000] {logging_mixin.py:188} INFO - 04:35:42
[2024-11-29T04:35:42.849+0000] {logging_mixin.py:188} INFO - 04:35:42  1 of 1 START sql table model nyc_taxi.dim_time ................................. [RUN]
[2024-11-29T04:35:47.492+0000] {logging_mixin.py:188} INFO - 04:35:47  1 of 1 OK created sql table model nyc_taxi.dim_time ............................ [CREATE TABLE (115.0k rows, 927.0 KiB processed) in 4.64s]
[2024-11-29T04:35:47.497+0000] {logging_mixin.py:188} INFO - 04:35:47
[2024-11-29T04:35:47.499+0000] {logging_mixin.py:188} INFO - 04:35:47  Finished running 1 table model in 0 hours 0 minutes and 6.08 seconds (6.08s).
[2024-11-29T04:35:47.564+0000] {logging_mixin.py:188} INFO - 04:35:47
[2024-11-29T04:35:47.566+0000] {logging_mixin.py:188} INFO - 04:35:47  Completed successfully
[2024-11-29T04:35:47.566+0000] {logging_mixin.py:188} INFO - 04:35:47
[2024-11-29T04:35:47.567+0000] {logging_mixin.py:188} INFO - 04:35:47  Done. PASS=1 WARN=0 ERROR=0 SKIP=0 TOTAL=1
[2024-11-29T04:35:48.630+0000] {local.py:196} WARNING - Artifact schema version: https://schemas.getdbt.com/dbt/manifest/v12.json is above dbt-ol supported version 7. This might cause errors.
[2024-11-29T04:35:48.631+0000] {local.py:196} WARNING - Artifact schema version: https://schemas.getdbt.com/dbt/run-results/v6.json is above dbt-ol supported version 5. This might cause errors.
[2024-11-29T04:35:48.645+0000] {local.py:490} INFO - Inlets: [Dataset(uri='bigquery/northern-shield-437204-m0.nyc_taxi.green_tripdata', extra=None)]
[2024-11-29T04:35:48.646+0000] {local.py:491} INFO - Outlets: [Dataset(uri='bigquery/northern-shield-437204-m0.nyc_taxi.dim_time', extra=None)]
[2024-11-29T04:35:48.647+0000] {local.py:590} INFO - Assigning inlets/outlets without DatasetAlias
[2024-11-29T04:35:48.648+0000] {dag.py:3089} INFO - Sync 1 DAGs
[2024-11-29T04:35:48.678+0000] {dag.py:3947} INFO - Setting next_dagrun for nyc_green_tripdata to None, run_after=None
[2024-11-29T04:35:48.718+0000] {taskinstance.py:441} INFO - ::group::Post task execution logs
[2024-11-29T04:35:48.757+0000] {taskinstance.py:1206} INFO - Marking task as SUCCESS. dag_id=nyc_green_tripdata, task_id=dbt_transform.dim_time.run, run_id=manual__2024-11-29T04:34:58.465019+00:00, execution_date=20241129T043458, start_date=20241129T043536, end_date=20241129T043548
[2024-11-29T04:35:48.825+0000] {local_task_job_runner.py:243} INFO - Task exited with return code 0
[2024-11-29T04:35:48.873+0000] {taskinstance.py:3503} INFO - 1 downstream tasks scheduled from follow-on schedule check
[2024-11-29T04:35:48.877+0000] {local_task_job_runner.py:222} INFO - ::endgroup::
