[2024-12-03T08:25:04.178+0000] {local_task_job_runner.py:120} INFO - ::group::Pre task execution logs
[2024-12-03T08:25:04.198+0000] {taskinstance.py:2076} INFO - Dependencies all met for dep_context=non-requeueable deps ti=<TaskInstance: nyc_green_tripdata.dbt_transform.dim_zone.run manual__2024-12-03T08:24:25.038092+00:00 [queued]>
[2024-12-03T08:25:04.210+0000] {taskinstance.py:2076} INFO - Dependencies all met for dep_context=requeueable deps ti=<TaskInstance: nyc_green_tripdata.dbt_transform.dim_zone.run manual__2024-12-03T08:24:25.038092+00:00 [queued]>
[2024-12-03T08:25:04.210+0000] {taskinstance.py:2306} INFO - Starting attempt 1 of 2
[2024-12-03T08:25:04.228+0000] {taskinstance.py:2330} INFO - Executing <Task(DbtRunLocalOperator): dbt_transform.dim_zone.run> on 2024-12-03 08:24:25.038092+00:00
[2024-12-03T08:25:04.241+0000] {standard_task_runner.py:64} INFO - Started process 5839 to run task
[2024-12-03T08:25:04.245+0000] {standard_task_runner.py:90} INFO - Running: ['***', 'tasks', 'run', 'nyc_green_tripdata', 'dbt_transform.dim_zone.run', 'manual__2024-12-03T08:24:25.038092+00:00', '--job-id', '279', '--raw', '--subdir', 'DAGS_FOLDER/dag_green_tripdata.py', '--cfg-path', '/tmp/tmp05f9uksc']
[2024-12-03T08:25:04.248+0000] {standard_task_runner.py:91} INFO - Job 279: Subtask dbt_transform.dim_zone.run
[2024-12-03T08:25:04.302+0000] {task_command.py:426} INFO - Running <TaskInstance: nyc_green_tripdata.dbt_transform.dim_zone.run manual__2024-12-03T08:24:25.038092+00:00 [running]> on host 39c047f38cb8
[2024-12-03T08:25:04.403+0000] {taskinstance.py:2648} INFO - Exporting env vars: AIRFLOW_CTX_DAG_EMAIL='muhii.smta@gmail.com' AIRFLOW_CTX_DAG_OWNER='Muhii' AIRFLOW_CTX_DAG_ID='nyc_green_tripdata' AIRFLOW_CTX_TASK_ID='dbt_transform.dim_zone.run' AIRFLOW_CTX_EXECUTION_DATE='2024-12-03T08:24:25.038092+00:00' AIRFLOW_CTX_TRY_NUMBER='1' AIRFLOW_CTX_DAG_RUN_ID='manual__2024-12-03T08:24:25.038092+00:00'
[2024-12-03T08:25:04.405+0000] {taskinstance.py:430} INFO - ::endgroup::
[2024-12-03T08:25:04.176+0000] {local.py:216} INFO - dbtRunner is available. Using dbtRunner for invoking dbt.
[2024-12-03T08:25:04.177+0000] {local.py:432} INFO - Cloning project to writable temp directory /tmp/tmpog8fxt_8 from /opt/airflow/include/dbt
[2024-12-03T08:25:04.182+0000] {local.py:443} INFO - Partial parse is enabled and the latest partial parse file is /tmp/cosmos/nyc_green_tripdata__dbt_transform/target/partial_parse.msgpack
[2024-12-03T08:25:04.194+0000] {config.py:332} INFO - Using user-supplied profiles.yml at /opt/airflow/include/dbt/profiles.yml
[2024-12-03T08:25:04.195+0000] {local.py:404} INFO - Trying to run dbtRunner with:
 ['run', '--models', 'dim_zone', '--project-dir', '/tmp/tmpog8fxt_8', '--profiles-dir', '/opt/***/include/dbt', '--profile', 'nyc_taxi', '--target', 'dev']
 in /tmp/tmpog8fxt_8
[2024-12-03T08:25:04.334+0000] {logging_mixin.py:188} INFO - 08:25:04  Running with dbt=1.8.7
[2024-12-03T08:25:05.102+0000] {logging_mixin.py:188} INFO - 08:25:05  Registered adapter: bigquery=1.8.3
[2024-12-03T08:25:06.775+0000] {logging_mixin.py:188} INFO - 08:25:06  Found 7 models, 34 data tests, 2 sources, 600 macros
[2024-12-03T08:25:06.779+0000] {logging_mixin.py:188} INFO - 08:25:06
[2024-12-03T08:25:08.610+0000] {logging_mixin.py:188} INFO - 08:25:08  Concurrency: 1 threads (target='dev')
[2024-12-03T08:25:08.611+0000] {logging_mixin.py:188} INFO - 08:25:08
[2024-12-03T08:25:08.616+0000] {logging_mixin.py:188} INFO - 08:25:08  1 of 1 START sql table model nyc_taxi.dim_zone ................................. [RUN]
[2024-12-03T08:25:12.489+0000] {logging_mixin.py:188} INFO - 08:25:12  1 of 1 OK created sql table model nyc_taxi.dim_zone ............................ [CREATE TABLE (263.0 rows, 12.1 KiB processed) in 3.87s]
[2024-12-03T08:25:12.494+0000] {logging_mixin.py:188} INFO - 08:25:12
[2024-12-03T08:25:12.495+0000] {logging_mixin.py:188} INFO - 08:25:12  Finished running 1 table model in 0 hours 0 minutes and 5.71 seconds (5.71s).
[2024-12-03T08:25:12.854+0000] {logging_mixin.py:188} INFO - 08:25:12
[2024-12-03T08:25:12.855+0000] {logging_mixin.py:188} INFO - 08:25:12  Completed successfully
[2024-12-03T08:25:12.856+0000] {logging_mixin.py:188} INFO - 08:25:12
[2024-12-03T08:25:12.857+0000] {logging_mixin.py:188} INFO - 08:25:12  Done. PASS=1 WARN=0 ERROR=0 SKIP=0 TOTAL=1
[2024-12-03T08:25:14.045+0000] {local.py:196} WARNING - Artifact schema version: https://schemas.getdbt.com/dbt/manifest/v12.json is above dbt-ol supported version 7. This might cause errors.
[2024-12-03T08:25:14.045+0000] {local.py:196} WARNING - Artifact schema version: https://schemas.getdbt.com/dbt/run-results/v6.json is above dbt-ol supported version 5. This might cause errors.
[2024-12-03T08:25:14.052+0000] {local.py:490} INFO - Inlets: [Dataset(uri='bigquery/northern-shield-437204-m0.nyc_taxi.zone_map', extra=None)]
[2024-12-03T08:25:14.053+0000] {local.py:491} INFO - Outlets: [Dataset(uri='bigquery/northern-shield-437204-m0.nyc_taxi.dim_zone', extra=None)]
[2024-12-03T08:25:14.053+0000] {local.py:590} INFO - Assigning inlets/outlets without DatasetAlias
[2024-12-03T08:25:14.053+0000] {dag.py:3089} INFO - Sync 1 DAGs
[2024-12-03T08:25:14.073+0000] {dag.py:3947} INFO - Setting next_dagrun for nyc_green_tripdata to None, run_after=None
[2024-12-03T08:25:14.102+0000] {taskinstance.py:441} INFO - ::group::Post task execution logs
[2024-12-03T08:25:14.131+0000] {taskinstance.py:1206} INFO - Marking task as SUCCESS. dag_id=nyc_green_tripdata, task_id=dbt_transform.dim_zone.run, run_id=manual__2024-12-03T08:24:25.038092+00:00, execution_date=20241203T082425, start_date=20241203T082504, end_date=20241203T082514
[2024-12-03T08:25:14.191+0000] {local_task_job_runner.py:243} INFO - Task exited with return code 0
[2024-12-03T08:25:14.220+0000] {taskinstance.py:3503} INFO - 1 downstream tasks scheduled from follow-on schedule check
[2024-12-03T08:25:14.222+0000] {local_task_job_runner.py:222} INFO - ::endgroup::
