[2024-11-28T08:31:31.108+0000] {local_task_job_runner.py:120} INFO - ::group::Pre task execution logs
[2024-11-28T08:31:31.129+0000] {taskinstance.py:2076} INFO - Dependencies all met for dep_context=non-requeueable deps ti=<TaskInstance: nyc_green_tripdata.dbt_transform.dim_vendor.run manual__2024-11-28T08:30:54.692564+00:00 [queued]>
[2024-11-28T08:31:31.141+0000] {taskinstance.py:2076} INFO - Dependencies all met for dep_context=requeueable deps ti=<TaskInstance: nyc_green_tripdata.dbt_transform.dim_vendor.run manual__2024-11-28T08:30:54.692564+00:00 [queued]>
[2024-11-28T08:31:31.142+0000] {taskinstance.py:2306} INFO - Starting attempt 1 of 2
[2024-11-28T08:31:31.158+0000] {taskinstance.py:2330} INFO - Executing <Task(DbtRunLocalOperator): dbt_transform.dim_vendor.run> on 2024-11-28 08:30:54.692564+00:00
[2024-11-28T08:31:31.167+0000] {standard_task_runner.py:64} INFO - Started process 3744 to run task
[2024-11-28T08:31:31.172+0000] {standard_task_runner.py:90} INFO - Running: ['***', 'tasks', 'run', 'nyc_green_tripdata', 'dbt_transform.dim_vendor.run', 'manual__2024-11-28T08:30:54.692564+00:00', '--job-id', '116', '--raw', '--subdir', 'DAGS_FOLDER/dag_green_tripdata.py', '--cfg-path', '/tmp/tmp0h21_kdk']
[2024-11-28T08:31:31.176+0000] {standard_task_runner.py:91} INFO - Job 116: Subtask dbt_transform.dim_vendor.run
[2024-11-28T08:31:31.234+0000] {task_command.py:426} INFO - Running <TaskInstance: nyc_green_tripdata.dbt_transform.dim_vendor.run manual__2024-11-28T08:30:54.692564+00:00 [running]> on host 39c047f38cb8
[2024-11-28T08:31:31.328+0000] {taskinstance.py:2648} INFO - Exporting env vars: AIRFLOW_CTX_DAG_EMAIL='muhii.smta@gmail.com' AIRFLOW_CTX_DAG_OWNER='Muhii' AIRFLOW_CTX_DAG_ID='nyc_green_tripdata' AIRFLOW_CTX_TASK_ID='dbt_transform.dim_vendor.run' AIRFLOW_CTX_EXECUTION_DATE='2024-11-28T08:30:54.692564+00:00' AIRFLOW_CTX_TRY_NUMBER='1' AIRFLOW_CTX_DAG_RUN_ID='manual__2024-11-28T08:30:54.692564+00:00'
[2024-11-28T08:31:31.331+0000] {taskinstance.py:430} INFO - ::endgroup::
[2024-11-28T08:31:33.525+0000] {local.py:216} INFO - dbtRunner is available. Using dbtRunner for invoking dbt.
[2024-11-28T08:31:33.526+0000] {local.py:432} INFO - Cloning project to writable temp directory /tmp/tmpa6xdizzz from /opt/airflow/include/dbt
[2024-11-28T08:31:33.528+0000] {local.py:443} INFO - Partial parse is enabled and the latest partial parse file is /tmp/cosmos/nyc_green_tripdata__dbt_transform/target/partial_parse.msgpack
[2024-11-28T08:31:33.555+0000] {config.py:332} INFO - Using user-supplied profiles.yml at /opt/airflow/include/dbt/profiles.yml
[2024-11-28T08:31:33.556+0000] {local.py:404} INFO - Trying to run dbtRunner with:
 ['run', '--models', 'dim_vendor', '--project-dir', '/tmp/tmpa6xdizzz', '--profiles-dir', '/opt/***/include/dbt', '--profile', 'nyc_taxi', '--target', 'dev']
 in /tmp/tmpa6xdizzz
[2024-11-28T08:31:33.641+0000] {logging_mixin.py:188} INFO - 08:31:33  Running with dbt=1.8.7
[2024-11-28T08:31:34.316+0000] {logging_mixin.py:188} INFO - 08:31:34  Registered adapter: bigquery=1.8.3
[2024-11-28T08:31:35.802+0000] {logging_mixin.py:188} INFO - 08:31:35  Found 7 models, 34 data tests, 2 sources, 600 macros
[2024-11-28T08:31:35.806+0000] {logging_mixin.py:188} INFO - 08:31:35
[2024-11-28T08:31:38.469+0000] {logging_mixin.py:188} INFO - 08:31:38  Concurrency: 1 threads (target='dev')
[2024-11-28T08:31:38.470+0000] {logging_mixin.py:188} INFO - 08:31:38
[2024-11-28T08:31:38.473+0000] {logging_mixin.py:188} INFO - 08:31:38  1 of 1 START sql table model nyc_taxi.dim_vendor ............................... [RUN]
[2024-11-28T08:31:42.268+0000] {logging_mixin.py:188} INFO - 08:31:42  1 of 1 OK created sql table model nyc_taxi.dim_vendor .......................... [CREATE TABLE (2.0 rows, 1.4 MiB processed) in 3.79s]
[2024-11-28T08:31:42.273+0000] {logging_mixin.py:188} INFO - 08:31:42
[2024-11-28T08:31:42.274+0000] {logging_mixin.py:188} INFO - 08:31:42  Finished running 1 table model in 0 hours 0 minutes and 6.47 seconds (6.47s).
[2024-11-28T08:31:42.589+0000] {logging_mixin.py:188} INFO - 08:31:42
[2024-11-28T08:31:42.590+0000] {logging_mixin.py:188} INFO - 08:31:42  Completed successfully
[2024-11-28T08:31:42.591+0000] {logging_mixin.py:188} INFO - 08:31:42
[2024-11-28T08:31:42.592+0000] {logging_mixin.py:188} INFO - 08:31:42  Done. PASS=1 WARN=0 ERROR=0 SKIP=0 TOTAL=1
[2024-11-28T08:31:43.669+0000] {local.py:196} WARNING - Artifact schema version: https://schemas.getdbt.com/dbt/manifest/v12.json is above dbt-ol supported version 7. This might cause errors.
[2024-11-28T08:31:43.670+0000] {local.py:196} WARNING - Artifact schema version: https://schemas.getdbt.com/dbt/run-results/v6.json is above dbt-ol supported version 5. This might cause errors.
[2024-11-28T08:31:43.676+0000] {local.py:490} INFO - Inlets: [Dataset(uri='bigquery/northern-shield-437204-m0.nyc_taxi.green_tripdata', extra=None)]
[2024-11-28T08:31:43.677+0000] {local.py:491} INFO - Outlets: [Dataset(uri='bigquery/northern-shield-437204-m0.nyc_taxi.dim_vendor', extra=None)]
[2024-11-28T08:31:43.677+0000] {local.py:590} INFO - Assigning inlets/outlets without DatasetAlias
[2024-11-28T08:31:43.678+0000] {dag.py:3089} INFO - Sync 1 DAGs
[2024-11-28T08:31:43.701+0000] {dag.py:3947} INFO - Setting next_dagrun for nyc_green_tripdata to None, run_after=None
[2024-11-28T08:31:43.730+0000] {taskinstance.py:441} INFO - ::group::Post task execution logs
[2024-11-28T08:31:43.760+0000] {taskinstance.py:1206} INFO - Marking task as SUCCESS. dag_id=nyc_green_tripdata, task_id=dbt_transform.dim_vendor.run, run_id=manual__2024-11-28T08:30:54.692564+00:00, execution_date=20241128T083054, start_date=20241128T083131, end_date=20241128T083143
[2024-11-28T08:31:43.838+0000] {local_task_job_runner.py:243} INFO - Task exited with return code 0
[2024-11-28T08:31:43.869+0000] {taskinstance.py:3503} INFO - 0 downstream tasks scheduled from follow-on schedule check
[2024-11-28T08:31:43.870+0000] {local_task_job_runner.py:222} INFO - ::endgroup::
