[2024-11-28T08:31:31.107+0000] {local_task_job_runner.py:120} INFO - ::group::Pre task execution logs
[2024-11-28T08:31:31.127+0000] {taskinstance.py:2076} INFO - Dependencies all met for dep_context=non-requeueable deps ti=<TaskInstance: nyc_green_tripdata.dbt_transform.dim_payment.run manual__2024-11-28T08:30:54.692564+00:00 [queued]>
[2024-11-28T08:31:31.139+0000] {taskinstance.py:2076} INFO - Dependencies all met for dep_context=requeueable deps ti=<TaskInstance: nyc_green_tripdata.dbt_transform.dim_payment.run manual__2024-11-28T08:30:54.692564+00:00 [queued]>
[2024-11-28T08:31:31.139+0000] {taskinstance.py:2306} INFO - Starting attempt 1 of 2
[2024-11-28T08:31:31.157+0000] {taskinstance.py:2330} INFO - Executing <Task(DbtRunLocalOperator): dbt_transform.dim_payment.run> on 2024-11-28 08:30:54.692564+00:00
[2024-11-28T08:31:31.167+0000] {standard_task_runner.py:64} INFO - Started process 3745 to run task
[2024-11-28T08:31:31.173+0000] {standard_task_runner.py:90} INFO - Running: ['***', 'tasks', 'run', 'nyc_green_tripdata', 'dbt_transform.dim_payment.run', 'manual__2024-11-28T08:30:54.692564+00:00', '--job-id', '115', '--raw', '--subdir', 'DAGS_FOLDER/dag_green_tripdata.py', '--cfg-path', '/tmp/tmps22sx62l']
[2024-11-28T08:31:31.176+0000] {standard_task_runner.py:91} INFO - Job 115: Subtask dbt_transform.dim_payment.run
[2024-11-28T08:31:31.234+0000] {task_command.py:426} INFO - Running <TaskInstance: nyc_green_tripdata.dbt_transform.dim_payment.run manual__2024-11-28T08:30:54.692564+00:00 [running]> on host 39c047f38cb8
[2024-11-28T08:31:31.333+0000] {taskinstance.py:2648} INFO - Exporting env vars: AIRFLOW_CTX_DAG_EMAIL='muhii.smta@gmail.com' AIRFLOW_CTX_DAG_OWNER='Muhii' AIRFLOW_CTX_DAG_ID='nyc_green_tripdata' AIRFLOW_CTX_TASK_ID='dbt_transform.dim_payment.run' AIRFLOW_CTX_EXECUTION_DATE='2024-11-28T08:30:54.692564+00:00' AIRFLOW_CTX_TRY_NUMBER='1' AIRFLOW_CTX_DAG_RUN_ID='manual__2024-11-28T08:30:54.692564+00:00'
[2024-11-28T08:31:31.335+0000] {taskinstance.py:430} INFO - ::endgroup::
[2024-11-28T08:31:33.536+0000] {local.py:216} INFO - dbtRunner is available. Using dbtRunner for invoking dbt.
[2024-11-28T08:31:33.537+0000] {local.py:432} INFO - Cloning project to writable temp directory /tmp/tmp_am360cu from /opt/airflow/include/dbt
[2024-11-28T08:31:33.540+0000] {local.py:443} INFO - Partial parse is enabled and the latest partial parse file is /tmp/cosmos/nyc_green_tripdata__dbt_transform/target/partial_parse.msgpack
[2024-11-28T08:31:33.562+0000] {config.py:332} INFO - Using user-supplied profiles.yml at /opt/airflow/include/dbt/profiles.yml
[2024-11-28T08:31:33.563+0000] {local.py:404} INFO - Trying to run dbtRunner with:
 ['run', '--models', 'dim_payment', '--project-dir', '/tmp/tmp_am360cu', '--profiles-dir', '/opt/***/include/dbt', '--profile', 'nyc_taxi', '--target', 'dev']
 in /tmp/tmp_am360cu
[2024-11-28T08:31:33.656+0000] {logging_mixin.py:188} INFO - 08:31:33  Running with dbt=1.8.7
[2024-11-28T08:31:34.334+0000] {logging_mixin.py:188} INFO - 08:31:34  Registered adapter: bigquery=1.8.3
[2024-11-28T08:31:35.853+0000] {logging_mixin.py:188} INFO - 08:31:35  Found 7 models, 34 data tests, 2 sources, 600 macros
[2024-11-28T08:31:35.856+0000] {logging_mixin.py:188} INFO - 08:31:35
[2024-11-28T08:31:38.048+0000] {logging_mixin.py:188} INFO - 08:31:38  Concurrency: 1 threads (target='dev')
[2024-11-28T08:31:38.049+0000] {logging_mixin.py:188} INFO - 08:31:38
[2024-11-28T08:31:38.054+0000] {logging_mixin.py:188} INFO - 08:31:38  1 of 1 START sql table model nyc_taxi.dim_payment .............................. [RUN]
[2024-11-28T08:31:41.694+0000] {logging_mixin.py:188} INFO - 08:31:41  1 of 1 OK created sql table model nyc_taxi.dim_payment ......................... [CREATE TABLE (4.0 rows, 1.4 MiB processed) in 3.64s]
[2024-11-28T08:31:41.699+0000] {logging_mixin.py:188} INFO - 08:31:41
[2024-11-28T08:31:41.700+0000] {logging_mixin.py:188} INFO - 08:31:41  Finished running 1 table model in 0 hours 0 minutes and 5.84 seconds (5.84s).
[2024-11-28T08:31:42.020+0000] {logging_mixin.py:188} INFO - 08:31:42
[2024-11-28T08:31:42.022+0000] {logging_mixin.py:188} INFO - 08:31:42  Completed successfully
[2024-11-28T08:31:42.023+0000] {logging_mixin.py:188} INFO - 08:31:42
[2024-11-28T08:31:42.024+0000] {logging_mixin.py:188} INFO - 08:31:42  Done. PASS=1 WARN=0 ERROR=0 SKIP=0 TOTAL=1
[2024-11-28T08:31:43.091+0000] {local.py:196} WARNING - Artifact schema version: https://schemas.getdbt.com/dbt/manifest/v12.json is above dbt-ol supported version 7. This might cause errors.
[2024-11-28T08:31:43.092+0000] {local.py:196} WARNING - Artifact schema version: https://schemas.getdbt.com/dbt/run-results/v6.json is above dbt-ol supported version 5. This might cause errors.
[2024-11-28T08:31:43.097+0000] {local.py:490} INFO - Inlets: [Dataset(uri='bigquery/northern-shield-437204-m0.nyc_taxi.green_tripdata', extra=None)]
[2024-11-28T08:31:43.098+0000] {local.py:491} INFO - Outlets: [Dataset(uri='bigquery/northern-shield-437204-m0.nyc_taxi.dim_payment', extra=None)]
[2024-11-28T08:31:43.098+0000] {local.py:590} INFO - Assigning inlets/outlets without DatasetAlias
[2024-11-28T08:31:43.098+0000] {dag.py:3089} INFO - Sync 1 DAGs
[2024-11-28T08:31:43.118+0000] {dag.py:3947} INFO - Setting next_dagrun for nyc_green_tripdata to None, run_after=None
[2024-11-28T08:31:43.143+0000] {taskinstance.py:441} INFO - ::group::Post task execution logs
[2024-11-28T08:31:43.170+0000] {taskinstance.py:1206} INFO - Marking task as SUCCESS. dag_id=nyc_green_tripdata, task_id=dbt_transform.dim_payment.run, run_id=manual__2024-11-28T08:30:54.692564+00:00, execution_date=20241128T083054, start_date=20241128T083131, end_date=20241128T083143
[2024-11-28T08:31:43.234+0000] {local_task_job_runner.py:243} INFO - Task exited with return code 0
[2024-11-28T08:31:43.262+0000] {taskinstance.py:3503} INFO - 1 downstream tasks scheduled from follow-on schedule check
[2024-11-28T08:31:43.263+0000] {local_task_job_runner.py:222} INFO - ::endgroup::
