[2024-11-29T04:35:35.653+0000] {local_task_job_runner.py:120} INFO - ::group::Pre task execution logs
[2024-11-29T04:35:35.671+0000] {taskinstance.py:2076} INFO - Dependencies all met for dep_context=non-requeueable deps ti=<TaskInstance: nyc_green_tripdata.dbt_transform.dim_ratecode.run manual__2024-11-29T04:34:58.465019+00:00 [queued]>
[2024-11-29T04:35:35.683+0000] {taskinstance.py:2076} INFO - Dependencies all met for dep_context=requeueable deps ti=<TaskInstance: nyc_green_tripdata.dbt_transform.dim_ratecode.run manual__2024-11-29T04:34:58.465019+00:00 [queued]>
[2024-11-29T04:35:35.683+0000] {taskinstance.py:2306} INFO - Starting attempt 1 of 2
[2024-11-29T04:35:35.698+0000] {taskinstance.py:2330} INFO - Executing <Task(DbtRunLocalOperator): dbt_transform.dim_ratecode.run> on 2024-11-29 04:34:58.465019+00:00
[2024-11-29T04:35:35.708+0000] {standard_task_runner.py:64} INFO - Started process 297 to run task
[2024-11-29T04:35:35.719+0000] {standard_task_runner.py:90} INFO - Running: ['***', 'tasks', 'run', 'nyc_green_tripdata', 'dbt_transform.dim_ratecode.run', 'manual__2024-11-29T04:34:58.465019+00:00', '--job-id', '141', '--raw', '--subdir', 'DAGS_FOLDER/dag_green_tripdata.py', '--cfg-path', '/tmp/tmpw8gjvjox']
[2024-11-29T04:35:35.721+0000] {standard_task_runner.py:91} INFO - Job 141: Subtask dbt_transform.dim_ratecode.run
[2024-11-29T04:35:35.773+0000] {task_command.py:426} INFO - Running <TaskInstance: nyc_green_tripdata.dbt_transform.dim_ratecode.run manual__2024-11-29T04:34:58.465019+00:00 [running]> on host 39c047f38cb8
[2024-11-29T04:35:35.865+0000] {taskinstance.py:2648} INFO - Exporting env vars: AIRFLOW_CTX_DAG_EMAIL='muhii.smta@gmail.com' AIRFLOW_CTX_DAG_OWNER='Muhii' AIRFLOW_CTX_DAG_ID='nyc_green_tripdata' AIRFLOW_CTX_TASK_ID='dbt_transform.dim_ratecode.run' AIRFLOW_CTX_EXECUTION_DATE='2024-11-29T04:34:58.465019+00:00' AIRFLOW_CTX_TRY_NUMBER='1' AIRFLOW_CTX_DAG_RUN_ID='manual__2024-11-29T04:34:58.465019+00:00'
[2024-11-29T04:35:35.867+0000] {taskinstance.py:430} INFO - ::endgroup::
[2024-11-29T04:35:38.159+0000] {local.py:216} INFO - dbtRunner is available. Using dbtRunner for invoking dbt.
[2024-11-29T04:35:38.160+0000] {local.py:432} INFO - Cloning project to writable temp directory /tmp/tmpm0g6a9d1 from /opt/airflow/include/dbt
[2024-11-29T04:35:38.163+0000] {local.py:443} INFO - Partial parse is enabled and the latest partial parse file is /tmp/cosmos/nyc_green_tripdata__dbt_transform/target/partial_parse.msgpack
[2024-11-29T04:35:38.177+0000] {config.py:332} INFO - Using user-supplied profiles.yml at /opt/airflow/include/dbt/profiles.yml
[2024-11-29T04:35:38.186+0000] {local.py:404} INFO - Trying to run dbtRunner with:
 ['run', '--models', 'dim_ratecode', '--project-dir', '/tmp/tmpm0g6a9d1', '--profiles-dir', '/opt/***/include/dbt', '--profile', 'nyc_taxi', '--target', 'dev']
 in /tmp/tmpm0g6a9d1
[2024-11-29T04:35:38.278+0000] {logging_mixin.py:188} INFO - 04:35:38  Running with dbt=1.8.7
[2024-11-29T04:35:38.940+0000] {logging_mixin.py:188} INFO - 04:35:38  Registered adapter: bigquery=1.8.3
[2024-11-29T04:35:41.131+0000] {logging_mixin.py:188} INFO - 04:35:41  [WARNING]: Deprecated functionality
The `tests` config has been renamed to `data_tests`. Please see
https://docs.getdbt.com/docs/build/data-tests#new-data_tests-syntax for more
information.
[2024-11-29T04:35:41.665+0000] {logging_mixin.py:188} INFO - 04:35:41  Found 7 models, 34 data tests, 2 sources, 600 macros
[2024-11-29T04:35:41.670+0000] {logging_mixin.py:188} INFO - 04:35:41
[2024-11-29T04:35:43.260+0000] {logging_mixin.py:188} INFO - 04:35:43  Concurrency: 1 threads (target='dev')
[2024-11-29T04:35:43.261+0000] {logging_mixin.py:188} INFO - 04:35:43
[2024-11-29T04:35:43.265+0000] {logging_mixin.py:188} INFO - 04:35:43  1 of 1 START sql table model nyc_taxi.dim_ratecode ............................. [RUN]
[2024-11-29T04:35:47.071+0000] {logging_mixin.py:188} INFO - 04:35:47  1 of 1 OK created sql table model nyc_taxi.dim_ratecode ........................ [CREATE TABLE (6.0 rows, 463.5 KiB processed) in 3.80s]
[2024-11-29T04:35:47.076+0000] {logging_mixin.py:188} INFO - 04:35:47
[2024-11-29T04:35:47.077+0000] {logging_mixin.py:188} INFO - 04:35:47  Finished running 1 table model in 0 hours 0 minutes and 5.40 seconds (5.40s).
[2024-11-29T04:35:47.132+0000] {logging_mixin.py:188} INFO - 04:35:47
[2024-11-29T04:35:47.133+0000] {logging_mixin.py:188} INFO - 04:35:47  Completed successfully
[2024-11-29T04:35:47.134+0000] {logging_mixin.py:188} INFO - 04:35:47
[2024-11-29T04:35:47.135+0000] {logging_mixin.py:188} INFO - 04:35:47  Done. PASS=1 WARN=0 ERROR=0 SKIP=0 TOTAL=1
[2024-11-29T04:35:48.219+0000] {local.py:196} WARNING - Artifact schema version: https://schemas.getdbt.com/dbt/manifest/v12.json is above dbt-ol supported version 7. This might cause errors.
[2024-11-29T04:35:48.220+0000] {local.py:196} WARNING - Artifact schema version: https://schemas.getdbt.com/dbt/run-results/v6.json is above dbt-ol supported version 5. This might cause errors.
[2024-11-29T04:35:48.224+0000] {local.py:490} INFO - Inlets: [Dataset(uri='bigquery/northern-shield-437204-m0.nyc_taxi.green_tripdata', extra=None)]
[2024-11-29T04:35:48.225+0000] {local.py:491} INFO - Outlets: [Dataset(uri='bigquery/northern-shield-437204-m0.nyc_taxi.dim_ratecode', extra=None)]
[2024-11-29T04:35:48.225+0000] {local.py:590} INFO - Assigning inlets/outlets without DatasetAlias
[2024-11-29T04:35:48.226+0000] {dag.py:3089} INFO - Sync 1 DAGs
[2024-11-29T04:35:48.250+0000] {dag.py:3947} INFO - Setting next_dagrun for nyc_green_tripdata to None, run_after=None
[2024-11-29T04:35:48.274+0000] {taskinstance.py:441} INFO - ::group::Post task execution logs
[2024-11-29T04:35:48.299+0000] {taskinstance.py:1206} INFO - Marking task as SUCCESS. dag_id=nyc_green_tripdata, task_id=dbt_transform.dim_ratecode.run, run_id=manual__2024-11-29T04:34:58.465019+00:00, execution_date=20241129T043458, start_date=20241129T043535, end_date=20241129T043548
[2024-11-29T04:35:48.344+0000] {local_task_job_runner.py:243} INFO - Task exited with return code 0
[2024-11-29T04:35:48.374+0000] {taskinstance.py:3503} INFO - 1 downstream tasks scheduled from follow-on schedule check
[2024-11-29T04:35:48.376+0000] {local_task_job_runner.py:222} INFO - ::endgroup::
