[2024-11-12T21:09:21.599+0000] {local_task_job_runner.py:120} INFO - ::group::Pre task execution logs
[2024-11-12T21:09:21.613+0000] {taskinstance.py:2076} INFO - Dependencies all met for dep_context=non-requeueable deps ti=<TaskInstance: nyc_green_taxi.load_transform_data_to_bq manual__2024-11-12T21:08:59.500096+00:00 [queued]>
[2024-11-12T21:09:21.621+0000] {taskinstance.py:2076} INFO - Dependencies all met for dep_context=requeueable deps ti=<TaskInstance: nyc_green_taxi.load_transform_data_to_bq manual__2024-11-12T21:08:59.500096+00:00 [queued]>
[2024-11-12T21:09:21.622+0000] {taskinstance.py:2306} INFO - Starting attempt 1 of 2
[2024-11-12T21:09:21.633+0000] {taskinstance.py:2330} INFO - Executing <Task(GCSToBigQueryOperator): load_transform_data_to_bq> on 2024-11-12 21:08:59.500096+00:00
[2024-11-12T21:09:21.640+0000] {standard_task_runner.py:64} INFO - Started process 1427 to run task
[2024-11-12T21:09:21.642+0000] {standard_task_runner.py:90} INFO - Running: ['***', 'tasks', 'run', 'nyc_green_taxi', 'load_transform_data_to_bq', 'manual__2024-11-12T21:08:59.500096+00:00', '--job-id', '50', '--raw', '--subdir', 'DAGS_FOLDER/data_ingestion.py', '--cfg-path', '/tmp/tmpbzp3b3x_']
[2024-11-12T21:09:21.644+0000] {standard_task_runner.py:91} INFO - Job 50: Subtask load_transform_data_to_bq
[2024-11-12T21:09:21.679+0000] {task_command.py:426} INFO - Running <TaskInstance: nyc_green_taxi.load_transform_data_to_bq manual__2024-11-12T21:08:59.500096+00:00 [running]> on host 7a2cfb7b2df5
[2024-11-12T21:09:21.041+0000] {taskinstance.py:2648} INFO - Exporting env vars: AIRFLOW_CTX_DAG_EMAIL='muhii.smta@gmail.com' AIRFLOW_CTX_DAG_OWNER='Muhii' AIRFLOW_CTX_DAG_ID='nyc_green_taxi' AIRFLOW_CTX_TASK_ID='load_transform_data_to_bq' AIRFLOW_CTX_EXECUTION_DATE='2024-11-12T21:08:59.500096+00:00' AIRFLOW_CTX_TRY_NUMBER='1' AIRFLOW_CTX_DAG_RUN_ID='manual__2024-11-12T21:08:59.500096+00:00'
[2024-11-12T21:09:21.042+0000] {taskinstance.py:430} INFO - ::endgroup::
[2024-11-12T21:09:21.053+0000] {crypto.py:82} WARNING - empty cryptography key - values will not be stored encrypted.
[2024-11-12T21:09:21.053+0000] {connection.py:274} WARNING - Connection schemes (type: google_cloud_platform) shall not contain '_' according to RFC3986.
[2024-11-12T21:09:21.054+0000] {base.py:84} INFO - Using connection ID 'google_cloud_default' for task execution.
[2024-11-12T21:09:21.055+0000] {gcs_to_bigquery.py:381} INFO - Using existing BigQuery table for storing data...
[2024-11-12T21:09:21.092+0000] {gcs_to_bigquery.py:385} INFO - Executing: {'load': {'autodetect': True, 'createDisposition': 'CREATE_IF_NEEDED', 'destinationTable': {'projectId': 'northern-shield-437204-m0', 'datasetId': 'nyc_taxi', 'tableId': 'green_tripdata'}, 'sourceFormat': 'PARQUET', 'sourceUris': ['gs://green_taxi_bucket/transform/tf_green_tripdata_2023-01.parquet'], 'writeDisposition': 'WRITE_APPEND', 'ignoreUnknownValues': False}}
[2024-11-12T21:09:21.094+0000] {bigquery.py:1702} INFO - Inserting job ***_nyc_green_taxi_load_transform_data_to_bq_2024_11_12T21_08_59_500096_00_00_72b8668996a6d7eb6b60ef32049a8858
[2024-11-12T21:09:23.716+0000] {taskinstance.py:441} INFO - ::group::Post task execution logs
[2024-11-12T21:09:23.732+0000] {taskinstance.py:1206} INFO - Marking task as SUCCESS. dag_id=nyc_green_taxi, task_id=load_transform_data_to_bq, run_id=manual__2024-11-12T21:08:59.500096+00:00, execution_date=20241112T210859, start_date=20241112T210921, end_date=20241112T210923
[2024-11-12T21:09:23.783+0000] {local_task_job_runner.py:243} INFO - Task exited with return code 0
[2024-11-12T21:09:23.803+0000] {taskinstance.py:3503} INFO - 0 downstream tasks scheduled from follow-on schedule check
[2024-11-12T21:09:23.805+0000] {local_task_job_runner.py:222} INFO - ::endgroup::
