[2024-11-29T04:35:35.650+0000] {local_task_job_runner.py:120} INFO - ::group::Pre task execution logs
[2024-11-29T04:35:35.669+0000] {taskinstance.py:2076} INFO - Dependencies all met for dep_context=non-requeueable deps ti=<TaskInstance: nyc_green_tripdata.dbt_transform.dim_zone.run manual__2024-11-29T04:34:58.465019+00:00 [queued]>
[2024-11-29T04:35:35.679+0000] {taskinstance.py:2076} INFO - Dependencies all met for dep_context=requeueable deps ti=<TaskInstance: nyc_green_tripdata.dbt_transform.dim_zone.run manual__2024-11-29T04:34:58.465019+00:00 [queued]>
[2024-11-29T04:35:35.680+0000] {taskinstance.py:2306} INFO - Starting attempt 1 of 2
[2024-11-29T04:35:35.698+0000] {taskinstance.py:2330} INFO - Executing <Task(DbtRunLocalOperator): dbt_transform.dim_zone.run> on 2024-11-29 04:34:58.465019+00:00
[2024-11-29T04:35:35.708+0000] {standard_task_runner.py:64} INFO - Started process 299 to run task
[2024-11-29T04:35:35.715+0000] {standard_task_runner.py:90} INFO - Running: ['***', 'tasks', 'run', 'nyc_green_tripdata', 'dbt_transform.dim_zone.run', 'manual__2024-11-29T04:34:58.465019+00:00', '--job-id', '139', '--raw', '--subdir', 'DAGS_FOLDER/dag_green_tripdata.py', '--cfg-path', '/tmp/tmpm324y30t']
[2024-11-29T04:35:35.718+0000] {standard_task_runner.py:91} INFO - Job 139: Subtask dbt_transform.dim_zone.run
[2024-11-29T04:35:35.769+0000] {task_command.py:426} INFO - Running <TaskInstance: nyc_green_tripdata.dbt_transform.dim_zone.run manual__2024-11-29T04:34:58.465019+00:00 [running]> on host 39c047f38cb8
[2024-11-29T04:35:35.859+0000] {taskinstance.py:2648} INFO - Exporting env vars: AIRFLOW_CTX_DAG_EMAIL='muhii.smta@gmail.com' AIRFLOW_CTX_DAG_OWNER='Muhii' AIRFLOW_CTX_DAG_ID='nyc_green_tripdata' AIRFLOW_CTX_TASK_ID='dbt_transform.dim_zone.run' AIRFLOW_CTX_EXECUTION_DATE='2024-11-29T04:34:58.465019+00:00' AIRFLOW_CTX_TRY_NUMBER='1' AIRFLOW_CTX_DAG_RUN_ID='manual__2024-11-29T04:34:58.465019+00:00'
[2024-11-29T04:35:35.861+0000] {taskinstance.py:430} INFO - ::endgroup::
[2024-11-29T04:35:38.160+0000] {local.py:216} INFO - dbtRunner is available. Using dbtRunner for invoking dbt.
[2024-11-29T04:35:38.160+0000] {local.py:432} INFO - Cloning project to writable temp directory /tmp/tmpnlo4xsi4 from /opt/airflow/include/dbt
[2024-11-29T04:35:38.163+0000] {local.py:443} INFO - Partial parse is enabled and the latest partial parse file is /tmp/cosmos/nyc_green_tripdata__dbt_transform/target/partial_parse.msgpack
[2024-11-29T04:35:38.177+0000] {config.py:332} INFO - Using user-supplied profiles.yml at /opt/airflow/include/dbt/profiles.yml
[2024-11-29T04:35:38.186+0000] {local.py:404} INFO - Trying to run dbtRunner with:
 ['run', '--models', 'dim_zone', '--project-dir', '/tmp/tmpnlo4xsi4', '--profiles-dir', '/opt/***/include/dbt', '--profile', 'nyc_taxi', '--target', 'dev']
 in /tmp/tmpnlo4xsi4
[2024-11-29T04:35:38.271+0000] {logging_mixin.py:188} INFO - 04:35:38  Running with dbt=1.8.7
[2024-11-29T04:35:38.940+0000] {logging_mixin.py:188} INFO - 04:35:38  Registered adapter: bigquery=1.8.3
[2024-11-29T04:35:40.873+0000] {logging_mixin.py:188} INFO - 04:35:40  [WARNING]: Deprecated functionality
The `tests` config has been renamed to `data_tests`. Please see
https://docs.getdbt.com/docs/build/data-tests#new-data_tests-syntax for more
information.
[2024-11-29T04:35:41.368+0000] {logging_mixin.py:188} INFO - 04:35:41  Found 7 models, 34 data tests, 2 sources, 600 macros
[2024-11-29T04:35:41.373+0000] {logging_mixin.py:188} INFO - 04:35:41
[2024-11-29T04:35:42.560+0000] {logging_mixin.py:188} INFO - 04:35:42  Concurrency: 1 threads (target='dev')
[2024-11-29T04:35:42.562+0000] {logging_mixin.py:188} INFO - 04:35:42
[2024-11-29T04:35:42.566+0000] {logging_mixin.py:188} INFO - 04:35:42  1 of 1 START sql table model nyc_taxi.dim_zone ................................. [RUN]
[2024-11-29T04:35:46.121+0000] {logging_mixin.py:188} INFO - 04:35:46  1 of 1 OK created sql table model nyc_taxi.dim_zone ............................ [CREATE TABLE (263.0 rows, 60.4 KiB processed) in 3.55s]
[2024-11-29T04:35:46.125+0000] {logging_mixin.py:188} INFO - 04:35:46
[2024-11-29T04:35:46.126+0000] {logging_mixin.py:188} INFO - 04:35:46  Finished running 1 table model in 0 hours 0 minutes and 4.75 seconds (4.75s).
[2024-11-29T04:35:46.185+0000] {logging_mixin.py:188} INFO - 04:35:46
[2024-11-29T04:35:46.186+0000] {logging_mixin.py:188} INFO - 04:35:46  Completed successfully
[2024-11-29T04:35:46.187+0000] {logging_mixin.py:188} INFO - 04:35:46
[2024-11-29T04:35:46.189+0000] {logging_mixin.py:188} INFO - 04:35:46  Done. PASS=1 WARN=0 ERROR=0 SKIP=0 TOTAL=1
[2024-11-29T04:35:47.334+0000] {local.py:196} WARNING - Artifact schema version: https://schemas.getdbt.com/dbt/manifest/v12.json is above dbt-ol supported version 7. This might cause errors.
[2024-11-29T04:35:47.335+0000] {local.py:196} WARNING - Artifact schema version: https://schemas.getdbt.com/dbt/run-results/v6.json is above dbt-ol supported version 5. This might cause errors.
[2024-11-29T04:35:47.341+0000] {local.py:490} INFO - Inlets: [Dataset(uri='bigquery/northern-shield-437204-m0.nyc_taxi.zone_map', extra=None)]
[2024-11-29T04:35:47.341+0000] {local.py:491} INFO - Outlets: [Dataset(uri='bigquery/northern-shield-437204-m0.nyc_taxi.dim_zone', extra=None)]
[2024-11-29T04:35:47.342+0000] {local.py:590} INFO - Assigning inlets/outlets without DatasetAlias
[2024-11-29T04:35:47.342+0000] {dag.py:3089} INFO - Sync 1 DAGs
[2024-11-29T04:35:47.360+0000] {dag.py:3947} INFO - Setting next_dagrun for nyc_green_tripdata to None, run_after=None
[2024-11-29T04:35:47.384+0000] {taskinstance.py:441} INFO - ::group::Post task execution logs
[2024-11-29T04:35:47.408+0000] {taskinstance.py:1206} INFO - Marking task as SUCCESS. dag_id=nyc_green_tripdata, task_id=dbt_transform.dim_zone.run, run_id=manual__2024-11-29T04:34:58.465019+00:00, execution_date=20241129T043458, start_date=20241129T043535, end_date=20241129T043547
[2024-11-29T04:35:47.462+0000] {local_task_job_runner.py:243} INFO - Task exited with return code 0
[2024-11-29T04:35:47.495+0000] {taskinstance.py:3503} INFO - 1 downstream tasks scheduled from follow-on schedule check
[2024-11-29T04:35:47.498+0000] {local_task_job_runner.py:222} INFO - ::endgroup::
