[2024-12-03T09:28:43.061+0000] {local_task_job_runner.py:120} INFO - ::group::Pre task execution logs
[2024-12-03T09:28:43.100+0000] {taskinstance.py:2076} INFO - Dependencies all met for dep_context=non-requeueable deps ti=<TaskInstance: nyc_green_tripdata.dbt_transform.dim_time.run manual__2024-12-03T09:27:27.491363+00:00 [queued]>
[2024-12-03T09:28:43.126+0000] {taskinstance.py:2076} INFO - Dependencies all met for dep_context=requeueable deps ti=<TaskInstance: nyc_green_tripdata.dbt_transform.dim_time.run manual__2024-12-03T09:27:27.491363+00:00 [queued]>
[2024-12-03T09:28:43.127+0000] {taskinstance.py:2306} INFO - Starting attempt 1 of 2
[2024-12-03T09:28:43.158+0000] {taskinstance.py:2330} INFO - Executing <Task(DbtRunLocalOperator): dbt_transform.dim_time.run> on 2024-12-03 09:27:27.491363+00:00
[2024-12-03T09:28:43.175+0000] {standard_task_runner.py:64} INFO - Started process 9417 to run task
[2024-12-03T09:28:43.182+0000] {standard_task_runner.py:90} INFO - Running: ['***', 'tasks', 'run', 'nyc_green_tripdata', 'dbt_transform.dim_time.run', 'manual__2024-12-03T09:27:27.491363+00:00', '--job-id', '376', '--raw', '--subdir', 'DAGS_FOLDER/dag_green_tripdata.py', '--cfg-path', '/tmp/tmp1vmszkaz']
[2024-12-03T09:28:43.189+0000] {standard_task_runner.py:91} INFO - Job 376: Subtask dbt_transform.dim_time.run
[2024-12-03T09:28:43.299+0000] {task_command.py:426} INFO - Running <TaskInstance: nyc_green_tripdata.dbt_transform.dim_time.run manual__2024-12-03T09:27:27.491363+00:00 [running]> on host 39c047f38cb8
[2024-12-03T09:28:43.527+0000] {taskinstance.py:2648} INFO - Exporting env vars: AIRFLOW_CTX_DAG_EMAIL='muhii.smta@gmail.com' AIRFLOW_CTX_DAG_OWNER='Muhii' AIRFLOW_CTX_DAG_ID='nyc_green_tripdata' AIRFLOW_CTX_TASK_ID='dbt_transform.dim_time.run' AIRFLOW_CTX_EXECUTION_DATE='2024-12-03T09:27:27.491363+00:00' AIRFLOW_CTX_TRY_NUMBER='1' AIRFLOW_CTX_DAG_RUN_ID='manual__2024-12-03T09:27:27.491363+00:00'
[2024-12-03T09:28:43.532+0000] {taskinstance.py:430} INFO - ::endgroup::
[2024-12-03T09:28:47.817+0000] {local.py:216} INFO - dbtRunner is available. Using dbtRunner for invoking dbt.
[2024-12-03T09:28:47.819+0000] {local.py:432} INFO - Cloning project to writable temp directory /tmp/tmp9no9k676 from /opt/airflow/include/dbt
[2024-12-03T09:28:47.834+0000] {local.py:443} INFO - Partial parse is enabled and the latest partial parse file is /tmp/cosmos/nyc_green_tripdata__dbt_transform/target/partial_parse.msgpack
[2024-12-03T09:28:47.857+0000] {config.py:332} INFO - Using user-supplied profiles.yml at /opt/airflow/include/dbt/profiles.yml
[2024-12-03T09:28:47.858+0000] {local.py:404} INFO - Trying to run dbtRunner with:
 ['run', '--models', 'dim_time', '--project-dir', '/tmp/tmp9no9k676', '--profiles-dir', '/opt/***/include/dbt', '--profile', 'nyc_taxi', '--target', 'dev']
 in /tmp/tmp9no9k676
[2024-12-03T09:28:48.086+0000] {logging_mixin.py:188} INFO - 09:28:48  Running with dbt=1.8.7
[2024-12-03T09:28:49.531+0000] {logging_mixin.py:188} INFO - 09:28:49  Registered adapter: bigquery=1.8.3
[2024-12-03T09:28:53.530+0000] {logging_mixin.py:188} INFO - 09:28:53  Found 7 models, 34 data tests, 2 sources, 600 macros
[2024-12-03T09:28:53.541+0000] {logging_mixin.py:188} INFO - 09:28:53
[2024-12-03T09:28:55.215+0000] {logging_mixin.py:188} INFO - 09:28:55  Concurrency: 1 threads (target='dev')
[2024-12-03T09:28:55.218+0000] {logging_mixin.py:188} INFO - 09:28:55
[2024-12-03T09:28:55.229+0000] {logging_mixin.py:188} INFO - 09:28:55  1 of 1 START sql table model nyc_taxi.dim_time ................................. [RUN]
[2024-12-03T09:29:05.333+0000] {logging_mixin.py:188} INFO - 09:29:05  1 of 1 OK created sql table model nyc_taxi.dim_time ............................ [CREATE TABLE (978.0k rows, 7.7 MiB processed) in 10.10s]
[2024-12-03T09:29:05.345+0000] {logging_mixin.py:188} INFO - 09:29:05
[2024-12-03T09:29:05.347+0000] {logging_mixin.py:188} INFO - 09:29:05  Finished running 1 table model in 0 hours 0 minutes and 11.80 seconds (11.80s).
[2024-12-03T09:29:06.032+0000] {logging_mixin.py:188} INFO - 09:29:06
[2024-12-03T09:29:06.036+0000] {logging_mixin.py:188} INFO - 09:29:06  Completed successfully
[2024-12-03T09:29:06.039+0000] {logging_mixin.py:188} INFO - 09:29:06
[2024-12-03T09:29:06.042+0000] {logging_mixin.py:188} INFO - 09:29:06  Done. PASS=1 WARN=0 ERROR=0 SKIP=0 TOTAL=1
[2024-12-03T09:29:05.308+0000] {local.py:196} WARNING - Artifact schema version: https://schemas.getdbt.com/dbt/manifest/v12.json is above dbt-ol supported version 7. This might cause errors.
[2024-12-03T09:29:05.310+0000] {local.py:196} WARNING - Artifact schema version: https://schemas.getdbt.com/dbt/run-results/v6.json is above dbt-ol supported version 5. This might cause errors.
[2024-12-03T09:29:05.327+0000] {local.py:490} INFO - Inlets: [Dataset(uri='bigquery/northern-shield-437204-m0.nyc_taxi.green_tripdata', extra=None)]
[2024-12-03T09:29:05.328+0000] {local.py:491} INFO - Outlets: [Dataset(uri='bigquery/northern-shield-437204-m0.nyc_taxi.dim_time', extra=None)]
[2024-12-03T09:29:05.329+0000] {local.py:590} INFO - Assigning inlets/outlets without DatasetAlias
[2024-12-03T09:29:05.330+0000] {dag.py:3089} INFO - Sync 1 DAGs
[2024-12-03T09:29:05.391+0000] {dag.py:3947} INFO - Setting next_dagrun for nyc_green_tripdata to None, run_after=None
[2024-12-03T09:29:05.470+0000] {taskinstance.py:441} INFO - ::group::Post task execution logs
[2024-12-03T09:29:05.551+0000] {taskinstance.py:1206} INFO - Marking task as SUCCESS. dag_id=nyc_green_tripdata, task_id=dbt_transform.dim_time.run, run_id=manual__2024-12-03T09:27:27.491363+00:00, execution_date=20241203T092727, start_date=20241203T092843, end_date=20241203T092905
[2024-12-03T09:29:05.661+0000] {local_task_job_runner.py:243} INFO - Task exited with return code 0
[2024-12-03T09:29:05.737+0000] {taskinstance.py:3503} INFO - 0 downstream tasks scheduled from follow-on schedule check
[2024-12-03T09:29:05.740+0000] {local_task_job_runner.py:222} INFO - ::endgroup::
