[2024-12-03T08:08:25.958+0000] {local_task_job_runner.py:120} INFO - ::group::Pre task execution logs
[2024-12-03T08:08:25.989+0000] {taskinstance.py:2076} INFO - Dependencies all met for dep_context=non-requeueable deps ti=<TaskInstance: nyc_green_tripdata.dbt_transform.dim_vendor.run manual__2024-12-03T08:07:44.949524+00:00 [queued]>
[2024-12-03T08:08:26.003+0000] {taskinstance.py:2076} INFO - Dependencies all met for dep_context=requeueable deps ti=<TaskInstance: nyc_green_tripdata.dbt_transform.dim_vendor.run manual__2024-12-03T08:07:44.949524+00:00 [queued]>
[2024-12-03T08:08:26.003+0000] {taskinstance.py:2306} INFO - Starting attempt 1 of 2
[2024-12-03T08:08:26.023+0000] {taskinstance.py:2330} INFO - Executing <Task(DbtRunLocalOperator): dbt_transform.dim_vendor.run> on 2024-12-03 08:07:44.949524+00:00
[2024-12-03T08:08:26.035+0000] {standard_task_runner.py:64} INFO - Started process 4710 to run task
[2024-12-03T08:08:26.039+0000] {standard_task_runner.py:90} INFO - Running: ['***', 'tasks', 'run', 'nyc_green_tripdata', 'dbt_transform.dim_vendor.run', 'manual__2024-12-03T08:07:44.949524+00:00', '--job-id', '237', '--raw', '--subdir', 'DAGS_FOLDER/dag_green_tripdata.py', '--cfg-path', '/tmp/tmphl1h0g8w']
[2024-12-03T08:08:26.050+0000] {standard_task_runner.py:91} INFO - Job 237: Subtask dbt_transform.dim_vendor.run
[2024-12-03T08:08:26.122+0000] {task_command.py:426} INFO - Running <TaskInstance: nyc_green_tripdata.dbt_transform.dim_vendor.run manual__2024-12-03T08:07:44.949524+00:00 [running]> on host 39c047f38cb8
[2024-12-03T08:08:26.246+0000] {taskinstance.py:2648} INFO - Exporting env vars: AIRFLOW_CTX_DAG_EMAIL='muhii.smta@gmail.com' AIRFLOW_CTX_DAG_OWNER='Muhii' AIRFLOW_CTX_DAG_ID='nyc_green_tripdata' AIRFLOW_CTX_TASK_ID='dbt_transform.dim_vendor.run' AIRFLOW_CTX_EXECUTION_DATE='2024-12-03T08:07:44.949524+00:00' AIRFLOW_CTX_TRY_NUMBER='1' AIRFLOW_CTX_DAG_RUN_ID='manual__2024-12-03T08:07:44.949524+00:00'
[2024-12-03T08:08:26.250+0000] {taskinstance.py:430} INFO - ::endgroup::
[2024-12-03T08:08:28.513+0000] {local.py:216} INFO - dbtRunner is available. Using dbtRunner for invoking dbt.
[2024-12-03T08:08:28.519+0000] {local.py:432} INFO - Cloning project to writable temp directory /tmp/tmpb7xduecz from /opt/airflow/include/dbt
[2024-12-03T08:08:28.523+0000] {local.py:443} INFO - Partial parse is enabled and the latest partial parse file is /tmp/cosmos/nyc_green_tripdata__dbt_transform/target/partial_parse.msgpack
[2024-12-03T08:08:28.549+0000] {config.py:332} INFO - Using user-supplied profiles.yml at /opt/airflow/include/dbt/profiles.yml
[2024-12-03T08:08:28.550+0000] {local.py:404} INFO - Trying to run dbtRunner with:
 ['run', '--models', 'dim_vendor', '--project-dir', '/tmp/tmpb7xduecz', '--profiles-dir', '/opt/***/include/dbt', '--profile', 'nyc_taxi', '--target', 'dev']
 in /tmp/tmpb7xduecz
[2024-12-03T08:08:28.650+0000] {logging_mixin.py:188} INFO - 08:08:28  Running with dbt=1.8.7
[2024-12-03T08:08:29.436+0000] {logging_mixin.py:188} INFO - 08:08:29  Registered adapter: bigquery=1.8.3
[2024-12-03T08:08:31.317+0000] {logging_mixin.py:188} INFO - 08:08:31  Found 7 models, 34 data tests, 2 sources, 600 macros
[2024-12-03T08:08:31.324+0000] {logging_mixin.py:188} INFO - 08:08:31
[2024-12-03T08:08:30.329+0000] {logging_mixin.py:188} INFO - 08:08:30  Concurrency: 1 threads (target='dev')
[2024-12-03T08:08:30.330+0000] {logging_mixin.py:188} INFO - 08:08:30
[2024-12-03T08:08:30.335+0000] {logging_mixin.py:188} INFO - 08:08:30  1 of 1 START sql table model nyc_taxi.dim_vendor ............................... [RUN]
[2024-12-03T08:08:34.470+0000] {logging_mixin.py:188} INFO - 08:08:34  1 of 1 OK created sql table model nyc_taxi.dim_vendor .......................... [CREATE TABLE (2.0 rows, 897.5 KiB processed) in 4.13s]
[2024-12-03T08:08:34.476+0000] {logging_mixin.py:188} INFO - 08:08:34
[2024-12-03T08:08:34.477+0000] {logging_mixin.py:188} INFO - 08:08:34  Finished running 1 table model in 0 hours 0 minutes and 3.15 seconds (3.15s).
[2024-12-03T08:08:34.820+0000] {logging_mixin.py:188} INFO - 08:08:34
[2024-12-03T08:08:34.822+0000] {logging_mixin.py:188} INFO - 08:08:34  Completed successfully
[2024-12-03T08:08:34.823+0000] {logging_mixin.py:188} INFO - 08:08:34
[2024-12-03T08:08:34.824+0000] {logging_mixin.py:188} INFO - 08:08:34  Done. PASS=1 WARN=0 ERROR=0 SKIP=0 TOTAL=1
[2024-12-03T08:08:36.027+0000] {local.py:196} WARNING - Artifact schema version: https://schemas.getdbt.com/dbt/manifest/v12.json is above dbt-ol supported version 7. This might cause errors.
[2024-12-03T08:08:36.028+0000] {local.py:196} WARNING - Artifact schema version: https://schemas.getdbt.com/dbt/run-results/v6.json is above dbt-ol supported version 5. This might cause errors.
[2024-12-03T08:08:36.035+0000] {local.py:490} INFO - Inlets: [Dataset(uri='bigquery/northern-shield-437204-m0.nyc_taxi.green_tripdata', extra=None)]
[2024-12-03T08:08:36.036+0000] {local.py:491} INFO - Outlets: [Dataset(uri='bigquery/northern-shield-437204-m0.nyc_taxi.dim_vendor', extra=None)]
[2024-12-03T08:08:36.036+0000] {local.py:590} INFO - Assigning inlets/outlets without DatasetAlias
[2024-12-03T08:08:36.036+0000] {dag.py:3089} INFO - Sync 1 DAGs
[2024-12-03T08:08:36.060+0000] {dag.py:3947} INFO - Setting next_dagrun for nyc_green_tripdata to None, run_after=None
[2024-12-03T08:08:36.093+0000] {taskinstance.py:441} INFO - ::group::Post task execution logs
[2024-12-03T08:08:36.127+0000] {taskinstance.py:1206} INFO - Marking task as SUCCESS. dag_id=nyc_green_tripdata, task_id=dbt_transform.dim_vendor.run, run_id=manual__2024-12-03T08:07:44.949524+00:00, execution_date=20241203T080744, start_date=20241203T080825, end_date=20241203T080836
[2024-12-03T08:08:36.214+0000] {local_task_job_runner.py:243} INFO - Task exited with return code 0
[2024-12-03T08:08:36.244+0000] {taskinstance.py:3503} INFO - 0 downstream tasks scheduled from follow-on schedule check
[2024-12-03T08:08:36.246+0000] {local_task_job_runner.py:222} INFO - ::endgroup::
