[2024-12-03T10:00:55.038+0000] {local_task_job_runner.py:120} INFO - ::group::Pre task execution logs
[2024-12-03T10:00:55.074+0000] {taskinstance.py:2076} INFO - Dependencies all met for dep_context=non-requeueable deps ti=<TaskInstance: nyc_green_tripdata.dbt_transform.dim_time.run manual__2024-12-03T09:59:36.005034+00:00 [queued]>
[2024-12-03T10:00:55.099+0000] {taskinstance.py:2076} INFO - Dependencies all met for dep_context=requeueable deps ti=<TaskInstance: nyc_green_tripdata.dbt_transform.dim_time.run manual__2024-12-03T09:59:36.005034+00:00 [queued]>
[2024-12-03T10:00:55.100+0000] {taskinstance.py:2306} INFO - Starting attempt 1 of 2
[2024-12-03T10:00:55.137+0000] {taskinstance.py:2330} INFO - Executing <Task(DbtRunLocalOperator): dbt_transform.dim_time.run> on 2024-12-03 09:59:36.005034+00:00
[2024-12-03T10:00:55.154+0000] {standard_task_runner.py:64} INFO - Started process 11210 to run task
[2024-12-03T10:00:55.160+0000] {standard_task_runner.py:90} INFO - Running: ['***', 'tasks', 'run', 'nyc_green_tripdata', 'dbt_transform.dim_time.run', 'manual__2024-12-03T09:59:36.005034+00:00', '--job-id', '440', '--raw', '--subdir', 'DAGS_FOLDER/dag_green_tripdata.py', '--cfg-path', '/tmp/tmp96jdnu3b']
[2024-12-03T10:00:55.167+0000] {standard_task_runner.py:91} INFO - Job 440: Subtask dbt_transform.dim_time.run
[2024-12-03T10:00:55.274+0000] {task_command.py:426} INFO - Running <TaskInstance: nyc_green_tripdata.dbt_transform.dim_time.run manual__2024-12-03T09:59:36.005034+00:00 [running]> on host 39c047f38cb8
[2024-12-03T10:00:55.498+0000] {taskinstance.py:2648} INFO - Exporting env vars: AIRFLOW_CTX_DAG_EMAIL='muhii.smta@gmail.com' AIRFLOW_CTX_DAG_OWNER='Muhii' AIRFLOW_CTX_DAG_ID='nyc_green_tripdata' AIRFLOW_CTX_TASK_ID='dbt_transform.dim_time.run' AIRFLOW_CTX_EXECUTION_DATE='2024-12-03T09:59:36.005034+00:00' AIRFLOW_CTX_TRY_NUMBER='1' AIRFLOW_CTX_DAG_RUN_ID='manual__2024-12-03T09:59:36.005034+00:00'
[2024-12-03T10:00:55.502+0000] {taskinstance.py:430} INFO - ::endgroup::
[2024-12-03T10:00:59.730+0000] {local.py:216} INFO - dbtRunner is available. Using dbtRunner for invoking dbt.
[2024-12-03T10:00:59.732+0000] {local.py:432} INFO - Cloning project to writable temp directory /tmp/tmphjh4sx_t from /opt/airflow/include/dbt
[2024-12-03T10:00:59.743+0000] {local.py:443} INFO - Partial parse is enabled and the latest partial parse file is /tmp/cosmos/nyc_green_tripdata__dbt_transform/target/partial_parse.msgpack
[2024-12-03T10:00:59.773+0000] {config.py:332} INFO - Using user-supplied profiles.yml at /opt/airflow/include/dbt/profiles.yml
[2024-12-03T10:00:59.778+0000] {local.py:404} INFO - Trying to run dbtRunner with:
 ['run', '--models', 'dim_time', '--project-dir', '/tmp/tmphjh4sx_t', '--profiles-dir', '/opt/***/include/dbt', '--profile', 'nyc_taxi', '--target', 'dev']
 in /tmp/tmphjh4sx_t
[2024-12-03T10:01:00.063+0000] {logging_mixin.py:188} INFO - 10:01:00  Running with dbt=1.8.7
[2024-12-03T10:01:01.673+0000] {logging_mixin.py:188} INFO - 10:01:01  Registered adapter: bigquery=1.8.3
[2024-12-03T10:01:07.104+0000] {logging_mixin.py:188} INFO - 10:01:07  Found 7 models, 34 data tests, 2 sources, 600 macros
[2024-12-03T10:01:07.116+0000] {logging_mixin.py:188} INFO - 10:01:07
[2024-12-03T10:01:09.018+0000] {logging_mixin.py:188} INFO - 10:01:09  Concurrency: 1 threads (target='dev')
[2024-12-03T10:01:09.021+0000] {logging_mixin.py:188} INFO - 10:01:09
[2024-12-03T10:01:09.031+0000] {logging_mixin.py:188} INFO - 10:01:09  1 of 1 START sql table model nyc_taxi.dim_time ................................. [RUN]
[2024-12-03T10:01:20.191+0000] {logging_mixin.py:188} INFO - 10:01:20  1 of 1 OK created sql table model nyc_taxi.dim_time ............................ [CREATE TABLE (1.3m rows, 10.2 MiB processed) in 11.15s]
[2024-12-03T10:01:20.204+0000] {logging_mixin.py:188} INFO - 10:01:20
[2024-12-03T10:01:20.207+0000] {logging_mixin.py:188} INFO - 10:01:20  Finished running 1 table model in 0 hours 0 minutes and 13.09 seconds (13.09s).
[2024-12-03T10:01:20.895+0000] {logging_mixin.py:188} INFO - 10:01:20
[2024-12-03T10:01:20.898+0000] {logging_mixin.py:188} INFO - 10:01:20  Completed successfully
[2024-12-03T10:01:20.901+0000] {logging_mixin.py:188} INFO - 10:01:20
[2024-12-03T10:01:20.903+0000] {logging_mixin.py:188} INFO - 10:01:20  Done. PASS=1 WARN=0 ERROR=0 SKIP=0 TOTAL=1
[2024-12-03T10:01:22.532+0000] {local.py:196} WARNING - Artifact schema version: https://schemas.getdbt.com/dbt/manifest/v12.json is above dbt-ol supported version 7. This might cause errors.
[2024-12-03T10:01:22.534+0000] {local.py:196} WARNING - Artifact schema version: https://schemas.getdbt.com/dbt/run-results/v6.json is above dbt-ol supported version 5. This might cause errors.
[2024-12-03T10:01:22.549+0000] {local.py:490} INFO - Inlets: [Dataset(uri='bigquery/northern-shield-437204-m0.nyc_taxi.green_tripdata', extra=None)]
[2024-12-03T10:01:22.550+0000] {local.py:491} INFO - Outlets: [Dataset(uri='bigquery/northern-shield-437204-m0.nyc_taxi.dim_time', extra=None)]
[2024-12-03T10:01:22.551+0000] {local.py:590} INFO - Assigning inlets/outlets without DatasetAlias
[2024-12-03T10:01:22.552+0000] {dag.py:3089} INFO - Sync 1 DAGs
[2024-12-03T10:01:22.614+0000] {dag.py:3947} INFO - Setting next_dagrun for nyc_green_tripdata to None, run_after=None
[2024-12-03T10:01:22.696+0000] {taskinstance.py:441} INFO - ::group::Post task execution logs
[2024-12-03T10:01:22.765+0000] {taskinstance.py:1206} INFO - Marking task as SUCCESS. dag_id=nyc_green_tripdata, task_id=dbt_transform.dim_time.run, run_id=manual__2024-12-03T09:59:36.005034+00:00, execution_date=20241203T095936, start_date=20241203T100055, end_date=20241203T100122
[2024-12-03T10:01:22.887+0000] {local_task_job_runner.py:243} INFO - Task exited with return code 0
[2024-12-03T10:01:22.970+0000] {taskinstance.py:3503} INFO - 1 downstream tasks scheduled from follow-on schedule check
[2024-12-03T10:01:22.974+0000] {local_task_job_runner.py:222} INFO - ::endgroup::
