[2024-11-12T20:45:59.762+0000] {local_task_job_runner.py:120} INFO - ::group::Pre task execution logs
[2024-11-12T20:45:59.778+0000] {taskinstance.py:2076} INFO - Dependencies all met for dep_context=non-requeueable deps ti=<TaskInstance: nyc_green_taxi.load_transform_data_to_bq manual__2024-11-12T20:45:39.304695+00:00 [queued]>
[2024-11-12T20:45:59.785+0000] {taskinstance.py:2076} INFO - Dependencies all met for dep_context=requeueable deps ti=<TaskInstance: nyc_green_taxi.load_transform_data_to_bq manual__2024-11-12T20:45:39.304695+00:00 [queued]>
[2024-11-12T20:45:59.786+0000] {taskinstance.py:2306} INFO - Starting attempt 1 of 2
[2024-11-12T20:45:59.796+0000] {taskinstance.py:2330} INFO - Executing <Task(GCSToBigQueryOperator): load_transform_data_to_bq> on 2024-11-12 20:45:39.304695+00:00
[2024-11-12T20:45:59.802+0000] {standard_task_runner.py:64} INFO - Started process 1063 to run task
[2024-11-12T20:45:59.805+0000] {standard_task_runner.py:90} INFO - Running: ['***', 'tasks', 'run', 'nyc_green_taxi', 'load_transform_data_to_bq', 'manual__2024-11-12T20:45:39.304695+00:00', '--job-id', '44', '--raw', '--subdir', 'DAGS_FOLDER/data_ingestion.py', '--cfg-path', '/tmp/tmppy0a_6am']
[2024-11-12T20:45:59.806+0000] {standard_task_runner.py:91} INFO - Job 44: Subtask load_transform_data_to_bq
[2024-11-12T20:45:59.844+0000] {task_command.py:426} INFO - Running <TaskInstance: nyc_green_taxi.load_transform_data_to_bq manual__2024-11-12T20:45:39.304695+00:00 [running]> on host 7a2cfb7b2df5
[2024-11-12T20:45:59.910+0000] {taskinstance.py:2648} INFO - Exporting env vars: AIRFLOW_CTX_DAG_EMAIL='muhii.smta@gmail.com' AIRFLOW_CTX_DAG_OWNER='Muhii' AIRFLOW_CTX_DAG_ID='nyc_green_taxi' AIRFLOW_CTX_TASK_ID='load_transform_data_to_bq' AIRFLOW_CTX_EXECUTION_DATE='2024-11-12T20:45:39.304695+00:00' AIRFLOW_CTX_TRY_NUMBER='1' AIRFLOW_CTX_DAG_RUN_ID='manual__2024-11-12T20:45:39.304695+00:00'
[2024-11-12T20:45:59.911+0000] {taskinstance.py:430} INFO - ::endgroup::
[2024-11-12T20:45:59.921+0000] {crypto.py:82} WARNING - empty cryptography key - values will not be stored encrypted.
[2024-11-12T20:45:59.922+0000] {connection.py:274} WARNING - Connection schemes (type: google_cloud_platform) shall not contain '_' according to RFC3986.
[2024-11-12T20:45:59.922+0000] {base.py:84} INFO - Using connection ID 'google_cloud_default' for task execution.
[2024-11-12T20:45:59.923+0000] {gcs_to_bigquery.py:381} INFO - Using existing BigQuery table for storing data...
[2024-11-12T20:45:59.960+0000] {gcs_to_bigquery.py:385} INFO - Executing: {'load': {'autodetect': True, 'createDisposition': 'CREATE_IF_NEEDED', 'destinationTable': {'projectId': 'northern-shield-437204-m0', 'datasetId': 'nyc_taxi', 'tableId': 'green_tripdata'}, 'sourceFormat': 'PARQUET', 'sourceUris': ['gs://green_taxi_bucket/transform/tf_green_tripdata_2023-01.parquet'], 'writeDisposition': 'WRITE_APPEND', 'ignoreUnknownValues': False}}
[2024-11-12T20:45:59.961+0000] {bigquery.py:1702} INFO - Inserting job ***_nyc_green_taxi_load_transform_data_to_bq_2024_11_12T20_45_39_304695_00_00_805716734f9352a4a09eb48f6611fe8c
[2024-11-12T20:46:05.371+0000] {taskinstance.py:441} INFO - ::group::Post task execution logs
[2024-11-12T20:46:05.382+0000] {taskinstance.py:1206} INFO - Marking task as SUCCESS. dag_id=nyc_green_taxi, task_id=load_transform_data_to_bq, run_id=manual__2024-11-12T20:45:39.304695+00:00, execution_date=20241112T204539, start_date=20241112T204559, end_date=20241112T204605
[2024-11-12T20:46:05.421+0000] {local_task_job_runner.py:243} INFO - Task exited with return code 0
[2024-11-12T20:46:05.439+0000] {taskinstance.py:3503} INFO - 0 downstream tasks scheduled from follow-on schedule check
[2024-11-12T20:46:05.441+0000] {local_task_job_runner.py:222} INFO - ::endgroup::
