[2024-12-03T08:24:49.486+0000] {local_task_job_runner.py:120} INFO - ::group::Pre task execution logs
[2024-12-03T08:24:49.505+0000] {taskinstance.py:2076} INFO - Dependencies all met for dep_context=non-requeueable deps ti=<TaskInstance: nyc_green_tripdata.load_tripdata_to_bq manual__2024-12-03T08:24:25.038092+00:00 [queued]>
[2024-12-03T08:24:49.515+0000] {taskinstance.py:2076} INFO - Dependencies all met for dep_context=requeueable deps ti=<TaskInstance: nyc_green_tripdata.load_tripdata_to_bq manual__2024-12-03T08:24:25.038092+00:00 [queued]>
[2024-12-03T08:24:49.516+0000] {taskinstance.py:2306} INFO - Starting attempt 1 of 2
[2024-12-03T08:24:49.530+0000] {taskinstance.py:2330} INFO - Executing <Task(GCSToBigQueryOperator): load_tripdata_to_bq> on 2024-12-03 08:24:25.038092+00:00
[2024-12-03T08:24:49.540+0000] {standard_task_runner.py:64} INFO - Started process 5774 to run task
[2024-12-03T08:24:49.543+0000] {standard_task_runner.py:90} INFO - Running: ['***', 'tasks', 'run', 'nyc_green_tripdata', 'load_tripdata_to_bq', 'manual__2024-12-03T08:24:25.038092+00:00', '--job-id', '273', '--raw', '--subdir', 'DAGS_FOLDER/dag_green_tripdata.py', '--cfg-path', '/tmp/tmpwmvzylqg']
[2024-12-03T08:24:49.546+0000] {standard_task_runner.py:91} INFO - Job 273: Subtask load_tripdata_to_bq
[2024-12-03T08:24:49.591+0000] {task_command.py:426} INFO - Running <TaskInstance: nyc_green_tripdata.load_tripdata_to_bq manual__2024-12-03T08:24:25.038092+00:00 [running]> on host 39c047f38cb8
[2024-12-03T08:24:49.682+0000] {taskinstance.py:2648} INFO - Exporting env vars: AIRFLOW_CTX_DAG_EMAIL='muhii.smta@gmail.com' AIRFLOW_CTX_DAG_OWNER='Muhii' AIRFLOW_CTX_DAG_ID='nyc_green_tripdata' AIRFLOW_CTX_TASK_ID='load_tripdata_to_bq' AIRFLOW_CTX_EXECUTION_DATE='2024-12-03T08:24:25.038092+00:00' AIRFLOW_CTX_TRY_NUMBER='1' AIRFLOW_CTX_DAG_RUN_ID='manual__2024-12-03T08:24:25.038092+00:00'
[2024-12-03T08:24:49.684+0000] {taskinstance.py:430} INFO - ::endgroup::
[2024-12-03T08:24:49.685+0000] {crypto.py:82} WARNING - empty cryptography key - values will not be stored encrypted.
[2024-12-03T08:24:49.686+0000] {connection.py:274} WARNING - Connection schemes (type: google_cloud_platform) shall not contain '_' according to RFC3986.
[2024-12-03T08:24:49.687+0000] {base.py:84} INFO - Using connection ID 'google_cloud_default' for task execution.
[2024-12-03T08:24:49.688+0000] {gcs_to_bigquery.py:381} INFO - Using existing BigQuery table for storing data...
[2024-12-03T08:24:49.726+0000] {gcs_to_bigquery.py:385} INFO - Executing: {'load': {'autodetect': True, 'createDisposition': 'CREATE_IF_NEEDED', 'destinationTable': {'projectId': 'northern-shield-437204-m0', 'datasetId': 'nyc_taxi', 'tableId': 'green_tripdata'}, 'sourceFormat': 'PARQUET', 'sourceUris': ['gs://green_taxi_bucket/transform/tf_green_tripdata_2023-04.parquet'], 'writeDisposition': 'WRITE_APPEND', 'ignoreUnknownValues': False}}
[2024-12-03T08:24:49.728+0000] {bigquery.py:1702} INFO - Inserting job ***_nyc_green_tripdata_load_tripdata_to_bq_2024_12_03T08_24_25_038092_00_00_d9604e5b18c474d958bab78802ac3a79
[2024-12-03T08:24:53.161+0000] {taskinstance.py:441} INFO - ::group::Post task execution logs
[2024-12-03T08:24:53.172+0000] {taskinstance.py:1206} INFO - Marking task as SUCCESS. dag_id=nyc_green_tripdata, task_id=load_tripdata_to_bq, run_id=manual__2024-12-03T08:24:25.038092+00:00, execution_date=20241203T082425, start_date=20241203T082449, end_date=20241203T082453
[2024-12-03T08:24:53.238+0000] {local_task_job_runner.py:243} INFO - Task exited with return code 0
[2024-12-03T08:24:53.277+0000] {taskinstance.py:3503} INFO - 1 downstream tasks scheduled from follow-on schedule check
[2024-12-03T08:24:53.279+0000] {local_task_job_runner.py:222} INFO - ::endgroup::
