[2024-11-29T04:35:35.653+0000] {local_task_job_runner.py:120} INFO - ::group::Pre task execution logs
[2024-11-29T04:35:35.672+0000] {taskinstance.py:2076} INFO - Dependencies all met for dep_context=non-requeueable deps ti=<TaskInstance: nyc_green_tripdata.dbt_transform.dim_triptype.run manual__2024-11-29T04:34:58.465019+00:00 [queued]>
[2024-11-29T04:35:35.682+0000] {taskinstance.py:2076} INFO - Dependencies all met for dep_context=requeueable deps ti=<TaskInstance: nyc_green_tripdata.dbt_transform.dim_triptype.run manual__2024-11-29T04:34:58.465019+00:00 [queued]>
[2024-11-29T04:35:35.683+0000] {taskinstance.py:2306} INFO - Starting attempt 1 of 2
[2024-11-29T04:35:35.700+0000] {taskinstance.py:2330} INFO - Executing <Task(DbtRunLocalOperator): dbt_transform.dim_triptype.run> on 2024-11-29 04:34:58.465019+00:00
[2024-11-29T04:35:35.709+0000] {standard_task_runner.py:64} INFO - Started process 301 to run task
[2024-11-29T04:35:35.714+0000] {standard_task_runner.py:90} INFO - Running: ['***', 'tasks', 'run', 'nyc_green_tripdata', 'dbt_transform.dim_triptype.run', 'manual__2024-11-29T04:34:58.465019+00:00', '--job-id', '140', '--raw', '--subdir', 'DAGS_FOLDER/dag_green_tripdata.py', '--cfg-path', '/tmp/tmpftnbo2kk']
[2024-11-29T04:35:35.717+0000] {standard_task_runner.py:91} INFO - Job 140: Subtask dbt_transform.dim_triptype.run
[2024-11-29T04:35:35.769+0000] {task_command.py:426} INFO - Running <TaskInstance: nyc_green_tripdata.dbt_transform.dim_triptype.run manual__2024-11-29T04:34:58.465019+00:00 [running]> on host 39c047f38cb8
[2024-11-29T04:35:35.859+0000] {taskinstance.py:2648} INFO - Exporting env vars: AIRFLOW_CTX_DAG_EMAIL='muhii.smta@gmail.com' AIRFLOW_CTX_DAG_OWNER='Muhii' AIRFLOW_CTX_DAG_ID='nyc_green_tripdata' AIRFLOW_CTX_TASK_ID='dbt_transform.dim_triptype.run' AIRFLOW_CTX_EXECUTION_DATE='2024-11-29T04:34:58.465019+00:00' AIRFLOW_CTX_TRY_NUMBER='1' AIRFLOW_CTX_DAG_RUN_ID='manual__2024-11-29T04:34:58.465019+00:00'
[2024-11-29T04:35:35.861+0000] {taskinstance.py:430} INFO - ::endgroup::
[2024-11-29T04:35:38.160+0000] {local.py:216} INFO - dbtRunner is available. Using dbtRunner for invoking dbt.
[2024-11-29T04:35:38.161+0000] {local.py:432} INFO - Cloning project to writable temp directory /tmp/tmpzkt_r6_9 from /opt/airflow/include/dbt
[2024-11-29T04:35:38.163+0000] {local.py:443} INFO - Partial parse is enabled and the latest partial parse file is /tmp/cosmos/nyc_green_tripdata__dbt_transform/target/partial_parse.msgpack
[2024-11-29T04:35:38.177+0000] {config.py:332} INFO - Using user-supplied profiles.yml at /opt/airflow/include/dbt/profiles.yml
[2024-11-29T04:35:38.186+0000] {local.py:404} INFO - Trying to run dbtRunner with:
 ['run', '--models', 'dim_triptype', '--project-dir', '/tmp/tmpzkt_r6_9', '--profiles-dir', '/opt/***/include/dbt', '--profile', 'nyc_taxi', '--target', 'dev']
 in /tmp/tmpzkt_r6_9
[2024-11-29T04:35:38.266+0000] {logging_mixin.py:188} INFO - 04:35:38  Running with dbt=1.8.7
[2024-11-29T04:35:38.941+0000] {logging_mixin.py:188} INFO - 04:35:38  Registered adapter: bigquery=1.8.3
[2024-11-29T04:35:40.922+0000] {logging_mixin.py:188} INFO - 04:35:40  [WARNING]: Deprecated functionality
The `tests` config has been renamed to `data_tests`. Please see
https://docs.getdbt.com/docs/build/data-tests#new-data_tests-syntax for more
information.
[2024-11-29T04:35:41.457+0000] {logging_mixin.py:188} INFO - 04:35:41  Found 7 models, 34 data tests, 2 sources, 600 macros
[2024-11-29T04:35:41.461+0000] {logging_mixin.py:188} INFO - 04:35:41
[2024-11-29T04:35:42.955+0000] {logging_mixin.py:188} INFO - 04:35:42  Concurrency: 1 threads (target='dev')
[2024-11-29T04:35:42.956+0000] {logging_mixin.py:188} INFO - 04:35:42
[2024-11-29T04:35:42.960+0000] {logging_mixin.py:188} INFO - 04:35:42  1 of 1 START sql table model nyc_taxi.dim_triptype ............................. [RUN]
[2024-11-29T04:35:46.662+0000] {logging_mixin.py:188} INFO - 04:35:46  1 of 1 OK created sql table model nyc_taxi.dim_triptype ........................ [CREATE TABLE (3.0 rows, 463.5 KiB processed) in 3.70s]
[2024-11-29T04:35:46.669+0000] {logging_mixin.py:188} INFO - 04:35:46
[2024-11-29T04:35:46.670+0000] {logging_mixin.py:188} INFO - 04:35:46  Finished running 1 table model in 0 hours 0 minutes and 5.21 seconds (5.21s).
[2024-11-29T04:35:46.735+0000] {logging_mixin.py:188} INFO - 04:35:46
[2024-11-29T04:35:46.737+0000] {logging_mixin.py:188} INFO - 04:35:46  Completed successfully
[2024-11-29T04:35:46.738+0000] {logging_mixin.py:188} INFO - 04:35:46
[2024-11-29T04:35:46.739+0000] {logging_mixin.py:188} INFO - 04:35:46  Done. PASS=1 WARN=0 ERROR=0 SKIP=0 TOTAL=1
[2024-11-29T04:35:47.817+0000] {local.py:196} WARNING - Artifact schema version: https://schemas.getdbt.com/dbt/manifest/v12.json is above dbt-ol supported version 7. This might cause errors.
[2024-11-29T04:35:47.818+0000] {local.py:196} WARNING - Artifact schema version: https://schemas.getdbt.com/dbt/run-results/v6.json is above dbt-ol supported version 5. This might cause errors.
[2024-11-29T04:35:47.823+0000] {local.py:490} INFO - Inlets: [Dataset(uri='bigquery/northern-shield-437204-m0.nyc_taxi.green_tripdata', extra=None)]
[2024-11-29T04:35:47.824+0000] {local.py:491} INFO - Outlets: [Dataset(uri='bigquery/northern-shield-437204-m0.nyc_taxi.dim_triptype', extra=None)]
[2024-11-29T04:35:47.824+0000] {local.py:590} INFO - Assigning inlets/outlets without DatasetAlias
[2024-11-29T04:35:47.824+0000] {dag.py:3089} INFO - Sync 1 DAGs
[2024-11-29T04:35:47.850+0000] {dag.py:3947} INFO - Setting next_dagrun for nyc_green_tripdata to None, run_after=None
[2024-11-29T04:35:47.875+0000] {taskinstance.py:441} INFO - ::group::Post task execution logs
[2024-11-29T04:35:47.904+0000] {taskinstance.py:1206} INFO - Marking task as SUCCESS. dag_id=nyc_green_tripdata, task_id=dbt_transform.dim_triptype.run, run_id=manual__2024-11-29T04:34:58.465019+00:00, execution_date=20241129T043458, start_date=20241129T043535, end_date=20241129T043547
[2024-11-29T04:35:47.984+0000] {local_task_job_runner.py:243} INFO - Task exited with return code 0
[2024-11-29T04:35:47.994+0000] {local_task_job_runner.py:222} INFO - ::endgroup::
