[2024-11-29T04:35:06.572+0000] {local_task_job_runner.py:120} INFO - ::group::Pre task execution logs
[2024-11-29T04:35:06.587+0000] {taskinstance.py:2076} INFO - Dependencies all met for dep_context=non-requeueable deps ti=<TaskInstance: nyc_green_tripdata.upload_zone_map manual__2024-11-29T04:34:58.465019+00:00 [queued]>
[2024-11-29T04:35:06.595+0000] {taskinstance.py:2076} INFO - Dependencies all met for dep_context=requeueable deps ti=<TaskInstance: nyc_green_tripdata.upload_zone_map manual__2024-11-29T04:34:58.465019+00:00 [queued]>
[2024-11-29T04:35:06.596+0000] {taskinstance.py:2306} INFO - Starting attempt 1 of 2
[2024-11-29T04:35:06.608+0000] {taskinstance.py:2330} INFO - Executing <Task(LocalFilesystemToGCSOperator): upload_zone_map> on 2024-11-29 04:34:58.465019+00:00
[2024-11-29T04:35:06.616+0000] {standard_task_runner.py:64} INFO - Started process 205 to run task
[2024-11-29T04:35:06.619+0000] {standard_task_runner.py:90} INFO - Running: ['***', 'tasks', 'run', 'nyc_green_tripdata', 'upload_zone_map', 'manual__2024-11-29T04:34:58.465019+00:00', '--job-id', '132', '--raw', '--subdir', 'DAGS_FOLDER/dag_green_tripdata.py', '--cfg-path', '/tmp/tmpa9u5xlkx']
[2024-11-29T04:35:06.622+0000] {standard_task_runner.py:91} INFO - Job 132: Subtask upload_zone_map
[2024-11-29T04:35:06.660+0000] {task_command.py:426} INFO - Running <TaskInstance: nyc_green_tripdata.upload_zone_map manual__2024-11-29T04:34:58.465019+00:00 [running]> on host 39c047f38cb8
[2024-11-29T04:35:06.727+0000] {taskinstance.py:2648} INFO - Exporting env vars: AIRFLOW_CTX_DAG_EMAIL='muhii.smta@gmail.com' AIRFLOW_CTX_DAG_OWNER='Muhii' AIRFLOW_CTX_DAG_ID='nyc_green_tripdata' AIRFLOW_CTX_TASK_ID='upload_zone_map' AIRFLOW_CTX_EXECUTION_DATE='2024-11-29T04:34:58.465019+00:00' AIRFLOW_CTX_TRY_NUMBER='1' AIRFLOW_CTX_DAG_RUN_ID='manual__2024-11-29T04:34:58.465019+00:00'
[2024-11-29T04:35:06.729+0000] {taskinstance.py:430} INFO - ::endgroup::
[2024-11-29T04:35:06.730+0000] {crypto.py:82} WARNING - empty cryptography key - values will not be stored encrypted.
[2024-11-29T04:35:06.730+0000] {connection.py:274} WARNING - Connection schemes (type: google_cloud_platform) shall not contain '_' according to RFC3986.
[2024-11-29T04:35:06.731+0000] {base.py:84} INFO - Using connection ID 'google_cloud_default' for task execution.
[2024-11-29T04:35:08.095+0000] {gcs.py:560} INFO - File /opt/***/dataset/raw/nyc_taxi/taxi_zone_lookup.csv uploaded to raw/taxi_zone_lookup.csv in green_taxi_bucket bucket
[2024-11-29T04:35:08.096+0000] {taskinstance.py:441} INFO - ::group::Post task execution logs
[2024-11-29T04:35:08.104+0000] {taskinstance.py:1206} INFO - Marking task as SUCCESS. dag_id=nyc_green_tripdata, task_id=upload_zone_map, run_id=manual__2024-11-29T04:34:58.465019+00:00, execution_date=20241129T043458, start_date=20241129T043506, end_date=20241129T043508
[2024-11-29T04:35:08.154+0000] {local_task_job_runner.py:243} INFO - Task exited with return code 0
[2024-11-29T04:35:08.185+0000] {taskinstance.py:3503} INFO - 0 downstream tasks scheduled from follow-on schedule check
[2024-11-29T04:35:08.187+0000] {local_task_job_runner.py:222} INFO - ::endgroup::
